<?xml version="1.0" encoding="UTF-8"?>
<testsuite xmlns:xsi="http://www.w3.org/2001/XMLSchema-instance" xsi:noNamespaceSchemaLocation="https://maven.apache.org/surefire/maven-surefire-plugin/xsd/surefire-test-report-3.0.xsd" version="3.0" name="TestSuite" time="211.88" tests="55" errors="0" skipped="0" failures="0">
  <properties>
    <property name="sun.desktop" value="gnome"/>
    <property name="awt.toolkit" value="sun.awt.X11.XToolkit"/>
    <property name="java.specification.version" value="11"/>
    <property name="sun.cpu.isalist" value=""/>
    <property name="sun.jnu.encoding" value="UTF-8"/>
    <property name="java.class.path" value="/home/pandian/Documents/claritytts_engine_api_automation/target/test-classes:/home/pandian/Documents/claritytts_engine_api_automation/target/classes:/home/pandian/.m2/repository/io/rest-assured/json-schema-validator/4.5.0/json-schema-validator-4.5.0.jar:/home/pandian/.m2/repository/com/github/java-json-tools/json-schema-validator/2.2.14/json-schema-validator-2.2.14.jar:/home/pandian/.m2/repository/com/github/java-json-tools/jackson-coreutils-equivalence/1.0/jackson-coreutils-equivalence-1.0.jar:/home/pandian/.m2/repository/com/github/java-json-tools/jackson-coreutils/2.0/jackson-coreutils-2.0.jar:/home/pandian/.m2/repository/com/github/java-json-tools/msg-simple/1.2/msg-simple-1.2.jar:/home/pandian/.m2/repository/com/github/java-json-tools/btf/1.3/btf-1.3.jar:/home/pandian/.m2/repository/com/github/java-json-tools/json-schema-core/1.2.14/json-schema-core-1.2.14.jar:/home/pandian/.m2/repository/com/github/java-json-tools/uri-template/0.10/uri-template-0.10.jar:/home/pandian/.m2/repository/org/mozilla/rhino/1.7.7.2/rhino-1.7.7.2.jar:/home/pandian/.m2/repository/com/sun/mail/mailapi/1.6.2/mailapi-1.6.2.jar:/home/pandian/.m2/repository/joda-time/joda-time/2.10.5/joda-time-2.10.5.jar:/home/pandian/.m2/repository/com/googlecode/libphonenumber/libphonenumber/8.11.1/libphonenumber-8.11.1.jar:/home/pandian/.m2/repository/net/sf/jopt-simple/jopt-simple/5.0.4/jopt-simple-5.0.4.jar:/home/pandian/.m2/repository/org/hamcrest/hamcrest/2.1/hamcrest-2.1.jar:/home/pandian/.m2/repository/io/rest-assured/json-path/4.5.0/json-path-4.5.0.jar:/home/pandian/.m2/repository/org/codehaus/groovy/groovy-json/3.0.9/groovy-json-3.0.9.jar:/home/pandian/.m2/repository/org/codehaus/groovy/groovy/3.0.9/groovy-3.0.9.jar:/home/pandian/.m2/repository/io/rest-assured/rest-assured-common/4.5.0/rest-assured-common-4.5.0.jar:/home/pandian/.m2/repository/org/apache/commons/commons-lang3/3.11/commons-lang3-3.11.jar:/home/pandian/.m2/repository/org/projectlombok/lombok/1.18.22/lombok-1.18.22.jar:/home/pandian/.m2/repository/org/hamcrest/java-hamcrest/2.0.0.0/java-hamcrest-2.0.0.0.jar:/home/pandian/.m2/repository/org/hamcrest/hamcrest-core/2.2/hamcrest-core-2.2.jar:/home/pandian/.m2/repository/org/hamcrest/hamcrest-library/2.2/hamcrest-library-2.2.jar:/home/pandian/.m2/repository/com/googlecode/json-simple/json-simple/1.1.1/json-simple-1.1.1.jar:/home/pandian/.m2/repository/junit/junit/4.10/junit-4.10.jar:/home/pandian/.m2/repository/com/fasterxml/jackson/core/jackson-databind/2.13.1/jackson-databind-2.13.1.jar:/home/pandian/.m2/repository/com/fasterxml/jackson/core/jackson-annotations/2.13.1/jackson-annotations-2.13.1.jar:/home/pandian/.m2/repository/com/fasterxml/jackson/core/jackson-core/2.13.1/jackson-core-2.13.1.jar:/home/pandian/.m2/repository/org/json/json/20211205/json-20211205.jar:/home/pandian/.m2/repository/com/google/code/gson/gson/2.8.9/gson-2.8.9.jar:/home/pandian/.m2/repository/com/aventstack/extentreports/5.0.9/extentreports-5.0.9.jar:/home/pandian/.m2/repository/io/reactivex/rxjava3/rxjava/3.0.4/rxjava-3.0.4.jar:/home/pandian/.m2/repository/org/reactivestreams/reactive-streams/1.0.3/reactive-streams-1.0.3.jar:/home/pandian/.m2/repository/org/freemarker/freemarker/2.3.30/freemarker-2.3.30.jar:/home/pandian/.m2/repository/org/apache/logging/log4j/log4j-api/2.17.1/log4j-api-2.17.1.jar:/home/pandian/.m2/repository/org/apache/logging/log4j/log4j-core/2.17.1/log4j-core-2.17.1.jar:/home/pandian/.m2/repository/org/slf4j/slf4j-simple/2.0.0-alpha5/slf4j-simple-2.0.0-alpha5.jar:/home/pandian/.m2/repository/org/slf4j/slf4j-api/2.0.0-alpha5/slf4j-api-2.0.0-alpha5.jar:/home/pandian/.m2/repository/org/uncommons/reportng/1.1.4/reportng-1.1.4.jar:/home/pandian/.m2/repository/velocity/velocity/1.4/velocity-1.4.jar:/home/pandian/.m2/repository/velocity/velocity-dep/1.4/velocity-dep-1.4.jar:/home/pandian/.m2/repository/com/google/inject/guice/5.1.0/guice-5.1.0.jar:/home/pandian/.m2/repository/javax/inject/javax.inject/1/javax.inject-1.jar:/home/pandian/.m2/repository/aopalliance/aopalliance/1.0/aopalliance-1.0.jar:/home/pandian/.m2/repository/com/google/guava/guava/30.1-jre/guava-30.1-jre.jar:/home/pandian/.m2/repository/com/google/guava/failureaccess/1.0.1/failureaccess-1.0.1.jar:/home/pandian/.m2/repository/com/google/guava/listenablefuture/9999.0-empty-to-avoid-conflict-with-guava/listenablefuture-9999.0-empty-to-avoid-conflict-with-guava.jar:/home/pandian/.m2/repository/org/checkerframework/checker-qual/3.5.0/checker-qual-3.5.0.jar:/home/pandian/.m2/repository/com/google/errorprone/error_prone_annotations/2.3.4/error_prone_annotations-2.3.4.jar:/home/pandian/.m2/repository/com/google/j2objc/j2objc-annotations/1.3/j2objc-annotations-1.3.jar:/home/pandian/.m2/repository/io/rest-assured/rest-assured/4.5.0/rest-assured-4.5.0.jar:/home/pandian/.m2/repository/org/codehaus/groovy/groovy-xml/3.0.9/groovy-xml-3.0.9.jar:/home/pandian/.m2/repository/org/apache/httpcomponents/httpclient/4.5.13/httpclient-4.5.13.jar:/home/pandian/.m2/repository/org/apache/httpcomponents/httpcore/4.4.13/httpcore-4.4.13.jar:/home/pandian/.m2/repository/commons-logging/commons-logging/1.2/commons-logging-1.2.jar:/home/pandian/.m2/repository/commons-codec/commons-codec/1.11/commons-codec-1.11.jar:/home/pandian/.m2/repository/org/apache/httpcomponents/httpmime/4.5.13/httpmime-4.5.13.jar:/home/pandian/.m2/repository/org/ccil/cowan/tagsoup/tagsoup/1.2.1/tagsoup-1.2.1.jar:/home/pandian/.m2/repository/io/rest-assured/xml-path/4.5.0/xml-path-4.5.0.jar:/home/pandian/.m2/repository/org/testng/testng/7.5/testng-7.5.jar:/home/pandian/.m2/repository/com/google/code/findbugs/jsr305/3.0.1/jsr305-3.0.1.jar:/home/pandian/.m2/repository/com/beust/jcommander/1.78/jcommander-1.78.jar:/home/pandian/.m2/repository/org/webjars/jquery/3.5.1/jquery-3.5.1.jar:"/>
    <property name="java.vm.vendor" value="Ubuntu"/>
    <property name="sun.arch.data.model" value="64"/>
    <property name="java.vendor.url" value="https://ubuntu.com/"/>
    <property name="user.timezone" value="Asia/Kolkata"/>
    <property name="java.vm.specification.version" value="11"/>
    <property name="os.name" value="Linux"/>
    <property name="sun.java.launcher" value="SUN_STANDARD"/>
    <property name="user.country" value="IN"/>
    <property name="sun.boot.library.path" value="/usr/lib/jvm/java-11-openjdk-amd64/lib"/>
    <property name="sun.java.command" value="/home/pandian/Documents/claritytts_engine_api_automation/target/surefire/surefirebooter4084971864180310588.jar /home/pandian/Documents/claritytts_engine_api_automation/target/surefire 2022-03-28T15-12-28_495-jvmRun1 surefire12591858859114682399tmp surefire_010978755168726929764tmp"/>
    <property name="jdk.debug" value="release"/>
    <property name="surefire.test.class.path" value="/home/pandian/Documents/claritytts_engine_api_automation/target/test-classes:/home/pandian/Documents/claritytts_engine_api_automation/target/classes:/home/pandian/.m2/repository/io/rest-assured/json-schema-validator/4.5.0/json-schema-validator-4.5.0.jar:/home/pandian/.m2/repository/com/github/java-json-tools/json-schema-validator/2.2.14/json-schema-validator-2.2.14.jar:/home/pandian/.m2/repository/com/github/java-json-tools/jackson-coreutils-equivalence/1.0/jackson-coreutils-equivalence-1.0.jar:/home/pandian/.m2/repository/com/github/java-json-tools/jackson-coreutils/2.0/jackson-coreutils-2.0.jar:/home/pandian/.m2/repository/com/github/java-json-tools/msg-simple/1.2/msg-simple-1.2.jar:/home/pandian/.m2/repository/com/github/java-json-tools/btf/1.3/btf-1.3.jar:/home/pandian/.m2/repository/com/github/java-json-tools/json-schema-core/1.2.14/json-schema-core-1.2.14.jar:/home/pandian/.m2/repository/com/github/java-json-tools/uri-template/0.10/uri-template-0.10.jar:/home/pandian/.m2/repository/org/mozilla/rhino/1.7.7.2/rhino-1.7.7.2.jar:/home/pandian/.m2/repository/com/sun/mail/mailapi/1.6.2/mailapi-1.6.2.jar:/home/pandian/.m2/repository/joda-time/joda-time/2.10.5/joda-time-2.10.5.jar:/home/pandian/.m2/repository/com/googlecode/libphonenumber/libphonenumber/8.11.1/libphonenumber-8.11.1.jar:/home/pandian/.m2/repository/net/sf/jopt-simple/jopt-simple/5.0.4/jopt-simple-5.0.4.jar:/home/pandian/.m2/repository/org/hamcrest/hamcrest/2.1/hamcrest-2.1.jar:/home/pandian/.m2/repository/io/rest-assured/json-path/4.5.0/json-path-4.5.0.jar:/home/pandian/.m2/repository/org/codehaus/groovy/groovy-json/3.0.9/groovy-json-3.0.9.jar:/home/pandian/.m2/repository/org/codehaus/groovy/groovy/3.0.9/groovy-3.0.9.jar:/home/pandian/.m2/repository/io/rest-assured/rest-assured-common/4.5.0/rest-assured-common-4.5.0.jar:/home/pandian/.m2/repository/org/apache/commons/commons-lang3/3.11/commons-lang3-3.11.jar:/home/pandian/.m2/repository/org/projectlombok/lombok/1.18.22/lombok-1.18.22.jar:/home/pandian/.m2/repository/org/hamcrest/java-hamcrest/2.0.0.0/java-hamcrest-2.0.0.0.jar:/home/pandian/.m2/repository/org/hamcrest/hamcrest-core/2.2/hamcrest-core-2.2.jar:/home/pandian/.m2/repository/org/hamcrest/hamcrest-library/2.2/hamcrest-library-2.2.jar:/home/pandian/.m2/repository/com/googlecode/json-simple/json-simple/1.1.1/json-simple-1.1.1.jar:/home/pandian/.m2/repository/junit/junit/4.10/junit-4.10.jar:/home/pandian/.m2/repository/com/fasterxml/jackson/core/jackson-databind/2.13.1/jackson-databind-2.13.1.jar:/home/pandian/.m2/repository/com/fasterxml/jackson/core/jackson-annotations/2.13.1/jackson-annotations-2.13.1.jar:/home/pandian/.m2/repository/com/fasterxml/jackson/core/jackson-core/2.13.1/jackson-core-2.13.1.jar:/home/pandian/.m2/repository/org/json/json/20211205/json-20211205.jar:/home/pandian/.m2/repository/com/google/code/gson/gson/2.8.9/gson-2.8.9.jar:/home/pandian/.m2/repository/com/aventstack/extentreports/5.0.9/extentreports-5.0.9.jar:/home/pandian/.m2/repository/io/reactivex/rxjava3/rxjava/3.0.4/rxjava-3.0.4.jar:/home/pandian/.m2/repository/org/reactivestreams/reactive-streams/1.0.3/reactive-streams-1.0.3.jar:/home/pandian/.m2/repository/org/freemarker/freemarker/2.3.30/freemarker-2.3.30.jar:/home/pandian/.m2/repository/org/apache/logging/log4j/log4j-api/2.17.1/log4j-api-2.17.1.jar:/home/pandian/.m2/repository/org/apache/logging/log4j/log4j-core/2.17.1/log4j-core-2.17.1.jar:/home/pandian/.m2/repository/org/slf4j/slf4j-simple/2.0.0-alpha5/slf4j-simple-2.0.0-alpha5.jar:/home/pandian/.m2/repository/org/slf4j/slf4j-api/2.0.0-alpha5/slf4j-api-2.0.0-alpha5.jar:/home/pandian/.m2/repository/org/uncommons/reportng/1.1.4/reportng-1.1.4.jar:/home/pandian/.m2/repository/velocity/velocity/1.4/velocity-1.4.jar:/home/pandian/.m2/repository/velocity/velocity-dep/1.4/velocity-dep-1.4.jar:/home/pandian/.m2/repository/com/google/inject/guice/5.1.0/guice-5.1.0.jar:/home/pandian/.m2/repository/javax/inject/javax.inject/1/javax.inject-1.jar:/home/pandian/.m2/repository/aopalliance/aopalliance/1.0/aopalliance-1.0.jar:/home/pandian/.m2/repository/com/google/guava/guava/30.1-jre/guava-30.1-jre.jar:/home/pandian/.m2/repository/com/google/guava/failureaccess/1.0.1/failureaccess-1.0.1.jar:/home/pandian/.m2/repository/com/google/guava/listenablefuture/9999.0-empty-to-avoid-conflict-with-guava/listenablefuture-9999.0-empty-to-avoid-conflict-with-guava.jar:/home/pandian/.m2/repository/org/checkerframework/checker-qual/3.5.0/checker-qual-3.5.0.jar:/home/pandian/.m2/repository/com/google/errorprone/error_prone_annotations/2.3.4/error_prone_annotations-2.3.4.jar:/home/pandian/.m2/repository/com/google/j2objc/j2objc-annotations/1.3/j2objc-annotations-1.3.jar:/home/pandian/.m2/repository/io/rest-assured/rest-assured/4.5.0/rest-assured-4.5.0.jar:/home/pandian/.m2/repository/org/codehaus/groovy/groovy-xml/3.0.9/groovy-xml-3.0.9.jar:/home/pandian/.m2/repository/org/apache/httpcomponents/httpclient/4.5.13/httpclient-4.5.13.jar:/home/pandian/.m2/repository/org/apache/httpcomponents/httpcore/4.4.13/httpcore-4.4.13.jar:/home/pandian/.m2/repository/commons-logging/commons-logging/1.2/commons-logging-1.2.jar:/home/pandian/.m2/repository/commons-codec/commons-codec/1.11/commons-codec-1.11.jar:/home/pandian/.m2/repository/org/apache/httpcomponents/httpmime/4.5.13/httpmime-4.5.13.jar:/home/pandian/.m2/repository/org/ccil/cowan/tagsoup/tagsoup/1.2.1/tagsoup-1.2.1.jar:/home/pandian/.m2/repository/io/rest-assured/xml-path/4.5.0/xml-path-4.5.0.jar:/home/pandian/.m2/repository/org/testng/testng/7.5/testng-7.5.jar:/home/pandian/.m2/repository/com/google/code/findbugs/jsr305/3.0.1/jsr305-3.0.1.jar:/home/pandian/.m2/repository/com/beust/jcommander/1.78/jcommander-1.78.jar:/home/pandian/.m2/repository/org/webjars/jquery/3.5.1/jquery-3.5.1.jar:"/>
    <property name="sun.cpu.endian" value="little"/>
    <property name="user.home" value="/home/pandian"/>
    <property name="user.language" value="en"/>
    <property name="java.specification.vendor" value="Oracle Corporation"/>
    <property name="java.version.date" value="2022-01-18"/>
    <property name="java.home" value="/usr/lib/jvm/java-11-openjdk-amd64"/>
    <property name="file.separator" value="/"/>
    <property name="basedir" value="/home/pandian/Documents/claritytts_engine_api_automation"/>
    <property name="java.vm.compressedOopsMode" value="Zero based"/>
    <property name="line.separator" value="&#10;"/>
    <property name="java.specification.name" value="Java Platform API Specification"/>
    <property name="java.vm.specification.vendor" value="Oracle Corporation"/>
    <property name="java.awt.graphicsenv" value="sun.awt.X11GraphicsEnvironment"/>
    <property name="surefire.real.class.path" value="/home/pandian/Documents/claritytts_engine_api_automation/target/surefire/surefirebooter4084971864180310588.jar"/>
    <property name="sun.management.compiler" value="HotSpot 64-Bit Tiered Compilers"/>
    <property name="java.runtime.version" value="11.0.14+9-Ubuntu-0ubuntu2.20.04"/>
    <property name="user.name" value="pandian"/>
    <property name="path.separator" value=":"/>
    <property name="os.version" value="5.13.0-37-generic"/>
    <property name="java.runtime.name" value="OpenJDK Runtime Environment"/>
    <property name="file.encoding" value="UTF-8"/>
    <property name="java.vm.name" value="OpenJDK 64-Bit Server VM"/>
    <property name="localRepository" value="/home/pandian/.m2/repository"/>
    <property name="java.vendor.url.bug" value="https://bugs.launchpad.net/ubuntu/+source/openjdk-lts"/>
    <property name="java.io.tmpdir" value="/tmp"/>
    <property name="java.version" value="11.0.14"/>
    <property name="user.dir" value="/home/pandian/Documents/claritytts_engine_api_automation"/>
    <property name="os.arch" value="amd64"/>
    <property name="java.vm.specification.name" value="Java Virtual Machine Specification"/>
    <property name="java.awt.printerjob" value="sun.print.PSPrinterJob"/>
    <property name="sun.os.patch.level" value="unknown"/>
    <property name="java.library.path" value="/usr/java/packages/lib:/usr/lib/x86_64-linux-gnu/jni:/lib/x86_64-linux-gnu:/usr/lib/x86_64-linux-gnu:/usr/lib/jni:/lib:/usr/lib"/>
    <property name="java.vm.info" value="mixed mode, sharing"/>
    <property name="java.vendor" value="Ubuntu"/>
    <property name="java.vm.version" value="11.0.14+9-Ubuntu-0ubuntu2.20.04"/>
    <property name="sun.io.unicode.encoding" value="UnicodeLittle"/>
    <property name="java.class.version" value="55.0"/>
  </properties>
  <testcase name="request" classname="runner.EngineApiTest" time="0.058">
    <system-out><![CDATA[15:12:29.623 [main] INFO  listener.TestListeners - <b>Test Method requestStarted<b>
15:12:29.663 [main] INFO  listener.TestListeners - <b>Test Method requestSuccess<b>
]]></system-out>
  </testcase>
  <testcase name="verifyOnewaySearching" classname="runner.EngineApiTest" time="6.298">
    <system-out><![CDATA[15:12:29.674 [main] INFO  listener.TestListeners - <b>Test Method verifyOnewaySearchingStarted<b>
15:12:29.674 [main] INFO  runner.EngineApiTest - SUCCESS
{"AirShoppingRQ":{"Party":{"Sender":{"TravelAgencySender":{"AgencyID":"","Contacts":{"Contact":[{"EmailContact":"srilanakamrst@gmail.com"}]},"IATA_Number":"","Name":"MRST"}}},"DataLists":{"PassengerList":{"Passenger":[{"PassengerID":"T1","PTC":"ADT"},{"PassengerID":"T2","PTC":"CHD"},{"PassengerID":"T3","PTC":"INF"}]}},"Preference":{"FreeBaggage":"N","FareType":["BOTH"],"NoOfStops":[],"DoubleOneWay":"","Refundable":"","SourceFrom":["ALL"],"AirlinePreference":{"ExcludeAirlines":[],"PreferedAirlines":["WY"]},"NearByAirports":"","RbdPreference":{"ExcludeRbds":[],"RequireAllRbd":"N","PreferedRbds":[]},"Penalties":{"Refundable":"N","ZeroChangeFee":"N","NoCancellationFee":"N","RebookingPossible":"N"},"Cabin":"ECONOMY","DirectFlight":"","TripType":"Oneway","ConnectionTime":{"Min":"","Max":""},"StopPreference":{"PreferedStops":[],"ExcludeStops":[]},"AlternateDays":0,"CountryPreference":{"ExcludeCountry":[]},"AlliancePreference":{"PreferedAlliance":[],"ExcludeAlliance":[]}},"MetaData":{"LocalPccCountry":"IN","Tracking":"Y","RecommendedFare":"Y","Currency":"CAD","ProductType":"F","FareGrouping":"deal","TraceId":"163672258977","PortalUserGroup":"G1","UpSale":"Y","ParentAccountId":4},"CoreQuery":{"OriginDestinations":{"OriginDestination":[{"Departure":{"DepartureTime":{"From":"","To":""},"NoOfMiles":"","AirportCode":"MAA","Date":"2022-09-24"},"Arrival":{"NoOfMiles":"","AirportCode":"DXB"}}]}}}}
Request method:	POST
Request URI:	https://newapi.tltid.com/AirShopping
Proxy:			<none>
Request params:	<none>
Query params:	<none>
Form params:	<none>
Path params:	<none>
Headers:		Authorization=c06d06da9666a219db15cf575aff28241648128226
				Connection=keep-alive
				Accept=*/*
				Content-Type=application/json
Cookies:		<none>
Multiparts:		<none>
Body:
{
    "AirShoppingRQ": {
        "Party": {
            "Sender": {
                "TravelAgencySender": {
                    "AgencyID": "",
                    "Contacts": {
                        "Contact": [
                            {
                                "EmailContact": "srilanakamrst@gmail.com"
                            }
                        ]
                    },
                    "IATA_Number": "",
                    "Name": "MRST"
                }
            }
        },
        "DataLists": {
            "PassengerList": {
                "Passenger": [
                    {
                        "PassengerID": "T1",
                        "PTC": "ADT"
                    },
                    {
                        "PassengerID": "T2",
                        "PTC": "CHD"
                    },
                    {
                        "PassengerID": "T3",
                        "PTC": "INF"
                    }
                ]
            }
        },
        "Preference": {
            "FreeBaggage": "N",
            "FareType": [
                "BOTH"
            ],
            "NoOfStops": [
                
            ],
            "DoubleOneWay": "",
            "Refundable": "",
            "SourceFrom": [
                "ALL"
            ],
            "AirlinePreference": {
                "ExcludeAirlines": [
                    
                ],
                "PreferedAirlines": [
                    "WY"
                ]
            },
            "NearByAirports": "",
            "RbdPreference": {
                "ExcludeRbds": [
                    
                ],
                "RequireAllRbd": "N",
                "PreferedRbds": [
                    
                ]
            },
            "Penalties": {
                "Refundable": "N",
                "ZeroChangeFee": "N",
                "NoCancellationFee": "N",
                "RebookingPossible": "N"
            },
            "Cabin": "ECONOMY",
            "DirectFlight": "",
            "TripType": "Oneway",
            "ConnectionTime": {
                "Min": "",
                "Max": ""
            },
            "StopPreference": {
                "PreferedStops": [
                    
                ],
                "ExcludeStops": [
                    
                ]
            },
            "AlternateDays": 0,
            "CountryPreference": {
                "ExcludeCountry": [
                    
                ]
            },
            "AlliancePreference": {
                "PreferedAlliance": [
                    
                ],
                "ExcludeAlliance": [
                    
                ]
            }
        },
        "MetaData": {
            "LocalPccCountry": "IN",
            "Tracking": "Y",
            "RecommendedFare": "Y",
            "Currency": "CAD",
            "ProductType": "F",
            "FareGrouping": "deal",
            "TraceId": "163672258977",
            "PortalUserGroup": "G1",
            "UpSale": "Y",
            "ParentAccountId": 4
        },
        "CoreQuery": {
            "OriginDestinations": {
                "OriginDestination": [
                    {
                        "Departure": {
                            "DepartureTime": {
                                "From": "",
                                "To": ""
                            },
                            "NoOfMiles": "",
                            "AirportCode": "MAA",
                            "Date": "2022-09-24"
                        },
                        "Arrival": {
                            "NoOfMiles": "",
                            "AirportCode": "DXB"
                        }
                    }
                ]
            }
        }
    }
}
true
null
15:12:35.946 [main] INFO  onewayBooking.AirShopping - null
15:12:35.946 [main] INFO  listener.TestListeners - <b>Test Method verifyOnewaySearchingSuccess<b>
]]></system-out>
  </testcase>
  <testcase name="onewayShopping" classname="runner.EngineApiTest" time="0.234">
    <system-out><![CDATA[15:12:35.947 [main] INFO  listener.TestListeners - <b>Test Method onewayShoppingStarted<b>
true
1648460552057715202
15:12:36.203 [main] INFO  onewayBooking.AirShopping - 1648460552057715202
15:12:36.204 [main] INFO  listener.TestListeners - <b>Test Method onewayShoppingSuccess<b>
]]></system-out>
  </testcase>
  <testcase name="onewayOffer" classname="runner.EngineApiTest" time="0.165">
    <system-out><![CDATA[15:12:36.205 [main] INFO  listener.TestListeners - <b>Test Method onewayOfferStarted<b>
true
1777142611648460552448528347
15:12:36.368 [main] INFO  onewayBooking.AirShopping - 1777142611648460552448528347
15:12:36.369 [main] INFO  listener.TestListeners - <b>Test Method onewayOfferSuccess<b>
]]></system-out>
  </testcase>
  <testcase name="onewayOwner" classname="runner.EngineApiTest" time="0.216">
    <system-out><![CDATA[15:12:36.370 [main] INFO  listener.TestListeners - <b>Test Method onewayOwnerStarted<b>
true
WY
15:12:36.585 [main] INFO  onewayBooking.AirShopping - WY
15:12:36.586 [main] INFO  listener.TestListeners - <b>Test Method onewayOwnerSuccess<b>
]]></system-out>
  </testcase>
  <testcase name="onewayOwnerName" classname="runner.EngineApiTest" time="0.149">
    <system-out><![CDATA[15:12:36.587 [main] INFO  listener.TestListeners - <b>Test Method onewayOwnerNameStarted<b>
true
Oman Air
15:12:36.735 [main] INFO  onewayBooking.AirShopping - Oman Air
15:12:36.735 [main] INFO  listener.TestListeners - <b>Test Method onewayOwnerNameSuccess<b>
]]></system-out>
  </testcase>
  <testcase name="onewayItinerary" classname="runner.EngineApiTest" time="0.142">
    <system-out><![CDATA[15:12:36.736 [main] INFO  listener.TestListeners - <b>Test Method onewayItineraryStarted<b>
true
23
15:12:36.877 [main] INFO  onewayBooking.AirShopping - 23
15:12:36.877 [main] INFO  listener.TestListeners - <b>Test Method onewayItinerarySuccess<b>
]]></system-out>
  </testcase>
  <testcase name="onewayIdentifier" classname="runner.EngineApiTest" time="0.146">
    <system-out><![CDATA[15:12:36.878 [main] INFO  listener.TestListeners - <b>Test Method onewayIdentifierStarted<b>
true
Travelport_Engine_Travelport
15:12:37.023 [main] INFO  onewayBooking.AirShopping - Travelport_Engine_Travelport
15:12:37.023 [main] INFO  listener.TestListeners - <b>Test Method onewayIdentifierSuccess<b>
]]></system-out>
  </testcase>
  <testcase name="onewayPcc" classname="runner.EngineApiTest" time="0.145">
    <system-out><![CDATA[15:12:37.024 [main] INFO  listener.TestListeners - <b>Test Method onewayPccStarted<b>
true
229G
15:12:37.168 [main] INFO  onewayBooking.AirShopping - 229G
15:12:37.169 [main] INFO  listener.TestListeners - <b>Test Method onewayPccSuccess<b>
]]></system-out>
  </testcase>
  <testcase name="onewayProviderInfo" classname="runner.EngineApiTest" time="0.135">
    <system-out><![CDATA[15:12:37.170 [main] INFO  listener.TestListeners - <b>Test Method onewayProviderInfoStarted<b>
true
Travelport
15:12:37.304 [main] INFO  onewayBooking.AirShopping - Travelport
15:12:37.304 [main] INFO  listener.TestListeners - <b>Test Method onewayProviderInfoSuccess<b>
]]></system-out>
  </testcase>
  <testcase name="onewayCabinType" classname="runner.EngineApiTest" time="0.14">
    <system-out><![CDATA[15:12:37.305 [main] INFO  listener.TestListeners - <b>Test Method onewayCabinTypeStarted<b>
true
ECONOMY
15:12:37.444 [main] INFO  onewayBooking.AirShopping - ECONOMY
15:12:37.444 [main] INFO  listener.TestListeners - <b>Test Method onewayCabinTypeSuccess<b>
]]></system-out>
  </testcase>
  <testcase name="onewayBaseBookingCurrencyPrice" classname="runner.EngineApiTest" time="0.141">
    <system-out><![CDATA[15:12:37.445 [main] INFO  listener.TestListeners - <b>Test Method onewayBaseBookingCurrencyPriceStarted<b>
true
516.0
15:12:37.584 [main] INFO  onewayBooking.AirShopping - 516.0
15:12:37.585 [main] INFO  listener.TestListeners - <b>Test Method onewayBaseBookingCurrencyPriceSuccess<b>
]]></system-out>
  </testcase>
  <testcase name="onewayTaxBookingCurrencyPrice" classname="runner.EngineApiTest" time="0.136">
    <system-out><![CDATA[15:12:37.586 [main] INFO  listener.TestListeners - <b>Test Method onewayTaxBookingCurrencyPriceStarted<b>
true
168.0
15:12:37.720 [main] INFO  onewayBooking.AirShopping - 168.0
15:12:37.721 [main] INFO  listener.TestListeners - <b>Test Method onewayTaxBookingCurrencyPriceSuccess<b>
]]></system-out>
  </testcase>
  <testcase name="onewayFopRef" classname="runner.EngineApiTest" time="0.153">
    <system-out><![CDATA[15:12:37.721 [main] INFO  listener.TestListeners - <b>Test Method onewayFopRefStarted<b>
true
FOP_577_577_1426_772_WY_PRI
15:12:37.874 [main] INFO  onewayBooking.AirShopping - FOP_577_577_1426_772_WY_PRI
15:12:37.874 [main] INFO  listener.TestListeners - <b>Test Method onewayFopRefSuccess<b>
]]></system-out>
  </testcase>
  <testcase name="onewayBookingCurrencyCode" classname="runner.EngineApiTest" time="0.131">
    <system-out><![CDATA[15:12:37.875 [main] INFO  listener.TestListeners - <b>Test Method onewayBookingCurrencyCodeStarted<b>
true
CAD
15:12:38.004 [main] INFO  onewayBooking.AirShopping - CAD
15:12:38.005 [main] INFO  listener.TestListeners - <b>Test Method onewayBookingCurrencyCodeSuccess<b>
]]></system-out>
  </testcase>
  <testcase name="pricingVerify" classname="runner.EngineApiTest" time="2.489">
    <system-out><![CDATA[15:12:38.005 [main] INFO  listener.TestListeners - <b>Test Method pricingVerifyStarted<b>
15:12:38.006 [main] INFO  runner.EngineApiTest - SUCCESS
1648460552057715202
15:12:38.101 [main] INFO  onewayBooking.AirShopping - 1648460552057715202
1777142611648460552448528347
15:12:38.101 [main] INFO  onewayBooking.AirShopping - 1777142611648460552448528347
Request method:	POST
Request URI:	https://newapi.tltid.com/AirOfferPrice
Proxy:			<none>
Request params:	<none>
Query params:	<none>
Form params:	<none>
Path params:	<none>
Headers:		Authorization=c06d06da9666a219db15cf575aff28241648128226
				Connection=keep-alive
				Accept=*/*
				Content-Type=application/json
Cookies:		<none>
Multiparts:		<none>
Body:
{
    "OfferPriceRQ": {
        "Sender": {
            "TravelAgencySender": {
                "AgencyID": "MRST",
                "Contacts": {
                    "Contact": [
                        {
                            "EmailContact": "srilanakamrst@gmail.com"
                        }
                    ]
                },
                "IATA_Number": "",
                "Name": "MRST"
            }
        },
        "DataLists": {
            "PassengerList": {
                "Passenger": [
                    {
                        "PassengerID": "T1",
                        "PTC": "ADT"
                    },
                    {
                        "PassengerID": "T2",
                        "PTC": "CHD"
                    },
                    {
                        "PassengerID": "T3",
                        "PTC": "INF"
                    }
                ]
            }
        },
        "Query": {
            "Offer": [
                {
                    "OfferID": "1777142611648460552448528347"
                }
            ]
        },
        "MetaData": {
            "TraceId": "161777799749"
        },
        "ShoppingResponseId": "1648460552057715202",
        "Document": {
            "ReferenceVersion": "1.0",
            "Name": "Skyroute B2B Portal"
        }
    }
}
null
15:12:40.489 [main] INFO  onewayBooking.AirShopping - null
15:12:40.490 [main] INFO  listener.TestListeners - <b>Test Method pricingVerifySuccess<b>
]]></system-out>
  </testcase>
  <testcase name="pricingShoppingResponseId" classname="runner.EngineApiTest" time="0.03">
    <system-out><![CDATA[15:12:40.491 [main] INFO  listener.TestListeners - <b>Test Method pricingShoppingResponseIdStarted<b>
1648460552057715202
15:12:40.524 [main] INFO  onewayBooking.AirShopping - 1648460552057715202
15:12:40.524 [main] INFO  listener.TestListeners - <b>Test Method pricingShoppingResponseIdSuccess<b>
]]></system-out>
  </testcase>
  <testcase name="offerResponseId" classname="runner.EngineApiTest" time="0.033">
    <system-out><![CDATA[15:12:40.525 [main] INFO  listener.TestListeners - <b>Test Method offerResponseIdStarted<b>
1648460559321503884
15:12:40.557 [main] INFO  onewayBooking.AirShopping - 1648460559321503884
15:12:40.557 [main] INFO  listener.TestListeners - <b>Test Method offerResponseIdSuccess<b>
]]></system-out>
  </testcase>
  <testcase name="pricingOfferId" classname="runner.EngineApiTest" time="0.038">
    <system-out><![CDATA[15:12:40.559 [main] INFO  listener.TestListeners - <b>Test Method pricingOfferIdStarted<b>
1777142611648460552448528347
15:12:40.594 [main] INFO  onewayBooking.AirShopping - 1777142611648460552448528347
15:12:40.594 [main] INFO  listener.TestListeners - <b>Test Method pricingOfferIdSuccess<b>
]]></system-out>
  </testcase>
  <testcase name="bookingCurrencyPrice" classname="runner.EngineApiTest" time="0.024">
    <system-out><![CDATA[15:12:40.596 [main] INFO  listener.TestListeners - <b>Test Method bookingCurrencyPriceStarted<b>
684.0
15:12:40.612 [main] INFO  onewayBooking.AirShopping - 684.0
15:12:40.612 [main] INFO  listener.TestListeners - <b>Test Method bookingCurrencyPriceSuccess<b>
]]></system-out>
  </testcase>
  <testcase name="bookingVerify" classname="runner.EngineApiTest" time="13.983">
    <system-out><![CDATA[15:12:40.613 [main] INFO  listener.TestListeners - <b>Test Method bookingVerifyStarted<b>
15:12:40.614 [main] INFO  runner.EngineApiTest - SUCCESS
1648460552057715202
15:12:40.618 [main] INFO  onewayBooking.AirShopping - 1648460552057715202
1648460559321503884
15:12:40.618 [main] INFO  onewayBooking.AirShopping - 1648460559321503884
1777142611648460552448528347
15:12:40.618 [main] INFO  onewayBooking.AirShopping - 1777142611648460552448528347
684.0
15:12:40.618 [main] INFO  onewayBooking.AirShopping - 684.0
Request method:	POST
Request URI:	https://newapi.tltid.com/AirOrderCreate
Proxy:			<none>
Request params:	<none>
Query params:	<none>
Form params:	<none>
Path params:	<none>
Headers:		Authorization=c06d06da9666a219db15cf575aff28241648128226
				Connection=keep-alive
				Accept=*/*
				Content-Type=application/json
Cookies:		<none>
Multiparts:		<none>
Body:
{
    "OrderCreateRQ": {
        "Query": {
            "Offer": [
                {
                    "OfferID": "1777142611648460552448528347"
                }
            ]
        },
        "PromoCode": "",
        "BookingReqId": "D80B9DF8",
        "BookingPgName": "",
        "Payments": {
            "Payment": [
                {
                    "Type": "CHECK",
                    "PassengerID": "ALL",
                    "Amount": 684.0,
                    "ChequeNumber": "000454",
                    "ItineraryId": "ALL"
                }
            ]
        },
        "RewardPoints": 0,
        "Document": {
            "ReferenceVersion": "1.0",
            "Name": "MRST"
        },
        "Party": {
            "Sender": {
                "TravelAgencySender": {
                    "AgencyID": "",
                    "Contacts": {
                        "Contact": [
                            {
                                "EmailContact": "srilanakamrst@gmail.com"
                            }
                        ]
                    },
                    "IATA_Number": "",
                    "Name": "MRST"
                }
            }
        },
        "OfferResponseId": "1648460559321503884",
        "AgentEmail": "a.pandian@wintlt.com",
        "QueueNumber": "",
        "DataLists": {
            "PassengerList": {
                "Passenger": [
                    {
                        "ContactAddress": {
                            "TypeOfAddress": "D",
                            "Address": "",
                            "State": "",
                            "Country": "",
                            "PostalCode": "",
                            "City": ""
                        },
                        "FirstName": "Rajan",
                        "SsrRequest": [
                            
                        ],
                        "Gender": "Male",
                        "MiddleName": "",
                        "SeatSelection": [
                            
                        ],
                        "OnflyDiscount": "0.00",
                        "NameTitle": "Mr",
                        "Passport": {
                            "ExpiryDate": "1970-01-01",
                            "Number": "",
                            "CountryCode": ""
                        },
                        "OptionalServices": [
                            
                        ],
                        "OnflyMarkup": "0.00",
                        "ContactInfoRef": "CTC1",
                        "Preference": {
                            "WheelChairPreference": {
                                "Reason": ""
                            },
                            "SeatPreference": "",
                            "MealPreference": ""
                        },
                        "RedressDetails": {
                            "RedressNumber": "",
                            "KnownTravellerNumber": ""
                        },
                        "attributes": {
                            "PassengerID": "ADT1"
                        },
                        "LastName": "Santhosh",
                        "PassengerRefID": "ADT1",
                        "PTC": "ADT",
                        "BirthDate": "1995-05-18"
                    },
                    {
                        "ContactAddress": {
                            "TypeOfAddress": "D",
                            "Address": "",
                            "State": "",
                            "Country": "",
                            "PostalCode": "",
                            "City": ""
                        },
                        "FirstName": "karan",
                        "SsrRequest": [
                            
                        ],
                        "Gender": "Male",
                        "MiddleName": "",
                        "SeatSelection": [
                            
                        ],
                        "OnflyDiscount": "0.00",
                        "NameTitle": "Mstr",
                        "Passport": {
                            "ExpiryDate": "1970-01-01",
                            "Number": "",
                            "CountryCode": ""
                        },
                        "OptionalServices": [
                            
                        ],
                        "OnflyMarkup": "0.00",
                        "ContactInfoRef": "CTC1",
                        "Preference": {
                            "WheelChairPreference": {
                                "Reason": ""
                            },
                            "SeatPreference": "",
                            "MealPreference": ""
                        },
                        "RedressDetails": {
                            "RedressNumber": "",
                            "KnownTravellerNumber": ""
                        },
                        "attributes": {
                            "PassengerID": "CHD1"
                        },
                        "LastName": "Arun",
                        "PassengerRefID": "CHD1",
                        "PTC": "CHD",
                        "BirthDate": "2010-05-28"
                    },
                    {
                        "ContactAddress": {
                            "TypeOfAddress": "D",
                            "Address": "",
                            "State": "",
                            "Country": "",
                            "PostalCode": "",
                            "City": ""
                        },
                        "FirstName": "Khan",
                        "SsrRequest": [
                            
                        ],
                        "Gender": "Male",
                        "MiddleName": "",
                        "SeatSelection": [
                            
                        ],
                        "OnflyDiscount": "0.00",
                        "NameTitle": "Mstr",
                        "Passport": {
                            "ExpiryDate": "1970-01-01",
                            "Number": "",
                            "CountryCode": ""
                        },
                        "OptionalServices": [
                            
                        ],
                        "OnflyMarkup": "0.00",
                        "ContactInfoRef": "CTC1",
                        "Preference": {
                            "WheelChairPreference": {
                                "Reason": ""
                            },
                            "SeatPreference": "",
                            "MealPreference": ""
                        },
                        "RedressDetails": {
                            "RedressNumber": "",
                            "KnownTravellerNumber": ""
                        },
                        "attributes": {
                            "PassengerID": "INF1"
                        },
                        "LastName": "Tharun",
                        "PassengerRefID": "INF1",
                        "PTC": "INF",
                        "BirthDate": "2020-05-29"
                    }
                ]
            },
            "ContactList": {
                "GstInformation": {
                    "gst_email": "",
                    "gst_number": "",
                    "gst_company_name": ""
                },
                "ContactInformation": [
                    {
                        "AgencyName": "MRST",
                        "Address": {
                            "StateProv": "ON",
                            "Street": [
                                "chennai",
                                ""
                            ],
                            "PostalCode": "625578",
                            "CityName": "chennai",
                            "CountryCode": "CA"
                        },
                        "PassengerContact": {
                            "Phone": {
                                "AreaCode": "",
                                "PhoneNumber": "9878766545",
                                "ContryCode": ""
                            },
                            "EmailAddress": "srilanakamrst@gmail.com"
                        },
                        "Phone": {
                            "AreaCode": "",
                            "PhoneNumber": "9058202266",
                            "ContryCode": "+1"
                        },
                        "ContactID": "CTC1",
                        "Mobile": {
                            "MobileNumber": "9058202266",
                            "ContryCode": "+1"
                        },
                        "EmailAddress": "srilanakamrst1@gmail.com"
                    }
                ]
            }
        },
        "GenerateVirtualCard": "N",
        "UdidNumber": [
            "998 NFOB2B",
            "295 Ratha",
            "9 MRST",
            "b2bui2.tltid.com"
        ],
        "SupTimeZone": "",
        "MetaData": {
            "Tracking": "Y"
        },
        "DkNumber": "1234567123",
        "BookingId": "18336",
        "ChequeNumber": "000454",
        "ShoppingResponseId": "1648460552057715202",
        "AgentName": "Ratha",
        "PromoDiscount": 0,
        "BookingType": "BOOK"
    }
}
{
    "OrderViewRS": {
        "Document": {
            "Name": "Clarity NDC GATEWAY",
            "ReferenceVersion": "1.0"
        },
        "Party": {
            "Sender": {
                "TravelAgencySender": {
                    "Name": "Engine_Automation_Live",
                    "IATA_Number": "",
                    "AgencyID": "Engine_Automation_Live",
                    "Contacts": {
                        "Contact": [
                            {
                                "EmailContact": "srilanakamrst@gmail.com"
                            }
                        ]
                    }
                }
            }
        },
        "ShoppingResponseId": "1648460552057715202",
        "Success": {
            
        },
        "Order": [
            {
                "OrderID": "T2P2Z4B1",
                "GdsBookingReference": "QDTM1L",
                "OrderStatus": "SUCCESS",
                "NeedToTicket": "N",
                "3dsPaymentRequired": "N",
                "PAReqKey": "",
                "SecurePaymentUrl": "",
                "TxnReferenceKey": "",
                "TicketInfo": [
                    
                ],
                "OptionalServiceStatus": "SUCCESS",
                "SeatSelectionStatus": "FAILED",
                "OfferID": "1777142611648460552448528347",
                "TicketingBotAgentMarkup": 0,
                "Owner": "WY",
                "OrgOwner": "WY",
                "OwnerName": "Oman Air",
                "FareType": "PRI",
                "OrgFareType": "PUB",
                "IsTaxModified": "N",
                "MinOneAdultAgeRequired": "N",
                "ItinMergeType": "",
                "BrandName": "",
                "IsBrandedFare": "N",
                "BrandedFareOptions": [
                    
                ],
                "OnewayBrandedOptions": [
                    
                ],
                "OnewayCabinOptions": [
                    
                ],
                "BrandTextInfo": [
                    
                ],
                "PccIdentifier": "Travelport_Engine_Travelport",
                "PCC": "229G",
                "ProviderCode": "1V",
                "ContentSourceId": 1426,
                "TicketContentSourceId": 1426,
                "ProviderInfo": "Travelport",
                "CabinType": "ECONOMY",
                "CabinOptions": [
                    
                ],
                "IsAdditionalCabinType": "N",
                "SsrRequestAllowed": "Y",
                "Eticket": "true",
                "PaymentMode": "PAB",
                "AllowHold": "Y",
                "AllowPassengerEmail": "N",
                "RestrictedFare": "false",
                "OfferExpirationDateTime": "2022-09-25 03:59:00",
                "PassportRequired": "N",
                "BookingCurrencyCode": "CAD",
                "EquivCurrencyCode": "CAD",
                "HstPercentage": 0,
                "MediaInfoDataRefKey": "",
                "SortTotal": 684,
                "CommissionableSortTotal": 678,
                "CSCountry": "CA",
                "FlightComKeyOrg": "WYPUBMAAMCT2022-09-24T15:30:002022-09-24T17:50:00WY254MCTDXB2022-09-24T20:10:002022-09-24T21:25:00WY611",
                "ContentSourceApiMode": "TEST",
                "RewardSettings": {
                    "RewardAvailable": "N",
                    "PointTypes": [
                        
                    ],
                    "PointValues": {
                        
                    }
                },
                "BookingFeeInfo": {
                    "FeeType": "",
                    "BookingCurrencyPrice": 0,
                    "EquivCurrencyPrice": 0
                },
                "TotalPrice": {
                    "BookingCurrencyPrice": 684,
                    "EquivCurrencyPrice": 684,
                    "ApiCurrencyPrice": 678
                },
                "PerPerson": {
                    "BookingCurrencyPrice": 228,
                    "EquivCurrencyPrice": 228
                },
                "PerPersonRounded": {
                    "BookingCurrencyPrice": 228,
                    "EquivCurrencyPrice": 228
                },
                "BasePrice": {
                    "BookingCurrencyPrice": 516,
                    "EquivCurrencyPrice": 516,
                    "ApiCurrencyPrice": 510
                },
                "TaxPrice": {
                    "BookingCurrencyPrice": 168,
                    "EquivCurrencyPrice": 168,
                    "ApiCurrencyPrice": 168
                },
                "CommissionableTotalPrice": {
                    "BookingCurrencyPrice": 678,
                    "EquivCurrencyPrice": 678,
                    "SortEquivCurrencyPrice": 678
                },
                "CommissionableBasePrice": {
                    "BookingCurrencyPrice": 510,
                    "EquivCurrencyPrice": 510
                },
                "CommissionablePerPerson": {
                    "BookingCurrencyPrice": 226,
                    "EquivCurrencyPrice": 226
                },
                "AirlineMaxMarkupInfo": {
                    "FareType": "PUB",
                    "GdsSource": "TRAVELPORT",
                    "IsMarkupAllowed": true,
                    "AllPaxMaxMarkup": 0,
                    "TemplateId": 0,
                    "TemplateName": "",
                    "CalculationOn": "PPBF",
                    "ShouldNotExceedPub": "N",
                    "RestrictAsCap": "N",
                    "MarkupDetails": {
                        "ADT": {
                            "F": 0,
                            "P": 0,
                            "AllowedMarkup": 0,
                            "UtilizedMarkup": 2,
                            "BalanceMarkup": 0
                        },
                        "CHD": {
                            "F": 0,
                            "P": 0,
                            "AllowedMarkup": 0,
                            "UtilizedMarkup": 2,
                            "BalanceMarkup": 0
                        },
                        "INF": {
                            "F": 0,
                            "P": 0,
                            "AllowedMarkup": 0,
                            "UtilizedMarkup": 2,
                            "BalanceMarkup": 0
                        }
                    },
                    "Currency": "CAD",
                    "MarkupExcRate": 1
                },
                "AgencyCommission": {
                    "BookingCurrencyPrice": 6,
                    "EquivCurrencyPrice": 6
                },
                "AgencyYqCommission": {
                    "BookingCurrencyPrice": 0,
                    "EquivCurrencyPrice": 0
                },
                "PortalMarkup": {
                    "BookingCurrencyPrice": 0,
                    "EquivCurrencyPrice": 0
                },
                "PortalSurcharge": {
                    "BookingCurrencyPrice": 0,
                    "EquivCurrencyPrice": 0
                },
                "PortalDiscount": {
                    "BookingCurrencyPrice": 0,
                    "EquivCurrencyPrice": 0
                },
                "ChangeFeeBefore": {
                    "BookingCurrencyPrice": 0,
                    "EquivCurrencyPrice": 0
                },
                "ChangeFeeAfter": {
                    "BookingCurrencyPrice": 0,
                    "EquivCurrencyPrice": 0
                },
                "CancelFeeBefore": {
                    "BookingCurrencyPrice": 326.8,
                    "EquivCurrencyPrice": 326.8
                },
                "CancelFeeAfter": {
                    "BookingCurrencyPrice": 326.8,
                    "EquivCurrencyPrice": 326.8
                },
                "PaxSeatInfo": [
                    
                ],
                "0_FlightStops": 1,
                "0_FlightDuration": 445,
                "0_FlightDeparture": "2022-09-24T15:30:00",
                "0_MarketingAirline": 1,
                "OfferItem": [
                    {
                        "OfferItemID": "OFFERITEMID1",
                        "Refundable": "false",
                        "PassengerType": "ADT",
                        "PassengerQuantity": 1,
                        "TotalPriceDetail": {
                            "TotalAmount": {
                                "BookingCurrencyPrice": 328.8,
                                "EquivCurrencyPrice": 328.8
                            }
                        },
                        "Service": [
                            {
                                "ServiceID": "SV1",
                                "PassengerRefs": "ADT1 ",
                                "FlightRefs": "Flight1"
                            }
                        ],
                        "FareDetail": {
                            "PassengerRefs": "ADT1 ",
                            "Price": {
                                "TotalAmount": {
                                    "BookingCurrencyPrice": 328.8,
                                    "EquivCurrencyPrice": 328.8,
                                    "ApiCurrencyPrice": 326.8
                                },
                                "BaseAmount": {
                                    "BookingCurrencyPrice": 249,
                                    "EquivCurrencyPrice": 249,
                                    "ApiCurrencyPrice": 247
                                },
                                "TaxAmount": {
                                    "BookingCurrencyPrice": 79.8,
                                    "EquivCurrencyPrice": 79.8,
                                    "ApiCurrencyPrice": 79.8
                                },
                                "AgencyCommission": {
                                    "BookingCurrencyPrice": 2,
                                    "EquivCurrencyPrice": 2
                                },
                                "AgencyYqCommission": {
                                    "BookingCurrencyPrice": 0,
                                    "EquivCurrencyPrice": 0
                                },
                                "BookingFee": {
                                    "BookingCurrencyPrice": 0,
                                    "EquivCurrencyPrice": 0
                                },
                                "PortalMarkup": {
                                    "BookingCurrencyPrice": 0,
                                    "EquivCurrencyPrice": 0
                                },
                                "PortalSurcharge": {
                                    "BookingCurrencyPrice": 0,
                                    "EquivCurrencyPrice": 0
                                },
                                "PortalDiscount": {
                                    "BookingCurrencyPrice": 0,
                                    "EquivCurrencyPrice": 0
                                },
                                "CommissionableTotalPrice": {
                                    "BookingCurrencyPrice": 326.8,
                                    "EquivCurrencyPrice": 326.8
                                },
                                "CommissionableBasePrice": {
                                    "BookingCurrencyPrice": 247,
                                    "EquivCurrencyPrice": 247
                                },
                                "Taxes": [
                                    {
                                        "TaxCode": "IN",
                                        "BookingCurrencyPrice": 1.4,
                                        "EquivCurrencyPrice": 1.4
                                    },
                                    {
                                        "TaxCode": "K3",
                                        "BookingCurrencyPrice": 13.9,
                                        "EquivCurrencyPrice": 13.9
                                    },
                                    {
                                        "TaxCode": "P2",
                                        "BookingCurrencyPrice": 17.8,
                                        "EquivCurrencyPrice": 17.8
                                    },
                                    {
                                        "TaxCode": "I2",
                                        "BookingCurrencyPrice": 3.3,
                                        "EquivCurrencyPrice": 3.3
                                    },
                                    {
                                        "TaxCode": "OM",
                                        "BookingCurrencyPrice": 9.8,
                                        "EquivCurrencyPrice": 9.8
                                    },
                                    {
                                        "TaxCode": "ZR",
                                        "BookingCurrencyPrice": 1.7,
                                        "EquivCurrencyPrice": 1.7
                                    },
                                    {
                                        "TaxCode": "YQ",
                                        "BookingCurrencyPrice": 24.4,
                                        "EquivCurrencyPrice": 24.4
                                    },
                                    {
                                        "TaxCode": "YR",
                                        "BookingCurrencyPrice": 7.5,
                                        "EquivCurrencyPrice": 7.5
                                    }
                                ]
                            },
                            "ApiPrice": {
                                "TotalAmount": 326.8,
                                "BaseAmount": 247,
                                "TaxAmount": 79.8,
                                "YqTaxAmount": 24.4,
                                "YrTaxAmount": 7.5
                            }
                        },
                        "FareComponent": [
                            {
                                "PriceClassRef": "PCR_1",
                                "SegmentRefs": "Segment1 Segment2"
                            }
                        ]
                    },
                    {
                        "OfferItemID": "OFFERITEMID2",
                        "Refundable": "false",
                        "PassengerType": "CHD",
                        "PassengerQuantity": 1,
                        "TotalPriceDetail": {
                            "TotalAmount": {
                                "BookingCurrencyPrice": 275.3,
                                "EquivCurrencyPrice": 275.3
                            }
                        },
                        "Service": [
                            {
                                "ServiceID": "SV1",
                                "PassengerRefs": "CHD1 ",
                                "FlightRefs": "Flight1"
                            }
                        ],
                        "FareDetail": {
                            "PassengerRefs": "CHD1 ",
                            "Price": {
                                "TotalAmount": {
                                    "BookingCurrencyPrice": 275.3,
                                    "EquivCurrencyPrice": 275.3,
                                    "ApiCurrencyPrice": 273.3
                                },
                                "BaseAmount": {
                                    "BookingCurrencyPrice": 198,
                                    "EquivCurrencyPrice": 198,
                                    "ApiCurrencyPrice": 196
                                },
                                "TaxAmount": {
                                    "BookingCurrencyPrice": 77.3,
                                    "EquivCurrencyPrice": 77.3,
                                    "ApiCurrencyPrice": 77.3
                                },
                                "AgencyCommission": {
                                    "BookingCurrencyPrice": 2,
                                    "EquivCurrencyPrice": 2
                                },
                                "AgencyYqCommission": {
                                    "BookingCurrencyPrice": 0,
                                    "EquivCurrencyPrice": 0
                                },
                                "BookingFee": {
                                    "BookingCurrencyPrice": 0,
                                    "EquivCurrencyPrice": 0
                                },
                                "PortalMarkup": {
                                    "BookingCurrencyPrice": 0,
                                    "EquivCurrencyPrice": 0
                                },
                                "PortalSurcharge": {
                                    "BookingCurrencyPrice": 0,
                                    "EquivCurrencyPrice": 0
                                },
                                "PortalDiscount": {
                                    "BookingCurrencyPrice": 0,
                                    "EquivCurrencyPrice": 0
                                },
                                "CommissionableTotalPrice": {
                                    "BookingCurrencyPrice": 273.3,
                                    "EquivCurrencyPrice": 273.3
                                },
                                "CommissionableBasePrice": {
                                    "BookingCurrencyPrice": 196,
                                    "EquivCurrencyPrice": 196
                                },
                                "Taxes": [
                                    {
                                        "TaxCode": "IN",
                                        "BookingCurrencyPrice": 1.4,
                                        "EquivCurrencyPrice": 1.4
                                    },
                                    {
                                        "TaxCode": "K3",
                                        "BookingCurrencyPrice": 11.4,
                                        "EquivCurrencyPrice": 11.4
                                    },
                                    {
                                        "TaxCode": "P2",
                                        "BookingCurrencyPrice": 17.8,
                                        "EquivCurrencyPrice": 17.8
                                    },
                                    {
                                        "TaxCode": "I2",
                                        "BookingCurrencyPrice": 3.3,
                                        "EquivCurrencyPrice": 3.3
                                    },
                                    {
                                        "TaxCode": "OM",
                                        "BookingCurrencyPrice": 9.8,
                                        "EquivCurrencyPrice": 9.8
                                    },
                                    {
                                        "TaxCode": "ZR",
                                        "BookingCurrencyPrice": 1.7,
                                        "EquivCurrencyPrice": 1.7
                                    },
                                    {
                                        "TaxCode": "YQ",
                                        "BookingCurrencyPrice": 24.4,
                                        "EquivCurrencyPrice": 24.4
                                    },
                                    {
                                        "TaxCode": "YR",
                                        "BookingCurrencyPrice": 7.5,
                                        "EquivCurrencyPrice": 7.5
                                    }
                                ]
                            },
                            "ApiPrice": {
                                "TotalAmount": 273.3,
                                "BaseAmount": 196,
                                "TaxAmount": 77.3,
                                "YqTaxAmount": 24.4,
                                "YrTaxAmount": 7.5
                            }
                        },
                        "FareComponent": [
                            {
                                "PriceClassRef": "PCR_1",
                                "SegmentRefs": "Segment1 Segment2"
                            }
                        ]
                    },
                    {
                        "OfferItemID": "OFFERITEMID3",
                        "Refundable": "false",
                        "PassengerType": "INF",
                        "PassengerQuantity": 1,
                        "TotalPriceDetail": {
                            "TotalAmount": {
                                "BookingCurrencyPrice": 79.9,
                                "EquivCurrencyPrice": 79.9
                            }
                        },
                        "Service": [
                            {
                                "ServiceID": "SV1",
                                "PassengerRefs": "INF1 ",
                                "FlightRefs": "Flight1"
                            }
                        ],
                        "FareDetail": {
                            "PassengerRefs": "INF1 ",
                            "Price": {
                                "TotalAmount": {
                                    "BookingCurrencyPrice": 79.9,
                                    "EquivCurrencyPrice": 79.9,
                                    "ApiCurrencyPrice": 77.9
                                },
                                "BaseAmount": {
                                    "BookingCurrencyPrice": 69,
                                    "EquivCurrencyPrice": 69,
                                    "ApiCurrencyPrice": 67
                                },
                                "TaxAmount": {
                                    "BookingCurrencyPrice": 10.9,
                                    "EquivCurrencyPrice": 10.9,
                                    "ApiCurrencyPrice": 10.9
                                },
                                "AgencyCommission": {
                                    "BookingCurrencyPrice": 2,
                                    "EquivCurrencyPrice": 2
                                },
                                "AgencyYqCommission": {
                                    "BookingCurrencyPrice": 0,
                                    "EquivCurrencyPrice": 0
                                },
                                "BookingFee": {
                                    "BookingCurrencyPrice": 0,
                                    "EquivCurrencyPrice": 0
                                },
                                "PortalMarkup": {
                                    "BookingCurrencyPrice": 0,
                                    "EquivCurrencyPrice": 0
                                },
                                "PortalSurcharge": {
                                    "BookingCurrencyPrice": 0,
                                    "EquivCurrencyPrice": 0
                                },
                                "PortalDiscount": {
                                    "BookingCurrencyPrice": 0,
                                    "EquivCurrencyPrice": 0
                                },
                                "CommissionableTotalPrice": {
                                    "BookingCurrencyPrice": 77.9,
                                    "EquivCurrencyPrice": 77.9
                                },
                                "CommissionableBasePrice": {
                                    "BookingCurrencyPrice": 67,
                                    "EquivCurrencyPrice": 67
                                },
                                "Taxes": [
                                    {
                                        "TaxCode": "K3",
                                        "BookingCurrencyPrice": 3.7,
                                        "EquivCurrencyPrice": 3.7
                                    },
                                    {
                                        "TaxCode": "YR",
                                        "BookingCurrencyPrice": 7.2,
                                        "EquivCurrencyPrice": 7.2
                                    }
                                ]
                            },
                            "ApiPrice": {
                                "TotalAmount": 77.9,
                                "BaseAmount": 67,
                                "TaxAmount": 10.9,
                                "YqTaxAmount": 0,
                                "YrTaxAmount": 7.2
                            }
                        },
                        "FareComponent": [
                            {
                                "PriceClassRef": "PCR_1",
                                "SegmentRefs": "Segment1 Segment2"
                            }
                        ]
                    }
                ],
                "AirlineCharge": [
                    {
                        "BuyingFare": 678,
                        "SellingFare": 684,
                        "AirlineCharge": 678,
                        "ReqAirlineCharge": 678,
                        "FaerType": "PUB",
                        "OfferID": "1777142611648460552448528347",
                        "Owner": "WY",
                        "MultipleFop": "N"
                    }
                ],
                "SplitPaymentInfo": [
                    {
                        "AirItineraryId": "1777142611648460552448528347",
                        "MultipleFop": "N",
                        "MaxCardsPerPax": 0,
                        "MaxCardsPerPaxInMFOP": 0,
                        "AllowedMarkup": {
                            "ADT": 0,
                            "CHD": 0,
                            "INF": 0
                        }
                    }
                ],
                "SupplierWiseFares": [
                    {
                        "SupplierAccountId": 577,
                        "ConsumerAccountid": 577,
                        "PosBaseFare": 516,
                        "PosTaxFare": 168,
                        "PosTotalFare": 684,
                        "PaxFareBreakup": [
                            {
                                "PaxType": "ADT",
                                "PaxQuantity": 1,
                                "PosBaseFare": 249,
                                "PosTaxFare": 79.8,
                                "PosYQTax": 24.4,
                                "PosYRTax": 7.5,
                                "PosTotalFare": 328.8,
                                "ItinTax": [
                                    {
                                        "TaxCode": "IN",
                                        "ApiAmount": 1.4,
                                        "PosAmount": 1.4,
                                        "ReqAmount": 1.4,
                                        "TaxLine": 1,
                                        "PosApiAmount": 1.4,
                                        "ReqApiAmount": 1.4
                                    },
                                    {
                                        "TaxCode": "K3",
                                        "ApiAmount": 13.9,
                                        "PosAmount": 13.9,
                                        "ReqAmount": 13.9,
                                        "TaxLine": 2,
                                        "PosApiAmount": 13.9,
                                        "ReqApiAmount": 13.9
                                    },
                                    {
                                        "TaxCode": "P2",
                                        "ApiAmount": 17.8,
                                        "PosAmount": 17.8,
                                        "ReqAmount": 17.8,
                                        "TaxLine": 3,
                                        "PosApiAmount": 17.8,
                                        "ReqApiAmount": 17.8
                                    },
                                    {
                                        "TaxCode": "I2",
                                        "ApiAmount": 3.3,
                                        "PosAmount": 3.3,
                                        "ReqAmount": 3.3,
                                        "TaxLine": 4,
                                        "PosApiAmount": 3.3,
                                        "ReqApiAmount": 3.3
                                    },
                                    {
                                        "TaxCode": "OM",
                                        "ApiAmount": 9.8,
                                        "PosAmount": 9.8,
                                        "ReqAmount": 9.8,
                                        "TaxLine": 5,
                                        "PosApiAmount": 9.8,
                                        "ReqApiAmount": 9.8
                                    },
                                    {
                                        "TaxCode": "ZR",
                                        "ApiAmount": 1.7,
                                        "PosAmount": 1.7,
                                        "ReqAmount": 1.7,
                                        "TaxLine": 6,
                                        "PosApiAmount": 1.7,
                                        "ReqApiAmount": 1.7
                                    },
                                    {
                                        "TaxCode": "YQ",
                                        "ApiAmount": 24.4,
                                        "PosAmount": 24.4,
                                        "ReqAmount": 24.4,
                                        "TaxLine": 7,
                                        "PosApiAmount": 24.4,
                                        "ReqApiAmount": 24.4
                                    },
                                    {
                                        "TaxCode": "YR",
                                        "ApiAmount": 7.5,
                                        "PosAmount": 7.5,
                                        "ReqAmount": 7.5,
                                        "TaxLine": 8,
                                        "PosApiAmount": 7.5,
                                        "ReqApiAmount": 7.5
                                    }
                                ],
                                "SupplierMarkup": 2,
                                "SupplierDiscount": 0,
                                "SupplierSurcharge": 0,
                                "SupplierAgencyCommission": 2,
                                "SupplierAgencyYqCommission": 0,
                                "SupplierSegmentBenifit": 0,
                                "AddOnCharge": 0,
                                "PortalMarkup": 0,
                                "PortalDiscount": 0,
                                "PortalSurcharge": 0,
                                "SupplierHstAmount": 0,
                                "AddOnHstAmount": 0,
                                "PortalHstAmount": 0,
                                "SupplierUpSaleAmt": 0,
                                "AirlineCommission": 2,
                                "AirlineYqCommission": 0,
                                "AirlineSegmentBenifit": 0,
                                "AirlineCommissionPercentage": "0",
                                "AirlineCommissionFixed": "2",
                                "PosApiTotalFare": 326.8,
                                "PosApiBaseFare": 247,
                                "PosApiTaxFare": 79.8,
                                "PosCurrency": "CAD",
                                "SupplierBookingFee": 0,
                                "PortalBookingFee": 0,
                                "AirlineSegmentCommission": 0
                            },
                            {
                                "PaxType": "CHD",
                                "PaxQuantity": 1,
                                "PosBaseFare": 198,
                                "PosTaxFare": 77.3,
                                "PosYQTax": 24.4,
                                "PosYRTax": 7.5,
                                "PosTotalFare": 275.3,
                                "ItinTax": [
                                    {
                                        "TaxCode": "IN",
                                        "ApiAmount": 1.4,
                                        "PosAmount": 1.4,
                                        "ReqAmount": 1.4,
                                        "TaxLine": 1,
                                        "PosApiAmount": 1.4,
                                        "ReqApiAmount": 1.4
                                    },
                                    {
                                        "TaxCode": "K3",
                                        "ApiAmount": 11.4,
                                        "PosAmount": 11.4,
                                        "ReqAmount": 11.4,
                                        "TaxLine": 2,
                                        "PosApiAmount": 11.4,
                                        "ReqApiAmount": 11.4
                                    },
                                    {
                                        "TaxCode": "P2",
                                        "ApiAmount": 17.8,
                                        "PosAmount": 17.8,
                                        "ReqAmount": 17.8,
                                        "TaxLine": 3,
                                        "PosApiAmount": 17.8,
                                        "ReqApiAmount": 17.8
                                    },
                                    {
                                        "TaxCode": "I2",
                                        "ApiAmount": 3.3,
                                        "PosAmount": 3.3,
                                        "ReqAmount": 3.3,
                                        "TaxLine": 4,
                                        "PosApiAmount": 3.3,
                                        "ReqApiAmount": 3.3
                                    },
                                    {
                                        "TaxCode": "OM",
                                        "ApiAmount": 9.8,
                                        "PosAmount": 9.8,
                                        "ReqAmount": 9.8,
                                        "TaxLine": 5,
                                        "PosApiAmount": 9.8,
                                        "ReqApiAmount": 9.8
                                    },
                                    {
                                        "TaxCode": "ZR",
                                        "ApiAmount": 1.7,
                                        "PosAmount": 1.7,
                                        "ReqAmount": 1.7,
                                        "TaxLine": 6,
                                        "PosApiAmount": 1.7,
                                        "ReqApiAmount": 1.7
                                    },
                                    {
                                        "TaxCode": "YQ",
                                        "ApiAmount": 24.4,
                                        "PosAmount": 24.4,
                                        "ReqAmount": 24.4,
                                        "TaxLine": 7,
                                        "PosApiAmount": 24.4,
                                        "ReqApiAmount": 24.4
                                    },
                                    {
                                        "TaxCode": "YR",
                                        "ApiAmount": 7.5,
                                        "PosAmount": 7.5,
                                        "ReqAmount": 7.5,
                                        "TaxLine": 8,
                                        "PosApiAmount": 7.5,
                                        "ReqApiAmount": 7.5
                                    }
                                ],
                                "SupplierMarkup": 2,
                                "SupplierDiscount": 0,
                                "SupplierSurcharge": 0,
                                "SupplierAgencyCommission": 2,
                                "SupplierAgencyYqCommission": 0,
                                "SupplierSegmentBenifit": 0,
                                "AddOnCharge": 0,
                                "PortalMarkup": 0,
                                "PortalDiscount": 0,
                                "PortalSurcharge": 0,
                                "SupplierHstAmount": 0,
                                "AddOnHstAmount": 0,
                                "PortalHstAmount": 0,
                                "SupplierUpSaleAmt": 0,
                                "AirlineCommission": 2,
                                "AirlineYqCommission": 0,
                                "AirlineSegmentBenifit": 0,
                                "AirlineCommissionPercentage": "0",
                                "AirlineCommissionFixed": "2",
                                "PosApiTotalFare": 273.3,
                                "PosApiBaseFare": 196,
                                "PosApiTaxFare": 77.3,
                                "PosCurrency": "CAD",
                                "SupplierBookingFee": 0,
                                "PortalBookingFee": 0,
                                "AirlineSegmentCommission": 0
                            },
                            {
                                "PaxType": "INF",
                                "PaxQuantity": 1,
                                "PosBaseFare": 69,
                                "PosTaxFare": 10.9,
                                "PosYQTax": 0,
                                "PosYRTax": 7.2,
                                "PosTotalFare": 79.9,
                                "ItinTax": [
                                    {
                                        "TaxCode": "K3",
                                        "ApiAmount": 3.7,
                                        "PosAmount": 3.7,
                                        "ReqAmount": 3.7,
                                        "TaxLine": 1,
                                        "PosApiAmount": 3.7,
                                        "ReqApiAmount": 3.7
                                    },
                                    {
                                        "TaxCode": "YR",
                                        "ApiAmount": 7.2,
                                        "PosAmount": 7.2,
                                        "ReqAmount": 7.2,
                                        "TaxLine": 2,
                                        "PosApiAmount": 7.2,
                                        "ReqApiAmount": 7.2
                                    }
                                ],
                                "SupplierMarkup": 2,
                                "SupplierDiscount": 0,
                                "SupplierSurcharge": 0,
                                "SupplierAgencyCommission": 2,
                                "SupplierAgencyYqCommission": 0,
                                "SupplierSegmentBenifit": 0,
                                "AddOnCharge": 0,
                                "PortalMarkup": 0,
                                "PortalDiscount": 0,
                                "PortalSurcharge": 0,
                                "SupplierHstAmount": 0,
                                "AddOnHstAmount": 0,
                                "PortalHstAmount": 0,
                                "SupplierUpSaleAmt": 0,
                                "AirlineCommission": 2,
                                "AirlineYqCommission": 0,
                                "AirlineSegmentBenifit": 0,
                                "AirlineCommissionPercentage": "0",
                                "AirlineCommissionFixed": "2",
                                "PosApiTotalFare": 77.9,
                                "PosApiBaseFare": 67,
                                "PosApiTaxFare": 10.9,
                                "PosCurrency": "CAD",
                                "SupplierBookingFee": 0,
                                "PortalBookingFee": 0,
                                "AirlineSegmentCommission": 0
                            }
                        ],
                        "SupplierMarkup": 6,
                        "SupplierDiscount": 0,
                        "SupplierSurcharge": 0,
                        "SupplierAgencyCommission": 6,
                        "SupplierAgencyYqCommission": 0,
                        "SupplierSegmentBenifit": 0,
                        "PosTemplateId": 1777,
                        "PosTemplateName": "Engine_Automation_Live",
                        "PosContractId": 572,
                        "PosContractName": "WS-WY-GF-AC-EY-UL-AA-BA_PUB-PRI-ITX-PFA-COM_Engine_1A/1A/1V/1V/1S_YOWC42117/YTOC421H7/2E9L/229G/KY6G_@@@Engine_Automation",
                        "PosContractCode": "56576",
                        "PosRuleId": 772,
                        "PosRuleName": "Markup",
                        "PosRuleCode": "5656",
                        "ContractRemarks": {
                            "osi_notes": "",
                            "ticket_designator": "",
                            "endorsement": "",
                            "override_endosement": "N",
                            "tour_code": "",
                            "remark": "",
                            "itbt": "N",
                            "eligibility": "Y",
                            "cancellation": {
                                "before": "",
                                "after": ""
                            },
                            "changes": {
                                "before": "",
                                "after": ""
                            },
                            "no_show": {
                                "after": ""
                            },
                            "non_eligibility_info": [
                                
                            ],
                            "endosement": "",
                            "fop_allowed": "Y",
                            "fop_details": {
                                "CC": {
                                    "Allowed": "Y",
                                    "Types": {
                                        "AX": {
                                            "P": 0,
                                            "F": "1"
                                        },
                                        "MC": {
                                            "P": 0,
                                            "F": "1"
                                        },
                                        "VI": {
                                            "P": 0,
                                            "F": "1"
                                        }
                                    }
                                },
                                "DC": {
                                    "Allowed": "Y",
                                    "Types": {
                                        "MC": {
                                            "P": 0,
                                            "F": 0
                                        },
                                        "VI": {
                                            "P": 0,
                                            "F": 0
                                        }
                                    }
                                },
                                "CASH": {
                                    "Allowed": "Y"
                                },
                                "CHEQUE": {
                                    "Allowed": "Y"
                                },
                                "ACH": {
                                    "Allowed": "Y"
                                },
                                "PG": {
                                    "Allowed": "Y"
                                }
                            }
                        },
                        "SupplierMarkupTemplateId": 1683,
                        "SupplierMarkupTemplateName": "Engine_Automation",
                        "SupplierMarkupContractId": 2013,
                        "SupplierMarkupContractName": "WS-WY-GF-AC-EY-UL-AA-BA_PUB-PRI-ITX-PFA-COM_Engine_1A/1A/1V/1V/1S_YOWC42117/YTOC421H7/2E9L/229G/KY6G_@@@Engine_Automation Group 5851",
                        "SupplierMarkupRuleId": 2222,
                        "SupplierMarkupRuleName": "Markup",
                        "SupplierMarkupRuleCode": "5656",
                        "SupplierMarkupRuleType": "M",
                        "SupplierMarkupRef": "R",
                        "SupplierSurchargeIds": "",
                        "SupplierSurcharges": [
                            {
                                
                            },
                            {
                                
                            },
                            {
                                
                            }
                        ],
                        "AddOnCharge": 0,
                        "PortalMarkup": 0,
                        "PortalDiscount": 0,
                        "PortalSurcharge": 0,
                        "PortalMarkupTemplateId": 0,
                        "PortalMarkupTemplateName": "",
                        "PortalMarkupContractName": "",
                        "PortalMarkupRuleId": 0,
                        "PortalMarkupRuleName": "",
                        "PortalMarkupRuleCode": "",
                        "PortalSurchargeIds": "",
                        "PortalPaxSurcharges": [
                            {
                                
                            },
                            {
                                
                            },
                            {
                                
                            }
                        ],
                        "SupplierHstAmount": 0,
                        "AddOnHstAmount": 0,
                        "PortalHstAmount": 0,
                        "FopDetails": {
                            "CC": {
                                "Allowed": "Y",
                                "Types": {
                                    "AX": {
                                        "P": 0,
                                        "F": "1"
                                    },
                                    "MC": {
                                        "P": 0,
                                        "F": "01"
                                    },
                                    "VI": {
                                        "P": 0,
                                        "F": "1"
                                    }
                                }
                            },
                            "DC": {
                                "Allowed": "Y",
                                "Types": {
                                    "MC": {
                                        "P": 0,
                                        "F": 0
                                    },
                                    "VI": {
                                        "P": 0,
                                        "F": 0
                                    }
                                }
                            },
                            "CASH": {
                                "Allowed": "Y"
                            },
                            "CHEQUE": {
                                "Allowed": "Y"
                            },
                            "ACH": {
                                "Allowed": "Y"
                            },
                            "PG": {
                                "Allowed": "Y"
                            }
                        },
                        "SupplierUpSaleAmt": 0,
                        "AirlineCommission": 6,
                        "AirlineYqCommission": 0,
                        "AirlineSegmentBenifit": 0,
                        "SupplierBookingFeeType": "",
                        "PortalBookingFeeType": "",
                        "SupplierBookingFee": 0,
                        "PortalBookingFee": 0,
                        "MarkupRuleLoyaltyCode": "Markup_5656_2222",
                        "AirlineSegmentCommission": null
                    }
                ],
                "BookingToEquivExRate": 1,
                "ApiCurrency": "CAD",
                "ApiCurrencyExRate": 1,
                "ReqCurrency": "CAD",
                "ReqCurrencyExRate": 1,
                "PosCurrency": "CAD",
                "PosCurrencyExRate": 1,
                "SupplierId": 577,
                "FopRef": "FOP_577_577_1426_772_WY_PRI"
            }
        ],
        "DataLists": {
            "PassengerList": {
                "Passengers": [
                    {
                        "ContactAddress": {
                            "TypeOfAddress": "D",
                            "Address": "",
                            "State": "",
                            "Country": "",
                            "PostalCode": "",
                            "City": ""
                        },
                        "FirstName": "Rajan",
                        "SsrRequest": [
                            
                        ],
                        "Gender": "Male",
                        "MiddleName": "",
                        "SeatSelection": [
                            
                        ],
                        "OnflyDiscount": "0.00",
                        "NameTitle": "Mr",
                        "Passport": {
                            "ExpiryDate": "1970-01-01",
                            "Number": "",
                            "CountryCode": ""
                        },
                        "OptionalServices": [
                            
                        ],
                        "OnflyMarkup": "0.00",
                        "ContactInfoRef": "CTC1",
                        "Preference": {
                            "WheelChairPreference": {
                                "Reason": ""
                            },
                            "SeatPreference": "",
                            "MealPreference": ""
                        },
                        "RedressDetails": {
                            "RedressNumber": "",
                            "KnownTravellerNumber": ""
                        },
                        "attributes": {
                            "PassengerID": "ADT1"
                        },
                        "LastName": "Santhosh",
                        "PassengerRefID": "ADT1",
                        "PTC": "ADT",
                        "BirthDate": "1995-05-18"
                    },
                    {
                        "ContactAddress": {
                            "TypeOfAddress": "D",
                            "Address": "",
                            "State": "",
                            "Country": "",
                            "PostalCode": "",
                            "City": ""
                        },
                        "FirstName": "karan",
                        "SsrRequest": [
                            
                        ],
                        "Gender": "Male",
                        "MiddleName": "",
                        "SeatSelection": [
                            
                        ],
                        "OnflyDiscount": "0.00",
                        "NameTitle": "Mstr",
                        "Passport": {
                            "ExpiryDate": "1970-01-01",
                            "Number": "",
                            "CountryCode": ""
                        },
                        "OptionalServices": [
                            
                        ],
                        "OnflyMarkup": "0.00",
                        "ContactInfoRef": "CTC1",
                        "Preference": {
                            "WheelChairPreference": {
                                "Reason": ""
                            },
                            "SeatPreference": "",
                            "MealPreference": ""
                        },
                        "RedressDetails": {
                            "RedressNumber": "",
                            "KnownTravellerNumber": ""
                        },
                        "attributes": {
                            "PassengerID": "CHD1"
                        },
                        "LastName": "Arun",
                        "PassengerRefID": "CHD1",
                        "PTC": "CHD",
                        "BirthDate": "2010-05-28"
                    },
                    {
                        "ContactAddress": {
                            "TypeOfAddress": "D",
                            "Address": "",
                            "State": "",
                            "Country": "",
                            "PostalCode": "",
                            "City": ""
                        },
                        "FirstName": "Khan",
                        "SsrRequest": [
                            
                        ],
                        "Gender": "Male",
                        "MiddleName": "",
                        "SeatSelection": [
                            
                        ],
                        "OnflyDiscount": "0.00",
                        "NameTitle": "Mstr",
                        "Passport": {
                            "ExpiryDate": "1970-01-01",
                            "Number": "",
                            "CountryCode": ""
                        },
                        "OptionalServices": [
                            
                        ],
                        "OnflyMarkup": "0.00",
                        "ContactInfoRef": "CTC1",
                        "Preference": {
                            "WheelChairPreference": {
                                "Reason": ""
                            },
                            "SeatPreference": "",
                            "MealPreference": ""
                        },
                        "RedressDetails": {
                            "RedressNumber": "",
                            "KnownTravellerNumber": ""
                        },
                        "attributes": {
                            "PassengerID": "INF1"
                        },
                        "LastName": "Tharun",
                        "PassengerRefID": "INF1",
                        "PTC": "INF",
                        "BirthDate": "2020-05-29"
                    }
                ]
            },
            "DisclosureList": {
                "Disclosures": [
                    
                ]
            },
            "FareList": {
                "FareGroup": [
                    
                ]
            },
            "FlightSegmentList": {
                "FlightSegment": [
                    {
                        "SegmentKey": "Segment1",
                        "Departure": {
                            "AirportCode": "MAA",
                            "Date": "2022-09-24",
                            "Time": "15:30:00",
                            "AirportName": "Chennai International Airport",
                            "Terminal": {
                                "Name": ""
                            }
                        },
                        "Arrival": {
                            "AirportCode": "MCT",
                            "Date": "2022-09-24",
                            "Time": "17:50:00",
                            "AirportName": "Muscat International Airport",
                            "Terminal": {
                                "Name": ""
                            }
                        },
                        "MarketingCarrier": {
                            "AirlineID": "WY",
                            "Name": "Oman Air",
                            "FlightNumber": "254",
                            "OrgAirlineID": "WY"
                        },
                        "OperatingCarrier": {
                            "AirlineID": "WY",
                            "Name": "Oman Air",
                            "FlightNumber": "254",
                            "OrgAirlineID": "WY"
                        },
                        "Equipment": {
                            "AircraftCode": "7M8",
                            "Name": "7M8"
                        },
                        "Code": {
                            "MarriageGroup": "0",
                            "ResBookDesigCode": "L",
                            "Cabin": "Y"
                        },
                        "FlightDetail": {
                            "FlightDuration": {
                                "Value": "3 H 50 M"
                            },
                            "Stops": {
                                "Value": 0
                            },
                            "InterMediate": [
                                
                            ],
                            "AirMilesFlown": 1597,
                            "SegmentPnr": "UAAPRL"
                        },
                        "BrandId": "0002"
                    },
                    {
                        "SegmentKey": "Segment2",
                        "Departure": {
                            "AirportCode": "MCT",
                            "Date": "2022-09-24",
                            "Time": "20:10:00",
                            "AirportName": "Muscat International Airport",
                            "Terminal": {
                                "Name": ""
                            }
                        },
                        "Arrival": {
                            "AirportCode": "DXB",
                            "Date": "2022-09-24",
                            "Time": "21:25:00",
                            "AirportName": "Dubai International Airport",
                            "Terminal": {
                                "Name": "1"
                            }
                        },
                        "MarketingCarrier": {
                            "AirlineID": "WY",
                            "Name": "Oman Air",
                            "FlightNumber": "611",
                            "OrgAirlineID": "WY"
                        },
                        "OperatingCarrier": {
                            "AirlineID": "WY",
                            "Name": "Oman Air",
                            "FlightNumber": "611",
                            "OrgAirlineID": "WY"
                        },
                        "Equipment": {
                            "AircraftCode": "7M8",
                            "Name": "7M8"
                        },
                        "Code": {
                            "MarriageGroup": "0",
                            "ResBookDesigCode": "L",
                            "Cabin": "Y"
                        },
                        "FlightDetail": {
                            "FlightDuration": {
                                "Value": "1 H 15 M"
                            },
                            "Stops": {
                                "Value": 0
                            },
                            "InterMediate": [
                                
                            ],
                            "AirMilesFlown": 230,
                            "SegmentPnr": "UAAPRL"
                        },
                        "BrandId": "0002"
                    }
                ]
            },
            "FlightList": {
                "Flight": [
                    {
                        "FlightKey": "Flight1",
                        "Journey": {
                            "Time": "7 H 25 M",
                            "Stops": 1
                        },
                        "SegmentReferences": "Segment1 Segment2"
                    }
                ]
            },
            "OriginDestinationList": {
                "OriginDestination": [
                    {
                        "OriginDestinationKey": "OD1",
                        "DepartureCode": "MAA",
                        "ArrivalCode": "DXB",
                        "FlightReferences": "Flight1"
                    }
                ]
            },
            "PriceClassList": {
                "PriceClass": [
                    {
                        "PriceClassID": "PCR_1",
                        "Name": "pri",
                        "ClassOfService": [
                            {
                                "SegementRef": "Segment1",
                                "Code": {
                                    "SeatsLeft": 7,
                                    "Value": "L"
                                },
                                "MarketingName": "",
                                "Carrier": "",
                                "Cabin": "Y",
                                "MediaInfoRefKey": "",
                                "FareBasisCode": "LELOIA",
                                "Baggage": {
                                    "Allowance": 30,
                                    "Unit": "kg"
                                },
                                "Meal": "",
                                "CHD": {
                                    "Baggage": {
                                        "Allowance": 30,
                                        "Unit": "kg"
                                    },
                                    "FareBasisCode": "LELOIA",
                                    "Meal": ""
                                },
                                "INF": {
                                    "Baggage": {
                                        "Allowance": 30,
                                        "Unit": "kg"
                                    },
                                    "FareBasisCode": "LELOIA",
                                    "Meal": ""
                                }
                            },
                            {
                                "SegementRef": "Segment2",
                                "Code": {
                                    "SeatsLeft": 7,
                                    "Value": "L"
                                },
                                "MarketingName": "",
                                "Carrier": "",
                                "Cabin": "Y",
                                "MediaInfoRefKey": "",
                                "FareBasisCode": "LELOIA",
                                "Baggage": {
                                    "Allowance": 30,
                                    "Unit": "kg"
                                },
                                "Meal": "",
                                "CHD": {
                                    "Baggage": {
                                        "Allowance": 30,
                                        "Unit": "kg"
                                    },
                                    "FareBasisCode": "LELOIA",
                                    "Meal": ""
                                },
                                "INF": {
                                    "Baggage": {
                                        "Allowance": 30,
                                        "Unit": "kg"
                                    },
                                    "FareBasisCode": "LELOIA",
                                    "Meal": ""
                                }
                            }
                        ]
                    }
                ]
            },
            "SuppliersList": [
                577
            ],
            "FopList": [
                {
                    "CC": {
                        "Allowed": "Y",
                        "Types": {
                            "AX": {
                                "F": {
                                    "BookingCurrencyPrice": "1",
                                    "EquivCurrencyPrice": "1"
                                },
                                "P": 0,
                                "Charges": {
                                    "BookingCurrencyPrice": 1,
                                    "EquivCurrencyPrice": 1
                                }
                            },
                            "MC": {
                                "F": {
                                    "BookingCurrencyPrice": "01",
                                    "EquivCurrencyPrice": "01"
                                },
                                "P": 0,
                                "Charges": {
                                    "BookingCurrencyPrice": 1,
                                    "EquivCurrencyPrice": 1
                                }
                            },
                            "VI": {
                                "F": {
                                    "BookingCurrencyPrice": "1",
                                    "EquivCurrencyPrice": "1"
                                },
                                "P": 0,
                                "Charges": {
                                    "BookingCurrencyPrice": 1,
                                    "EquivCurrencyPrice": 1
                                }
                            }
                        }
                    },
                    "DC": {
                        "Allowed": "Y",
                        "Types": {
                            "MC": {
                                "F": {
                                    "BookingCurrencyPrice": 0,
                                    "EquivCurrencyPrice": 0
                                },
                                "P": 0,
                                "Charges": {
                                    "BookingCurrencyPrice": 0,
                                    "EquivCurrencyPrice": 0
                                }
                            },
                            "VI": {
                                "F": {
                                    "BookingCurrencyPrice": 0,
                                    "EquivCurrencyPrice": 0
                                },
                                "P": 0,
                                "Charges": {
                                    "BookingCurrencyPrice": 0,
                                    "EquivCurrencyPrice": 0
                                }
                            }
                        }
                    },
                    "CASH": {
                        "Allowed": "Y",
                        "Types": {
                            
                        }
                    },
                    "CHEQUE": {
                        "Allowed": "Y",
                        "Types": {
                            
                        }
                    },
                    "ACH": {
                        "Allowed": "Y",
                        "Types": {
                            
                        }
                    },
                    "PG": {
                        "Allowed": "Y",
                        "Types": {
                            
                        }
                    },
                    "FopKey": "FOP_577_577_1426_772_WY_PRI"
                }
            ],
            "CpList": [
                {
                    
                }
            ]
        }
    }
}
null
15:12:54.505 [main] INFO  onewayBooking.AirShopping - null
15:12:54.505 [main] INFO  listener.TestListeners - <b>Test Method bookingVerifySuccess<b>
]]></system-out>
  </testcase>
  <testcase name="responseOrderId" classname="runner.EngineApiTest" time="0.001">
    <system-out><![CDATA[15:12:54.506 [main] INFO  listener.TestListeners - <b>Test Method responseOrderIdStarted<b>
T2P2Z4B1
15:12:54.539 [main] INFO  onewayBooking.AirShopping - T2P2Z4B1
15:12:54.540 [main] INFO  listener.TestListeners - <b>Test Method responseOrderIdSuccess<b>
]]></system-out>
  </testcase>
  <testcase name="gdsBookingReference" classname="runner.EngineApiTest" time="0">
    <system-out><![CDATA[15:12:54.541 [main] INFO  listener.TestListeners - <b>Test Method gdsBookingReferenceStarted<b>
QDTM1L
15:12:54.563 [main] INFO  onewayBooking.AirShopping - QDTM1L
15:12:54.563 [main] INFO  listener.TestListeners - <b>Test Method gdsBookingReferenceSuccess<b>
]]></system-out>
  </testcase>
  <testcase name="orderStatus" classname="runner.EngineApiTest" time="0.001">
    <system-out><![CDATA[15:12:54.565 [main] INFO  listener.TestListeners - <b>Test Method orderStatusStarted<b>
SUCCESS
15:12:54.588 [main] INFO  onewayBooking.AirShopping - SUCCESS
15:12:54.589 [main] INFO  listener.TestListeners - <b>Test Method orderStatusSuccess<b>
]]></system-out>
  </testcase>
  <testcase name="fareType" classname="runner.EngineApiTest" time="0.005">
    <system-out><![CDATA[15:12:54.590 [main] INFO  listener.TestListeners - <b>Test Method fareTypeStarted<b>
PRI
15:12:54.611 [main] INFO  onewayBooking.AirShopping - PRI
15:12:54.612 [main] INFO  listener.TestListeners - <b>Test Method fareTypeSuccess<b>
]]></system-out>
  </testcase>
  <testcase name="orgFareType" classname="runner.EngineApiTest" time="0.016">
    <system-out><![CDATA[15:12:54.613 [main] INFO  listener.TestListeners - <b>Test Method orgFareTypeStarted<b>
PUB
15:12:54.628 [main] INFO  onewayBooking.AirShopping - PUB
15:12:54.629 [main] INFO  listener.TestListeners - <b>Test Method orgFareTypeSuccess<b>
]]></system-out>
  </testcase>
  <testcase name="supplierId" classname="runner.EngineApiTest" time="0.016">
    <system-out><![CDATA[15:12:54.630 [main] INFO  listener.TestListeners - <b>Test Method supplierIdStarted<b>
577
15:12:54.645 [main] INFO  onewayBooking.AirShopping - 577
15:12:54.645 [main] INFO  listener.TestListeners - <b>Test Method supplierIdSuccess<b>
]]></system-out>
  </testcase>
  <testcase name="flightDeparture" classname="runner.EngineApiTest" time="0.019">
    <system-out><![CDATA[15:12:54.646 [main] INFO  listener.TestListeners - <b>Test Method flightDepartureStarted<b>
2022-09-24T15:30:00
15:12:54.664 [main] INFO  onewayBooking.AirShopping - 2022-09-24T15:30:00
15:12:54.664 [main] INFO  listener.TestListeners - <b>Test Method flightDepartureSuccess<b>
]]></system-out>
  </testcase>
  <testcase name="returnSearchRequest" classname="runner.EngineApiTest" time="0">
    <system-out><![CDATA[DEBUG   16484   [freemark] (): Couldn't find template in cache for "spark/spark.spa.ftl"("en_IN", UTF-8, parsed); will try to load it.
DEBUG   16484   [freemark] (): TemplateLoader.findTemplateSource("spark/spark.spa_en_IN.ftl"): Not found
DEBUG   16484   [freemark] (): TemplateLoader.findTemplateSource("spark/spark.spa_en.ftl"): Not found
DEBUG   16484   [freemark] (): TemplateLoader.findTemplateSource("spark/spark.spa.ftl"): Found
DEBUG   16484   [freemark] (): Loading template for "spark/spark.spa.ftl"("en_IN", UTF-8, parsed) from "jar:file:/home/pandian/.m2/repository/com/aventstack/extentreports/5.0.9/extentreports-5.0.9.jar!/com/aventstack/extentreports/templates/spark/spark.spa.ftl"
DEBUG   16484   [freemark] (): Couldn't find template in cache for "commons/commons-variables.ftl"("en_IN", UTF-8, parsed); will try to load it.
DEBUG   16484   [freemark] (): TemplateLoader.findTemplateSource("commons/commons-variables_en_IN.ftl"): Not found
DEBUG   16484   [freemark] (): TemplateLoader.findTemplateSource("commons/commons-variables_en.ftl"): Not found
DEBUG   16484   [freemark] (): TemplateLoader.findTemplateSource("commons/commons-variables.ftl"): Found
DEBUG   16484   [freemark] (): Loading template for "commons/commons-variables.ftl"("en_IN", UTF-8, parsed) from "jar:file:/home/pandian/.m2/repository/com/aventstack/extentreports/5.0.9/extentreports-5.0.9.jar!/com/aventstack/extentreports/templates/commons/commons-variables.ftl"
DEBUG   16484   [freemark] (): Couldn't find template in cache for "commons/commons-macros.ftl"("en_IN", UTF-8, parsed); will try to load it.
DEBUG   16484   [freemark] (): TemplateLoader.findTemplateSource("commons/commons-macros_en_IN.ftl"): Not found
DEBUG   16484   [freemark] (): TemplateLoader.findTemplateSource("commons/commons-macros_en.ftl"): Not found
DEBUG   16484   [freemark] (): TemplateLoader.findTemplateSource("commons/commons-macros.ftl"): Found
DEBUG   16484   [freemark] (): Loading template for "commons/commons-macros.ftl"("en_IN", UTF-8, parsed) from "jar:file:/home/pandian/.m2/repository/com/aventstack/extentreports/5.0.9/extentreports-5.0.9.jar!/com/aventstack/extentreports/templates/commons/commons-macros.ftl"
DEBUG   16484   [freemark] (): Couldn't find template in cache for "spark/macros/attributes.ftl"("en_IN", UTF-8, parsed); will try to load it.
DEBUG   16484   [freemark] (): TemplateLoader.findTemplateSource("spark/macros/attributes_en_IN.ftl"): Not found
DEBUG   16484   [freemark] (): TemplateLoader.findTemplateSource("spark/macros/attributes_en.ftl"): Not found
DEBUG   16484   [freemark] (): TemplateLoader.findTemplateSource("spark/macros/attributes.ftl"): Found
DEBUG   16484   [freemark] (): Loading template for "spark/macros/attributes.ftl"("en_IN", UTF-8, parsed) from "jar:file:/home/pandian/.m2/repository/com/aventstack/extentreports/5.0.9/extentreports-5.0.9.jar!/com/aventstack/extentreports/templates/spark/macros/attributes.ftl"
DEBUG   16484   [freemark] (): Couldn't find template in cache for "spark/macros/log.ftl"("en_IN", UTF-8, parsed); will try to load it.
DEBUG   16484   [freemark] (): TemplateLoader.findTemplateSource("spark/macros/log_en_IN.ftl"): Not found
DEBUG   16484   [freemark] (): TemplateLoader.findTemplateSource("spark/macros/log_en.ftl"): Not found
DEBUG   16484   [freemark] (): TemplateLoader.findTemplateSource("spark/macros/log.ftl"): Found
DEBUG   16484   [freemark] (): Loading template for "spark/macros/log.ftl"("en_IN", UTF-8, parsed) from "jar:file:/home/pandian/.m2/repository/com/aventstack/extentreports/5.0.9/extentreports-5.0.9.jar!/com/aventstack/extentreports/templates/spark/macros/log.ftl"
DEBUG   16484   [freemark] (): Couldn't find template in cache for "spark/macros/recurse_nodes.ftl"("en_IN", UTF-8, parsed); will try to load it.
DEBUG   16484   [freemark] (): TemplateLoader.findTemplateSource("spark/macros/recurse_nodes_en_IN.ftl"): Not found
DEBUG   16484   [freemark] (): TemplateLoader.findTemplateSource("spark/macros/recurse_nodes_en.ftl"): Not found
DEBUG   16484   [freemark] (): TemplateLoader.findTemplateSource("spark/macros/recurse_nodes.ftl"): Found
DEBUG   16484   [freemark] (): Loading template for "spark/macros/recurse_nodes.ftl"("en_IN", UTF-8, parsed) from "jar:file:/home/pandian/.m2/repository/com/aventstack/extentreports/5.0.9/extentreports-5.0.9.jar!/com/aventstack/extentreports/templates/spark/macros/recurse_nodes.ftl"
DEBUG   16484   [freemark] (): "spark/macros/log.ftl"("en_IN", UTF-8, parsed) cached copy not yet stale; using cached.
DEBUG   16484   [freemark] (): Couldn't find template in cache for "spark/macros/attr-common.ftl"("en_IN", UTF-8, parsed); will try to load it.
DEBUG   16484   [freemark] (): TemplateLoader.findTemplateSource("spark/macros/attr-common_en_IN.ftl"): Not found
DEBUG   16484   [freemark] (): TemplateLoader.findTemplateSource("spark/macros/attr-common_en.ftl"): Not found
DEBUG   16484   [freemark] (): TemplateLoader.findTemplateSource("spark/macros/attr-common.ftl"): Found
DEBUG   16484   [freemark] (): Loading template for "spark/macros/attr-common.ftl"("en_IN", UTF-8, parsed) from "jar:file:/home/pandian/.m2/repository/com/aventstack/extentreports/5.0.9/extentreports-5.0.9.jar!/com/aventstack/extentreports/templates/spark/macros/attr-common.ftl"
DEBUG   16484   [freemark] (): Couldn't find template in cache for "spark/partials/head.ftl"("en_IN", UTF-8, parsed); will try to load it.
DEBUG   16484   [freemark] (): TemplateLoader.findTemplateSource("spark/partials/head_en_IN.ftl"): Not found
DEBUG   16484   [freemark] (): TemplateLoader.findTemplateSource("spark/partials/head_en.ftl"): Not found
DEBUG   16484   [freemark] (): TemplateLoader.findTemplateSource("spark/partials/head.ftl"): Found
DEBUG   16484   [freemark] (): Loading template for "spark/partials/head.ftl"("en_IN", UTF-8, parsed) from "jar:file:/home/pandian/.m2/repository/com/aventstack/extentreports/5.0.9/extentreports-5.0.9.jar!/com/aventstack/extentreports/templates/spark/partials/head.ftl"
DEBUG   16484   [freemark] (): Couldn't find template in cache for "commons/commons-inject-css.ftl"("en_IN", UTF-8, parsed); will try to load it.
DEBUG   16484   [freemark] (): TemplateLoader.findTemplateSource("commons/commons-inject-css_en_IN.ftl"): Not found
DEBUG   16484   [freemark] (): TemplateLoader.findTemplateSource("commons/commons-inject-css_en.ftl"): Not found
DEBUG   16484   [freemark] (): TemplateLoader.findTemplateSource("commons/commons-inject-css.ftl"): Found
DEBUG   16484   [freemark] (): Loading template for "commons/commons-inject-css.ftl"("en_IN", UTF-8, parsed) from "jar:file:/home/pandian/.m2/repository/com/aventstack/extentreports/5.0.9/extentreports-5.0.9.jar!/com/aventstack/extentreports/templates/commons/commons-inject-css.ftl"
DEBUG   16484   [freemark] (): Couldn't find template in cache for "spark/partials/navbar.ftl"("en_IN", UTF-8, parsed); will try to load it.
DEBUG   16484   [freemark] (): TemplateLoader.findTemplateSource("spark/partials/navbar_en_IN.ftl"): Not found
DEBUG   16484   [freemark] (): TemplateLoader.findTemplateSource("spark/partials/navbar_en.ftl"): Not found
DEBUG   16484   [freemark] (): TemplateLoader.findTemplateSource("spark/partials/navbar.ftl"): Found
DEBUG   16484   [freemark] (): Loading template for "spark/partials/navbar.ftl"("en_IN", UTF-8, parsed) from "jar:file:/home/pandian/.m2/repository/com/aventstack/extentreports/5.0.9/extentreports-5.0.9.jar!/com/aventstack/extentreports/templates/spark/partials/navbar.ftl"
DEBUG   16484   [freemark] (): Couldn't find template in cache for "spark/partials/sidenav.ftl"("en_IN", UTF-8, parsed); will try to load it.
DEBUG   16484   [freemark] (): TemplateLoader.findTemplateSource("spark/partials/sidenav_en_IN.ftl"): Not found
DEBUG   16484   [freemark] (): TemplateLoader.findTemplateSource("spark/partials/sidenav_en.ftl"): Not found
DEBUG   16484   [freemark] (): TemplateLoader.findTemplateSource("spark/partials/sidenav.ftl"): Found
DEBUG   16484   [freemark] (): Loading template for "spark/partials/sidenav.ftl"("en_IN", UTF-8, parsed) from "jar:file:/home/pandian/.m2/repository/com/aventstack/extentreports/5.0.9/extentreports-5.0.9.jar!/com/aventstack/extentreports/templates/spark/partials/sidenav.ftl"
DEBUG   16484   [freemark] (): Couldn't find template in cache for "spark/partials/test.ftl"("en_IN", UTF-8, parsed); will try to load it.
DEBUG   16484   [freemark] (): TemplateLoader.findTemplateSource("spark/partials/test_en_IN.ftl"): Not found
DEBUG   16484   [freemark] (): TemplateLoader.findTemplateSource("spark/partials/test_en.ftl"): Not found
DEBUG   16484   [freemark] (): TemplateLoader.findTemplateSource("spark/partials/test.ftl"): Found
DEBUG   16484   [freemark] (): Loading template for "spark/partials/test.ftl"("en_IN", UTF-8, parsed) from "jar:file:/home/pandian/.m2/repository/com/aventstack/extentreports/5.0.9/extentreports-5.0.9.jar!/com/aventstack/extentreports/templates/spark/partials/test.ftl"
DEBUG   16484   [freemark] (): Couldn't find template in cache for "spark/partials/standard-content.ftl"("en_IN", UTF-8, parsed); will try to load it.
DEBUG   16484   [freemark] (): TemplateLoader.findTemplateSource("spark/partials/standard-content_en_IN.ftl"): Not found
DEBUG   16484   [freemark] (): TemplateLoader.findTemplateSource("spark/partials/standard-content_en.ftl"): Not found
DEBUG   16484   [freemark] (): TemplateLoader.findTemplateSource("spark/partials/standard-content.ftl"): Found
DEBUG   16484   [freemark] (): Loading template for "spark/partials/standard-content.ftl"("en_IN", UTF-8, parsed) from "jar:file:/home/pandian/.m2/repository/com/aventstack/extentreports/5.0.9/extentreports-5.0.9.jar!/com/aventstack/extentreports/templates/spark/partials/standard-content.ftl"
DEBUG   16484   [freemark] (): "spark/partials/standard-content.ftl"("en_IN", UTF-8, parsed) cached copy not yet stale; using cached.
DEBUG   16484   [freemark] (): "spark/partials/standard-content.ftl"("en_IN", UTF-8, parsed) cached copy not yet stale; using cached.
DEBUG   16484   [freemark] (): "spark/partials/standard-content.ftl"("en_IN", UTF-8, parsed) cached copy not yet stale; using cached.
DEBUG   16484   [freemark] (): "spark/partials/standard-content.ftl"("en_IN", UTF-8, parsed) cached copy not yet stale; using cached.
DEBUG   16484   [freemark] (): "spark/partials/standard-content.ftl"("en_IN", UTF-8, parsed) cached copy not yet stale; using cached.
DEBUG   16484   [freemark] (): "spark/partials/standard-content.ftl"("en_IN", UTF-8, parsed) cached copy not yet stale; using cached.
DEBUG   16484   [freemark] (): "spark/partials/standard-content.ftl"("en_IN", UTF-8, parsed) cached copy not yet stale; using cached.
DEBUG   16484   [freemark] (): "spark/partials/standard-content.ftl"("en_IN", UTF-8, parsed) cached copy not yet stale; using cached.
DEBUG   16484   [freemark] (): "spark/partials/standard-content.ftl"("en_IN", UTF-8, parsed) cached copy not yet stale; using cached.
DEBUG   16484   [freemark] (): "spark/partials/standard-content.ftl"("en_IN", UTF-8, parsed) cached copy not yet stale; using cached.
DEBUG   16484   [freemark] (): "spark/partials/standard-content.ftl"("en_IN", UTF-8, parsed) cached copy not yet stale; using cached.
DEBUG   16484   [freemark] (): "spark/partials/standard-content.ftl"("en_IN", UTF-8, parsed) cached copy not yet stale; using cached.
DEBUG   16484   [freemark] (): "spark/partials/standard-content.ftl"("en_IN", UTF-8, parsed) cached copy not yet stale; using cached.
DEBUG   16484   [freemark] (): "spark/partials/standard-content.ftl"("en_IN", UTF-8, parsed) cached copy not yet stale; using cached.
DEBUG   16484   [freemark] (): "spark/partials/standard-content.ftl"("en_IN", UTF-8, parsed) cached copy not yet stale; using cached.
DEBUG   16484   [freemark] (): "spark/partials/standard-content.ftl"("en_IN", UTF-8, parsed) cached copy not yet stale; using cached.
DEBUG   16484   [freemark] (): "spark/partials/standard-content.ftl"("en_IN", UTF-8, parsed) cached copy not yet stale; using cached.
DEBUG   16484   [freemark] (): "spark/partials/standard-content.ftl"("en_IN", UTF-8, parsed) cached copy not yet stale; using cached.
DEBUG   16484   [freemark] (): "spark/partials/standard-content.ftl"("en_IN", UTF-8, parsed) cached copy not yet stale; using cached.
DEBUG   16484   [freemark] (): "spark/partials/standard-content.ftl"("en_IN", UTF-8, parsed) cached copy not yet stale; using cached.
DEBUG   16484   [freemark] (): "spark/partials/standard-content.ftl"("en_IN", UTF-8, parsed) cached copy not yet stale; using cached.
DEBUG   16484   [freemark] (): "spark/partials/standard-content.ftl"("en_IN", UTF-8, parsed) cached copy not yet stale; using cached.
DEBUG   16484   [freemark] (): "spark/partials/standard-content.ftl"("en_IN", UTF-8, parsed) cached copy not yet stale; using cached.
DEBUG   16484   [freemark] (): "spark/partials/standard-content.ftl"("en_IN", UTF-8, parsed) cached copy not yet stale; using cached.
DEBUG   16484   [freemark] (): "spark/partials/standard-content.ftl"("en_IN", UTF-8, parsed) cached copy not yet stale; using cached.
DEBUG   16484   [freemark] (): "spark/partials/standard-content.ftl"("en_IN", UTF-8, parsed) cached copy not yet stale; using cached.
DEBUG   16484   [freemark] (): "spark/partials/standard-content.ftl"("en_IN", UTF-8, parsed) cached copy not yet stale; using cached.
DEBUG   16484   [freemark] (): Couldn't find template in cache for "spark/partials/exception.ftl"("en_IN", UTF-8, parsed); will try to load it.
DEBUG   16484   [freemark] (): TemplateLoader.findTemplateSource("spark/partials/exception_en_IN.ftl"): Not found
DEBUG   16484   [freemark] (): TemplateLoader.findTemplateSource("spark/partials/exception_en.ftl"): Not found
DEBUG   16484   [freemark] (): TemplateLoader.findTemplateSource("spark/partials/exception.ftl"): Found
DEBUG   16484   [freemark] (): Loading template for "spark/partials/exception.ftl"("en_IN", UTF-8, parsed) from "jar:file:/home/pandian/.m2/repository/com/aventstack/extentreports/5.0.9/extentreports-5.0.9.jar!/com/aventstack/extentreports/templates/spark/partials/exception.ftl"
DEBUG   16484   [freemark] (): Couldn't find template in cache for "spark/partials/category.ftl"("en_IN", UTF-8, parsed); will try to load it.
DEBUG   16484   [freemark] (): TemplateLoader.findTemplateSource("spark/partials/category_en_IN.ftl"): Not found
DEBUG   16484   [freemark] (): TemplateLoader.findTemplateSource("spark/partials/category_en.ftl"): Not found
DEBUG   16484   [freemark] (): TemplateLoader.findTemplateSource("spark/partials/category.ftl"): Found
DEBUG   16484   [freemark] (): Loading template for "spark/partials/category.ftl"("en_IN", UTF-8, parsed) from "jar:file:/home/pandian/.m2/repository/com/aventstack/extentreports/5.0.9/extentreports-5.0.9.jar!/com/aventstack/extentreports/templates/spark/partials/category.ftl"
DEBUG   16484   [freemark] (): Couldn't find template in cache for "spark/partials/device.ftl"("en_IN", UTF-8, parsed); will try to load it.
DEBUG   16484   [freemark] (): TemplateLoader.findTemplateSource("spark/partials/device_en_IN.ftl"): Not found
DEBUG   16484   [freemark] (): TemplateLoader.findTemplateSource("spark/partials/device_en.ftl"): Not found
DEBUG   16484   [freemark] (): TemplateLoader.findTemplateSource("spark/partials/device.ftl"): Found
DEBUG   16484   [freemark] (): Loading template for "spark/partials/device.ftl"("en_IN", UTF-8, parsed) from "jar:file:/home/pandian/.m2/repository/com/aventstack/extentreports/5.0.9/extentreports-5.0.9.jar!/com/aventstack/extentreports/templates/spark/partials/device.ftl"
DEBUG   16484   [freemark] (): Couldn't find template in cache for "spark/partials/author.ftl"("en_IN", UTF-8, parsed); will try to load it.
DEBUG   16484   [freemark] (): TemplateLoader.findTemplateSource("spark/partials/author_en_IN.ftl"): Not found
DEBUG   16484   [freemark] (): TemplateLoader.findTemplateSource("spark/partials/author_en.ftl"): Not found
DEBUG   16484   [freemark] (): TemplateLoader.findTemplateSource("spark/partials/author.ftl"): Found
DEBUG   16484   [freemark] (): Loading template for "spark/partials/author.ftl"("en_IN", UTF-8, parsed) from "jar:file:/home/pandian/.m2/repository/com/aventstack/extentreports/5.0.9/extentreports-5.0.9.jar!/com/aventstack/extentreports/templates/spark/partials/author.ftl"
DEBUG   16484   [freemark] (): Couldn't find template in cache for "spark/partials/log.ftl"("en_IN", UTF-8, parsed); will try to load it.
DEBUG   16484   [freemark] (): TemplateLoader.findTemplateSource("spark/partials/log_en_IN.ftl"): Not found
DEBUG   16484   [freemark] (): TemplateLoader.findTemplateSource("spark/partials/log_en.ftl"): Not found
DEBUG   16484   [freemark] (): TemplateLoader.findTemplateSource("spark/partials/log.ftl"): Found
DEBUG   16484   [freemark] (): Loading template for "spark/partials/log.ftl"("en_IN", UTF-8, parsed) from "jar:file:/home/pandian/.m2/repository/com/aventstack/extentreports/5.0.9/extentreports-5.0.9.jar!/com/aventstack/extentreports/templates/spark/partials/log.ftl"
DEBUG   16484   [freemark] (): Couldn't find template in cache for "spark/partials/dashboard.ftl"("en_IN", UTF-8, parsed); will try to load it.
DEBUG   16484   [freemark] (): TemplateLoader.findTemplateSource("spark/partials/dashboard_en_IN.ftl"): Not found
DEBUG   16484   [freemark] (): TemplateLoader.findTemplateSource("spark/partials/dashboard_en.ftl"): Not found
DEBUG   16484   [freemark] (): TemplateLoader.findTemplateSource("spark/partials/dashboard.ftl"): Found
DEBUG   16484   [freemark] (): Loading template for "spark/partials/dashboard.ftl"("en_IN", UTF-8, parsed) from "jar:file:/home/pandian/.m2/repository/com/aventstack/extentreports/5.0.9/extentreports-5.0.9.jar!/com/aventstack/extentreports/templates/spark/partials/dashboard.ftl"
DEBUG   16484   [freemark] (): Couldn't find template in cache for "spark/partials/scripts.ftl"("en_IN", UTF-8, parsed); will try to load it.
DEBUG   16484   [freemark] (): TemplateLoader.findTemplateSource("spark/partials/scripts_en_IN.ftl"): Not found
DEBUG   16484   [freemark] (): TemplateLoader.findTemplateSource("spark/partials/scripts_en.ftl"): Not found
DEBUG   16484   [freemark] (): TemplateLoader.findTemplateSource("spark/partials/scripts.ftl"): Found
DEBUG   16484   [freemark] (): Loading template for "spark/partials/scripts.ftl"("en_IN", UTF-8, parsed) from "jar:file:/home/pandian/.m2/repository/com/aventstack/extentreports/5.0.9/extentreports-5.0.9.jar!/com/aventstack/extentreports/templates/spark/partials/scripts.ftl"
DEBUG   16484   [freemark] (): Couldn't find template in cache for "commons/commons-inject-js.ftl"("en_IN", UTF-8, parsed); will try to load it.
DEBUG   16484   [freemark] (): TemplateLoader.findTemplateSource("commons/commons-inject-js_en_IN.ftl"): Not found
DEBUG   16484   [freemark] (): TemplateLoader.findTemplateSource("commons/commons-inject-js_en.ftl"): Not found
DEBUG   16484   [freemark] (): TemplateLoader.findTemplateSource("commons/commons-inject-js.ftl"): Found
DEBUG   16484   [freemark] (): Loading template for "commons/commons-inject-js.ftl"("en_IN", UTF-8, parsed) from "jar:file:/home/pandian/.m2/repository/com/aventstack/extentreports/5.0.9/extentreports-5.0.9.jar!/com/aventstack/extentreports/templates/commons/commons-inject-js.ftl"
15:12:54.880 [main] INFO  listener.TestListeners - <b>Test Method returnSearchRequestStarted<b>
15:12:54.882 [main] INFO  listener.TestListeners - <b>Test Method returnSearchRequestSuccess<b>
]]></system-out>
  </testcase>
  <testcase name="returnSearch" classname="runner.EngineApiTest" time="5.796">
    <system-out><![CDATA[15:12:54.883 [main] INFO  listener.TestListeners - <b>Test Method returnSearchStarted<b>
15:12:54.883 [main] INFO  runner.EngineApiTest - SUCCESS
{"AirShoppingRQ":{"Party":{"Sender":{"TravelAgencySender":{"AgencyID":"","Contacts":{"Contact":[{"EmailContact":"srilanakamrst@gmail.com"}]},"IATA_Number":"","Name":"MRST"}}},"DataLists":{"PassengerList":{"Passenger":[{"PassengerID":"T1","PTC":"ADT"},{"PassengerID":"T2","PTC":"CHD"},{"PassengerID":"T3","PTC":"INF"}]}},"Preference":{"FreeBaggage":"N","FareType":["BOTH"],"NoOfStops":[],"DoubleOneWay":"","Refundable":"","SourceFrom":["ALL"],"AirlinePreference":{"ExcludeAirlines":[],"PreferedAirlines":["WY"]},"NearByAirports":"","RbdPreference":{"ExcludeRbds":[],"RequireAllRbd":"N","PreferedRbds":[]},"Penalties":{"Refundable":"N","ZeroChangeFee":"N","NoCancellationFee":"N","RebookingPossible":"N"},"Cabin":"ECONOMY","DirectFlight":"","TripType":"Return","ConnectionTime":{"Min":"","Max":""},"StopPreference":{"PreferedStops":[],"ExcludeStops":[]},"AlternateDays":0,"CountryPreference":{"ExcludeCountry":[]},"AlliancePreference":{"PreferedAlliance":[],"ExcludeAlliance":[]}},"MetaData":{"LocalPccCountry":"IN","Tracking":"Y","RecommendedFare":"Y","Currency":"CAD","ProductType":"F","FareGrouping":"deal","TraceId":"163672258977","PortalUserGroup":"G1","UpSale":"Y","ParentAccountId":4},"CoreQuery":{"OriginDestinations":{"OriginDestination":[{"Departure":{"DepartureTime":{"From":"","To":""},"NoOfMiles":"","AirportCode":"MAA","Date":"2022-09-20"},"Arrival":{"NoOfMiles":"","AirportCode":"DXB"}},{"Departure":{"DepartureTime":{"From":"","To":""},"NoOfMiles":"","AirportCode":"DXB","Date":"2022-09-25"},"Arrival":{"NoOfMiles":"","AirportCode":"MAA"}}]}}}}
Request method:	POST
Request URI:	https://newapi.tltid.com/AirShopping
Proxy:			<none>
Request params:	<none>
Query params:	<none>
Form params:	<none>
Path params:	<none>
Headers:		Authorization=c06d06da9666a219db15cf575aff28241648128226
				Connection=keep-alive
				Accept=*/*
				Content-Type=application/json
Cookies:		<none>
Multiparts:		<none>
Body:
{
    "AirShoppingRQ": {
        "Party": {
            "Sender": {
                "TravelAgencySender": {
                    "AgencyID": "",
                    "Contacts": {
                        "Contact": [
                            {
                                "EmailContact": "srilanakamrst@gmail.com"
                            }
                        ]
                    },
                    "IATA_Number": "",
                    "Name": "MRST"
                }
            }
        },
        "DataLists": {
            "PassengerList": {
                "Passenger": [
                    {
                        "PassengerID": "T1",
                        "PTC": "ADT"
                    },
                    {
                        "PassengerID": "T2",
                        "PTC": "CHD"
                    },
                    {
                        "PassengerID": "T3",
                        "PTC": "INF"
                    }
                ]
            }
        },
        "Preference": {
            "FreeBaggage": "N",
            "FareType": [
                "BOTH"
            ],
            "NoOfStops": [
                
            ],
            "DoubleOneWay": "",
            "Refundable": "",
            "SourceFrom": [
                "ALL"
            ],
            "AirlinePreference": {
                "ExcludeAirlines": [
                    
                ],
                "PreferedAirlines": [
                    "WY"
                ]
            },
            "NearByAirports": "",
            "RbdPreference": {
                "ExcludeRbds": [
                    
                ],
                "RequireAllRbd": "N",
                "PreferedRbds": [
                    
                ]
            },
            "Penalties": {
                "Refundable": "N",
                "ZeroChangeFee": "N",
                "NoCancellationFee": "N",
                "RebookingPossible": "N"
            },
            "Cabin": "ECONOMY",
            "DirectFlight": "",
            "TripType": "Return",
            "ConnectionTime": {
                "Min": "",
                "Max": ""
            },
            "StopPreference": {
                "PreferedStops": [
                    
                ],
                "ExcludeStops": [
                    
                ]
            },
            "AlternateDays": 0,
            "CountryPreference": {
                "ExcludeCountry": [
                    
                ]
            },
            "AlliancePreference": {
                "PreferedAlliance": [
                    
                ],
                "ExcludeAlliance": [
                    
                ]
            }
        },
        "MetaData": {
            "LocalPccCountry": "IN",
            "Tracking": "Y",
            "RecommendedFare": "Y",
            "Currency": "CAD",
            "ProductType": "F",
            "FareGrouping": "deal",
            "TraceId": "163672258977",
            "PortalUserGroup": "G1",
            "UpSale": "Y",
            "ParentAccountId": 4
        },
        "CoreQuery": {
            "OriginDestinations": {
                "OriginDestination": [
                    {
                        "Departure": {
                            "DepartureTime": {
                                "From": "",
                                "To": ""
                            },
                            "NoOfMiles": "",
                            "AirportCode": "MAA",
                            "Date": "2022-09-20"
                        },
                        "Arrival": {
                            "NoOfMiles": "",
                            "AirportCode": "DXB"
                        }
                    },
                    {
                        "Departure": {
                            "DepartureTime": {
                                "From": "",
                                "To": ""
                            },
                            "NoOfMiles": "",
                            "AirportCode": "DXB",
                            "Date": "2022-09-25"
                        },
                        "Arrival": {
                            "NoOfMiles": "",
                            "AirportCode": "MAA"
                        }
                    }
                ]
            }
        }
    }
}
true
null
15:13:00.708 [main] INFO  onewayBooking.AirShopping - null
15:13:00.708 [main] INFO  listener.TestListeners - <b>Test Method returnSearchSuccess<b>
]]></system-out>
  </testcase>
  <testcase name="returnShopping" classname="runner.EngineApiTest" time="0.207">
    <system-out><![CDATA[15:13:00.709 [main] INFO  listener.TestListeners - <b>Test Method returnShoppingStarted<b>
true
1648460576036528568
15:13:00.926 [main] INFO  onewayBooking.AirShopping - 1648460576036528568
15:13:00.926 [main] INFO  listener.TestListeners - <b>Test Method returnShoppingSuccess<b>
]]></system-out>
  </testcase>
  <testcase name="returnPricing" classname="runner.EngineApiTest" time="10.817">
    <system-out><![CDATA[15:13:00.927 [main] INFO  listener.TestListeners - <b>Test Method returnPricingStarted<b>
15:13:00.927 [main] INFO  runner.EngineApiTest - SUCCESS
1648460576036528568
15:13:01.031 [main] INFO  onewayBooking.AirShopping - 1648460576036528568
1777142711648460577251127807
15:13:01.031 [main] INFO  onewayBooking.AirShopping - 1777142711648460577251127807
Request method:	POST
Request URI:	https://newapi.tltid.com/AirOfferPrice
Proxy:			<none>
Request params:	<none>
Query params:	<none>
Form params:	<none>
Path params:	<none>
Headers:		Authorization=c06d06da9666a219db15cf575aff28241648128226
				Connection=keep-alive
				Accept=*/*
				Content-Type=application/json
Cookies:		<none>
Multiparts:		<none>
Body:
{
    "OfferPriceRQ": {
        "Sender": {
            "TravelAgencySender": {
                "AgencyID": "MRST",
                "Contacts": {
                    "Contact": [
                        {
                            "EmailContact": "srilanakamrst@gmail.com"
                        }
                    ]
                },
                "IATA_Number": "",
                "Name": "MRST"
            }
        },
        "DataLists": {
            "PassengerList": {
                "Passenger": [
                    {
                        "PassengerID": "T1",
                        "PTC": "ADT"
                    },
                    {
                        "PassengerID": "T2",
                        "PTC": "CHD"
                    },
                    {
                        "PassengerID": "T3",
                        "PTC": "INF"
                    }
                ]
            }
        },
        "Query": {
            "Offer": [
                {
                    "OfferID": "1777142711648460577251127807"
                }
            ]
        },
        "MetaData": {
            "TraceId": "161777799749"
        },
        "ShoppingResponseId": "1648460576036528568",
        "Document": {
            "ReferenceVersion": "1.0",
            "Name": "Skyroute B2B Portal"
        }
    }
}
null
15:13:11.740 [main] INFO  onewayBooking.AirShopping - null
15:13:11.740 [main] INFO  listener.TestListeners - <b>Test Method returnPricingSuccess<b>
]]></system-out>
  </testcase>
  <testcase name="returnPricingShoppingResponseId" classname="runner.EngineApiTest" time="0.057">
    <system-out><![CDATA[15:13:11.741 [main] INFO  listener.TestListeners - <b>Test Method returnPricingShoppingResponseIdStarted<b>
1648460576036528568
15:13:11.800 [main] INFO  onewayBooking.AirShopping - 1648460576036528568
15:13:11.800 [main] INFO  listener.TestListeners - <b>Test Method returnPricingShoppingResponseIdSuccess<b>
]]></system-out>
  </testcase>
  <testcase name="returnBooking" classname="runner.EngineApiTest" time="42.183">
    <system-out><![CDATA[15:13:11.801 [main] INFO  listener.TestListeners - <b>Test Method returnBookingStarted<b>
15:13:11.801 [main] INFO  runner.EngineApiTest - SUCCESS
1648460576036528568
15:13:11.823 [main] INFO  onewayBooking.AirShopping - 1648460576036528568
1648460582357156285
15:13:11.823 [main] INFO  onewayBooking.AirShopping - 1648460582357156285
1777142711648460577251127807
15:13:11.823 [main] INFO  onewayBooking.AirShopping - 1777142711648460577251127807
1223.64
15:13:11.823 [main] INFO  onewayBooking.AirShopping - 1223.64
Request method:	POST
Request URI:	https://newapi.tltid.com/AirOrderCreate
Proxy:			<none>
Request params:	<none>
Query params:	<none>
Form params:	<none>
Path params:	<none>
Headers:		Authorization=c06d06da9666a219db15cf575aff28241648128226
				Connection=keep-alive
				Accept=*/*
				Content-Type=application/json
Cookies:		<none>
Multiparts:		<none>
Body:
{
    "OrderCreateRQ": {
        "Query": {
            "Offer": [
                {
                    "OfferID": "1777142711648460577251127807"
                }
            ]
        },
        "PromoCode": "",
        "BookingReqId": "D80B9DF8",
        "BookingPgName": "",
        "Payments": {
            "Payment": [
                {
                    "Type": "CHECK",
                    "PassengerID": "ALL",
                    "Amount": 1223.64,
                    "ChequeNumber": "000454",
                    "ItineraryId": "ALL"
                }
            ]
        },
        "RewardPoints": 0,
        "Document": {
            "ReferenceVersion": "1.0",
            "Name": "MRST"
        },
        "Party": {
            "Sender": {
                "TravelAgencySender": {
                    "AgencyID": "",
                    "Contacts": {
                        "Contact": [
                            {
                                "EmailContact": "srilanakamrst@gmail.com"
                            }
                        ]
                    },
                    "IATA_Number": "",
                    "Name": "MRST"
                }
            }
        },
        "OfferResponseId": "1648460582357156285",
        "AgentEmail": "a.pandian@wintlt.com",
        "QueueNumber": "",
        "DataLists": {
            "PassengerList": {
                "Passenger": [
                    {
                        "ContactAddress": {
                            "TypeOfAddress": "D",
                            "Address": "",
                            "State": "",
                            "Country": "",
                            "PostalCode": "",
                            "City": ""
                        },
                        "FirstName": "Rajan",
                        "SsrRequest": [
                            
                        ],
                        "Gender": "Male",
                        "MiddleName": "",
                        "SeatSelection": [
                            
                        ],
                        "OnflyDiscount": "0.00",
                        "NameTitle": "Mr",
                        "Passport": {
                            "ExpiryDate": "1970-01-01",
                            "Number": "",
                            "CountryCode": ""
                        },
                        "OptionalServices": [
                            
                        ],
                        "OnflyMarkup": "0.00",
                        "ContactInfoRef": "CTC1",
                        "Preference": {
                            "WheelChairPreference": {
                                "Reason": ""
                            },
                            "SeatPreference": "",
                            "MealPreference": ""
                        },
                        "RedressDetails": {
                            "RedressNumber": "",
                            "KnownTravellerNumber": ""
                        },
                        "attributes": {
                            "PassengerID": "ADT1"
                        },
                        "LastName": "Santhosh",
                        "PassengerRefID": "ADT1",
                        "PTC": "ADT",
                        "BirthDate": "1995-05-18"
                    },
                    {
                        "ContactAddress": {
                            "TypeOfAddress": "D",
                            "Address": "",
                            "State": "",
                            "Country": "",
                            "PostalCode": "",
                            "City": ""
                        },
                        "FirstName": "karan",
                        "SsrRequest": [
                            
                        ],
                        "Gender": "Male",
                        "MiddleName": "",
                        "SeatSelection": [
                            
                        ],
                        "OnflyDiscount": "0.00",
                        "NameTitle": "Mstr",
                        "Passport": {
                            "ExpiryDate": "1970-01-01",
                            "Number": "",
                            "CountryCode": ""
                        },
                        "OptionalServices": [
                            
                        ],
                        "OnflyMarkup": "0.00",
                        "ContactInfoRef": "CTC1",
                        "Preference": {
                            "WheelChairPreference": {
                                "Reason": ""
                            },
                            "SeatPreference": "",
                            "MealPreference": ""
                        },
                        "RedressDetails": {
                            "RedressNumber": "",
                            "KnownTravellerNumber": ""
                        },
                        "attributes": {
                            "PassengerID": "CHD1"
                        },
                        "LastName": "Arun",
                        "PassengerRefID": "CHD1",
                        "PTC": "CHD",
                        "BirthDate": "2010-05-28"
                    },
                    {
                        "ContactAddress": {
                            "TypeOfAddress": "D",
                            "Address": "",
                            "State": "",
                            "Country": "",
                            "PostalCode": "",
                            "City": ""
                        },
                        "FirstName": "Khan",
                        "SsrRequest": [
                            
                        ],
                        "Gender": "Male",
                        "MiddleName": "",
                        "SeatSelection": [
                            
                        ],
                        "OnflyDiscount": "0.00",
                        "NameTitle": "Mstr",
                        "Passport": {
                            "ExpiryDate": "1970-01-01",
                            "Number": "",
                            "CountryCode": ""
                        },
                        "OptionalServices": [
                            
                        ],
                        "OnflyMarkup": "0.00",
                        "ContactInfoRef": "CTC1",
                        "Preference": {
                            "WheelChairPreference": {
                                "Reason": ""
                            },
                            "SeatPreference": "",
                            "MealPreference": ""
                        },
                        "RedressDetails": {
                            "RedressNumber": "",
                            "KnownTravellerNumber": ""
                        },
                        "attributes": {
                            "PassengerID": "INF1"
                        },
                        "LastName": "Tharun",
                        "PassengerRefID": "INF1",
                        "PTC": "INF",
                        "BirthDate": "2020-05-29"
                    }
                ]
            },
            "ContactList": {
                "GstInformation": {
                    "gst_email": "",
                    "gst_number": "",
                    "gst_company_name": ""
                },
                "ContactInformation": [
                    {
                        "AgencyName": "MRST",
                        "Address": {
                            "StateProv": "ON",
                            "Street": [
                                "chennai",
                                ""
                            ],
                            "PostalCode": "625578",
                            "CityName": "chennai",
                            "CountryCode": "CA"
                        },
                        "PassengerContact": {
                            "Phone": {
                                "AreaCode": "",
                                "PhoneNumber": "9878766545",
                                "ContryCode": ""
                            },
                            "EmailAddress": "srilanakamrst@gmail.com"
                        },
                        "Phone": {
                            "AreaCode": "",
                            "PhoneNumber": "9058202266",
                            "ContryCode": "+1"
                        },
                        "ContactID": "CTC1",
                        "Mobile": {
                            "MobileNumber": "9058202266",
                            "ContryCode": "+1"
                        },
                        "EmailAddress": "srilanakamrst1@gmail.com"
                    }
                ]
            }
        },
        "GenerateVirtualCard": "N",
        "UdidNumber": [
            "998 NFOB2B",
            "295 Ratha",
            "9 MRST",
            "b2bui2.tltid.com"
        ],
        "SupTimeZone": "",
        "MetaData": {
            "Tracking": "Y"
        },
        "DkNumber": "1234567123",
        "BookingId": "18336",
        "ChequeNumber": "000454",
        "ShoppingResponseId": "1648460576036528568",
        "AgentName": "Ratha",
        "PromoDiscount": 0,
        "BookingType": "BOOK"
    }
}
{
    "OrderViewRS": {
        "Document": {
            "Name": "Clarity NDC GATEWAY",
            "ReferenceVersion": "1.0"
        },
        "Party": {
            "Sender": {
                "TravelAgencySender": {
                    "Name": "Engine_Automation_Live",
                    "IATA_Number": "",
                    "AgencyID": "Engine_Automation_Live",
                    "Contacts": {
                        "Contact": [
                            {
                                "EmailContact": "srilanakamrst@gmail.com"
                            }
                        ]
                    }
                }
            }
        },
        "ShoppingResponseId": "1648460576036528568",
        "Success": {
            
        },
        "Order": [
            {
                "OrderID": "PSZ1V447",
                "GdsBookingReference": "CHWSJU",
                "OrderStatus": "SUCCESS",
                "NeedToTicket": "N",
                "3dsPaymentRequired": "N",
                "PAReqKey": "",
                "SecurePaymentUrl": "",
                "TxnReferenceKey": "",
                "TicketInfo": [
                    
                ],
                "OfferID": "1777142711648460577251127807",
                "TicketingBotAgentMarkup": 0,
                "Owner": "WY",
                "OrgOwner": "WY",
                "OwnerName": "Oman Air",
                "FareType": "PRI",
                "OrgFareType": "PUB",
                "IsTaxModified": "N",
                "MinOneAdultAgeRequired": "N",
                "ItinMergeType": "",
                "BrandName": "",
                "IsBrandedFare": "N",
                "BrandedFareOptions": [
                    
                ],
                "OnewayBrandedOptions": [
                    
                ],
                "OnewayCabinOptions": [
                    
                ],
                "BrandTextInfo": [
                    
                ],
                "PccIdentifier": "Sabre_Engine_sabre",
                "PCC": "KY6G",
                "ProviderCode": "1S",
                "ContentSourceId": 1427,
                "TicketContentSourceId": 1427,
                "ProviderInfo": "Sabre",
                "CabinType": "ECONOMY",
                "CabinOptions": [
                    
                ],
                "IsAdditionalCabinType": "N",
                "SsrRequestAllowed": "Y",
                "Eticket": "true",
                "PaymentMode": "PAB",
                "AllowHold": "Y",
                "AllowPassengerEmail": "N",
                "RestrictedFare": "false",
                "OfferExpirationDateTime": "2022-03-29 03:00:00",
                "PassportRequired": "N",
                "BookingCurrencyCode": "CAD",
                "EquivCurrencyCode": "CAD",
                "HstPercentage": 0,
                "MediaInfoDataRefKey": "",
                "SortTotal": 1223.64,
                "CommissionableSortTotal": 1217.64,
                "CSCountry": "CA",
                "FlightComKeyOrg": "WYPUBMAAMCT2022-09-20T15:30:002022-09-20T17:50:00WY254MCTDXB2022-09-20T20:10:002022-09-20T21:25:00WY611DXBMCT2022-09-25T17:15:002022-09-25T18:30:00WY610MCTMAA2022-09-26T02:10:002022-09-26T07:35:00WY251",
                "ContentSourceApiMode": "TEST",
                "RewardSettings": {
                    "RewardAvailable": "N",
                    "PointTypes": [
                        
                    ],
                    "PointValues": {
                        
                    }
                },
                "BookingFeeInfo": {
                    "FeeType": "",
                    "BookingCurrencyPrice": 0,
                    "EquivCurrencyPrice": 0
                },
                "TotalPrice": {
                    "BookingCurrencyPrice": 1223.64,
                    "EquivCurrencyPrice": 1223.64,
                    "ApiCurrencyPrice": 1217.64
                },
                "PerPerson": {
                    "BookingCurrencyPrice": 407.88,
                    "EquivCurrencyPrice": 407.88
                },
                "PerPersonRounded": {
                    "BookingCurrencyPrice": 407,
                    "EquivCurrencyPrice": 407
                },
                "BasePrice": {
                    "BookingCurrencyPrice": 795,
                    "EquivCurrencyPrice": 795,
                    "ApiCurrencyPrice": 789
                },
                "TaxPrice": {
                    "BookingCurrencyPrice": 428.64,
                    "EquivCurrencyPrice": 428.64,
                    "ApiCurrencyPrice": 428.64
                },
                "CommissionableTotalPrice": {
                    "BookingCurrencyPrice": 1217.64,
                    "EquivCurrencyPrice": 1217.64,
                    "SortEquivCurrencyPrice": 1217.64
                },
                "CommissionableBasePrice": {
                    "BookingCurrencyPrice": 789,
                    "EquivCurrencyPrice": 789
                },
                "CommissionablePerPerson": {
                    "BookingCurrencyPrice": 405.88,
                    "EquivCurrencyPrice": 405.88
                },
                "AirlineMaxMarkupInfo": {
                    "FareType": "PUB",
                    "GdsSource": "SABRE",
                    "IsMarkupAllowed": true,
                    "AllPaxMaxMarkup": 0,
                    "TemplateId": 0,
                    "TemplateName": "",
                    "CalculationOn": "PPBF",
                    "ShouldNotExceedPub": "N",
                    "RestrictAsCap": "N",
                    "MarkupDetails": {
                        "ADT": {
                            "F": 0,
                            "P": 0,
                            "AllowedMarkup": 0,
                            "UtilizedMarkup": 2,
                            "BalanceMarkup": 0
                        },
                        "CHD": {
                            "F": 0,
                            "P": 0,
                            "AllowedMarkup": 0,
                            "UtilizedMarkup": 2,
                            "BalanceMarkup": 0
                        },
                        "INF": {
                            "F": 0,
                            "P": 0,
                            "AllowedMarkup": 0,
                            "UtilizedMarkup": 2,
                            "BalanceMarkup": 0
                        }
                    },
                    "Currency": "CAD",
                    "MarkupExcRate": 1
                },
                "AgencyCommission": {
                    "BookingCurrencyPrice": 6,
                    "EquivCurrencyPrice": 6
                },
                "AgencyYqCommission": {
                    "BookingCurrencyPrice": 0,
                    "EquivCurrencyPrice": 0
                },
                "PortalMarkup": {
                    "BookingCurrencyPrice": 0,
                    "EquivCurrencyPrice": 0
                },
                "PortalSurcharge": {
                    "BookingCurrencyPrice": 0,
                    "EquivCurrencyPrice": 0
                },
                "PortalDiscount": {
                    "BookingCurrencyPrice": 0,
                    "EquivCurrencyPrice": 0
                },
                "ChangeFeeBefore": {
                    "BookingCurrencyPrice": "NA",
                    "EquivCurrencyPrice": "NA"
                },
                "ChangeFeeAfter": {
                    "BookingCurrencyPrice": "NA",
                    "EquivCurrencyPrice": "NA"
                },
                "CancelFeeBefore": {
                    "BookingCurrencyPrice": 0,
                    "EquivCurrencyPrice": 0
                },
                "CancelFeeAfter": {
                    "BookingCurrencyPrice": 0,
                    "EquivCurrencyPrice": 0
                },
                "PaxSeatInfo": [
                    
                ],
                "0_FlightStops": 1,
                "0_FlightDuration": 445,
                "0_FlightDeparture": "2022-09-20T15:30:00",
                "0_MarketingAirline": 1,
                "1_FlightStops": 1,
                "1_FlightDuration": 770,
                "1_FlightDeparture": "2022-09-25T17:15:00",
                "1_MarketingAirline": 1,
                "OfferItem": [
                    {
                        "OfferItemID": "OFFERITEMID1",
                        "Refundable": "true",
                        "PassengerType": "ADT",
                        "PassengerQuantity": 1,
                        "TotalPriceDetail": {
                            "TotalAmount": {
                                "BookingCurrencyPrice": 589.87,
                                "EquivCurrencyPrice": 589.87
                            }
                        },
                        "Service": [
                            {
                                "ServiceID": "SV1",
                                "PassengerRefs": "ADT1 ",
                                "FlightRefs": "Flight1"
                            },
                            {
                                "ServiceID": "SV2",
                                "PassengerRefs": "ADT1 ",
                                "FlightRefs": "Flight2"
                            }
                        ],
                        "FareDetail": {
                            "PassengerRefs": "ADT1 ",
                            "Price": {
                                "TotalAmount": {
                                    "BookingCurrencyPrice": 589.87,
                                    "EquivCurrencyPrice": 589.87,
                                    "ApiCurrencyPrice": 587.87
                                },
                                "BaseAmount": {
                                    "BookingCurrencyPrice": 380,
                                    "EquivCurrencyPrice": 380,
                                    "ApiCurrencyPrice": 378
                                },
                                "TaxAmount": {
                                    "BookingCurrencyPrice": 209.87,
                                    "EquivCurrencyPrice": 209.87,
                                    "ApiCurrencyPrice": 209.87
                                },
                                "AgencyCommission": {
                                    "BookingCurrencyPrice": 2,
                                    "EquivCurrencyPrice": 2
                                },
                                "AgencyYqCommission": {
                                    "BookingCurrencyPrice": 0,
                                    "EquivCurrencyPrice": 0
                                },
                                "BookingFee": {
                                    "BookingCurrencyPrice": 0,
                                    "EquivCurrencyPrice": 0
                                },
                                "PortalMarkup": {
                                    "BookingCurrencyPrice": 0,
                                    "EquivCurrencyPrice": 0
                                },
                                "PortalSurcharge": {
                                    "BookingCurrencyPrice": 0,
                                    "EquivCurrencyPrice": 0
                                },
                                "PortalDiscount": {
                                    "BookingCurrencyPrice": 0,
                                    "EquivCurrencyPrice": 0
                                },
                                "CommissionableTotalPrice": {
                                    "BookingCurrencyPrice": 587.87,
                                    "EquivCurrencyPrice": 587.87
                                },
                                "CommissionableBasePrice": {
                                    "BookingCurrencyPrice": 378,
                                    "EquivCurrencyPrice": 378
                                },
                                "Taxes": [
                                    {
                                        "TaxCode": "YQ",
                                        "BookingCurrencyPrice": 90.52,
                                        "EquivCurrencyPrice": 90.52
                                    },
                                    {
                                        "TaxCode": "YR",
                                        "BookingCurrencyPrice": 7.52,
                                        "EquivCurrencyPrice": 7.52
                                    },
                                    {
                                        "TaxCode": "K3",
                                        "BookingCurrencyPrice": 23.8,
                                        "EquivCurrencyPrice": 23.8
                                    },
                                    {
                                        "TaxCode": "IN",
                                        "BookingCurrencyPrice": 1.35,
                                        "EquivCurrencyPrice": 1.35
                                    },
                                    {
                                        "TaxCode": "I2",
                                        "BookingCurrencyPrice": 6.54,
                                        "EquivCurrencyPrice": 6.54
                                    },
                                    {
                                        "TaxCode": "OM",
                                        "BookingCurrencyPrice": 19.62,
                                        "EquivCurrencyPrice": 19.62
                                    },
                                    {
                                        "TaxCode": "AE",
                                        "BookingCurrencyPrice": 25.64,
                                        "EquivCurrencyPrice": 25.64
                                    },
                                    {
                                        "TaxCode": "TP",
                                        "BookingCurrencyPrice": 1.71,
                                        "EquivCurrencyPrice": 1.71
                                    },
                                    {
                                        "TaxCode": "ZR",
                                        "BookingCurrencyPrice": 3.42,
                                        "EquivCurrencyPrice": 3.42
                                    },
                                    {
                                        "TaxCode": "F6",
                                        "BookingCurrencyPrice": 11.97,
                                        "EquivCurrencyPrice": 11.97
                                    },
                                    {
                                        "TaxCode": "P2",
                                        "BookingCurrencyPrice": 17.78,
                                        "EquivCurrencyPrice": 17.78
                                    }
                                ]
                            },
                            "ApiPrice": {
                                "TotalAmount": 587.87,
                                "BaseAmount": 378,
                                "TaxAmount": 209.87,
                                "YqTaxAmount": 90.52,
                                "YrTaxAmount": 7.52
                            }
                        },
                        "FareComponent": [
                            {
                                "PriceClassRef": "PCR_1",
                                "SegmentRefs": "Segment1 Segment2"
                            },
                            {
                                "PriceClassRef": "PCR_1",
                                "SegmentRefs": "Segment3 Segment4"
                            }
                        ]
                    },
                    {
                        "OfferItemID": "OFFERITEMID2",
                        "Refundable": "true",
                        "PassengerType": "CHD",
                        "PassengerQuantity": 1,
                        "TotalPriceDetail": {
                            "TotalAmount": {
                                "BookingCurrencyPrice": 503.77,
                                "EquivCurrencyPrice": 503.77
                            }
                        },
                        "Service": [
                            {
                                "ServiceID": "SV1",
                                "PassengerRefs": "CHD1 ",
                                "FlightRefs": "Flight1"
                            },
                            {
                                "ServiceID": "SV2",
                                "PassengerRefs": "CHD1 ",
                                "FlightRefs": "Flight2"
                            }
                        ],
                        "FareDetail": {
                            "PassengerRefs": "CHD1 ",
                            "Price": {
                                "TotalAmount": {
                                    "BookingCurrencyPrice": 503.77,
                                    "EquivCurrencyPrice": 503.77,
                                    "ApiCurrencyPrice": 501.77
                                },
                                "BaseAmount": {
                                    "BookingCurrencyPrice": 298,
                                    "EquivCurrencyPrice": 298,
                                    "ApiCurrencyPrice": 296
                                },
                                "TaxAmount": {
                                    "BookingCurrencyPrice": 205.77,
                                    "EquivCurrencyPrice": 205.77,
                                    "ApiCurrencyPrice": 205.77
                                },
                                "AgencyCommission": {
                                    "BookingCurrencyPrice": 2,
                                    "EquivCurrencyPrice": 2
                                },
                                "AgencyYqCommission": {
                                    "BookingCurrencyPrice": 0,
                                    "EquivCurrencyPrice": 0
                                },
                                "BookingFee": {
                                    "BookingCurrencyPrice": 0,
                                    "EquivCurrencyPrice": 0
                                },
                                "PortalMarkup": {
                                    "BookingCurrencyPrice": 0,
                                    "EquivCurrencyPrice": 0
                                },
                                "PortalSurcharge": {
                                    "BookingCurrencyPrice": 0,
                                    "EquivCurrencyPrice": 0
                                },
                                "PortalDiscount": {
                                    "BookingCurrencyPrice": 0,
                                    "EquivCurrencyPrice": 0
                                },
                                "CommissionableTotalPrice": {
                                    "BookingCurrencyPrice": 501.77,
                                    "EquivCurrencyPrice": 501.77
                                },
                                "CommissionableBasePrice": {
                                    "BookingCurrencyPrice": 296,
                                    "EquivCurrencyPrice": 296
                                },
                                "Taxes": [
                                    {
                                        "TaxCode": "YQ",
                                        "BookingCurrencyPrice": 90.52,
                                        "EquivCurrencyPrice": 90.52
                                    },
                                    {
                                        "TaxCode": "YR",
                                        "BookingCurrencyPrice": 7.52,
                                        "EquivCurrencyPrice": 7.52
                                    },
                                    {
                                        "TaxCode": "K3",
                                        "BookingCurrencyPrice": 19.7,
                                        "EquivCurrencyPrice": 19.7
                                    },
                                    {
                                        "TaxCode": "IN",
                                        "BookingCurrencyPrice": 1.35,
                                        "EquivCurrencyPrice": 1.35
                                    },
                                    {
                                        "TaxCode": "I2",
                                        "BookingCurrencyPrice": 6.54,
                                        "EquivCurrencyPrice": 6.54
                                    },
                                    {
                                        "TaxCode": "OM",
                                        "BookingCurrencyPrice": 19.62,
                                        "EquivCurrencyPrice": 19.62
                                    },
                                    {
                                        "TaxCode": "AE",
                                        "BookingCurrencyPrice": 25.64,
                                        "EquivCurrencyPrice": 25.64
                                    },
                                    {
                                        "TaxCode": "TP",
                                        "BookingCurrencyPrice": 1.71,
                                        "EquivCurrencyPrice": 1.71
                                    },
                                    {
                                        "TaxCode": "ZR",
                                        "BookingCurrencyPrice": 3.42,
                                        "EquivCurrencyPrice": 3.42
                                    },
                                    {
                                        "TaxCode": "F6",
                                        "BookingCurrencyPrice": 11.97,
                                        "EquivCurrencyPrice": 11.97
                                    },
                                    {
                                        "TaxCode": "P2",
                                        "BookingCurrencyPrice": 17.78,
                                        "EquivCurrencyPrice": 17.78
                                    }
                                ]
                            },
                            "ApiPrice": {
                                "TotalAmount": 501.77,
                                "BaseAmount": 296,
                                "TaxAmount": 205.77,
                                "YqTaxAmount": 90.52,
                                "YrTaxAmount": 7.52
                            }
                        },
                        "FareComponent": [
                            {
                                "PriceClassRef": "PCR_1",
                                "SegmentRefs": "Segment1 Segment2"
                            },
                            {
                                "PriceClassRef": "PCR_1",
                                "SegmentRefs": "Segment3 Segment4"
                            }
                        ]
                    },
                    {
                        "OfferItemID": "OFFERITEMID3",
                        "Refundable": "true",
                        "PassengerType": "INF",
                        "PassengerQuantity": 1,
                        "TotalPriceDetail": {
                            "TotalAmount": {
                                "BookingCurrencyPrice": 130,
                                "EquivCurrencyPrice": 130
                            }
                        },
                        "Service": [
                            {
                                "ServiceID": "SV1",
                                "PassengerRefs": "INF1 ",
                                "FlightRefs": "Flight1"
                            },
                            {
                                "ServiceID": "SV2",
                                "PassengerRefs": "INF1 ",
                                "FlightRefs": "Flight2"
                            }
                        ],
                        "FareDetail": {
                            "PassengerRefs": "INF1 ",
                            "Price": {
                                "TotalAmount": {
                                    "BookingCurrencyPrice": 130,
                                    "EquivCurrencyPrice": 130,
                                    "ApiCurrencyPrice": 128
                                },
                                "BaseAmount": {
                                    "BookingCurrencyPrice": 117,
                                    "EquivCurrencyPrice": 117,
                                    "ApiCurrencyPrice": 115
                                },
                                "TaxAmount": {
                                    "BookingCurrencyPrice": 13,
                                    "EquivCurrencyPrice": 13,
                                    "ApiCurrencyPrice": 13
                                },
                                "AgencyCommission": {
                                    "BookingCurrencyPrice": 2,
                                    "EquivCurrencyPrice": 2
                                },
                                "AgencyYqCommission": {
                                    "BookingCurrencyPrice": 0,
                                    "EquivCurrencyPrice": 0
                                },
                                "BookingFee": {
                                    "BookingCurrencyPrice": 0,
                                    "EquivCurrencyPrice": 0
                                },
                                "PortalMarkup": {
                                    "BookingCurrencyPrice": 0,
                                    "EquivCurrencyPrice": 0
                                },
                                "PortalSurcharge": {
                                    "BookingCurrencyPrice": 0,
                                    "EquivCurrencyPrice": 0
                                },
                                "PortalDiscount": {
                                    "BookingCurrencyPrice": 0,
                                    "EquivCurrencyPrice": 0
                                },
                                "CommissionableTotalPrice": {
                                    "BookingCurrencyPrice": 128,
                                    "EquivCurrencyPrice": 128
                                },
                                "CommissionableBasePrice": {
                                    "BookingCurrencyPrice": 115,
                                    "EquivCurrencyPrice": 115
                                },
                                "Taxes": [
                                    {
                                        "TaxCode": "YR",
                                        "BookingCurrencyPrice": 6.9,
                                        "EquivCurrencyPrice": 6.9
                                    },
                                    {
                                        "TaxCode": "K3",
                                        "BookingCurrencyPrice": 6.1,
                                        "EquivCurrencyPrice": 6.1
                                    }
                                ]
                            },
                            "ApiPrice": {
                                "TotalAmount": 128,
                                "BaseAmount": 115,
                                "TaxAmount": 13,
                                "YqTaxAmount": 0,
                                "YrTaxAmount": 6.9
                            }
                        },
                        "FareComponent": [
                            {
                                "PriceClassRef": "PCR_1",
                                "SegmentRefs": "Segment1 Segment2"
                            },
                            {
                                "PriceClassRef": "PCR_1",
                                "SegmentRefs": "Segment3 Segment4"
                            }
                        ]
                    }
                ],
                "AirlineCharge": [
                    {
                        "BuyingFare": 1217.64,
                        "SellingFare": 1223.64,
                        "AirlineCharge": 1217.64,
                        "ReqAirlineCharge": 1217.64,
                        "FaerType": "PUB",
                        "OfferID": "1777142711648460577251127807",
                        "Owner": "WY",
                        "MultipleFop": "Y"
                    }
                ],
                "SplitPaymentInfo": [
                    {
                        "AirItineraryId": "1777142711648460577251127807",
                        "MultipleFop": "Y",
                        "MaxCardsPerPax": 2,
                        "MaxCardsPerPaxInMFOP": 1,
                        "AllowedMarkup": {
                            "ADT": 0,
                            "CHD": 0,
                            "INF": 0
                        }
                    }
                ],
                "SupplierWiseFares": [
                    {
                        "SupplierAccountId": 577,
                        "ConsumerAccountid": 577,
                        "PosBaseFare": 795,
                        "PosTaxFare": 428.64,
                        "PosTotalFare": 1223.64,
                        "PaxFareBreakup": [
                            {
                                "PaxType": "ADT",
                                "PaxQuantity": 1,
                                "PosBaseFare": 380,
                                "PosTaxFare": 209.87,
                                "PosYQTax": 90.52,
                                "PosYRTax": 7.52,
                                "PosTotalFare": 589.87,
                                "ItinTax": [
                                    {
                                        "TaxCode": "YQ",
                                        "ApiAmount": 90.52,
                                        "PosAmount": 90.52,
                                        "ReqAmount": 90.52,
                                        "TaxLine": 1,
                                        "PosApiAmount": 90.52,
                                        "ReqApiAmount": 90.52
                                    },
                                    {
                                        "TaxCode": "YR",
                                        "ApiAmount": 7.52,
                                        "PosAmount": 7.52,
                                        "ReqAmount": 7.52,
                                        "TaxLine": 2,
                                        "PosApiAmount": 7.52,
                                        "ReqApiAmount": 7.52
                                    },
                                    {
                                        "TaxCode": "K3",
                                        "ApiAmount": 23.8,
                                        "PosAmount": 23.8,
                                        "ReqAmount": 23.8,
                                        "TaxLine": 3,
                                        "PosApiAmount": 23.8,
                                        "ReqApiAmount": 23.8
                                    },
                                    {
                                        "TaxCode": "IN",
                                        "ApiAmount": 1.35,
                                        "PosAmount": 1.35,
                                        "ReqAmount": 1.35,
                                        "TaxLine": 4,
                                        "PosApiAmount": 1.35,
                                        "ReqApiAmount": 1.35
                                    },
                                    {
                                        "TaxCode": "I2",
                                        "ApiAmount": 6.54,
                                        "PosAmount": 6.54,
                                        "ReqAmount": 6.54,
                                        "TaxLine": 5,
                                        "PosApiAmount": 6.54,
                                        "ReqApiAmount": 6.54
                                    },
                                    {
                                        "TaxCode": "OM",
                                        "ApiAmount": 19.62,
                                        "PosAmount": 19.62,
                                        "ReqAmount": 19.62,
                                        "TaxLine": 6,
                                        "PosApiAmount": 19.62,
                                        "ReqApiAmount": 19.62
                                    },
                                    {
                                        "TaxCode": "AE",
                                        "ApiAmount": 25.64,
                                        "PosAmount": 25.64,
                                        "ReqAmount": 25.64,
                                        "TaxLine": 7,
                                        "PosApiAmount": 25.64,
                                        "ReqApiAmount": 25.64
                                    },
                                    {
                                        "TaxCode": "TP",
                                        "ApiAmount": 1.71,
                                        "PosAmount": 1.71,
                                        "ReqAmount": 1.71,
                                        "TaxLine": 8,
                                        "PosApiAmount": 1.71,
                                        "ReqApiAmount": 1.71
                                    },
                                    {
                                        "TaxCode": "ZR",
                                        "ApiAmount": 3.42,
                                        "PosAmount": 3.42,
                                        "ReqAmount": 3.42,
                                        "TaxLine": 9,
                                        "PosApiAmount": 3.42,
                                        "ReqApiAmount": 3.42
                                    },
                                    {
                                        "TaxCode": "F6",
                                        "ApiAmount": 11.97,
                                        "PosAmount": 11.97,
                                        "ReqAmount": 11.97,
                                        "TaxLine": 10,
                                        "PosApiAmount": 11.97,
                                        "ReqApiAmount": 11.97
                                    },
                                    {
                                        "TaxCode": "P2",
                                        "ApiAmount": 17.78,
                                        "PosAmount": 17.78,
                                        "ReqAmount": 17.78,
                                        "TaxLine": 11,
                                        "PosApiAmount": 17.78,
                                        "ReqApiAmount": 17.78
                                    }
                                ],
                                "SupplierMarkup": 2,
                                "SupplierDiscount": 0,
                                "SupplierSurcharge": 0,
                                "SupplierAgencyCommission": 2,
                                "SupplierAgencyYqCommission": 0,
                                "SupplierSegmentBenifit": 0,
                                "AddOnCharge": 0,
                                "PortalMarkup": 0,
                                "PortalDiscount": 0,
                                "PortalSurcharge": 0,
                                "SupplierHstAmount": 0,
                                "AddOnHstAmount": 0,
                                "PortalHstAmount": 0,
                                "SupplierUpSaleAmt": 0,
                                "AirlineCommission": 2,
                                "AirlineYqCommission": 0,
                                "AirlineSegmentBenifit": 0,
                                "AirlineCommissionPercentage": "0",
                                "AirlineCommissionFixed": "2",
                                "PosApiTotalFare": 587.87,
                                "PosApiBaseFare": 378,
                                "PosApiTaxFare": 209.87,
                                "PosCurrency": "CAD",
                                "SupplierBookingFee": 0,
                                "PortalBookingFee": 0,
                                "AirlineSegmentCommission": 0
                            },
                            {
                                "PaxType": "CHD",
                                "PaxQuantity": 1,
                                "PosBaseFare": 298,
                                "PosTaxFare": 205.77,
                                "PosYQTax": 90.52,
                                "PosYRTax": 7.52,
                                "PosTotalFare": 503.77,
                                "ItinTax": [
                                    {
                                        "TaxCode": "YQ",
                                        "ApiAmount": 90.52,
                                        "PosAmount": 90.52,
                                        "ReqAmount": 90.52,
                                        "TaxLine": 1,
                                        "PosApiAmount": 90.52,
                                        "ReqApiAmount": 90.52
                                    },
                                    {
                                        "TaxCode": "YR",
                                        "ApiAmount": 7.52,
                                        "PosAmount": 7.52,
                                        "ReqAmount": 7.52,
                                        "TaxLine": 2,
                                        "PosApiAmount": 7.52,
                                        "ReqApiAmount": 7.52
                                    },
                                    {
                                        "TaxCode": "K3",
                                        "ApiAmount": 19.7,
                                        "PosAmount": 19.7,
                                        "ReqAmount": 19.7,
                                        "TaxLine": 3,
                                        "PosApiAmount": 19.7,
                                        "ReqApiAmount": 19.7
                                    },
                                    {
                                        "TaxCode": "IN",
                                        "ApiAmount": 1.35,
                                        "PosAmount": 1.35,
                                        "ReqAmount": 1.35,
                                        "TaxLine": 4,
                                        "PosApiAmount": 1.35,
                                        "ReqApiAmount": 1.35
                                    },
                                    {
                                        "TaxCode": "I2",
                                        "ApiAmount": 6.54,
                                        "PosAmount": 6.54,
                                        "ReqAmount": 6.54,
                                        "TaxLine": 5,
                                        "PosApiAmount": 6.54,
                                        "ReqApiAmount": 6.54
                                    },
                                    {
                                        "TaxCode": "OM",
                                        "ApiAmount": 19.62,
                                        "PosAmount": 19.62,
                                        "ReqAmount": 19.62,
                                        "TaxLine": 6,
                                        "PosApiAmount": 19.62,
                                        "ReqApiAmount": 19.62
                                    },
                                    {
                                        "TaxCode": "AE",
                                        "ApiAmount": 25.64,
                                        "PosAmount": 25.64,
                                        "ReqAmount": 25.64,
                                        "TaxLine": 7,
                                        "PosApiAmount": 25.64,
                                        "ReqApiAmount": 25.64
                                    },
                                    {
                                        "TaxCode": "TP",
                                        "ApiAmount": 1.71,
                                        "PosAmount": 1.71,
                                        "ReqAmount": 1.71,
                                        "TaxLine": 8,
                                        "PosApiAmount": 1.71,
                                        "ReqApiAmount": 1.71
                                    },
                                    {
                                        "TaxCode": "ZR",
                                        "ApiAmount": 3.42,
                                        "PosAmount": 3.42,
                                        "ReqAmount": 3.42,
                                        "TaxLine": 9,
                                        "PosApiAmount": 3.42,
                                        "ReqApiAmount": 3.42
                                    },
                                    {
                                        "TaxCode": "F6",
                                        "ApiAmount": 11.97,
                                        "PosAmount": 11.97,
                                        "ReqAmount": 11.97,
                                        "TaxLine": 10,
                                        "PosApiAmount": 11.97,
                                        "ReqApiAmount": 11.97
                                    },
                                    {
                                        "TaxCode": "P2",
                                        "ApiAmount": 17.78,
                                        "PosAmount": 17.78,
                                        "ReqAmount": 17.78,
                                        "TaxLine": 11,
                                        "PosApiAmount": 17.78,
                                        "ReqApiAmount": 17.78
                                    }
                                ],
                                "SupplierMarkup": 2,
                                "SupplierDiscount": 0,
                                "SupplierSurcharge": 0,
                                "SupplierAgencyCommission": 2,
                                "SupplierAgencyYqCommission": 0,
                                "SupplierSegmentBenifit": 0,
                                "AddOnCharge": 0,
                                "PortalMarkup": 0,
                                "PortalDiscount": 0,
                                "PortalSurcharge": 0,
                                "SupplierHstAmount": 0,
                                "AddOnHstAmount": 0,
                                "PortalHstAmount": 0,
                                "SupplierUpSaleAmt": 0,
                                "AirlineCommission": 2,
                                "AirlineYqCommission": 0,
                                "AirlineSegmentBenifit": 0,
                                "AirlineCommissionPercentage": "0",
                                "AirlineCommissionFixed": "2",
                                "PosApiTotalFare": 501.77,
                                "PosApiBaseFare": 296,
                                "PosApiTaxFare": 205.77,
                                "PosCurrency": "CAD",
                                "SupplierBookingFee": 0,
                                "PortalBookingFee": 0,
                                "AirlineSegmentCommission": 0
                            },
                            {
                                "PaxType": "INF",
                                "PaxQuantity": 1,
                                "PosBaseFare": 117,
                                "PosTaxFare": 13,
                                "PosYQTax": 0,
                                "PosYRTax": 6.9,
                                "PosTotalFare": 130,
                                "ItinTax": [
                                    {
                                        "TaxCode": "YR",
                                        "ApiAmount": 6.9,
                                        "PosAmount": 6.9,
                                        "ReqAmount": 6.9,
                                        "TaxLine": 1,
                                        "PosApiAmount": 6.9,
                                        "ReqApiAmount": 6.9
                                    },
                                    {
                                        "TaxCode": "K3",
                                        "ApiAmount": 6.1,
                                        "PosAmount": 6.1,
                                        "ReqAmount": 6.1,
                                        "TaxLine": 2,
                                        "PosApiAmount": 6.1,
                                        "ReqApiAmount": 6.1
                                    }
                                ],
                                "SupplierMarkup": 2,
                                "SupplierDiscount": 0,
                                "SupplierSurcharge": 0,
                                "SupplierAgencyCommission": 2,
                                "SupplierAgencyYqCommission": 0,
                                "SupplierSegmentBenifit": 0,
                                "AddOnCharge": 0,
                                "PortalMarkup": 0,
                                "PortalDiscount": 0,
                                "PortalSurcharge": 0,
                                "SupplierHstAmount": 0,
                                "AddOnHstAmount": 0,
                                "PortalHstAmount": 0,
                                "SupplierUpSaleAmt": 0,
                                "AirlineCommission": 2,
                                "AirlineYqCommission": 0,
                                "AirlineSegmentBenifit": 0,
                                "AirlineCommissionPercentage": "0",
                                "AirlineCommissionFixed": "2",
                                "PosApiTotalFare": 128,
                                "PosApiBaseFare": 115,
                                "PosApiTaxFare": 13,
                                "PosCurrency": "CAD",
                                "SupplierBookingFee": 0,
                                "PortalBookingFee": 0,
                                "AirlineSegmentCommission": 0
                            }
                        ],
                        "SupplierMarkup": 6,
                        "SupplierDiscount": 0,
                        "SupplierSurcharge": 0,
                        "SupplierAgencyCommission": 6,
                        "SupplierAgencyYqCommission": 0,
                        "SupplierSegmentBenifit": 0,
                        "PosTemplateId": 1777,
                        "PosTemplateName": "Engine_Automation_Live",
                        "PosContractId": 572,
                        "PosContractName": "WS-WY-GF-AC-EY-UL-AA-BA_PUB-PRI-ITX-PFA-COM_Engine_1A/1A/1V/1V/1S_YOWC42117/YTOC421H7/2E9L/229G/KY6G_@@@Engine_Automation",
                        "PosContractCode": "56576",
                        "PosRuleId": 772,
                        "PosRuleName": "Markup",
                        "PosRuleCode": "5656",
                        "ContractRemarks": {
                            "osi_notes": "",
                            "ticket_designator": "",
                            "endorsement": "",
                            "override_endosement": "N",
                            "tour_code": "",
                            "remark": "",
                            "itbt": "N",
                            "eligibility": "Y",
                            "cancellation": {
                                "before": "",
                                "after": ""
                            },
                            "changes": {
                                "before": "",
                                "after": ""
                            },
                            "no_show": {
                                "after": ""
                            },
                            "non_eligibility_info": [
                                
                            ],
                            "endosement": "",
                            "fop_allowed": "Y",
                            "fop_details": {
                                "CC": {
                                    "Allowed": "Y",
                                    "Types": {
                                        "AX": {
                                            "P": 0,
                                            "F": "1"
                                        },
                                        "MC": {
                                            "P": 0,
                                            "F": "1"
                                        },
                                        "VI": {
                                            "P": 0,
                                            "F": "1"
                                        }
                                    }
                                },
                                "DC": {
                                    "Allowed": "Y",
                                    "Types": {
                                        "MC": {
                                            "P": 0,
                                            "F": 0
                                        },
                                        "VI": {
                                            "P": 0,
                                            "F": 0
                                        }
                                    }
                                },
                                "CASH": {
                                    "Allowed": "Y"
                                },
                                "CHEQUE": {
                                    "Allowed": "Y"
                                },
                                "ACH": {
                                    "Allowed": "Y"
                                },
                                "PG": {
                                    "Allowed": "Y"
                                }
                            }
                        },
                        "SupplierMarkupTemplateId": 1683,
                        "SupplierMarkupTemplateName": "Engine_Automation",
                        "SupplierMarkupContractId": 2013,
                        "SupplierMarkupContractName": "WS-WY-GF-AC-EY-UL-AA-BA_PUB-PRI-ITX-PFA-COM_Engine_1A/1A/1V/1V/1S_YOWC42117/YTOC421H7/2E9L/229G/KY6G_@@@Engine_Automation Group 5851",
                        "SupplierMarkupRuleId": 2222,
                        "SupplierMarkupRuleName": "Markup",
                        "SupplierMarkupRuleCode": "5656",
                        "SupplierMarkupRuleType": "M",
                        "SupplierMarkupRef": "R",
                        "SupplierSurchargeIds": "",
                        "SupplierSurcharges": [
                            {
                                
                            },
                            {
                                
                            },
                            {
                                
                            }
                        ],
                        "AddOnCharge": 0,
                        "PortalMarkup": 0,
                        "PortalDiscount": 0,
                        "PortalSurcharge": 0,
                        "PortalMarkupTemplateId": 0,
                        "PortalMarkupTemplateName": "",
                        "PortalMarkupContractName": "",
                        "PortalMarkupRuleId": 0,
                        "PortalMarkupRuleName": "",
                        "PortalMarkupRuleCode": "",
                        "PortalSurchargeIds": "",
                        "PortalPaxSurcharges": [
                            {
                                
                            },
                            {
                                
                            },
                            {
                                
                            }
                        ],
                        "SupplierHstAmount": 0,
                        "AddOnHstAmount": 0,
                        "PortalHstAmount": 0,
                        "FopDetails": {
                            "CC": {
                                "Allowed": "Y",
                                "Types": {
                                    "AX": {
                                        "P": 0,
                                        "F": "1"
                                    },
                                    "MC": {
                                        "P": 0,
                                        "F": "01"
                                    },
                                    "VI": {
                                        "P": 0,
                                        "F": "1"
                                    }
                                }
                            },
                            "DC": {
                                "Allowed": "Y",
                                "Types": {
                                    "MC": {
                                        "P": 0,
                                        "F": 0
                                    },
                                    "VI": {
                                        "P": 0,
                                        "F": 0
                                    }
                                }
                            },
                            "CASH": {
                                "Allowed": "Y"
                            },
                            "CHEQUE": {
                                "Allowed": "Y"
                            },
                            "ACH": {
                                "Allowed": "Y"
                            },
                            "PG": {
                                "Allowed": "Y"
                            }
                        },
                        "SupplierUpSaleAmt": 0,
                        "AirlineCommission": 6,
                        "AirlineYqCommission": 0,
                        "AirlineSegmentBenifit": 0,
                        "SupplierBookingFeeType": "",
                        "PortalBookingFeeType": "",
                        "SupplierBookingFee": 0,
                        "PortalBookingFee": 0,
                        "MarkupRuleLoyaltyCode": "Markup_5656_2222",
                        "AirlineSegmentCommission": null
                    }
                ],
                "BookingToEquivExRate": 1,
                "ApiCurrency": "CAD",
                "ApiCurrencyExRate": 1,
                "ReqCurrency": "CAD",
                "ReqCurrencyExRate": 1,
                "PosCurrency": "CAD",
                "PosCurrencyExRate": 1,
                "SupplierId": 577,
                "FopRef": "FOP_577_577_1427_772_WY_PRI"
            }
        ],
        "DataLists": {
            "PassengerList": {
                "Passengers": [
                    {
                        "ContactAddress": {
                            "TypeOfAddress": "D",
                            "Address": "",
                            "State": "",
                            "Country": "",
                            "PostalCode": "",
                            "City": ""
                        },
                        "FirstName": "Rajan",
                        "SsrRequest": [
                            
                        ],
                        "Gender": "Male",
                        "MiddleName": "",
                        "SeatSelection": [
                            
                        ],
                        "OnflyDiscount": "0.00",
                        "NameTitle": "Mr",
                        "Passport": {
                            "ExpiryDate": "1970-01-01",
                            "Number": "",
                            "CountryCode": ""
                        },
                        "OptionalServices": [
                            
                        ],
                        "OnflyMarkup": "0.00",
                        "ContactInfoRef": "CTC1",
                        "Preference": {
                            "WheelChairPreference": {
                                "Reason": ""
                            },
                            "SeatPreference": "",
                            "MealPreference": ""
                        },
                        "RedressDetails": {
                            "RedressNumber": "",
                            "KnownTravellerNumber": ""
                        },
                        "attributes": {
                            "PassengerID": "ADT1"
                        },
                        "LastName": "Santhosh",
                        "PassengerRefID": "ADT1",
                        "PTC": "ADT",
                        "BirthDate": "1995-05-18"
                    },
                    {
                        "ContactAddress": {
                            "TypeOfAddress": "D",
                            "Address": "",
                            "State": "",
                            "Country": "",
                            "PostalCode": "",
                            "City": ""
                        },
                        "FirstName": "karan",
                        "SsrRequest": [
                            
                        ],
                        "Gender": "Male",
                        "MiddleName": "",
                        "SeatSelection": [
                            
                        ],
                        "OnflyDiscount": "0.00",
                        "NameTitle": "Mstr",
                        "Passport": {
                            "ExpiryDate": "1970-01-01",
                            "Number": "",
                            "CountryCode": ""
                        },
                        "OptionalServices": [
                            
                        ],
                        "OnflyMarkup": "0.00",
                        "ContactInfoRef": "CTC1",
                        "Preference": {
                            "WheelChairPreference": {
                                "Reason": ""
                            },
                            "SeatPreference": "",
                            "MealPreference": ""
                        },
                        "RedressDetails": {
                            "RedressNumber": "",
                            "KnownTravellerNumber": ""
                        },
                        "attributes": {
                            "PassengerID": "CHD1"
                        },
                        "LastName": "Arun",
                        "PassengerRefID": "CHD1",
                        "PTC": "CHD",
                        "BirthDate": "2010-05-28"
                    },
                    {
                        "ContactAddress": {
                            "TypeOfAddress": "D",
                            "Address": "",
                            "State": "",
                            "Country": "",
                            "PostalCode": "",
                            "City": ""
                        },
                        "FirstName": "Khan",
                        "SsrRequest": [
                            
                        ],
                        "Gender": "Male",
                        "MiddleName": "",
                        "SeatSelection": [
                            
                        ],
                        "OnflyDiscount": "0.00",
                        "NameTitle": "Mstr",
                        "Passport": {
                            "ExpiryDate": "1970-01-01",
                            "Number": "",
                            "CountryCode": ""
                        },
                        "OptionalServices": [
                            
                        ],
                        "OnflyMarkup": "0.00",
                        "ContactInfoRef": "CTC1",
                        "Preference": {
                            "WheelChairPreference": {
                                "Reason": ""
                            },
                            "SeatPreference": "",
                            "MealPreference": ""
                        },
                        "RedressDetails": {
                            "RedressNumber": "",
                            "KnownTravellerNumber": ""
                        },
                        "attributes": {
                            "PassengerID": "INF1"
                        },
                        "LastName": "Tharun",
                        "PassengerRefID": "INF1",
                        "PTC": "INF",
                        "BirthDate": "2020-05-29"
                    }
                ]
            },
            "DisclosureList": {
                "Disclosures": [
                    
                ]
            },
            "FareList": {
                "FareGroup": [
                    
                ]
            },
            "FlightSegmentList": {
                "FlightSegment": [
                    {
                        "SegmentKey": "Segment1",
                        "Departure": {
                            "AirportCode": "MAA",
                            "Date": "2022-09-20",
                            "Time": "15:30:00",
                            "AirportName": "Chennai International Airport",
                            "Terminal": {
                                "Name": ""
                            }
                        },
                        "Arrival": {
                            "AirportCode": "MCT",
                            "Date": "2022-09-20",
                            "Time": "17:50:00",
                            "AirportName": "Muscat International Airport",
                            "Terminal": {
                                "Name": ""
                            }
                        },
                        "MarketingCarrier": {
                            "AirlineID": "WY",
                            "Name": "Oman Air",
                            "FlightNumber": "254",
                            "OrgAirlineID": "WY"
                        },
                        "OperatingCarrier": {
                            "AirlineID": "WY",
                            "Name": "Oman Air",
                            "FlightNumber": "254",
                            "OrgAirlineID": "WY"
                        },
                        "Equipment": {
                            "AircraftCode": "7M8",
                            "Name": "7M8"
                        },
                        "Code": {
                            "MarriageGroup": "O",
                            "ResBookDesigCode": "N",
                            "Cabin": "Y"
                        },
                        "FlightDetail": {
                            "FlightDuration": {
                                "Value": "3 H 50 M"
                            },
                            "Stops": {
                                "Value": 0
                            },
                            "InterMediate": [
                                
                            ],
                            "AirMilesFlown": 1610,
                            "SegmentPnr": "LMAMJR"
                        },
                        "BrandId": "W2"
                    },
                    {
                        "SegmentKey": "Segment2",
                        "Departure": {
                            "AirportCode": "MCT",
                            "Date": "2022-09-20",
                            "Time": "20:10:00",
                            "AirportName": "Muscat International Airport",
                            "Terminal": {
                                "Name": ""
                            }
                        },
                        "Arrival": {
                            "AirportCode": "DXB",
                            "Date": "2022-09-20",
                            "Time": "21:25:00",
                            "AirportName": "Dubai International Airport",
                            "Terminal": {
                                "Name": "1"
                            }
                        },
                        "MarketingCarrier": {
                            "AirlineID": "WY",
                            "Name": "Oman Air",
                            "FlightNumber": "611",
                            "OrgAirlineID": "WY"
                        },
                        "OperatingCarrier": {
                            "AirlineID": "WY",
                            "Name": "Oman Air",
                            "FlightNumber": "611",
                            "OrgAirlineID": "WY"
                        },
                        "Equipment": {
                            "AircraftCode": "7M8",
                            "Name": "7M8"
                        },
                        "Code": {
                            "MarriageGroup": "I",
                            "ResBookDesigCode": "N",
                            "Cabin": "Y"
                        },
                        "FlightDetail": {
                            "FlightDuration": {
                                "Value": "1 H 15 M"
                            },
                            "Stops": {
                                "Value": 0
                            },
                            "InterMediate": [
                                
                            ],
                            "AirMilesFlown": 217,
                            "SegmentPnr": "LMAMJR"
                        },
                        "BrandId": "W2"
                    },
                    {
                        "SegmentKey": "Segment3",
                        "Departure": {
                            "AirportCode": "DXB",
                            "Date": "2022-09-25",
                            "Time": "17:15:00",
                            "AirportName": "Dubai International Airport",
                            "Terminal": {
                                "Name": "1"
                            }
                        },
                        "Arrival": {
                            "AirportCode": "MCT",
                            "Date": "2022-09-25",
                            "Time": "18:30:00",
                            "AirportName": "Muscat International Airport",
                            "Terminal": {
                                "Name": ""
                            }
                        },
                        "MarketingCarrier": {
                            "AirlineID": "WY",
                            "Name": "Oman Air",
                            "FlightNumber": "610",
                            "OrgAirlineID": "WY"
                        },
                        "OperatingCarrier": {
                            "AirlineID": "WY",
                            "Name": "Oman Air",
                            "FlightNumber": "610",
                            "OrgAirlineID": "WY"
                        },
                        "Equipment": {
                            "AircraftCode": "7M8",
                            "Name": "7M8"
                        },
                        "Code": {
                            "MarriageGroup": "O",
                            "ResBookDesigCode": "L",
                            "Cabin": "Y"
                        },
                        "FlightDetail": {
                            "FlightDuration": {
                                "Value": "1 H 15 M"
                            },
                            "Stops": {
                                "Value": 0
                            },
                            "InterMediate": [
                                
                            ],
                            "AirMilesFlown": 217,
                            "SegmentPnr": "LMAMJR"
                        },
                        "BrandId": "W2"
                    },
                    {
                        "SegmentKey": "Segment4",
                        "Departure": {
                            "AirportCode": "MCT",
                            "Date": "2022-09-26",
                            "Time": "02:10:00",
                            "AirportName": "Muscat International Airport",
                            "Terminal": {
                                "Name": ""
                            }
                        },
                        "Arrival": {
                            "AirportCode": "MAA",
                            "Date": "2022-09-26",
                            "Time": "07:35:00",
                            "AirportName": "Chennai International Airport",
                            "Terminal": {
                                "Name": ""
                            }
                        },
                        "MarketingCarrier": {
                            "AirlineID": "WY",
                            "Name": "Oman Air",
                            "FlightNumber": "251",
                            "OrgAirlineID": "WY"
                        },
                        "OperatingCarrier": {
                            "AirlineID": "WY",
                            "Name": "Oman Air",
                            "FlightNumber": "251",
                            "OrgAirlineID": "WY"
                        },
                        "Equipment": {
                            "AircraftCode": "7M8",
                            "Name": "7M8"
                        },
                        "Code": {
                            "MarriageGroup": "I",
                            "ResBookDesigCode": "L",
                            "Cabin": "Y"
                        },
                        "FlightDetail": {
                            "FlightDuration": {
                                "Value": "3 H 55 M"
                            },
                            "Stops": {
                                "Value": 0
                            },
                            "InterMediate": [
                                
                            ],
                            "AirMilesFlown": 1610,
                            "SegmentPnr": "LMAMJR"
                        },
                        "BrandId": "W2"
                    }
                ]
            },
            "FlightList": {
                "Flight": [
                    {
                        "FlightKey": "Flight1",
                        "Journey": {
                            "Time": "7 H 25 M",
                            "Stops": 1
                        },
                        "SegmentReferences": "Segment1 Segment2"
                    },
                    {
                        "FlightKey": "Flight2",
                        "Journey": {
                            "Time": "12 H 50 M",
                            "Stops": 1
                        },
                        "SegmentReferences": "Segment3 Segment4"
                    }
                ]
            },
            "OriginDestinationList": {
                "OriginDestination": [
                    {
                        "OriginDestinationKey": "OD1",
                        "DepartureCode": "MAA",
                        "ArrivalCode": "DXB",
                        "FlightReferences": "Flight1"
                    },
                    {
                        "OriginDestinationKey": "OD2",
                        "DepartureCode": "DXB",
                        "ArrivalCode": "MAA",
                        "FlightReferences": "Flight2"
                    }
                ]
            },
            "PriceClassList": {
                "PriceClass": [
                    {
                        "PriceClassID": "PCR_1",
                        "Name": "pri",
                        "ClassOfService": [
                            {
                                "SegementRef": "Segment1",
                                "Code": {
                                    "SeatsLeft": 9,
                                    "Value": "N"
                                },
                                "MarketingName": "",
                                "Carrier": "WY",
                                "Cabin": "Y",
                                "MediaInfoRefKey": "",
                                "FareBasisCode": "NEL3IA",
                                "Baggage": {
                                    "Allowance": 30,
                                    "Unit": "kg"
                                },
                                "Meal": "M",
                                "CHD": {
                                    "Baggage": {
                                        "Allowance": 30,
                                        "Unit": "kg"
                                    },
                                    "FareBasisCode": "NEL3IACH",
                                    "Meal": "M"
                                },
                                "INF": {
                                    "Baggage": {
                                        "Allowance": 10,
                                        "Unit": "kg"
                                    },
                                    "FareBasisCode": "NEL3IAIN",
                                    "Meal": "M"
                                }
                            },
                            {
                                "SegementRef": "Segment2",
                                "Code": {
                                    "SeatsLeft": 9,
                                    "Value": "N"
                                },
                                "MarketingName": "",
                                "Carrier": "WY",
                                "Cabin": "Y",
                                "MediaInfoRefKey": "",
                                "FareBasisCode": "NEL3IA",
                                "Baggage": {
                                    "Allowance": 30,
                                    "Unit": "kg"
                                },
                                "Meal": "S",
                                "CHD": {
                                    "Baggage": {
                                        "Allowance": 30,
                                        "Unit": "kg"
                                    },
                                    "FareBasisCode": "NEL3IACH",
                                    "Meal": "S"
                                },
                                "INF": {
                                    "Baggage": {
                                        "Allowance": 10,
                                        "Unit": "kg"
                                    },
                                    "FareBasisCode": "NEL3IAIN",
                                    "Meal": "S"
                                }
                            },
                            {
                                "SegementRef": "Segment3",
                                "Code": {
                                    "SeatsLeft": 9,
                                    "Value": "L"
                                },
                                "MarketingName": "",
                                "Carrier": "WY",
                                "Cabin": "Y",
                                "MediaInfoRefKey": "",
                                "FareBasisCode": "LEL3IA",
                                "Baggage": {
                                    "Allowance": 30,
                                    "Unit": "kg"
                                },
                                "Meal": "S",
                                "CHD": {
                                    "Baggage": {
                                        "Allowance": 30,
                                        "Unit": "kg"
                                    },
                                    "FareBasisCode": "LEL3IACH",
                                    "Meal": "S"
                                },
                                "INF": {
                                    "Baggage": {
                                        "Allowance": 10,
                                        "Unit": "kg"
                                    },
                                    "FareBasisCode": "LEL3IAIN",
                                    "Meal": "S"
                                }
                            },
                            {
                                "SegementRef": "Segment4",
                                "Code": {
                                    "SeatsLeft": 9,
                                    "Value": "L"
                                },
                                "MarketingName": "",
                                "Carrier": "WY",
                                "Cabin": "Y",
                                "MediaInfoRefKey": "",
                                "FareBasisCode": "LEL3IA",
                                "Baggage": {
                                    "Allowance": 30,
                                    "Unit": "kg"
                                },
                                "Meal": "M",
                                "CHD": {
                                    "Baggage": {
                                        "Allowance": 30,
                                        "Unit": "kg"
                                    },
                                    "FareBasisCode": "LEL3IACH",
                                    "Meal": "M"
                                },
                                "INF": {
                                    "Baggage": {
                                        "Allowance": 10,
                                        "Unit": "kg"
                                    },
                                    "FareBasisCode": "LEL3IAIN",
                                    "Meal": "M"
                                }
                            }
                        ]
                    }
                ]
            },
            "SuppliersList": [
                577
            ],
            "FopList": [
                {
                    "CC": {
                        "Allowed": "Y",
                        "Types": {
                            "AX": {
                                "F": {
                                    "BookingCurrencyPrice": "1",
                                    "EquivCurrencyPrice": "1"
                                },
                                "P": 0,
                                "Charges": {
                                    "BookingCurrencyPrice": 1,
                                    "EquivCurrencyPrice": 1
                                }
                            },
                            "MC": {
                                "F": {
                                    "BookingCurrencyPrice": "01",
                                    "EquivCurrencyPrice": "01"
                                },
                                "P": 0,
                                "Charges": {
                                    "BookingCurrencyPrice": 1,
                                    "EquivCurrencyPrice": 1
                                }
                            },
                            "VI": {
                                "F": {
                                    "BookingCurrencyPrice": "1",
                                    "EquivCurrencyPrice": "1"
                                },
                                "P": 0,
                                "Charges": {
                                    "BookingCurrencyPrice": 1,
                                    "EquivCurrencyPrice": 1
                                }
                            }
                        }
                    },
                    "DC": {
                        "Allowed": "Y",
                        "Types": {
                            "MC": {
                                "F": {
                                    "BookingCurrencyPrice": 0,
                                    "EquivCurrencyPrice": 0
                                },
                                "P": 0,
                                "Charges": {
                                    "BookingCurrencyPrice": 0,
                                    "EquivCurrencyPrice": 0
                                }
                            },
                            "VI": {
                                "F": {
                                    "BookingCurrencyPrice": 0,
                                    "EquivCurrencyPrice": 0
                                },
                                "P": 0,
                                "Charges": {
                                    "BookingCurrencyPrice": 0,
                                    "EquivCurrencyPrice": 0
                                }
                            }
                        }
                    },
                    "CASH": {
                        "Allowed": "Y",
                        "Types": {
                            
                        }
                    },
                    "CHEQUE": {
                        "Allowed": "Y",
                        "Types": {
                            
                        }
                    },
                    "ACH": {
                        "Allowed": "Y",
                        "Types": {
                            
                        }
                    },
                    "PG": {
                        "Allowed": "Y",
                        "Types": {
                            
                        }
                    },
                    "FopKey": "FOP_577_577_1427_772_WY_PRI"
                }
            ],
            "CpList": [
                {
                    
                }
            ]
        }
    }
}
null
15:13:53.884 [main] INFO  onewayBooking.AirShopping - null
15:13:53.885 [main] INFO  listener.TestListeners - <b>Test Method returnBookingSuccess<b>
]]></system-out>
  </testcase>
  <testcase name="returnBookingResponseOrderId" classname="runner.EngineApiTest" time="0">
    <system-out><![CDATA[15:13:53.886 [main] INFO  listener.TestListeners - <b>Test Method returnBookingResponseOrderIdStarted<b>
PSZ1V447
15:13:53.916 [main] INFO  onewayBooking.AirShopping - PSZ1V447
15:13:53.917 [main] INFO  listener.TestListeners - <b>Test Method returnBookingResponseOrderIdSuccess<b>
]]></system-out>
  </testcase>
  <testcase name="multiCityRequest" classname="runner.EngineApiTest" time="0">
    <system-out><![CDATA[DEBUG   16484   [freemark] (): TemplateLoader.findTemplateSource("spark/spark.spa_en_IN.ftl"): Not found
DEBUG   16484   [freemark] (): TemplateLoader.findTemplateSource("spark/spark.spa_en.ftl"): Not found
DEBUG   16484   [freemark] (): TemplateLoader.findTemplateSource("spark/spark.spa.ftl"): Found
DEBUG   16484   [freemark] (): "spark/spark.spa.ftl"("en_IN", UTF-8, parsed): using cached since jar:file:/home/pandian/.m2/repository/com/aventstack/extentreports/5.0.9/extentreports-5.0.9.jar!/com/aventstack/extentreports/templates/spark/spark.spa.ftl hasn't changed.
DEBUG   16484   [freemark] (): TemplateLoader.findTemplateSource("commons/commons-variables_en_IN.ftl"): Not found
DEBUG   16484   [freemark] (): TemplateLoader.findTemplateSource("commons/commons-variables_en.ftl"): Not found
DEBUG   16484   [freemark] (): TemplateLoader.findTemplateSource("commons/commons-variables.ftl"): Found
DEBUG   16484   [freemark] (): "commons/commons-variables.ftl"("en_IN", UTF-8, parsed): using cached since jar:file:/home/pandian/.m2/repository/com/aventstack/extentreports/5.0.9/extentreports-5.0.9.jar!/com/aventstack/extentreports/templates/commons/commons-variables.ftl hasn't changed.
DEBUG   16484   [freemark] (): TemplateLoader.findTemplateSource("commons/commons-macros_en_IN.ftl"): Not found
DEBUG   16484   [freemark] (): TemplateLoader.findTemplateSource("commons/commons-macros_en.ftl"): Not found
DEBUG   16484   [freemark] (): TemplateLoader.findTemplateSource("commons/commons-macros.ftl"): Found
DEBUG   16484   [freemark] (): "commons/commons-macros.ftl"("en_IN", UTF-8, parsed): using cached since jar:file:/home/pandian/.m2/repository/com/aventstack/extentreports/5.0.9/extentreports-5.0.9.jar!/com/aventstack/extentreports/templates/commons/commons-macros.ftl hasn't changed.
DEBUG   16484   [freemark] (): TemplateLoader.findTemplateSource("spark/macros/attributes_en_IN.ftl"): Not found
DEBUG   16484   [freemark] (): TemplateLoader.findTemplateSource("spark/macros/attributes_en.ftl"): Not found
DEBUG   16484   [freemark] (): TemplateLoader.findTemplateSource("spark/macros/attributes.ftl"): Found
DEBUG   16484   [freemark] (): "spark/macros/attributes.ftl"("en_IN", UTF-8, parsed): using cached since jar:file:/home/pandian/.m2/repository/com/aventstack/extentreports/5.0.9/extentreports-5.0.9.jar!/com/aventstack/extentreports/templates/spark/macros/attributes.ftl hasn't changed.
DEBUG   16484   [freemark] (): TemplateLoader.findTemplateSource("spark/macros/log_en_IN.ftl"): Not found
DEBUG   16484   [freemark] (): TemplateLoader.findTemplateSource("spark/macros/log_en.ftl"): Not found
DEBUG   16484   [freemark] (): TemplateLoader.findTemplateSource("spark/macros/log.ftl"): Found
DEBUG   16484   [freemark] (): "spark/macros/log.ftl"("en_IN", UTF-8, parsed): using cached since jar:file:/home/pandian/.m2/repository/com/aventstack/extentreports/5.0.9/extentreports-5.0.9.jar!/com/aventstack/extentreports/templates/spark/macros/log.ftl hasn't changed.
DEBUG   16484   [freemark] (): TemplateLoader.findTemplateSource("spark/macros/recurse_nodes_en_IN.ftl"): Not found
DEBUG   16484   [freemark] (): TemplateLoader.findTemplateSource("spark/macros/recurse_nodes_en.ftl"): Not found
DEBUG   16484   [freemark] (): TemplateLoader.findTemplateSource("spark/macros/recurse_nodes.ftl"): Found
DEBUG   16484   [freemark] (): "spark/macros/recurse_nodes.ftl"("en_IN", UTF-8, parsed): using cached since jar:file:/home/pandian/.m2/repository/com/aventstack/extentreports/5.0.9/extentreports-5.0.9.jar!/com/aventstack/extentreports/templates/spark/macros/recurse_nodes.ftl hasn't changed.
DEBUG   16484   [freemark] (): "spark/macros/log.ftl"("en_IN", UTF-8, parsed) cached copy not yet stale; using cached.
DEBUG   16484   [freemark] (): TemplateLoader.findTemplateSource("spark/macros/attr-common_en_IN.ftl"): Not found
DEBUG   16484   [freemark] (): TemplateLoader.findTemplateSource("spark/macros/attr-common_en.ftl"): Not found
DEBUG   16484   [freemark] (): TemplateLoader.findTemplateSource("spark/macros/attr-common.ftl"): Found
DEBUG   16484   [freemark] (): "spark/macros/attr-common.ftl"("en_IN", UTF-8, parsed): using cached since jar:file:/home/pandian/.m2/repository/com/aventstack/extentreports/5.0.9/extentreports-5.0.9.jar!/com/aventstack/extentreports/templates/spark/macros/attr-common.ftl hasn't changed.
DEBUG   16484   [freemark] (): TemplateLoader.findTemplateSource("spark/partials/head_en_IN.ftl"): Not found
DEBUG   16484   [freemark] (): TemplateLoader.findTemplateSource("spark/partials/head_en.ftl"): Not found
DEBUG   16484   [freemark] (): TemplateLoader.findTemplateSource("spark/partials/head.ftl"): Found
DEBUG   16484   [freemark] (): "spark/partials/head.ftl"("en_IN", UTF-8, parsed): using cached since jar:file:/home/pandian/.m2/repository/com/aventstack/extentreports/5.0.9/extentreports-5.0.9.jar!/com/aventstack/extentreports/templates/spark/partials/head.ftl hasn't changed.
DEBUG   16484   [freemark] (): TemplateLoader.findTemplateSource("commons/commons-inject-css_en_IN.ftl"): Not found
DEBUG   16484   [freemark] (): TemplateLoader.findTemplateSource("commons/commons-inject-css_en.ftl"): Not found
DEBUG   16484   [freemark] (): TemplateLoader.findTemplateSource("commons/commons-inject-css.ftl"): Found
DEBUG   16484   [freemark] (): "commons/commons-inject-css.ftl"("en_IN", UTF-8, parsed): using cached since jar:file:/home/pandian/.m2/repository/com/aventstack/extentreports/5.0.9/extentreports-5.0.9.jar!/com/aventstack/extentreports/templates/commons/commons-inject-css.ftl hasn't changed.
DEBUG   16484   [freemark] (): TemplateLoader.findTemplateSource("spark/partials/navbar_en_IN.ftl"): Not found
DEBUG   16484   [freemark] (): TemplateLoader.findTemplateSource("spark/partials/navbar_en.ftl"): Not found
DEBUG   16484   [freemark] (): TemplateLoader.findTemplateSource("spark/partials/navbar.ftl"): Found
DEBUG   16484   [freemark] (): "spark/partials/navbar.ftl"("en_IN", UTF-8, parsed): using cached since jar:file:/home/pandian/.m2/repository/com/aventstack/extentreports/5.0.9/extentreports-5.0.9.jar!/com/aventstack/extentreports/templates/spark/partials/navbar.ftl hasn't changed.
DEBUG   16484   [freemark] (): TemplateLoader.findTemplateSource("spark/partials/sidenav_en_IN.ftl"): Not found
DEBUG   16484   [freemark] (): TemplateLoader.findTemplateSource("spark/partials/sidenav_en.ftl"): Not found
DEBUG   16484   [freemark] (): TemplateLoader.findTemplateSource("spark/partials/sidenav.ftl"): Found
DEBUG   16484   [freemark] (): "spark/partials/sidenav.ftl"("en_IN", UTF-8, parsed): using cached since jar:file:/home/pandian/.m2/repository/com/aventstack/extentreports/5.0.9/extentreports-5.0.9.jar!/com/aventstack/extentreports/templates/spark/partials/sidenav.ftl hasn't changed.
DEBUG   16484   [freemark] (): TemplateLoader.findTemplateSource("spark/partials/test_en_IN.ftl"): Not found
DEBUG   16484   [freemark] (): TemplateLoader.findTemplateSource("spark/partials/test_en.ftl"): Not found
DEBUG   16484   [freemark] (): TemplateLoader.findTemplateSource("spark/partials/test.ftl"): Found
DEBUG   16484   [freemark] (): "spark/partials/test.ftl"("en_IN", UTF-8, parsed): using cached since jar:file:/home/pandian/.m2/repository/com/aventstack/extentreports/5.0.9/extentreports-5.0.9.jar!/com/aventstack/extentreports/templates/spark/partials/test.ftl hasn't changed.
DEBUG   16484   [freemark] (): TemplateLoader.findTemplateSource("spark/partials/standard-content_en_IN.ftl"): Not found
DEBUG   16484   [freemark] (): TemplateLoader.findTemplateSource("spark/partials/standard-content_en.ftl"): Not found
DEBUG   16484   [freemark] (): TemplateLoader.findTemplateSource("spark/partials/standard-content.ftl"): Found
DEBUG   16484   [freemark] (): "spark/partials/standard-content.ftl"("en_IN", UTF-8, parsed): using cached since jar:file:/home/pandian/.m2/repository/com/aventstack/extentreports/5.0.9/extentreports-5.0.9.jar!/com/aventstack/extentreports/templates/spark/partials/standard-content.ftl hasn't changed.
DEBUG   16484   [freemark] (): "spark/partials/standard-content.ftl"("en_IN", UTF-8, parsed) cached copy not yet stale; using cached.
DEBUG   16484   [freemark] (): "spark/partials/standard-content.ftl"("en_IN", UTF-8, parsed) cached copy not yet stale; using cached.
DEBUG   16484   [freemark] (): "spark/partials/standard-content.ftl"("en_IN", UTF-8, parsed) cached copy not yet stale; using cached.
DEBUG   16484   [freemark] (): "spark/partials/standard-content.ftl"("en_IN", UTF-8, parsed) cached copy not yet stale; using cached.
DEBUG   16484   [freemark] (): "spark/partials/standard-content.ftl"("en_IN", UTF-8, parsed) cached copy not yet stale; using cached.
DEBUG   16484   [freemark] (): "spark/partials/standard-content.ftl"("en_IN", UTF-8, parsed) cached copy not yet stale; using cached.
DEBUG   16484   [freemark] (): "spark/partials/standard-content.ftl"("en_IN", UTF-8, parsed) cached copy not yet stale; using cached.
DEBUG   16484   [freemark] (): "spark/partials/standard-content.ftl"("en_IN", UTF-8, parsed) cached copy not yet stale; using cached.
DEBUG   16484   [freemark] (): "spark/partials/standard-content.ftl"("en_IN", UTF-8, parsed) cached copy not yet stale; using cached.
DEBUG   16484   [freemark] (): "spark/partials/standard-content.ftl"("en_IN", UTF-8, parsed) cached copy not yet stale; using cached.
DEBUG   16484   [freemark] (): "spark/partials/standard-content.ftl"("en_IN", UTF-8, parsed) cached copy not yet stale; using cached.
DEBUG   16484   [freemark] (): "spark/partials/standard-content.ftl"("en_IN", UTF-8, parsed) cached copy not yet stale; using cached.
DEBUG   16484   [freemark] (): "spark/partials/standard-content.ftl"("en_IN", UTF-8, parsed) cached copy not yet stale; using cached.
DEBUG   16484   [freemark] (): "spark/partials/standard-content.ftl"("en_IN", UTF-8, parsed) cached copy not yet stale; using cached.
DEBUG   16484   [freemark] (): "spark/partials/standard-content.ftl"("en_IN", UTF-8, parsed) cached copy not yet stale; using cached.
DEBUG   16484   [freemark] (): "spark/partials/standard-content.ftl"("en_IN", UTF-8, parsed) cached copy not yet stale; using cached.
DEBUG   16484   [freemark] (): "spark/partials/standard-content.ftl"("en_IN", UTF-8, parsed) cached copy not yet stale; using cached.
DEBUG   16484   [freemark] (): "spark/partials/standard-content.ftl"("en_IN", UTF-8, parsed) cached copy not yet stale; using cached.
DEBUG   16484   [freemark] (): "spark/partials/standard-content.ftl"("en_IN", UTF-8, parsed) cached copy not yet stale; using cached.
DEBUG   16484   [freemark] (): "spark/partials/standard-content.ftl"("en_IN", UTF-8, parsed) cached copy not yet stale; using cached.
DEBUG   16484   [freemark] (): "spark/partials/standard-content.ftl"("en_IN", UTF-8, parsed) cached copy not yet stale; using cached.
DEBUG   16484   [freemark] (): "spark/partials/standard-content.ftl"("en_IN", UTF-8, parsed) cached copy not yet stale; using cached.
DEBUG   16484   [freemark] (): "spark/partials/standard-content.ftl"("en_IN", UTF-8, parsed) cached copy not yet stale; using cached.
DEBUG   16484   [freemark] (): "spark/partials/standard-content.ftl"("en_IN", UTF-8, parsed) cached copy not yet stale; using cached.
DEBUG   16484   [freemark] (): "spark/partials/standard-content.ftl"("en_IN", UTF-8, parsed) cached copy not yet stale; using cached.
DEBUG   16484   [freemark] (): "spark/partials/standard-content.ftl"("en_IN", UTF-8, parsed) cached copy not yet stale; using cached.
DEBUG   16484   [freemark] (): "spark/partials/standard-content.ftl"("en_IN", UTF-8, parsed) cached copy not yet stale; using cached.
DEBUG   16484   [freemark] (): "spark/partials/standard-content.ftl"("en_IN", UTF-8, parsed) cached copy not yet stale; using cached.
DEBUG   16484   [freemark] (): "spark/partials/standard-content.ftl"("en_IN", UTF-8, parsed) cached copy not yet stale; using cached.
DEBUG   16484   [freemark] (): "spark/partials/standard-content.ftl"("en_IN", UTF-8, parsed) cached copy not yet stale; using cached.
DEBUG   16484   [freemark] (): "spark/partials/standard-content.ftl"("en_IN", UTF-8, parsed) cached copy not yet stale; using cached.
DEBUG   16484   [freemark] (): "spark/partials/standard-content.ftl"("en_IN", UTF-8, parsed) cached copy not yet stale; using cached.
DEBUG   16484   [freemark] (): "spark/partials/standard-content.ftl"("en_IN", UTF-8, parsed) cached copy not yet stale; using cached.
DEBUG   16484   [freemark] (): "spark/partials/standard-content.ftl"("en_IN", UTF-8, parsed) cached copy not yet stale; using cached.
DEBUG   16484   [freemark] (): TemplateLoader.findTemplateSource("spark/partials/exception_en_IN.ftl"): Not found
DEBUG   16484   [freemark] (): TemplateLoader.findTemplateSource("spark/partials/exception_en.ftl"): Not found
DEBUG   16484   [freemark] (): TemplateLoader.findTemplateSource("spark/partials/exception.ftl"): Found
DEBUG   16484   [freemark] (): "spark/partials/exception.ftl"("en_IN", UTF-8, parsed): using cached since jar:file:/home/pandian/.m2/repository/com/aventstack/extentreports/5.0.9/extentreports-5.0.9.jar!/com/aventstack/extentreports/templates/spark/partials/exception.ftl hasn't changed.
DEBUG   16484   [freemark] (): TemplateLoader.findTemplateSource("spark/partials/category_en_IN.ftl"): Not found
DEBUG   16484   [freemark] (): TemplateLoader.findTemplateSource("spark/partials/category_en.ftl"): Not found
DEBUG   16484   [freemark] (): TemplateLoader.findTemplateSource("spark/partials/category.ftl"): Found
DEBUG   16484   [freemark] (): "spark/partials/category.ftl"("en_IN", UTF-8, parsed): using cached since jar:file:/home/pandian/.m2/repository/com/aventstack/extentreports/5.0.9/extentreports-5.0.9.jar!/com/aventstack/extentreports/templates/spark/partials/category.ftl hasn't changed.
DEBUG   16484   [freemark] (): TemplateLoader.findTemplateSource("spark/partials/device_en_IN.ftl"): Not found
DEBUG   16484   [freemark] (): TemplateLoader.findTemplateSource("spark/partials/device_en.ftl"): Not found
DEBUG   16484   [freemark] (): TemplateLoader.findTemplateSource("spark/partials/device.ftl"): Found
DEBUG   16484   [freemark] (): "spark/partials/device.ftl"("en_IN", UTF-8, parsed): using cached since jar:file:/home/pandian/.m2/repository/com/aventstack/extentreports/5.0.9/extentreports-5.0.9.jar!/com/aventstack/extentreports/templates/spark/partials/device.ftl hasn't changed.
DEBUG   16484   [freemark] (): TemplateLoader.findTemplateSource("spark/partials/author_en_IN.ftl"): Not found
DEBUG   16484   [freemark] (): TemplateLoader.findTemplateSource("spark/partials/author_en.ftl"): Not found
DEBUG   16484   [freemark] (): TemplateLoader.findTemplateSource("spark/partials/author.ftl"): Found
DEBUG   16484   [freemark] (): "spark/partials/author.ftl"("en_IN", UTF-8, parsed): using cached since jar:file:/home/pandian/.m2/repository/com/aventstack/extentreports/5.0.9/extentreports-5.0.9.jar!/com/aventstack/extentreports/templates/spark/partials/author.ftl hasn't changed.
DEBUG   16484   [freemark] (): TemplateLoader.findTemplateSource("spark/partials/log_en_IN.ftl"): Not found
DEBUG   16484   [freemark] (): TemplateLoader.findTemplateSource("spark/partials/log_en.ftl"): Not found
DEBUG   16484   [freemark] (): TemplateLoader.findTemplateSource("spark/partials/log.ftl"): Found
DEBUG   16484   [freemark] (): "spark/partials/log.ftl"("en_IN", UTF-8, parsed): using cached since jar:file:/home/pandian/.m2/repository/com/aventstack/extentreports/5.0.9/extentreports-5.0.9.jar!/com/aventstack/extentreports/templates/spark/partials/log.ftl hasn't changed.
DEBUG   16484   [freemark] (): TemplateLoader.findTemplateSource("spark/partials/dashboard_en_IN.ftl"): Not found
DEBUG   16484   [freemark] (): TemplateLoader.findTemplateSource("spark/partials/dashboard_en.ftl"): Not found
DEBUG   16484   [freemark] (): TemplateLoader.findTemplateSource("spark/partials/dashboard.ftl"): Found
DEBUG   16484   [freemark] (): "spark/partials/dashboard.ftl"("en_IN", UTF-8, parsed): using cached since jar:file:/home/pandian/.m2/repository/com/aventstack/extentreports/5.0.9/extentreports-5.0.9.jar!/com/aventstack/extentreports/templates/spark/partials/dashboard.ftl hasn't changed.
DEBUG   16484   [freemark] (): TemplateLoader.findTemplateSource("spark/partials/scripts_en_IN.ftl"): Not found
DEBUG   16484   [freemark] (): TemplateLoader.findTemplateSource("spark/partials/scripts_en.ftl"): Not found
DEBUG   16484   [freemark] (): TemplateLoader.findTemplateSource("spark/partials/scripts.ftl"): Found
DEBUG   16484   [freemark] (): "spark/partials/scripts.ftl"("en_IN", UTF-8, parsed): using cached since jar:file:/home/pandian/.m2/repository/com/aventstack/extentreports/5.0.9/extentreports-5.0.9.jar!/com/aventstack/extentreports/templates/spark/partials/scripts.ftl hasn't changed.
DEBUG   16484   [freemark] (): TemplateLoader.findTemplateSource("commons/commons-inject-js_en_IN.ftl"): Not found
DEBUG   16484   [freemark] (): TemplateLoader.findTemplateSource("commons/commons-inject-js_en.ftl"): Not found
DEBUG   16484   [freemark] (): TemplateLoader.findTemplateSource("commons/commons-inject-js.ftl"): Found
DEBUG   16484   [freemark] (): "commons/commons-inject-js.ftl"("en_IN", UTF-8, parsed): using cached since jar:file:/home/pandian/.m2/repository/com/aventstack/extentreports/5.0.9/extentreports-5.0.9.jar!/com/aventstack/extentreports/templates/commons/commons-inject-js.ftl hasn't changed.
15:13:53.971 [main] INFO  listener.TestListeners - <b>Test Method multiCityRequestStarted<b>
15:13:53.972 [main] INFO  listener.TestListeners - <b>Test Method multiCityRequestSuccess<b>
]]></system-out>
  </testcase>
  <testcase name="multiCitySearch" classname="runner.EngineApiTest" time="51.485">
    <system-out><![CDATA[15:13:53.975 [main] INFO  listener.TestListeners - <b>Test Method multiCitySearchStarted<b>
15:13:53.976 [main] INFO  runner.EngineApiTest - SUCCESS
{"AirShoppingRQ":{"Party":{"Sender":{"TravelAgencySender":{"AgencyID":"","Contacts":{"Contact":[{"EmailContact":"srilanakamrst@gmail.com"}]},"IATA_Number":"","Name":"MRST"}}},"DataLists":{"PassengerList":{"Passenger":[{"PassengerID":"T1","PTC":"ADT"},{"PassengerID":"T2","PTC":"CHD"},{"PassengerID":"T3","PTC":"INF"}]}},"Preference":{"FreeBaggage":"N","FareType":["BOTH"],"NoOfStops":[],"DoubleOneWay":"","Refundable":"","SourceFrom":["ALL"],"AirlinePreference":{"ExcludeAirlines":[],"PreferedAirlines":[]},"NearByAirports":"","RbdPreference":{"ExcludeRbds":[],"RequireAllRbd":"N","PreferedRbds":[]},"Penalties":{"Refundable":"N","ZeroChangeFee":"N","NoCancellationFee":"N","RebookingPossible":"N"},"Cabin":"ECONOMY","DirectFlight":"","TripType":"Multicity","ConnectionTime":{"Min":"","Max":""},"StopPreference":{"PreferedStops":[],"ExcludeStops":[]},"AlternateDays":0,"CountryPreference":{"ExcludeCountry":[]},"AlliancePreference":{"PreferedAlliance":[],"ExcludeAlliance":[]}},"MetaData":{"LocalPccCountry":"IN","Tracking":"Y","RecommendedFare":"Y","Currency":"CAD","ProductType":"F","FareGrouping":"deal","TraceId":"163672258977","PortalUserGroup":"G1","UpSale":"Y","ParentAccountId":4},"CoreQuery":{"OriginDestinations":{"OriginDestination":[{"Departure":{"DepartureTime":{"From":"","To":""},"NoOfMiles":"","AirportCode":"YYZ","Date":"2022-09-20"},"Arrival":{"NoOfMiles":"","AirportCode":"YVR"}},{"Departure":{"DepartureTime":{"From":"","To":""},"NoOfMiles":"","AirportCode":"YVR","Date":"2022-09-25"},"Arrival":{"NoOfMiles":"","AirportCode":"PDX"}}]}}}}
Request method:	POST
Request URI:	https://newapi.tltid.com/AirShopping
Proxy:			<none>
Request params:	<none>
Query params:	<none>
Form params:	<none>
Path params:	<none>
Headers:		Authorization=c06d06da9666a219db15cf575aff28241648128226
				Connection=keep-alive
				Accept=*/*
				Content-Type=application/json
Cookies:		<none>
Multiparts:		<none>
Body:
{
    "AirShoppingRQ": {
        "Party": {
            "Sender": {
                "TravelAgencySender": {
                    "AgencyID": "",
                    "Contacts": {
                        "Contact": [
                            {
                                "EmailContact": "srilanakamrst@gmail.com"
                            }
                        ]
                    },
                    "IATA_Number": "",
                    "Name": "MRST"
                }
            }
        },
        "DataLists": {
            "PassengerList": {
                "Passenger": [
                    {
                        "PassengerID": "T1",
                        "PTC": "ADT"
                    },
                    {
                        "PassengerID": "T2",
                        "PTC": "CHD"
                    },
                    {
                        "PassengerID": "T3",
                        "PTC": "INF"
                    }
                ]
            }
        },
        "Preference": {
            "FreeBaggage": "N",
            "FareType": [
                "BOTH"
            ],
            "NoOfStops": [
                
            ],
            "DoubleOneWay": "",
            "Refundable": "",
            "SourceFrom": [
                "ALL"
            ],
            "AirlinePreference": {
                "ExcludeAirlines": [
                    
                ],
                "PreferedAirlines": [
                    
                ]
            },
            "NearByAirports": "",
            "RbdPreference": {
                "ExcludeRbds": [
                    
                ],
                "RequireAllRbd": "N",
                "PreferedRbds": [
                    
                ]
            },
            "Penalties": {
                "Refundable": "N",
                "ZeroChangeFee": "N",
                "NoCancellationFee": "N",
                "RebookingPossible": "N"
            },
            "Cabin": "ECONOMY",
            "DirectFlight": "",
            "TripType": "Multicity",
            "ConnectionTime": {
                "Min": "",
                "Max": ""
            },
            "StopPreference": {
                "PreferedStops": [
                    
                ],
                "ExcludeStops": [
                    
                ]
            },
            "AlternateDays": 0,
            "CountryPreference": {
                "ExcludeCountry": [
                    
                ]
            },
            "AlliancePreference": {
                "PreferedAlliance": [
                    
                ],
                "ExcludeAlliance": [
                    
                ]
            }
        },
        "MetaData": {
            "LocalPccCountry": "IN",
            "Tracking": "Y",
            "RecommendedFare": "Y",
            "Currency": "CAD",
            "ProductType": "F",
            "FareGrouping": "deal",
            "TraceId": "163672258977",
            "PortalUserGroup": "G1",
            "UpSale": "Y",
            "ParentAccountId": 4
        },
        "CoreQuery": {
            "OriginDestinations": {
                "OriginDestination": [
                    {
                        "Departure": {
                            "DepartureTime": {
                                "From": "",
                                "To": ""
                            },
                            "NoOfMiles": "",
                            "AirportCode": "YYZ",
                            "Date": "2022-09-20"
                        },
                        "Arrival": {
                            "NoOfMiles": "",
                            "AirportCode": "YVR"
                        }
                    },
                    {
                        "Departure": {
                            "DepartureTime": {
                                "From": "",
                                "To": ""
                            },
                            "NoOfMiles": "",
                            "AirportCode": "YVR",
                            "Date": "2022-09-25"
                        },
                        "Arrival": {
                            "NoOfMiles": "",
                            "AirportCode": "PDX"
                        }
                    }
                ]
            }
        }
    }
}
true
null
15:14:45.478 [main] INFO  onewayBooking.AirShopping - null
15:14:45.478 [main] INFO  listener.TestListeners - <b>Test Method multiCitySearchSuccess<b>
]]></system-out>
  </testcase>
  <testcase name="multiCityShopping" classname="runner.EngineApiTest" time="1.847">
    <system-out><![CDATA[15:14:45.479 [main] INFO  listener.TestListeners - <b>Test Method multiCityShoppingStarted<b>
true
1648460635137244316
15:14:47.334 [main] INFO  onewayBooking.AirShopping - 1648460635137244316
15:14:47.335 [main] INFO  listener.TestListeners - <b>Test Method multiCityShoppingSuccess<b>
]]></system-out>
  </testcase>
  <testcase name="multiCityPricing" classname="runner.EngineApiTest" time="3.096">
    <system-out><![CDATA[15:14:47.335 [main] INFO  listener.TestListeners - <b>Test Method multiCityPricingStarted<b>
15:14:47.336 [main] INFO  runner.EngineApiTest - SUCCESS
1648460635137244316
15:14:47.758 [main] INFO  onewayBooking.AirShopping - 1648460635137244316
1777142411648460644637362282
15:14:47.758 [main] INFO  onewayBooking.AirShopping - 1777142411648460644637362282
Request method:	POST
Request URI:	https://newapi.tltid.com/AirOfferPrice
Proxy:			<none>
Request params:	<none>
Query params:	<none>
Form params:	<none>
Path params:	<none>
Headers:		Authorization=c06d06da9666a219db15cf575aff28241648128226
				Connection=keep-alive
				Accept=*/*
				Content-Type=application/json
Cookies:		<none>
Multiparts:		<none>
Body:
{
    "OfferPriceRQ": {
        "Sender": {
            "TravelAgencySender": {
                "AgencyID": "MRST",
                "Contacts": {
                    "Contact": [
                        {
                            "EmailContact": "srilanakamrst@gmail.com"
                        }
                    ]
                },
                "IATA_Number": "",
                "Name": "MRST"
            }
        },
        "DataLists": {
            "PassengerList": {
                "Passenger": [
                    {
                        "PassengerID": "T1",
                        "PTC": "ADT"
                    },
                    {
                        "PassengerID": "T2",
                        "PTC": "CHD"
                    },
                    {
                        "PassengerID": "T3",
                        "PTC": "INF"
                    }
                ]
            }
        },
        "Query": {
            "Offer": [
                {
                    "OfferID": "1777142411648460644637362282"
                }
            ]
        },
        "MetaData": {
            "TraceId": "161777799749"
        },
        "ShoppingResponseId": "1648460635137244316",
        "Document": {
            "ReferenceVersion": "1.0",
            "Name": "Skyroute B2B Portal"
        }
    }
}
null
15:14:50.429 [main] INFO  onewayBooking.AirShopping - null
15:14:50.429 [main] INFO  listener.TestListeners - <b>Test Method multiCityPricingSuccess<b>
]]></system-out>
  </testcase>
  <testcase name="multiCityPricingShoppingResponseId" classname="runner.EngineApiTest" time="0.01">
    <system-out><![CDATA[15:14:50.430 [main] INFO  listener.TestListeners - <b>Test Method multiCityPricingShoppingResponseIdStarted<b>
1648460635137244316
15:14:50.441 [main] INFO  onewayBooking.AirShopping - 1648460635137244316
15:14:50.441 [main] INFO  listener.TestListeners - <b>Test Method multiCityPricingShoppingResponseIdSuccess<b>
]]></system-out>
  </testcase>
  <testcase name="multiCityBooking" classname="runner.EngineApiTest" time="7.543">
    <system-out><![CDATA[15:14:50.442 [main] INFO  listener.TestListeners - <b>Test Method multiCityBookingStarted<b>
15:14:50.442 [main] INFO  runner.EngineApiTest - SUCCESS
1648460635137244316
15:14:50.444 [main] INFO  onewayBooking.AirShopping - 1648460635137244316
1648460689167469145
15:14:50.444 [main] INFO  onewayBooking.AirShopping - 1648460689167469145
1777142411648460644637362282
15:14:50.444 [main] INFO  onewayBooking.AirShopping - 1777142411648460644637362282
920.5
15:14:50.444 [main] INFO  onewayBooking.AirShopping - 920.5
Request method:	POST
Request URI:	https://newapi.tltid.com/AirOrderCreate
Proxy:			<none>
Request params:	<none>
Query params:	<none>
Form params:	<none>
Path params:	<none>
Headers:		Authorization=c06d06da9666a219db15cf575aff28241648128226
				Connection=keep-alive
				Accept=*/*
				Content-Type=application/json
Cookies:		<none>
Multiparts:		<none>
Body:
{
    "OrderCreateRQ": {
        "Query": {
            "Offer": [
                {
                    "OfferID": "1777142411648460644637362282"
                }
            ]
        },
        "PromoCode": "",
        "BookingReqId": "D80B9DF8",
        "BookingPgName": "",
        "Payments": {
            "Payment": [
                {
                    "Type": "CHECK",
                    "PassengerID": "ALL",
                    "Amount": 920.5,
                    "ChequeNumber": "000454",
                    "ItineraryId": "ALL"
                }
            ]
        },
        "RewardPoints": 0,
        "Document": {
            "ReferenceVersion": "1.0",
            "Name": "MRST"
        },
        "Party": {
            "Sender": {
                "TravelAgencySender": {
                    "AgencyID": "",
                    "Contacts": {
                        "Contact": [
                            {
                                "EmailContact": "srilanakamrst@gmail.com"
                            }
                        ]
                    },
                    "IATA_Number": "",
                    "Name": "MRST"
                }
            }
        },
        "OfferResponseId": "1648460689167469145",
        "AgentEmail": "a.pandian@wintlt.com",
        "QueueNumber": "",
        "DataLists": {
            "PassengerList": {
                "Passenger": [
                    {
                        "ContactAddress": {
                            "TypeOfAddress": "D",
                            "Address": "",
                            "State": "",
                            "Country": "",
                            "PostalCode": "",
                            "City": ""
                        },
                        "FirstName": "Rajan",
                        "SsrRequest": [
                            
                        ],
                        "Gender": "Male",
                        "MiddleName": "",
                        "SeatSelection": [
                            
                        ],
                        "OnflyDiscount": "0.00",
                        "NameTitle": "Mr",
                        "Passport": {
                            "ExpiryDate": "1970-01-01",
                            "Number": "",
                            "CountryCode": ""
                        },
                        "OptionalServices": [
                            
                        ],
                        "OnflyMarkup": "0.00",
                        "ContactInfoRef": "CTC1",
                        "Preference": {
                            "WheelChairPreference": {
                                "Reason": ""
                            },
                            "SeatPreference": "",
                            "MealPreference": ""
                        },
                        "RedressDetails": {
                            "RedressNumber": "",
                            "KnownTravellerNumber": ""
                        },
                        "attributes": {
                            "PassengerID": "ADT1"
                        },
                        "LastName": "Santhosh",
                        "PassengerRefID": "ADT1",
                        "PTC": "ADT",
                        "BirthDate": "1995-05-18"
                    },
                    {
                        "ContactAddress": {
                            "TypeOfAddress": "D",
                            "Address": "",
                            "State": "",
                            "Country": "",
                            "PostalCode": "",
                            "City": ""
                        },
                        "FirstName": "karan",
                        "SsrRequest": [
                            
                        ],
                        "Gender": "Male",
                        "MiddleName": "",
                        "SeatSelection": [
                            
                        ],
                        "OnflyDiscount": "0.00",
                        "NameTitle": "Mstr",
                        "Passport": {
                            "ExpiryDate": "1970-01-01",
                            "Number": "",
                            "CountryCode": ""
                        },
                        "OptionalServices": [
                            
                        ],
                        "OnflyMarkup": "0.00",
                        "ContactInfoRef": "CTC1",
                        "Preference": {
                            "WheelChairPreference": {
                                "Reason": ""
                            },
                            "SeatPreference": "",
                            "MealPreference": ""
                        },
                        "RedressDetails": {
                            "RedressNumber": "",
                            "KnownTravellerNumber": ""
                        },
                        "attributes": {
                            "PassengerID": "CHD1"
                        },
                        "LastName": "Arun",
                        "PassengerRefID": "CHD1",
                        "PTC": "CHD",
                        "BirthDate": "2010-05-28"
                    },
                    {
                        "ContactAddress": {
                            "TypeOfAddress": "D",
                            "Address": "",
                            "State": "",
                            "Country": "",
                            "PostalCode": "",
                            "City": ""
                        },
                        "FirstName": "Khan",
                        "SsrRequest": [
                            
                        ],
                        "Gender": "Male",
                        "MiddleName": "",
                        "SeatSelection": [
                            
                        ],
                        "OnflyDiscount": "0.00",
                        "NameTitle": "Mstr",
                        "Passport": {
                            "ExpiryDate": "1970-01-01",
                            "Number": "",
                            "CountryCode": ""
                        },
                        "OptionalServices": [
                            
                        ],
                        "OnflyMarkup": "0.00",
                        "ContactInfoRef": "CTC1",
                        "Preference": {
                            "WheelChairPreference": {
                                "Reason": ""
                            },
                            "SeatPreference": "",
                            "MealPreference": ""
                        },
                        "RedressDetails": {
                            "RedressNumber": "",
                            "KnownTravellerNumber": ""
                        },
                        "attributes": {
                            "PassengerID": "INF1"
                        },
                        "LastName": "Tharun",
                        "PassengerRefID": "INF1",
                        "PTC": "INF",
                        "BirthDate": "2020-05-29"
                    }
                ]
            },
            "ContactList": {
                "GstInformation": {
                    "gst_email": "",
                    "gst_number": "",
                    "gst_company_name": ""
                },
                "ContactInformation": [
                    {
                        "AgencyName": "MRST",
                        "Address": {
                            "StateProv": "ON",
                            "Street": [
                                "chennai",
                                ""
                            ],
                            "PostalCode": "625578",
                            "CityName": "chennai",
                            "CountryCode": "CA"
                        },
                        "PassengerContact": {
                            "Phone": {
                                "AreaCode": "",
                                "PhoneNumber": "9878766545",
                                "ContryCode": ""
                            },
                            "EmailAddress": "srilanakamrst@gmail.com"
                        },
                        "Phone": {
                            "AreaCode": "",
                            "PhoneNumber": "9058202266",
                            "ContryCode": "+1"
                        },
                        "ContactID": "CTC1",
                        "Mobile": {
                            "MobileNumber": "9058202266",
                            "ContryCode": "+1"
                        },
                        "EmailAddress": "srilanakamrst1@gmail.com"
                    }
                ]
            }
        },
        "GenerateVirtualCard": "N",
        "UdidNumber": [
            "998 NFOB2B",
            "295 Ratha",
            "9 MRST",
            "b2bui2.tltid.com"
        ],
        "SupTimeZone": "",
        "MetaData": {
            "Tracking": "Y"
        },
        "DkNumber": "1234567123",
        "BookingId": "18336",
        "ChequeNumber": "000454",
        "ShoppingResponseId": "1648460635137244316",
        "AgentName": "Ratha",
        "PromoDiscount": 0,
        "BookingType": "BOOK"
    }
}
{
    "OrderViewRS": {
        "Document": {
            "Name": "Clarity NDC GATEWAY",
            "ReferenceVersion": "1.0"
        },
        "Party": {
            "Sender": {
                "TravelAgencySender": {
                    "Name": "Engine_Automation_Live",
                    "IATA_Number": "",
                    "AgencyID": "Engine_Automation_Live",
                    "Contacts": {
                        "Contact": [
                            {
                                "EmailContact": "srilanakamrst@gmail.com"
                            }
                        ]
                    }
                }
            }
        },
        "ShoppingResponseId": "1648460635137244316",
        "Success": {
            
        },
        "Order": [
            {
                "OrderID": "2PIC23JP",
                "GdsBookingReference": "4WN5UI",
                "OrderStatus": "SUCCESS",
                "NeedToTicket": "N",
                "3dsPaymentRequired": "N",
                "PAReqKey": "",
                "SecurePaymentUrl": "",
                "TxnReferenceKey": "",
                "TicketInfo": [
                    
                ],
                "SeatSelectionStatus": "FAILED",
                "OfferID": "1777142411648460644637362282",
                "TicketingBotAgentMarkup": 0,
                "Owner": "AC",
                "OrgOwner": "AC",
                "OwnerName": "Air Canada",
                "FareType": "PRI",
                "OrgFareType": "PUB",
                "IsTaxModified": "N",
                "MinOneAdultAgeRequired": "N",
                "ItinMergeType": "",
                "BrandName": "",
                "IsBrandedFare": "N",
                "BrandedFareOptions": [
                    
                ],
                "OnewayBrandedOptions": [
                    
                ],
                "OnewayCabinOptions": [
                    
                ],
                "BrandTextInfo": [
                    
                ],
                "PccIdentifier": "Amadeus_Engine_YTOC421H7",
                "PCC": "YTOC421H7",
                "ProviderCode": "1A",
                "ContentSourceId": 1424,
                "TicketContentSourceId": 1424,
                "ProviderInfo": "Amadeus",
                "CabinType": "ECONOMY",
                "CabinOptions": [
                    
                ],
                "IsAdditionalCabinType": "N",
                "SsrRequestAllowed": "Y",
                "Eticket": "false",
                "PaymentMode": "PAB",
                "AllowHold": "Y",
                "AllowPassengerEmail": "N",
                "RestrictedFare": "false",
                "OfferExpirationDateTime": "2022-03-30 03:00:00",
                "PassportRequired": "N",
                "BookingCurrencyCode": "CAD",
                "EquivCurrencyCode": "CAD",
                "HstPercentage": 13,
                "MediaInfoDataRefKey": "",
                "SortTotal": 920.5,
                "CommissionableSortTotal": 914.5,
                "CSCountry": "CA",
                "FlightComKeyOrg": "ACPUBYYZYVR2022-09-20T07:00:002022-09-20T08:44:00AC101YVRPDX2022-09-25T08:25:002022-09-25T09:40:00AC8652",
                "ContentSourceApiMode": "TEST",
                "RewardSettings": {
                    "RewardAvailable": "N",
                    "PointTypes": [
                        
                    ],
                    "PointValues": {
                        
                    }
                },
                "BookingFeeInfo": {
                    "FeeType": "",
                    "BookingCurrencyPrice": 0,
                    "EquivCurrencyPrice": 0
                },
                "TotalPrice": {
                    "BookingCurrencyPrice": 920.5,
                    "EquivCurrencyPrice": 920.5,
                    "ApiCurrencyPrice": 913.72
                },
                "PerPerson": {
                    "BookingCurrencyPrice": 306.83,
                    "EquivCurrencyPrice": 306.83
                },
                "PerPersonRounded": {
                    "BookingCurrencyPrice": 306,
                    "EquivCurrencyPrice": 306
                },
                "BasePrice": {
                    "BookingCurrencyPrice": 604,
                    "EquivCurrencyPrice": 604,
                    "ApiCurrencyPrice": 598
                },
                "TaxPrice": {
                    "BookingCurrencyPrice": 316.5,
                    "EquivCurrencyPrice": 316.5,
                    "ApiCurrencyPrice": 315.72
                },
                "CommissionableTotalPrice": {
                    "BookingCurrencyPrice": 914.5,
                    "EquivCurrencyPrice": 914.5,
                    "SortEquivCurrencyPrice": 914.5
                },
                "CommissionableBasePrice": {
                    "BookingCurrencyPrice": 598,
                    "EquivCurrencyPrice": 598
                },
                "CommissionablePerPerson": {
                    "BookingCurrencyPrice": 304.83,
                    "EquivCurrencyPrice": 304.83
                },
                "AirlineMaxMarkupInfo": {
                    "FareType": "PUB",
                    "GdsSource": "AMADEUS",
                    "IsMarkupAllowed": true,
                    "AllPaxMaxMarkup": 0,
                    "TemplateId": 0,
                    "TemplateName": "",
                    "CalculationOn": "PPBF",
                    "ShouldNotExceedPub": "N",
                    "RestrictAsCap": "N",
                    "MarkupDetails": {
                        "ADT": {
                            "F": 0,
                            "P": 0,
                            "AllowedMarkup": 0,
                            "UtilizedMarkup": 2,
                            "BalanceMarkup": 0
                        },
                        "CHD": {
                            "F": 0,
                            "P": 0,
                            "AllowedMarkup": 0,
                            "UtilizedMarkup": 2,
                            "BalanceMarkup": 0
                        },
                        "INF": {
                            "F": 0,
                            "P": 0,
                            "AllowedMarkup": 0,
                            "UtilizedMarkup": 2,
                            "BalanceMarkup": 0
                        }
                    },
                    "Currency": "CAD",
                    "MarkupExcRate": 1
                },
                "AgencyCommission": {
                    "BookingCurrencyPrice": 6,
                    "EquivCurrencyPrice": 6
                },
                "AgencyYqCommission": {
                    "BookingCurrencyPrice": 0,
                    "EquivCurrencyPrice": 0
                },
                "PortalMarkup": {
                    "BookingCurrencyPrice": 0,
                    "EquivCurrencyPrice": 0
                },
                "PortalSurcharge": {
                    "BookingCurrencyPrice": 0,
                    "EquivCurrencyPrice": 0
                },
                "PortalDiscount": {
                    "BookingCurrencyPrice": 0,
                    "EquivCurrencyPrice": 0
                },
                "ChangeFeeBefore": {
                    "BookingCurrencyPrice": "NA",
                    "EquivCurrencyPrice": "NA"
                },
                "ChangeFeeAfter": {
                    "BookingCurrencyPrice": "NA",
                    "EquivCurrencyPrice": "NA"
                },
                "CancelFeeBefore": {
                    "BookingCurrencyPrice": "NA",
                    "EquivCurrencyPrice": "NA"
                },
                "CancelFeeAfter": {
                    "BookingCurrencyPrice": "NA",
                    "EquivCurrencyPrice": "NA"
                },
                "PaxSeatInfo": [
                    
                ],
                "0_FlightStops": 0,
                "0_FlightDuration": 284,
                "0_FlightDeparture": "2022-09-20T07:00:00",
                "0_MarketingAirline": 1,
                "1_FlightStops": 0,
                "1_FlightDuration": 75,
                "1_FlightDeparture": "2022-09-25T08:25:00",
                "1_MarketingAirline": 1,
                "OfferItem": [
                    {
                        "OfferItemID": "OFFERITEMID1",
                        "Refundable": "false",
                        "PassengerType": "ADT",
                        "PassengerQuantity": 1,
                        "TotalPriceDetail": {
                            "TotalAmount": {
                                "BookingCurrencyPrice": 448.32,
                                "EquivCurrencyPrice": 448.32
                            }
                        },
                        "Service": [
                            {
                                "ServiceID": "SV1",
                                "PassengerRefs": "ADT1 ",
                                "FlightRefs": "Flight1"
                            },
                            {
                                "ServiceID": "SV2",
                                "PassengerRefs": "ADT1 ",
                                "FlightRefs": "Flight2"
                            }
                        ],
                        "FareDetail": {
                            "PassengerRefs": "ADT1 ",
                            "Price": {
                                "TotalAmount": {
                                    "BookingCurrencyPrice": 448.32,
                                    "EquivCurrencyPrice": 448.32,
                                    "ApiCurrencyPrice": 446.06
                                },
                                "BaseAmount": {
                                    "BookingCurrencyPrice": 301,
                                    "EquivCurrencyPrice": 301,
                                    "ApiCurrencyPrice": 299
                                },
                                "TaxAmount": {
                                    "BookingCurrencyPrice": 147.32,
                                    "EquivCurrencyPrice": 147.32,
                                    "ApiCurrencyPrice": 147.06
                                },
                                "AgencyCommission": {
                                    "BookingCurrencyPrice": 2,
                                    "EquivCurrencyPrice": 2
                                },
                                "AgencyYqCommission": {
                                    "BookingCurrencyPrice": 0,
                                    "EquivCurrencyPrice": 0
                                },
                                "BookingFee": {
                                    "BookingCurrencyPrice": 0,
                                    "EquivCurrencyPrice": 0
                                },
                                "PortalMarkup": {
                                    "BookingCurrencyPrice": 0,
                                    "EquivCurrencyPrice": 0
                                },
                                "PortalSurcharge": {
                                    "BookingCurrencyPrice": 0,
                                    "EquivCurrencyPrice": 0
                                },
                                "PortalDiscount": {
                                    "BookingCurrencyPrice": 0,
                                    "EquivCurrencyPrice": 0
                                },
                                "CommissionableTotalPrice": {
                                    "BookingCurrencyPrice": 446.32,
                                    "EquivCurrencyPrice": 446.32
                                },
                                "CommissionableBasePrice": {
                                    "BookingCurrencyPrice": 299,
                                    "EquivCurrencyPrice": 299
                                },
                                "Taxes": [
                                    {
                                        "TaxCode": "CA",
                                        "BookingCurrencyPrice": 24.21,
                                        "EquivCurrencyPrice": 24.21
                                    },
                                    {
                                        "TaxCode": "XG",
                                        "BookingCurrencyPrice": 17.41,
                                        "EquivCurrencyPrice": 17.41
                                    },
                                    {
                                        "TaxCode": "US",
                                        "BookingCurrencyPrice": 24.94,
                                        "EquivCurrencyPrice": 24.94
                                    },
                                    {
                                        "TaxCode": "XA",
                                        "BookingCurrencyPrice": 5.01,
                                        "EquivCurrencyPrice": 5.01
                                    },
                                    {
                                        "TaxCode": "XY",
                                        "BookingCurrencyPrice": 8.86,
                                        "EquivCurrencyPrice": 8.86
                                    },
                                    {
                                        "TaxCode": "YC",
                                        "BookingCurrencyPrice": 7.73,
                                        "EquivCurrencyPrice": 7.73
                                    },
                                    {
                                        "TaxCode": "RC",
                                        "BookingCurrencyPrice": 3.9,
                                        "EquivCurrencyPrice": 3.9
                                    },
                                    {
                                        "TaxCode": "SQ",
                                        "BookingCurrencyPrice": 55,
                                        "EquivCurrencyPrice": 55
                                    },
                                    {
                                        "TaxCode": "HST",
                                        "BookingCurrencyPrice": 0.26,
                                        "EquivCurrencyPrice": 0.26
                                    }
                                ]
                            },
                            "ApiPrice": {
                                "TotalAmount": 446.06,
                                "BaseAmount": 299,
                                "TaxAmount": 147.06,
                                "YqTaxAmount": 0,
                                "YrTaxAmount": 0
                            }
                        },
                        "FareComponent": [
                            {
                                "PriceClassRef": "PCR_1",
                                "SegmentRefs": "Segment1"
                            },
                            {
                                "PriceClassRef": "PCR_1",
                                "SegmentRefs": "Segment2"
                            }
                        ]
                    },
                    {
                        "OfferItemID": "OFFERITEMID2",
                        "Refundable": "false",
                        "PassengerType": "CHD",
                        "PassengerQuantity": 1,
                        "TotalPriceDetail": {
                            "TotalAmount": {
                                "BookingCurrencyPrice": 448.32,
                                "EquivCurrencyPrice": 448.32
                            }
                        },
                        "Service": [
                            {
                                "ServiceID": "SV1",
                                "PassengerRefs": "CHD1 ",
                                "FlightRefs": "Flight1"
                            },
                            {
                                "ServiceID": "SV2",
                                "PassengerRefs": "CHD1 ",
                                "FlightRefs": "Flight2"
                            }
                        ],
                        "FareDetail": {
                            "PassengerRefs": "CHD1 ",
                            "Price": {
                                "TotalAmount": {
                                    "BookingCurrencyPrice": 448.32,
                                    "EquivCurrencyPrice": 448.32,
                                    "ApiCurrencyPrice": 446.06
                                },
                                "BaseAmount": {
                                    "BookingCurrencyPrice": 301,
                                    "EquivCurrencyPrice": 301,
                                    "ApiCurrencyPrice": 299
                                },
                                "TaxAmount": {
                                    "BookingCurrencyPrice": 147.32,
                                    "EquivCurrencyPrice": 147.32,
                                    "ApiCurrencyPrice": 147.06
                                },
                                "AgencyCommission": {
                                    "BookingCurrencyPrice": 2,
                                    "EquivCurrencyPrice": 2
                                },
                                "AgencyYqCommission": {
                                    "BookingCurrencyPrice": 0,
                                    "EquivCurrencyPrice": 0
                                },
                                "BookingFee": {
                                    "BookingCurrencyPrice": 0,
                                    "EquivCurrencyPrice": 0
                                },
                                "PortalMarkup": {
                                    "BookingCurrencyPrice": 0,
                                    "EquivCurrencyPrice": 0
                                },
                                "PortalSurcharge": {
                                    "BookingCurrencyPrice": 0,
                                    "EquivCurrencyPrice": 0
                                },
                                "PortalDiscount": {
                                    "BookingCurrencyPrice": 0,
                                    "EquivCurrencyPrice": 0
                                },
                                "CommissionableTotalPrice": {
                                    "BookingCurrencyPrice": 446.32,
                                    "EquivCurrencyPrice": 446.32
                                },
                                "CommissionableBasePrice": {
                                    "BookingCurrencyPrice": 299,
                                    "EquivCurrencyPrice": 299
                                },
                                "Taxes": [
                                    {
                                        "TaxCode": "CA",
                                        "BookingCurrencyPrice": 24.21,
                                        "EquivCurrencyPrice": 24.21
                                    },
                                    {
                                        "TaxCode": "XG",
                                        "BookingCurrencyPrice": 17.41,
                                        "EquivCurrencyPrice": 17.41
                                    },
                                    {
                                        "TaxCode": "US",
                                        "BookingCurrencyPrice": 24.94,
                                        "EquivCurrencyPrice": 24.94
                                    },
                                    {
                                        "TaxCode": "XA",
                                        "BookingCurrencyPrice": 5.01,
                                        "EquivCurrencyPrice": 5.01
                                    },
                                    {
                                        "TaxCode": "XY",
                                        "BookingCurrencyPrice": 8.86,
                                        "EquivCurrencyPrice": 8.86
                                    },
                                    {
                                        "TaxCode": "YC",
                                        "BookingCurrencyPrice": 7.73,
                                        "EquivCurrencyPrice": 7.73
                                    },
                                    {
                                        "TaxCode": "RC",
                                        "BookingCurrencyPrice": 3.9,
                                        "EquivCurrencyPrice": 3.9
                                    },
                                    {
                                        "TaxCode": "SQ",
                                        "BookingCurrencyPrice": 55,
                                        "EquivCurrencyPrice": 55
                                    },
                                    {
                                        "TaxCode": "HST",
                                        "BookingCurrencyPrice": 0.26,
                                        "EquivCurrencyPrice": 0.26
                                    }
                                ]
                            },
                            "ApiPrice": {
                                "TotalAmount": 446.06,
                                "BaseAmount": 299,
                                "TaxAmount": 147.06,
                                "YqTaxAmount": 0,
                                "YrTaxAmount": 0
                            }
                        },
                        "FareComponent": [
                            {
                                "PriceClassRef": "PCR_1",
                                "SegmentRefs": "Segment1"
                            },
                            {
                                "PriceClassRef": "PCR_1",
                                "SegmentRefs": "Segment2"
                            }
                        ]
                    },
                    {
                        "OfferItemID": "OFFERITEMID3",
                        "Refundable": "false",
                        "PassengerType": "INF",
                        "PassengerQuantity": 1,
                        "TotalPriceDetail": {
                            "TotalAmount": {
                                "BookingCurrencyPrice": 23.86,
                                "EquivCurrencyPrice": 23.86
                            }
                        },
                        "Service": [
                            {
                                "ServiceID": "SV1",
                                "PassengerRefs": "INF1 ",
                                "FlightRefs": "Flight1"
                            },
                            {
                                "ServiceID": "SV2",
                                "PassengerRefs": "INF1 ",
                                "FlightRefs": "Flight2"
                            }
                        ],
                        "FareDetail": {
                            "PassengerRefs": "INF1 ",
                            "Price": {
                                "TotalAmount": {
                                    "BookingCurrencyPrice": 23.86,
                                    "EquivCurrencyPrice": 23.86,
                                    "ApiCurrencyPrice": 21.6
                                },
                                "BaseAmount": {
                                    "BookingCurrencyPrice": 2,
                                    "EquivCurrencyPrice": 2,
                                    "ApiCurrencyPrice": 0
                                },
                                "TaxAmount": {
                                    "BookingCurrencyPrice": 21.86,
                                    "EquivCurrencyPrice": 21.86,
                                    "ApiCurrencyPrice": 21.6
                                },
                                "AgencyCommission": {
                                    "BookingCurrencyPrice": 2,
                                    "EquivCurrencyPrice": 2
                                },
                                "AgencyYqCommission": {
                                    "BookingCurrencyPrice": 0,
                                    "EquivCurrencyPrice": 0
                                },
                                "BookingFee": {
                                    "BookingCurrencyPrice": 0,
                                    "EquivCurrencyPrice": 0
                                },
                                "PortalMarkup": {
                                    "BookingCurrencyPrice": 0,
                                    "EquivCurrencyPrice": 0
                                },
                                "PortalSurcharge": {
                                    "BookingCurrencyPrice": 0,
                                    "EquivCurrencyPrice": 0
                                },
                                "PortalDiscount": {
                                    "BookingCurrencyPrice": 0,
                                    "EquivCurrencyPrice": 0
                                },
                                "CommissionableTotalPrice": {
                                    "BookingCurrencyPrice": 21.86,
                                    "EquivCurrencyPrice": 21.86
                                },
                                "CommissionableBasePrice": {
                                    "BookingCurrencyPrice": 0,
                                    "EquivCurrencyPrice": 0
                                },
                                "Taxes": [
                                    {
                                        "TaxCode": "XA",
                                        "BookingCurrencyPrice": 5.01,
                                        "EquivCurrencyPrice": 5.01
                                    },
                                    {
                                        "TaxCode": "XY",
                                        "BookingCurrencyPrice": 8.86,
                                        "EquivCurrencyPrice": 8.86
                                    },
                                    {
                                        "TaxCode": "YC",
                                        "BookingCurrencyPrice": 7.73,
                                        "EquivCurrencyPrice": 7.73
                                    },
                                    {
                                        "TaxCode": "HST",
                                        "BookingCurrencyPrice": 0.26,
                                        "EquivCurrencyPrice": 0.26
                                    }
                                ]
                            },
                            "ApiPrice": {
                                "TotalAmount": 21.6,
                                "BaseAmount": 0,
                                "TaxAmount": 21.6,
                                "YqTaxAmount": 0,
                                "YrTaxAmount": 0
                            }
                        },
                        "FareComponent": [
                            {
                                "PriceClassRef": "PCR_1",
                                "SegmentRefs": "Segment1"
                            },
                            {
                                "PriceClassRef": "PCR_1",
                                "SegmentRefs": "Segment2"
                            }
                        ]
                    }
                ],
                "AirlineCharge": [
                    {
                        "BuyingFare": 913.72,
                        "SellingFare": 920.5,
                        "AirlineCharge": 913.72,
                        "ReqAirlineCharge": 913.72,
                        "FaerType": "PUB",
                        "OfferID": "1777142411648460644637362282",
                        "Owner": "AC",
                        "MultipleFop": "N"
                    }
                ],
                "SplitPaymentInfo": [
                    {
                        "AirItineraryId": "1777142411648460644637362282",
                        "MultipleFop": "N",
                        "MaxCardsPerPax": 0,
                        "MaxCardsPerPaxInMFOP": 0,
                        "AllowedMarkup": {
                            "ADT": 0,
                            "CHD": 0,
                            "INF": 0
                        }
                    }
                ],
                "SupplierWiseFares": [
                    {
                        "SupplierAccountId": 577,
                        "ConsumerAccountid": 577,
                        "PosBaseFare": 604,
                        "PosTaxFare": 316.5,
                        "PosTotalFare": 920.5,
                        "PaxFareBreakup": [
                            {
                                "PaxType": "ADT",
                                "PaxQuantity": 1,
                                "PosBaseFare": 301,
                                "PosTaxFare": 147.32,
                                "PosYQTax": 0,
                                "PosYRTax": 0,
                                "PosTotalFare": 448.32,
                                "ItinTax": [
                                    {
                                        "TaxCode": "CA",
                                        "ApiAmount": 24.21,
                                        "PosAmount": 24.21,
                                        "ReqAmount": 24.21,
                                        "TaxLine": 1,
                                        "PosApiAmount": 24.21,
                                        "ReqApiAmount": 24.21
                                    },
                                    {
                                        "TaxCode": "XG",
                                        "ApiAmount": 17.41,
                                        "PosAmount": 17.41,
                                        "ReqAmount": 17.41,
                                        "TaxLine": 2,
                                        "PosApiAmount": 17.41,
                                        "ReqApiAmount": 17.41
                                    },
                                    {
                                        "TaxCode": "US",
                                        "ApiAmount": 24.94,
                                        "PosAmount": 24.94,
                                        "ReqAmount": 24.94,
                                        "TaxLine": 3,
                                        "PosApiAmount": 24.94,
                                        "ReqApiAmount": 24.94
                                    },
                                    {
                                        "TaxCode": "XA",
                                        "ApiAmount": 5.01,
                                        "PosAmount": 5.01,
                                        "ReqAmount": 5.01,
                                        "TaxLine": 4,
                                        "PosApiAmount": 5.01,
                                        "ReqApiAmount": 5.01
                                    },
                                    {
                                        "TaxCode": "XY",
                                        "ApiAmount": 8.86,
                                        "PosAmount": 8.86,
                                        "ReqAmount": 8.86,
                                        "TaxLine": 5,
                                        "PosApiAmount": 8.86,
                                        "ReqApiAmount": 8.86
                                    },
                                    {
                                        "TaxCode": "YC",
                                        "ApiAmount": 7.73,
                                        "PosAmount": 7.73,
                                        "ReqAmount": 7.73,
                                        "TaxLine": 6,
                                        "PosApiAmount": 7.73,
                                        "ReqApiAmount": 7.73
                                    },
                                    {
                                        "TaxCode": "RC",
                                        "ApiAmount": 3.9,
                                        "PosAmount": 3.9,
                                        "ReqAmount": 3.9,
                                        "TaxLine": 7,
                                        "PosApiAmount": 3.9,
                                        "ReqApiAmount": 3.9
                                    },
                                    {
                                        "TaxCode": "SQ",
                                        "ApiAmount": 55,
                                        "PosAmount": 55,
                                        "ReqAmount": 55,
                                        "TaxLine": 8,
                                        "PosApiAmount": 55,
                                        "ReqApiAmount": 55
                                    },
                                    {
                                        "TaxCode": "HST",
                                        "ApiAmount": 0.26,
                                        "PosAmount": 0.26,
                                        "ReqAmount": 0.26,
                                        "TaxIdentity": "HST_577",
                                        "TaxLine": 8
                                    }
                                ],
                                "SupplierMarkup": 2,
                                "SupplierDiscount": 0,
                                "SupplierSurcharge": 0,
                                "SupplierAgencyCommission": 2,
                                "SupplierAgencyYqCommission": 0,
                                "SupplierSegmentBenifit": 0,
                                "AddOnCharge": 0,
                                "PortalMarkup": 0,
                                "PortalDiscount": 0,
                                "PortalSurcharge": 0,
                                "SupplierHstAmount": 0.26,
                                "AddOnHstAmount": 0,
                                "PortalHstAmount": 0,
                                "SupplierUpSaleAmt": 0,
                                "AirlineCommission": 2,
                                "AirlineYqCommission": 0,
                                "AirlineSegmentBenifit": 0,
                                "AirlineCommissionPercentage": "0",
                                "AirlineCommissionFixed": "2",
                                "PosApiTotalFare": 446.06,
                                "PosApiBaseFare": 299,
                                "PosApiTaxFare": 147.06,
                                "PosCurrency": "CAD",
                                "SupplierBookingFee": 0,
                                "PortalBookingFee": 0,
                                "ApiPaxTypeRefInfo": {
                                    "ADT": "ADT",
                                    "CHD": "CNN",
                                    "INF": "INF"
                                },
                                "AirlineSegmentCommission": 0
                            },
                            {
                                "PaxType": "CHD",
                                "PaxQuantity": 1,
                                "PosBaseFare": 301,
                                "PosTaxFare": 147.32,
                                "PosYQTax": 0,
                                "PosYRTax": 0,
                                "PosTotalFare": 448.32,
                                "ItinTax": [
                                    {
                                        "TaxCode": "CA",
                                        "ApiAmount": 24.21,
                                        "PosAmount": 24.21,
                                        "ReqAmount": 24.21,
                                        "TaxLine": 1,
                                        "PosApiAmount": 24.21,
                                        "ReqApiAmount": 24.21
                                    },
                                    {
                                        "TaxCode": "XG",
                                        "ApiAmount": 17.41,
                                        "PosAmount": 17.41,
                                        "ReqAmount": 17.41,
                                        "TaxLine": 2,
                                        "PosApiAmount": 17.41,
                                        "ReqApiAmount": 17.41
                                    },
                                    {
                                        "TaxCode": "US",
                                        "ApiAmount": 24.94,
                                        "PosAmount": 24.94,
                                        "ReqAmount": 24.94,
                                        "TaxLine": 3,
                                        "PosApiAmount": 24.94,
                                        "ReqApiAmount": 24.94
                                    },
                                    {
                                        "TaxCode": "XA",
                                        "ApiAmount": 5.01,
                                        "PosAmount": 5.01,
                                        "ReqAmount": 5.01,
                                        "TaxLine": 4,
                                        "PosApiAmount": 5.01,
                                        "ReqApiAmount": 5.01
                                    },
                                    {
                                        "TaxCode": "XY",
                                        "ApiAmount": 8.86,
                                        "PosAmount": 8.86,
                                        "ReqAmount": 8.86,
                                        "TaxLine": 5,
                                        "PosApiAmount": 8.86,
                                        "ReqApiAmount": 8.86
                                    },
                                    {
                                        "TaxCode": "YC",
                                        "ApiAmount": 7.73,
                                        "PosAmount": 7.73,
                                        "ReqAmount": 7.73,
                                        "TaxLine": 6,
                                        "PosApiAmount": 7.73,
                                        "ReqApiAmount": 7.73
                                    },
                                    {
                                        "TaxCode": "RC",
                                        "ApiAmount": 3.9,
                                        "PosAmount": 3.9,
                                        "ReqAmount": 3.9,
                                        "TaxLine": 7,
                                        "PosApiAmount": 3.9,
                                        "ReqApiAmount": 3.9
                                    },
                                    {
                                        "TaxCode": "SQ",
                                        "ApiAmount": 55,
                                        "PosAmount": 55,
                                        "ReqAmount": 55,
                                        "TaxLine": 8,
                                        "PosApiAmount": 55,
                                        "ReqApiAmount": 55
                                    },
                                    {
                                        "TaxCode": "HST",
                                        "ApiAmount": 0.26,
                                        "PosAmount": 0.26,
                                        "ReqAmount": 0.26,
                                        "TaxIdentity": "HST_577",
                                        "TaxLine": 8
                                    }
                                ],
                                "SupplierMarkup": 2,
                                "SupplierDiscount": 0,
                                "SupplierSurcharge": 0,
                                "SupplierAgencyCommission": 2,
                                "SupplierAgencyYqCommission": 0,
                                "SupplierSegmentBenifit": 0,
                                "AddOnCharge": 0,
                                "PortalMarkup": 0,
                                "PortalDiscount": 0,
                                "PortalSurcharge": 0,
                                "SupplierHstAmount": 0.26,
                                "AddOnHstAmount": 0,
                                "PortalHstAmount": 0,
                                "SupplierUpSaleAmt": 0,
                                "AirlineCommission": 2,
                                "AirlineYqCommission": 0,
                                "AirlineSegmentBenifit": 0,
                                "AirlineCommissionPercentage": "0",
                                "AirlineCommissionFixed": "2",
                                "PosApiTotalFare": 446.06,
                                "PosApiBaseFare": 299,
                                "PosApiTaxFare": 147.06,
                                "PosCurrency": "CAD",
                                "SupplierBookingFee": 0,
                                "PortalBookingFee": 0,
                                "AirlineSegmentCommission": 0
                            },
                            {
                                "PaxType": "INF",
                                "PaxQuantity": 1,
                                "PosBaseFare": 2,
                                "PosTaxFare": 21.860000000000003,
                                "PosYQTax": 0,
                                "PosYRTax": 0,
                                "PosTotalFare": 23.86,
                                "ItinTax": [
                                    {
                                        "TaxCode": "XA",
                                        "ApiAmount": 5.01,
                                        "PosAmount": 5.01,
                                        "ReqAmount": 5.01,
                                        "TaxLine": 1,
                                        "PosApiAmount": 5.01,
                                        "ReqApiAmount": 5.01
                                    },
                                    {
                                        "TaxCode": "XY",
                                        "ApiAmount": 8.86,
                                        "PosAmount": 8.86,
                                        "ReqAmount": 8.86,
                                        "TaxLine": 2,
                                        "PosApiAmount": 8.86,
                                        "ReqApiAmount": 8.86
                                    },
                                    {
                                        "TaxCode": "YC",
                                        "ApiAmount": 7.73,
                                        "PosAmount": 7.73,
                                        "ReqAmount": 7.73,
                                        "TaxLine": 3,
                                        "PosApiAmount": 7.73,
                                        "ReqApiAmount": 7.73
                                    },
                                    {
                                        "TaxCode": "HST",
                                        "ApiAmount": 0.26,
                                        "PosAmount": 0.26,
                                        "ReqAmount": 0.26,
                                        "TaxIdentity": "HST_577",
                                        "TaxLine": 3
                                    }
                                ],
                                "SupplierMarkup": 2,
                                "SupplierDiscount": 0,
                                "SupplierSurcharge": 0,
                                "SupplierAgencyCommission": 2,
                                "SupplierAgencyYqCommission": 0,
                                "SupplierSegmentBenifit": 0,
                                "AddOnCharge": 0,
                                "PortalMarkup": 0,
                                "PortalDiscount": 0,
                                "PortalSurcharge": 0,
                                "SupplierHstAmount": 0.26,
                                "AddOnHstAmount": 0,
                                "PortalHstAmount": 0,
                                "SupplierUpSaleAmt": 0,
                                "AirlineCommission": 2,
                                "AirlineYqCommission": 0,
                                "AirlineSegmentBenifit": 0,
                                "AirlineCommissionPercentage": "0",
                                "AirlineCommissionFixed": "2",
                                "PosApiTotalFare": 21.6,
                                "PosApiBaseFare": 0,
                                "PosApiTaxFare": 21.6,
                                "PosCurrency": "CAD",
                                "SupplierBookingFee": 0,
                                "PortalBookingFee": 0,
                                "AirlineSegmentCommission": 0
                            }
                        ],
                        "SupplierMarkup": 6,
                        "SupplierDiscount": 0,
                        "SupplierSurcharge": 0,
                        "SupplierAgencyCommission": 6,
                        "SupplierAgencyYqCommission": 0,
                        "SupplierSegmentBenifit": 0,
                        "PosTemplateId": 1777,
                        "PosTemplateName": "Engine_Automation_Live",
                        "PosContractId": 572,
                        "PosContractName": "WS-WY-GF-AC-EY-UL-AA-BA_PUB-PRI-ITX-PFA-COM_Engine_1A/1A/1V/1V/1S_YOWC42117/YTOC421H7/2E9L/229G/KY6G_@@@Engine_Automation",
                        "PosContractCode": "56576",
                        "PosRuleId": 772,
                        "PosRuleName": "Markup",
                        "PosRuleCode": "5656",
                        "ContractRemarks": {
                            "osi_notes": "",
                            "ticket_designator": "",
                            "endorsement": "",
                            "override_endosement": "N",
                            "tour_code": "",
                            "remark": "",
                            "itbt": "N",
                            "eligibility": "Y",
                            "cancellation": {
                                "before": "",
                                "after": ""
                            },
                            "changes": {
                                "before": "",
                                "after": ""
                            },
                            "no_show": {
                                "after": ""
                            },
                            "non_eligibility_info": [
                                
                            ],
                            "endosement": "",
                            "fop_allowed": "Y",
                            "fop_details": {
                                "CC": {
                                    "Allowed": "Y",
                                    "Types": {
                                        "AX": {
                                            "P": 0,
                                            "F": "1"
                                        },
                                        "MC": {
                                            "P": 0,
                                            "F": "1"
                                        },
                                        "VI": {
                                            "P": 0,
                                            "F": "1"
                                        }
                                    }
                                },
                                "DC": {
                                    "Allowed": "Y",
                                    "Types": {
                                        "MC": {
                                            "P": 0,
                                            "F": 0
                                        },
                                        "VI": {
                                            "P": 0,
                                            "F": 0
                                        }
                                    }
                                },
                                "CASH": {
                                    "Allowed": "Y"
                                },
                                "CHEQUE": {
                                    "Allowed": "Y"
                                },
                                "ACH": {
                                    "Allowed": "Y"
                                },
                                "PG": {
                                    "Allowed": "Y"
                                }
                            }
                        },
                        "SupplierMarkupTemplateId": 1683,
                        "SupplierMarkupTemplateName": "Engine_Automation",
                        "SupplierMarkupContractId": 2013,
                        "SupplierMarkupContractName": "WS-WY-GF-AC-EY-UL-AA-BA_PUB-PRI-ITX-PFA-COM_Engine_1A/1A/1V/1V/1S_YOWC42117/YTOC421H7/2E9L/229G/KY6G_@@@Engine_Automation Group 5851",
                        "SupplierMarkupRuleId": 2222,
                        "SupplierMarkupRuleName": "Markup",
                        "SupplierMarkupRuleCode": "5656",
                        "SupplierMarkupRuleType": "M",
                        "SupplierMarkupRef": "R",
                        "SupplierSurchargeIds": "",
                        "SupplierSurcharges": [
                            {
                                
                            },
                            {
                                
                            },
                            {
                                
                            }
                        ],
                        "AddOnCharge": 0,
                        "PortalMarkup": 0,
                        "PortalDiscount": 0,
                        "PortalSurcharge": 0,
                        "PortalMarkupTemplateId": 0,
                        "PortalMarkupTemplateName": "",
                        "PortalMarkupContractName": "",
                        "PortalMarkupRuleId": 0,
                        "PortalMarkupRuleName": "",
                        "PortalMarkupRuleCode": "",
                        "PortalSurchargeIds": "",
                        "PortalPaxSurcharges": [
                            {
                                
                            },
                            {
                                
                            },
                            {
                                
                            }
                        ],
                        "SupplierHstAmount": 0.78,
                        "AddOnHstAmount": 0,
                        "PortalHstAmount": 0,
                        "FopDetails": {
                            "CC": {
                                "Allowed": "Y",
                                "Types": {
                                    "AX": {
                                        "P": 0,
                                        "F": "1"
                                    },
                                    "MC": {
                                        "P": 0,
                                        "F": "01"
                                    },
                                    "VI": {
                                        "P": 0,
                                        "F": "1"
                                    }
                                }
                            },
                            "DC": {
                                "Allowed": "Y",
                                "Types": {
                                    "MC": {
                                        "P": 0,
                                        "F": 0
                                    },
                                    "VI": {
                                        "P": 0,
                                        "F": 0
                                    }
                                }
                            },
                            "CASH": {
                                "Allowed": "Y"
                            },
                            "CHEQUE": {
                                "Allowed": "Y"
                            },
                            "ACH": {
                                "Allowed": "Y"
                            },
                            "PG": {
                                "Allowed": "Y"
                            }
                        },
                        "SupplierUpSaleAmt": 0,
                        "AirlineCommission": 6,
                        "AirlineYqCommission": 0,
                        "AirlineSegmentBenifit": 0,
                        "SupplierBookingFeeType": "",
                        "PortalBookingFeeType": "",
                        "SupplierBookingFee": 0,
                        "PortalBookingFee": 0,
                        "MarkupRuleLoyaltyCode": "Markup_5656_2222",
                        "AirlineSegmentCommission": null
                    }
                ],
                "BookingToEquivExRate": 1,
                "ApiCurrency": "CAD",
                "ApiCurrencyExRate": 1,
                "ReqCurrency": "CAD",
                "ReqCurrencyExRate": 1,
                "PosCurrency": "CAD",
                "PosCurrencyExRate": 1,
                "SupplierId": 577,
                "FopRef": "FOP_577_577_1424_772_AC_PRI"
            }
        ],
        "DataLists": {
            "PassengerList": {
                "Passengers": [
                    {
                        "ContactAddress": {
                            "TypeOfAddress": "D",
                            "Address": "",
                            "State": "",
                            "Country": "",
                            "PostalCode": "",
                            "City": ""
                        },
                        "FirstName": "Rajan",
                        "SsrRequest": [
                            
                        ],
                        "Gender": "Male",
                        "MiddleName": "",
                        "SeatSelection": [
                            
                        ],
                        "OnflyDiscount": "0.00",
                        "NameTitle": "Mr",
                        "Passport": {
                            "ExpiryDate": "1970-01-01",
                            "Number": "",
                            "CountryCode": ""
                        },
                        "OptionalServices": [
                            
                        ],
                        "OnflyMarkup": "0.00",
                        "ContactInfoRef": "CTC1",
                        "Preference": {
                            "WheelChairPreference": {
                                "Reason": ""
                            },
                            "SeatPreference": "",
                            "MealPreference": ""
                        },
                        "RedressDetails": {
                            "RedressNumber": "",
                            "KnownTravellerNumber": ""
                        },
                        "attributes": {
                            "PassengerID": "ADT1"
                        },
                        "LastName": "Santhosh",
                        "PassengerRefID": "ADT1",
                        "PTC": "ADT",
                        "BirthDate": "1995-05-18"
                    },
                    {
                        "ContactAddress": {
                            "TypeOfAddress": "D",
                            "Address": "",
                            "State": "",
                            "Country": "",
                            "PostalCode": "",
                            "City": ""
                        },
                        "FirstName": "karan",
                        "SsrRequest": [
                            
                        ],
                        "Gender": "Male",
                        "MiddleName": "",
                        "SeatSelection": [
                            
                        ],
                        "OnflyDiscount": "0.00",
                        "NameTitle": "Mstr",
                        "Passport": {
                            "ExpiryDate": "1970-01-01",
                            "Number": "",
                            "CountryCode": ""
                        },
                        "OptionalServices": [
                            
                        ],
                        "OnflyMarkup": "0.00",
                        "ContactInfoRef": "CTC1",
                        "Preference": {
                            "WheelChairPreference": {
                                "Reason": ""
                            },
                            "SeatPreference": "",
                            "MealPreference": ""
                        },
                        "RedressDetails": {
                            "RedressNumber": "",
                            "KnownTravellerNumber": ""
                        },
                        "attributes": {
                            "PassengerID": "CHD1"
                        },
                        "LastName": "Arun",
                        "PassengerRefID": "CHD1",
                        "PTC": "CHD",
                        "BirthDate": "2010-05-28"
                    },
                    {
                        "ContactAddress": {
                            "TypeOfAddress": "D",
                            "Address": "",
                            "State": "",
                            "Country": "",
                            "PostalCode": "",
                            "City": ""
                        },
                        "FirstName": "Khan",
                        "SsrRequest": [
                            
                        ],
                        "Gender": "Male",
                        "MiddleName": "",
                        "SeatSelection": [
                            
                        ],
                        "OnflyDiscount": "0.00",
                        "NameTitle": "Mstr",
                        "Passport": {
                            "ExpiryDate": "1970-01-01",
                            "Number": "",
                            "CountryCode": ""
                        },
                        "OptionalServices": [
                            
                        ],
                        "OnflyMarkup": "0.00",
                        "ContactInfoRef": "CTC1",
                        "Preference": {
                            "WheelChairPreference": {
                                "Reason": ""
                            },
                            "SeatPreference": "",
                            "MealPreference": ""
                        },
                        "RedressDetails": {
                            "RedressNumber": "",
                            "KnownTravellerNumber": ""
                        },
                        "attributes": {
                            "PassengerID": "INF1"
                        },
                        "LastName": "Tharun",
                        "PassengerRefID": "INF1",
                        "PTC": "INF",
                        "BirthDate": "2020-05-29"
                    }
                ]
            },
            "DisclosureList": {
                "Disclosures": [
                    
                ]
            },
            "FareList": {
                "FareGroup": [
                    
                ]
            },
            "FlightSegmentList": {
                "FlightSegment": [
                    {
                        "SegmentKey": "Segment1",
                        "Departure": {
                            "AirportCode": "YYZ",
                            "Date": "2022-09-20",
                            "Time": "07:00:00",
                            "AirportName": "Lester B. Pearson International Airport",
                            "Terminal": {
                                "Name": "1"
                            }
                        },
                        "Arrival": {
                            "AirportCode": "YVR",
                            "Date": "2022-09-20",
                            "Time": "08:44:00",
                            "AirportName": "Vancouver International Airport",
                            "Terminal": {
                                "Name": "M"
                            }
                        },
                        "MarketingCarrier": {
                            "AirlineID": "AC",
                            "Name": "Air Canada",
                            "FlightNumber": "101",
                            "OrgAirlineID": "AC"
                        },
                        "OperatingCarrier": {
                            "AirlineID": "AC",
                            "Name": "Air Canada",
                            "FlightNumber": "101",
                            "OrgAirlineID": "AC"
                        },
                        "Equipment": {
                            "AircraftCode": "789",
                            "Name": "789"
                        },
                        "Code": {
                            "MarriageGroup": "O",
                            "ResBookDesigCode": "T",
                            "Cabin": "Y"
                        },
                        "FlightDetail": {
                            "FlightDuration": {
                                "Value": "4 H 44 M"
                            },
                            "Stops": {
                                "Value": 0
                            },
                            "InterMediate": [
                                
                            ],
                            "AirMilesFlown": 0,
                            "SegmentPnr": "4WN5UI"
                        },
                        "BrandId": ""
                    },
                    {
                        "SegmentKey": "Segment2",
                        "Departure": {
                            "AirportCode": "YVR",
                            "Date": "2022-09-25",
                            "Time": "08:25:00",
                            "AirportName": "Vancouver International Airport",
                            "Terminal": {
                                "Name": "M"
                            }
                        },
                        "Arrival": {
                            "AirportCode": "PDX",
                            "Date": "2022-09-25",
                            "Time": "09:40:00",
                            "AirportName": "Portland International Airport",
                            "Terminal": {
                                "Name": ""
                            }
                        },
                        "MarketingCarrier": {
                            "AirlineID": "AC",
                            "Name": "Air Canada",
                            "FlightNumber": "8652",
                            "OrgAirlineID": "AC"
                        },
                        "OperatingCarrier": {
                            "AirlineID": "AC",
                            "Name": "Air Canada",
                            "FlightNumber": "8652",
                            "OrgAirlineID": "AC"
                        },
                        "Equipment": {
                            "AircraftCode": "DH4",
                            "Name": "De Havilland Canada DHC-8-400 Dash 8Q"
                        },
                        "Code": {
                            "MarriageGroup": "O",
                            "ResBookDesigCode": "G",
                            "Cabin": "Y"
                        },
                        "FlightDetail": {
                            "FlightDuration": {
                                "Value": "-2 H -45 M"
                            },
                            "Stops": {
                                "Value": 0
                            },
                            "InterMediate": [
                                
                            ],
                            "AirMilesFlown": 0,
                            "SegmentPnr": "4WN5UI"
                        },
                        "BrandId": ""
                    }
                ]
            },
            "FlightList": {
                "Flight": [
                    {
                        "FlightKey": "Flight1",
                        "Journey": {
                            "Time": "4 H 44 M",
                            "Stops": 0
                        },
                        "SegmentReferences": "Segment1"
                    },
                    {
                        "FlightKey": "Flight2",
                        "Journey": {
                            "Time": "1 H 15 M",
                            "Stops": 0
                        },
                        "SegmentReferences": "Segment2"
                    }
                ]
            },
            "OriginDestinationList": {
                "OriginDestination": [
                    {
                        "OriginDestinationKey": "OD1",
                        "DepartureCode": "YYZ",
                        "ArrivalCode": "YVR",
                        "FlightReferences": "Flight1"
                    },
                    {
                        "OriginDestinationKey": "OD2",
                        "DepartureCode": "YVR",
                        "ArrivalCode": "PDX",
                        "FlightReferences": "Flight2"
                    }
                ]
            },
            "PriceClassList": {
                "PriceClass": [
                    {
                        "PriceClassID": "PCR_1",
                        "Name": "pri",
                        "ClassOfService": [
                            {
                                "SegementRef": "Segment1",
                                "Code": {
                                    "SeatsLeft": "9",
                                    "Value": "T"
                                },
                                "MarketingName": "",
                                "Carrier": "AC",
                                "Cabin": "Y",
                                "MediaInfoRefKey": "",
                                "FareBasisCode": "TZ6LZCTG",
                                "Baggage": {
                                    "Allowance": "0",
                                    "Unit": "Pieces"
                                },
                                "Meal": "",
                                "CHD": {
                                    "Baggage": {
                                        "Allowance": "0",
                                        "Unit": "Pieces"
                                    },
                                    "FareBasisCode": "TZ6LZCTG",
                                    "Meal": ""
                                },
                                "INF": {
                                    "Baggage": {
                                        "Allowance": "0",
                                        "Unit": "Pieces"
                                    },
                                    "FareBasisCode": "TZ6LZCTG",
                                    "Meal": ""
                                }
                            },
                            {
                                "SegementRef": "Segment2",
                                "Code": {
                                    "SeatsLeft": "9",
                                    "Value": "G"
                                },
                                "MarketingName": "",
                                "Carrier": "AC",
                                "Cabin": "Y",
                                "MediaInfoRefKey": "",
                                "FareBasisCode": "GNA8A0TG",
                                "Baggage": {
                                    "Allowance": "0",
                                    "Unit": "Pieces"
                                },
                                "Meal": "",
                                "CHD": {
                                    "Baggage": {
                                        "Allowance": "0",
                                        "Unit": "Pieces"
                                    },
                                    "FareBasisCode": "GNA8A0TG",
                                    "Meal": ""
                                },
                                "INF": {
                                    "Baggage": {
                                        "Allowance": "0",
                                        "Unit": "Pieces"
                                    },
                                    "FareBasisCode": "GNA8A0TG",
                                    "Meal": ""
                                }
                            }
                        ]
                    }
                ]
            },
            "SuppliersList": [
                577
            ],
            "FopList": [
                {
                    "CC": {
                        "Allowed": "Y",
                        "Types": {
                            "AX": {
                                "F": {
                                    "BookingCurrencyPrice": "1",
                                    "EquivCurrencyPrice": "1"
                                },
                                "P": 0,
                                "Charges": {
                                    "BookingCurrencyPrice": 1,
                                    "EquivCurrencyPrice": 1
                                }
                            },
                            "MC": {
                                "F": {
                                    "BookingCurrencyPrice": "01",
                                    "EquivCurrencyPrice": "01"
                                },
                                "P": 0,
                                "Charges": {
                                    "BookingCurrencyPrice": 1,
                                    "EquivCurrencyPrice": 1
                                }
                            },
                            "VI": {
                                "F": {
                                    "BookingCurrencyPrice": "1",
                                    "EquivCurrencyPrice": "1"
                                },
                                "P": 0,
                                "Charges": {
                                    "BookingCurrencyPrice": 1,
                                    "EquivCurrencyPrice": 1
                                }
                            }
                        }
                    },
                    "DC": {
                        "Allowed": "Y",
                        "Types": {
                            "MC": {
                                "F": {
                                    "BookingCurrencyPrice": 0,
                                    "EquivCurrencyPrice": 0
                                },
                                "P": 0,
                                "Charges": {
                                    "BookingCurrencyPrice": 0,
                                    "EquivCurrencyPrice": 0
                                }
                            },
                            "VI": {
                                "F": {
                                    "BookingCurrencyPrice": 0,
                                    "EquivCurrencyPrice": 0
                                },
                                "P": 0,
                                "Charges": {
                                    "BookingCurrencyPrice": 0,
                                    "EquivCurrencyPrice": 0
                                }
                            }
                        }
                    },
                    "CASH": {
                        "Allowed": "Y",
                        "Types": {
                            
                        }
                    },
                    "CHEQUE": {
                        "Allowed": "Y",
                        "Types": {
                            
                        }
                    },
                    "ACH": {
                        "Allowed": "Y",
                        "Types": {
                            
                        }
                    },
                    "PG": {
                        "Allowed": "Y",
                        "Types": {
                            
                        }
                    },
                    "FopKey": "FOP_577_577_1424_772_AC_PRI"
                }
            ],
            "CpList": [
                {
                    
                }
            ]
        }
    }
}
null
15:14:57.883 [main] INFO  onewayBooking.AirShopping - null
15:14:57.883 [main] INFO  listener.TestListeners - <b>Test Method multiCityBookingSuccess<b>
]]></system-out>
  </testcase>
  <testcase name="multiCityBookingResponseOrderId" classname="runner.EngineApiTest" time="0">
    <system-out><![CDATA[15:14:57.884 [main] INFO  listener.TestListeners - <b>Test Method multiCityBookingResponseOrderIdStarted<b>
2PIC23JP
15:14:57.906 [main] INFO  onewayBooking.AirShopping - 2PIC23JP
15:14:57.906 [main] INFO  listener.TestListeners - <b>Test Method multiCityBookingResponseOrderIdSuccess<b>
]]></system-out>
  </testcase>
  <testcase name="openJawRequest" classname="runner.EngineApiTest" time="0.001">
    <system-out><![CDATA[DEBUG   16484   [freemark] (): TemplateLoader.findTemplateSource("spark/spark.spa_en_IN.ftl"): Not found
DEBUG   16484   [freemark] (): TemplateLoader.findTemplateSource("spark/spark.spa_en.ftl"): Not found
DEBUG   16484   [freemark] (): TemplateLoader.findTemplateSource("spark/spark.spa.ftl"): Found
DEBUG   16484   [freemark] (): "spark/spark.spa.ftl"("en_IN", UTF-8, parsed): using cached since jar:file:/home/pandian/.m2/repository/com/aventstack/extentreports/5.0.9/extentreports-5.0.9.jar!/com/aventstack/extentreports/templates/spark/spark.spa.ftl hasn't changed.
DEBUG   16484   [freemark] (): TemplateLoader.findTemplateSource("commons/commons-variables_en_IN.ftl"): Not found
DEBUG   16484   [freemark] (): TemplateLoader.findTemplateSource("commons/commons-variables_en.ftl"): Not found
DEBUG   16484   [freemark] (): TemplateLoader.findTemplateSource("commons/commons-variables.ftl"): Found
DEBUG   16484   [freemark] (): "commons/commons-variables.ftl"("en_IN", UTF-8, parsed): using cached since jar:file:/home/pandian/.m2/repository/com/aventstack/extentreports/5.0.9/extentreports-5.0.9.jar!/com/aventstack/extentreports/templates/commons/commons-variables.ftl hasn't changed.
DEBUG   16484   [freemark] (): TemplateLoader.findTemplateSource("commons/commons-macros_en_IN.ftl"): Not found
DEBUG   16484   [freemark] (): TemplateLoader.findTemplateSource("commons/commons-macros_en.ftl"): Not found
DEBUG   16484   [freemark] (): TemplateLoader.findTemplateSource("commons/commons-macros.ftl"): Found
DEBUG   16484   [freemark] (): "commons/commons-macros.ftl"("en_IN", UTF-8, parsed): using cached since jar:file:/home/pandian/.m2/repository/com/aventstack/extentreports/5.0.9/extentreports-5.0.9.jar!/com/aventstack/extentreports/templates/commons/commons-macros.ftl hasn't changed.
DEBUG   16484   [freemark] (): TemplateLoader.findTemplateSource("spark/macros/attributes_en_IN.ftl"): Not found
DEBUG   16484   [freemark] (): TemplateLoader.findTemplateSource("spark/macros/attributes_en.ftl"): Not found
DEBUG   16484   [freemark] (): TemplateLoader.findTemplateSource("spark/macros/attributes.ftl"): Found
DEBUG   16484   [freemark] (): "spark/macros/attributes.ftl"("en_IN", UTF-8, parsed): using cached since jar:file:/home/pandian/.m2/repository/com/aventstack/extentreports/5.0.9/extentreports-5.0.9.jar!/com/aventstack/extentreports/templates/spark/macros/attributes.ftl hasn't changed.
DEBUG   16484   [freemark] (): TemplateLoader.findTemplateSource("spark/macros/log_en_IN.ftl"): Not found
DEBUG   16484   [freemark] (): TemplateLoader.findTemplateSource("spark/macros/log_en.ftl"): Not found
DEBUG   16484   [freemark] (): TemplateLoader.findTemplateSource("spark/macros/log.ftl"): Found
DEBUG   16484   [freemark] (): "spark/macros/log.ftl"("en_IN", UTF-8, parsed): using cached since jar:file:/home/pandian/.m2/repository/com/aventstack/extentreports/5.0.9/extentreports-5.0.9.jar!/com/aventstack/extentreports/templates/spark/macros/log.ftl hasn't changed.
DEBUG   16484   [freemark] (): TemplateLoader.findTemplateSource("spark/macros/recurse_nodes_en_IN.ftl"): Not found
DEBUG   16484   [freemark] (): TemplateLoader.findTemplateSource("spark/macros/recurse_nodes_en.ftl"): Not found
DEBUG   16484   [freemark] (): TemplateLoader.findTemplateSource("spark/macros/recurse_nodes.ftl"): Found
DEBUG   16484   [freemark] (): "spark/macros/recurse_nodes.ftl"("en_IN", UTF-8, parsed): using cached since jar:file:/home/pandian/.m2/repository/com/aventstack/extentreports/5.0.9/extentreports-5.0.9.jar!/com/aventstack/extentreports/templates/spark/macros/recurse_nodes.ftl hasn't changed.
DEBUG   16484   [freemark] (): "spark/macros/log.ftl"("en_IN", UTF-8, parsed) cached copy not yet stale; using cached.
DEBUG   16484   [freemark] (): TemplateLoader.findTemplateSource("spark/macros/attr-common_en_IN.ftl"): Not found
DEBUG   16484   [freemark] (): TemplateLoader.findTemplateSource("spark/macros/attr-common_en.ftl"): Not found
DEBUG   16484   [freemark] (): TemplateLoader.findTemplateSource("spark/macros/attr-common.ftl"): Found
DEBUG   16484   [freemark] (): "spark/macros/attr-common.ftl"("en_IN", UTF-8, parsed): using cached since jar:file:/home/pandian/.m2/repository/com/aventstack/extentreports/5.0.9/extentreports-5.0.9.jar!/com/aventstack/extentreports/templates/spark/macros/attr-common.ftl hasn't changed.
DEBUG   16484   [freemark] (): TemplateLoader.findTemplateSource("spark/partials/head_en_IN.ftl"): Not found
DEBUG   16484   [freemark] (): TemplateLoader.findTemplateSource("spark/partials/head_en.ftl"): Not found
DEBUG   16484   [freemark] (): TemplateLoader.findTemplateSource("spark/partials/head.ftl"): Found
DEBUG   16484   [freemark] (): "spark/partials/head.ftl"("en_IN", UTF-8, parsed): using cached since jar:file:/home/pandian/.m2/repository/com/aventstack/extentreports/5.0.9/extentreports-5.0.9.jar!/com/aventstack/extentreports/templates/spark/partials/head.ftl hasn't changed.
DEBUG   16484   [freemark] (): TemplateLoader.findTemplateSource("commons/commons-inject-css_en_IN.ftl"): Not found
DEBUG   16484   [freemark] (): TemplateLoader.findTemplateSource("commons/commons-inject-css_en.ftl"): Not found
DEBUG   16484   [freemark] (): TemplateLoader.findTemplateSource("commons/commons-inject-css.ftl"): Found
DEBUG   16484   [freemark] (): "commons/commons-inject-css.ftl"("en_IN", UTF-8, parsed): using cached since jar:file:/home/pandian/.m2/repository/com/aventstack/extentreports/5.0.9/extentreports-5.0.9.jar!/com/aventstack/extentreports/templates/commons/commons-inject-css.ftl hasn't changed.
DEBUG   16484   [freemark] (): TemplateLoader.findTemplateSource("spark/partials/navbar_en_IN.ftl"): Not found
DEBUG   16484   [freemark] (): TemplateLoader.findTemplateSource("spark/partials/navbar_en.ftl"): Not found
DEBUG   16484   [freemark] (): TemplateLoader.findTemplateSource("spark/partials/navbar.ftl"): Found
DEBUG   16484   [freemark] (): "spark/partials/navbar.ftl"("en_IN", UTF-8, parsed): using cached since jar:file:/home/pandian/.m2/repository/com/aventstack/extentreports/5.0.9/extentreports-5.0.9.jar!/com/aventstack/extentreports/templates/spark/partials/navbar.ftl hasn't changed.
DEBUG   16484   [freemark] (): TemplateLoader.findTemplateSource("spark/partials/sidenav_en_IN.ftl"): Not found
DEBUG   16484   [freemark] (): TemplateLoader.findTemplateSource("spark/partials/sidenav_en.ftl"): Not found
DEBUG   16484   [freemark] (): TemplateLoader.findTemplateSource("spark/partials/sidenav.ftl"): Found
DEBUG   16484   [freemark] (): "spark/partials/sidenav.ftl"("en_IN", UTF-8, parsed): using cached since jar:file:/home/pandian/.m2/repository/com/aventstack/extentreports/5.0.9/extentreports-5.0.9.jar!/com/aventstack/extentreports/templates/spark/partials/sidenav.ftl hasn't changed.
DEBUG   16484   [freemark] (): TemplateLoader.findTemplateSource("spark/partials/test_en_IN.ftl"): Not found
DEBUG   16484   [freemark] (): TemplateLoader.findTemplateSource("spark/partials/test_en.ftl"): Not found
DEBUG   16484   [freemark] (): TemplateLoader.findTemplateSource("spark/partials/test.ftl"): Found
DEBUG   16484   [freemark] (): "spark/partials/test.ftl"("en_IN", UTF-8, parsed): using cached since jar:file:/home/pandian/.m2/repository/com/aventstack/extentreports/5.0.9/extentreports-5.0.9.jar!/com/aventstack/extentreports/templates/spark/partials/test.ftl hasn't changed.
DEBUG   16484   [freemark] (): TemplateLoader.findTemplateSource("spark/partials/standard-content_en_IN.ftl"): Not found
DEBUG   16484   [freemark] (): TemplateLoader.findTemplateSource("spark/partials/standard-content_en.ftl"): Not found
DEBUG   16484   [freemark] (): TemplateLoader.findTemplateSource("spark/partials/standard-content.ftl"): Found
DEBUG   16484   [freemark] (): "spark/partials/standard-content.ftl"("en_IN", UTF-8, parsed): using cached since jar:file:/home/pandian/.m2/repository/com/aventstack/extentreports/5.0.9/extentreports-5.0.9.jar!/com/aventstack/extentreports/templates/spark/partials/standard-content.ftl hasn't changed.
DEBUG   16484   [freemark] (): "spark/partials/standard-content.ftl"("en_IN", UTF-8, parsed) cached copy not yet stale; using cached.
DEBUG   16484   [freemark] (): "spark/partials/standard-content.ftl"("en_IN", UTF-8, parsed) cached copy not yet stale; using cached.
DEBUG   16484   [freemark] (): "spark/partials/standard-content.ftl"("en_IN", UTF-8, parsed) cached copy not yet stale; using cached.
DEBUG   16484   [freemark] (): "spark/partials/standard-content.ftl"("en_IN", UTF-8, parsed) cached copy not yet stale; using cached.
DEBUG   16484   [freemark] (): "spark/partials/standard-content.ftl"("en_IN", UTF-8, parsed) cached copy not yet stale; using cached.
DEBUG   16484   [freemark] (): "spark/partials/standard-content.ftl"("en_IN", UTF-8, parsed) cached copy not yet stale; using cached.
DEBUG   16484   [freemark] (): "spark/partials/standard-content.ftl"("en_IN", UTF-8, parsed) cached copy not yet stale; using cached.
DEBUG   16484   [freemark] (): "spark/partials/standard-content.ftl"("en_IN", UTF-8, parsed) cached copy not yet stale; using cached.
DEBUG   16484   [freemark] (): "spark/partials/standard-content.ftl"("en_IN", UTF-8, parsed) cached copy not yet stale; using cached.
DEBUG   16484   [freemark] (): "spark/partials/standard-content.ftl"("en_IN", UTF-8, parsed) cached copy not yet stale; using cached.
DEBUG   16484   [freemark] (): "spark/partials/standard-content.ftl"("en_IN", UTF-8, parsed) cached copy not yet stale; using cached.
DEBUG   16484   [freemark] (): "spark/partials/standard-content.ftl"("en_IN", UTF-8, parsed) cached copy not yet stale; using cached.
DEBUG   16484   [freemark] (): "spark/partials/standard-content.ftl"("en_IN", UTF-8, parsed) cached copy not yet stale; using cached.
DEBUG   16484   [freemark] (): "spark/partials/standard-content.ftl"("en_IN", UTF-8, parsed) cached copy not yet stale; using cached.
DEBUG   16484   [freemark] (): "spark/partials/standard-content.ftl"("en_IN", UTF-8, parsed) cached copy not yet stale; using cached.
DEBUG   16484   [freemark] (): "spark/partials/standard-content.ftl"("en_IN", UTF-8, parsed) cached copy not yet stale; using cached.
DEBUG   16484   [freemark] (): "spark/partials/standard-content.ftl"("en_IN", UTF-8, parsed) cached copy not yet stale; using cached.
DEBUG   16484   [freemark] (): "spark/partials/standard-content.ftl"("en_IN", UTF-8, parsed) cached copy not yet stale; using cached.
DEBUG   16484   [freemark] (): "spark/partials/standard-content.ftl"("en_IN", UTF-8, parsed) cached copy not yet stale; using cached.
DEBUG   16484   [freemark] (): "spark/partials/standard-content.ftl"("en_IN", UTF-8, parsed) cached copy not yet stale; using cached.
DEBUG   16484   [freemark] (): "spark/partials/standard-content.ftl"("en_IN", UTF-8, parsed) cached copy not yet stale; using cached.
DEBUG   16484   [freemark] (): "spark/partials/standard-content.ftl"("en_IN", UTF-8, parsed) cached copy not yet stale; using cached.
DEBUG   16484   [freemark] (): "spark/partials/standard-content.ftl"("en_IN", UTF-8, parsed) cached copy not yet stale; using cached.
DEBUG   16484   [freemark] (): "spark/partials/standard-content.ftl"("en_IN", UTF-8, parsed) cached copy not yet stale; using cached.
DEBUG   16484   [freemark] (): "spark/partials/standard-content.ftl"("en_IN", UTF-8, parsed) cached copy not yet stale; using cached.
DEBUG   16484   [freemark] (): "spark/partials/standard-content.ftl"("en_IN", UTF-8, parsed) cached copy not yet stale; using cached.
DEBUG   16484   [freemark] (): "spark/partials/standard-content.ftl"("en_IN", UTF-8, parsed) cached copy not yet stale; using cached.
DEBUG   16484   [freemark] (): "spark/partials/standard-content.ftl"("en_IN", UTF-8, parsed) cached copy not yet stale; using cached.
DEBUG   16484   [freemark] (): "spark/partials/standard-content.ftl"("en_IN", UTF-8, parsed) cached copy not yet stale; using cached.
DEBUG   16484   [freemark] (): "spark/partials/standard-content.ftl"("en_IN", UTF-8, parsed) cached copy not yet stale; using cached.
DEBUG   16484   [freemark] (): "spark/partials/standard-content.ftl"("en_IN", UTF-8, parsed) cached copy not yet stale; using cached.
DEBUG   16484   [freemark] (): "spark/partials/standard-content.ftl"("en_IN", UTF-8, parsed) cached copy not yet stale; using cached.
DEBUG   16484   [freemark] (): "spark/partials/standard-content.ftl"("en_IN", UTF-8, parsed) cached copy not yet stale; using cached.
DEBUG   16484   [freemark] (): "spark/partials/standard-content.ftl"("en_IN", UTF-8, parsed) cached copy not yet stale; using cached.
DEBUG   16484   [freemark] (): "spark/partials/standard-content.ftl"("en_IN", UTF-8, parsed) cached copy not yet stale; using cached.
DEBUG   16484   [freemark] (): "spark/partials/standard-content.ftl"("en_IN", UTF-8, parsed) cached copy not yet stale; using cached.
DEBUG   16484   [freemark] (): "spark/partials/standard-content.ftl"("en_IN", UTF-8, parsed) cached copy not yet stale; using cached.
DEBUG   16484   [freemark] (): "spark/partials/standard-content.ftl"("en_IN", UTF-8, parsed) cached copy not yet stale; using cached.
DEBUG   16484   [freemark] (): "spark/partials/standard-content.ftl"("en_IN", UTF-8, parsed) cached copy not yet stale; using cached.
DEBUG   16484   [freemark] (): "spark/partials/standard-content.ftl"("en_IN", UTF-8, parsed) cached copy not yet stale; using cached.
DEBUG   16484   [freemark] (): "spark/partials/standard-content.ftl"("en_IN", UTF-8, parsed) cached copy not yet stale; using cached.
DEBUG   16484   [freemark] (): TemplateLoader.findTemplateSource("spark/partials/exception_en_IN.ftl"): Not found
DEBUG   16484   [freemark] (): TemplateLoader.findTemplateSource("spark/partials/exception_en.ftl"): Not found
DEBUG   16484   [freemark] (): TemplateLoader.findTemplateSource("spark/partials/exception.ftl"): Found
DEBUG   16484   [freemark] (): "spark/partials/exception.ftl"("en_IN", UTF-8, parsed): using cached since jar:file:/home/pandian/.m2/repository/com/aventstack/extentreports/5.0.9/extentreports-5.0.9.jar!/com/aventstack/extentreports/templates/spark/partials/exception.ftl hasn't changed.
DEBUG   16484   [freemark] (): TemplateLoader.findTemplateSource("spark/partials/category_en_IN.ftl"): Not found
DEBUG   16484   [freemark] (): TemplateLoader.findTemplateSource("spark/partials/category_en.ftl"): Not found
DEBUG   16484   [freemark] (): TemplateLoader.findTemplateSource("spark/partials/category.ftl"): Found
DEBUG   16484   [freemark] (): "spark/partials/category.ftl"("en_IN", UTF-8, parsed): using cached since jar:file:/home/pandian/.m2/repository/com/aventstack/extentreports/5.0.9/extentreports-5.0.9.jar!/com/aventstack/extentreports/templates/spark/partials/category.ftl hasn't changed.
DEBUG   16484   [freemark] (): TemplateLoader.findTemplateSource("spark/partials/device_en_IN.ftl"): Not found
DEBUG   16484   [freemark] (): TemplateLoader.findTemplateSource("spark/partials/device_en.ftl"): Not found
DEBUG   16484   [freemark] (): TemplateLoader.findTemplateSource("spark/partials/device.ftl"): Found
DEBUG   16484   [freemark] (): "spark/partials/device.ftl"("en_IN", UTF-8, parsed): using cached since jar:file:/home/pandian/.m2/repository/com/aventstack/extentreports/5.0.9/extentreports-5.0.9.jar!/com/aventstack/extentreports/templates/spark/partials/device.ftl hasn't changed.
DEBUG   16484   [freemark] (): TemplateLoader.findTemplateSource("spark/partials/author_en_IN.ftl"): Not found
DEBUG   16484   [freemark] (): TemplateLoader.findTemplateSource("spark/partials/author_en.ftl"): Not found
DEBUG   16484   [freemark] (): TemplateLoader.findTemplateSource("spark/partials/author.ftl"): Found
DEBUG   16484   [freemark] (): "spark/partials/author.ftl"("en_IN", UTF-8, parsed): using cached since jar:file:/home/pandian/.m2/repository/com/aventstack/extentreports/5.0.9/extentreports-5.0.9.jar!/com/aventstack/extentreports/templates/spark/partials/author.ftl hasn't changed.
DEBUG   16484   [freemark] (): TemplateLoader.findTemplateSource("spark/partials/log_en_IN.ftl"): Not found
DEBUG   16484   [freemark] (): TemplateLoader.findTemplateSource("spark/partials/log_en.ftl"): Not found
DEBUG   16484   [freemark] (): TemplateLoader.findTemplateSource("spark/partials/log.ftl"): Found
DEBUG   16484   [freemark] (): "spark/partials/log.ftl"("en_IN", UTF-8, parsed): using cached since jar:file:/home/pandian/.m2/repository/com/aventstack/extentreports/5.0.9/extentreports-5.0.9.jar!/com/aventstack/extentreports/templates/spark/partials/log.ftl hasn't changed.
DEBUG   16484   [freemark] (): TemplateLoader.findTemplateSource("spark/partials/dashboard_en_IN.ftl"): Not found
DEBUG   16484   [freemark] (): TemplateLoader.findTemplateSource("spark/partials/dashboard_en.ftl"): Not found
DEBUG   16484   [freemark] (): TemplateLoader.findTemplateSource("spark/partials/dashboard.ftl"): Found
DEBUG   16484   [freemark] (): "spark/partials/dashboard.ftl"("en_IN", UTF-8, parsed): using cached since jar:file:/home/pandian/.m2/repository/com/aventstack/extentreports/5.0.9/extentreports-5.0.9.jar!/com/aventstack/extentreports/templates/spark/partials/dashboard.ftl hasn't changed.
DEBUG   16484   [freemark] (): TemplateLoader.findTemplateSource("spark/partials/scripts_en_IN.ftl"): Not found
DEBUG   16484   [freemark] (): TemplateLoader.findTemplateSource("spark/partials/scripts_en.ftl"): Not found
DEBUG   16484   [freemark] (): TemplateLoader.findTemplateSource("spark/partials/scripts.ftl"): Found
DEBUG   16484   [freemark] (): "spark/partials/scripts.ftl"("en_IN", UTF-8, parsed): using cached since jar:file:/home/pandian/.m2/repository/com/aventstack/extentreports/5.0.9/extentreports-5.0.9.jar!/com/aventstack/extentreports/templates/spark/partials/scripts.ftl hasn't changed.
DEBUG   16484   [freemark] (): TemplateLoader.findTemplateSource("commons/commons-inject-js_en_IN.ftl"): Not found
DEBUG   16484   [freemark] (): TemplateLoader.findTemplateSource("commons/commons-inject-js_en.ftl"): Not found
DEBUG   16484   [freemark] (): TemplateLoader.findTemplateSource("commons/commons-inject-js.ftl"): Found
DEBUG   16484   [freemark] (): "commons/commons-inject-js.ftl"("en_IN", UTF-8, parsed): using cached since jar:file:/home/pandian/.m2/repository/com/aventstack/extentreports/5.0.9/extentreports-5.0.9.jar!/com/aventstack/extentreports/templates/commons/commons-inject-js.ftl hasn't changed.
15:14:57.937 [main] INFO  listener.TestListeners - <b>Test Method openJawRequestStarted<b>
15:14:57.939 [main] INFO  listener.TestListeners - <b>Test Method openJawRequestSuccess<b>
]]></system-out>
  </testcase>
  <testcase name="openJawSearch" classname="runner.EngineApiTest" time="20.736">
    <system-out><![CDATA[15:14:57.939 [main] INFO  listener.TestListeners - <b>Test Method openJawSearchStarted<b>
15:14:57.939 [main] INFO  runner.EngineApiTest - SUCCESS
{"AirShoppingRQ":{"Party":{"Sender":{"TravelAgencySender":{"AgencyID":"","Contacts":{"Contact":[{"EmailContact":"srilanakamrst@gmail.com"}]},"IATA_Number":"","Name":"MRST"}}},"DataLists":{"PassengerList":{"Passenger":[{"PassengerID":"T1","PTC":"ADT"},{"PassengerID":"T2","PTC":"CHD"},{"PassengerID":"T3","PTC":"INF"}]}},"Preference":{"FreeBaggage":"N","FareType":["BOTH"],"NoOfStops":[],"DoubleOneWay":"","Refundable":"","SourceFrom":["ALL"],"AirlinePreference":{"ExcludeAirlines":[],"PreferedAirlines":[]},"NearByAirports":"","RbdPreference":{"ExcludeRbds":[],"RequireAllRbd":"N","PreferedRbds":[]},"Penalties":{"Refundable":"N","ZeroChangeFee":"N","NoCancellationFee":"N","RebookingPossible":"N"},"Cabin":"ECONOMY","DirectFlight":"","TripType":"Multicity","ConnectionTime":{"Min":"","Max":""},"StopPreference":{"PreferedStops":[],"ExcludeStops":[]},"AlternateDays":0,"CountryPreference":{"ExcludeCountry":[]},"AlliancePreference":{"PreferedAlliance":[],"ExcludeAlliance":[]}},"MetaData":{"LocalPccCountry":"IN","Tracking":"Y","RecommendedFare":"Y","Currency":"CAD","ProductType":"F","FareGrouping":"deal","TraceId":"163672258977","PortalUserGroup":"G1","UpSale":"Y","ParentAccountId":4},"CoreQuery":{"OriginDestinations":{"OriginDestination":[{"Departure":{"DepartureTime":{"From":"","To":""},"NoOfMiles":"","AirportCode":"YYZ","Date":"2022-09-20"},"Arrival":{"NoOfMiles":"","AirportCode":"YYC"}},{"Departure":{"DepartureTime":{"From":"","To":""},"NoOfMiles":"","AirportCode":"YVR","Date":"2022-09-25"},"Arrival":{"NoOfMiles":"","AirportCode":"PDX"}}]}}}}
Request method:	POST
Request URI:	https://newapi.tltid.com/AirShopping
Proxy:			<none>
Request params:	<none>
Query params:	<none>
Form params:	<none>
Path params:	<none>
Headers:		Authorization=c06d06da9666a219db15cf575aff28241648128226
				Connection=keep-alive
				Accept=*/*
				Content-Type=application/json
Cookies:		<none>
Multiparts:		<none>
Body:
{
    "AirShoppingRQ": {
        "Party": {
            "Sender": {
                "TravelAgencySender": {
                    "AgencyID": "",
                    "Contacts": {
                        "Contact": [
                            {
                                "EmailContact": "srilanakamrst@gmail.com"
                            }
                        ]
                    },
                    "IATA_Number": "",
                    "Name": "MRST"
                }
            }
        },
        "DataLists": {
            "PassengerList": {
                "Passenger": [
                    {
                        "PassengerID": "T1",
                        "PTC": "ADT"
                    },
                    {
                        "PassengerID": "T2",
                        "PTC": "CHD"
                    },
                    {
                        "PassengerID": "T3",
                        "PTC": "INF"
                    }
                ]
            }
        },
        "Preference": {
            "FreeBaggage": "N",
            "FareType": [
                "BOTH"
            ],
            "NoOfStops": [
                
            ],
            "DoubleOneWay": "",
            "Refundable": "",
            "SourceFrom": [
                "ALL"
            ],
            "AirlinePreference": {
                "ExcludeAirlines": [
                    
                ],
                "PreferedAirlines": [
                    
                ]
            },
            "NearByAirports": "",
            "RbdPreference": {
                "ExcludeRbds": [
                    
                ],
                "RequireAllRbd": "N",
                "PreferedRbds": [
                    
                ]
            },
            "Penalties": {
                "Refundable": "N",
                "ZeroChangeFee": "N",
                "NoCancellationFee": "N",
                "RebookingPossible": "N"
            },
            "Cabin": "ECONOMY",
            "DirectFlight": "",
            "TripType": "Multicity",
            "ConnectionTime": {
                "Min": "",
                "Max": ""
            },
            "StopPreference": {
                "PreferedStops": [
                    
                ],
                "ExcludeStops": [
                    
                ]
            },
            "AlternateDays": 0,
            "CountryPreference": {
                "ExcludeCountry": [
                    
                ]
            },
            "AlliancePreference": {
                "PreferedAlliance": [
                    
                ],
                "ExcludeAlliance": [
                    
                ]
            }
        },
        "MetaData": {
            "LocalPccCountry": "IN",
            "Tracking": "Y",
            "RecommendedFare": "Y",
            "Currency": "CAD",
            "ProductType": "F",
            "FareGrouping": "deal",
            "TraceId": "163672258977",
            "PortalUserGroup": "G1",
            "UpSale": "Y",
            "ParentAccountId": 4
        },
        "CoreQuery": {
            "OriginDestinations": {
                "OriginDestination": [
                    {
                        "Departure": {
                            "DepartureTime": {
                                "From": "",
                                "To": ""
                            },
                            "NoOfMiles": "",
                            "AirportCode": "YYZ",
                            "Date": "2022-09-20"
                        },
                        "Arrival": {
                            "NoOfMiles": "",
                            "AirportCode": "YYC"
                        }
                    },
                    {
                        "Departure": {
                            "DepartureTime": {
                                "From": "",
                                "To": ""
                            },
                            "NoOfMiles": "",
                            "AirportCode": "YVR",
                            "Date": "2022-09-25"
                        },
                        "Arrival": {
                            "NoOfMiles": "",
                            "AirportCode": "PDX"
                        }
                    }
                ]
            }
        }
    }
}
true
null
15:15:18.742 [main] INFO  onewayBooking.AirShopping - null
15:15:18.742 [main] INFO  listener.TestListeners - <b>Test Method openJawSearchSuccess<b>
]]></system-out>
  </testcase>
  <testcase name="openJawShopping" classname="runner.EngineApiTest" time="0.305">
    <system-out><![CDATA[15:15:18.743 [main] INFO  listener.TestListeners - <b>Test Method openJawShoppingStarted<b>
true
1648460699098699149
15:15:19.054 [main] INFO  onewayBooking.AirShopping - 1648460699098699149
15:15:19.055 [main] INFO  listener.TestListeners - <b>Test Method openJawShoppingSuccess<b>
]]></system-out>
  </testcase>
  <testcase name="openJawPricing" classname="runner.EngineApiTest" time="2.371">
    <system-out><![CDATA[15:15:19.055 [main] INFO  listener.TestListeners - <b>Test Method openJawPricingStarted<b>
15:15:19.056 [main] INFO  runner.EngineApiTest - SUCCESS
1648460699098699149
15:15:19.121 [main] INFO  onewayBooking.AirShopping - 1648460699098699149
1777142311648460704171493831
15:15:19.121 [main] INFO  onewayBooking.AirShopping - 1777142311648460704171493831
Request method:	POST
Request URI:	https://newapi.tltid.com/AirOfferPrice
Proxy:			<none>
Request params:	<none>
Query params:	<none>
Form params:	<none>
Path params:	<none>
Headers:		Authorization=c06d06da9666a219db15cf575aff28241648128226
				Connection=keep-alive
				Accept=*/*
				Content-Type=application/json
Cookies:		<none>
Multiparts:		<none>
Body:
{
    "OfferPriceRQ": {
        "Sender": {
            "TravelAgencySender": {
                "AgencyID": "MRST",
                "Contacts": {
                    "Contact": [
                        {
                            "EmailContact": "srilanakamrst@gmail.com"
                        }
                    ]
                },
                "IATA_Number": "",
                "Name": "MRST"
            }
        },
        "DataLists": {
            "PassengerList": {
                "Passenger": [
                    {
                        "PassengerID": "T1",
                        "PTC": "ADT"
                    },
                    {
                        "PassengerID": "T2",
                        "PTC": "CHD"
                    },
                    {
                        "PassengerID": "T3",
                        "PTC": "INF"
                    }
                ]
            }
        },
        "Query": {
            "Offer": [
                {
                    "OfferID": "1777142311648460704171493831"
                }
            ]
        },
        "MetaData": {
            "TraceId": "161777799749"
        },
        "ShoppingResponseId": "1648460699098699149",
        "Document": {
            "ReferenceVersion": "1.0",
            "Name": "Skyroute B2B Portal"
        }
    }
}
null
15:15:21.424 [main] INFO  onewayBooking.AirShopping - null
15:15:21.425 [main] INFO  listener.TestListeners - <b>Test Method openJawPricingSuccess<b>
]]></system-out>
  </testcase>
  <testcase name="openJawPricingShoppingResponseId" classname="runner.EngineApiTest" time="0.01">
    <system-out><![CDATA[15:15:21.425 [main] INFO  listener.TestListeners - <b>Test Method openJawPricingShoppingResponseIdStarted<b>
1648460699098699149
15:15:21.436 [main] INFO  onewayBooking.AirShopping - 1648460699098699149
15:15:21.436 [main] INFO  listener.TestListeners - <b>Test Method openJawPricingShoppingResponseIdSuccess<b>
]]></system-out>
  </testcase>
  <testcase name="openJawBooking" classname="runner.EngineApiTest" time="7.592">
    <system-out><![CDATA[15:15:21.436 [main] INFO  listener.TestListeners - <b>Test Method openJawBookingStarted<b>
15:15:21.437 [main] INFO  runner.EngineApiTest - SUCCESS
1648460699098699149
15:15:21.438 [main] INFO  onewayBooking.AirShopping - 1648460699098699149
1648460720422696311
15:15:21.438 [main] INFO  onewayBooking.AirShopping - 1648460720422696311
1777142311648460704171493831
15:15:21.438 [main] INFO  onewayBooking.AirShopping - 1777142311648460704171493831
907.9
15:15:21.438 [main] INFO  onewayBooking.AirShopping - 907.9
Request method:	POST
Request URI:	https://newapi.tltid.com/AirOrderCreate
Proxy:			<none>
Request params:	<none>
Query params:	<none>
Form params:	<none>
Path params:	<none>
Headers:		Authorization=c06d06da9666a219db15cf575aff28241648128226
				Connection=keep-alive
				Accept=*/*
				Content-Type=application/json
Cookies:		<none>
Multiparts:		<none>
Body:
{
    "OrderCreateRQ": {
        "Query": {
            "Offer": [
                {
                    "OfferID": "1777142311648460704171493831"
                }
            ]
        },
        "PromoCode": "",
        "BookingReqId": "D80B9DF8",
        "BookingPgName": "",
        "Payments": {
            "Payment": [
                {
                    "Type": "CHECK",
                    "PassengerID": "ALL",
                    "Amount": 907.9,
                    "ChequeNumber": "000454",
                    "ItineraryId": "ALL"
                }
            ]
        },
        "RewardPoints": 0,
        "Document": {
            "ReferenceVersion": "1.0",
            "Name": "MRST"
        },
        "Party": {
            "Sender": {
                "TravelAgencySender": {
                    "AgencyID": "",
                    "Contacts": {
                        "Contact": [
                            {
                                "EmailContact": "srilanakamrst@gmail.com"
                            }
                        ]
                    },
                    "IATA_Number": "",
                    "Name": "MRST"
                }
            }
        },
        "OfferResponseId": "1648460720422696311",
        "AgentEmail": "a.pandian@wintlt.com",
        "QueueNumber": "",
        "DataLists": {
            "PassengerList": {
                "Passenger": [
                    {
                        "ContactAddress": {
                            "TypeOfAddress": "D",
                            "Address": "",
                            "State": "",
                            "Country": "",
                            "PostalCode": "",
                            "City": ""
                        },
                        "FirstName": "Rajan",
                        "SsrRequest": [
                            
                        ],
                        "Gender": "Male",
                        "MiddleName": "",
                        "SeatSelection": [
                            
                        ],
                        "OnflyDiscount": "0.00",
                        "NameTitle": "Mr",
                        "Passport": {
                            "ExpiryDate": "1970-01-01",
                            "Number": "",
                            "CountryCode": ""
                        },
                        "OptionalServices": [
                            
                        ],
                        "OnflyMarkup": "0.00",
                        "ContactInfoRef": "CTC1",
                        "Preference": {
                            "WheelChairPreference": {
                                "Reason": ""
                            },
                            "SeatPreference": "",
                            "MealPreference": ""
                        },
                        "RedressDetails": {
                            "RedressNumber": "",
                            "KnownTravellerNumber": ""
                        },
                        "attributes": {
                            "PassengerID": "ADT1"
                        },
                        "LastName": "Santhosh",
                        "PassengerRefID": "ADT1",
                        "PTC": "ADT",
                        "BirthDate": "1995-05-18"
                    },
                    {
                        "ContactAddress": {
                            "TypeOfAddress": "D",
                            "Address": "",
                            "State": "",
                            "Country": "",
                            "PostalCode": "",
                            "City": ""
                        },
                        "FirstName": "karan",
                        "SsrRequest": [
                            
                        ],
                        "Gender": "Male",
                        "MiddleName": "",
                        "SeatSelection": [
                            
                        ],
                        "OnflyDiscount": "0.00",
                        "NameTitle": "Mstr",
                        "Passport": {
                            "ExpiryDate": "1970-01-01",
                            "Number": "",
                            "CountryCode": ""
                        },
                        "OptionalServices": [
                            
                        ],
                        "OnflyMarkup": "0.00",
                        "ContactInfoRef": "CTC1",
                        "Preference": {
                            "WheelChairPreference": {
                                "Reason": ""
                            },
                            "SeatPreference": "",
                            "MealPreference": ""
                        },
                        "RedressDetails": {
                            "RedressNumber": "",
                            "KnownTravellerNumber": ""
                        },
                        "attributes": {
                            "PassengerID": "CHD1"
                        },
                        "LastName": "Arun",
                        "PassengerRefID": "CHD1",
                        "PTC": "CHD",
                        "BirthDate": "2010-05-28"
                    },
                    {
                        "ContactAddress": {
                            "TypeOfAddress": "D",
                            "Address": "",
                            "State": "",
                            "Country": "",
                            "PostalCode": "",
                            "City": ""
                        },
                        "FirstName": "Khan",
                        "SsrRequest": [
                            
                        ],
                        "Gender": "Male",
                        "MiddleName": "",
                        "SeatSelection": [
                            
                        ],
                        "OnflyDiscount": "0.00",
                        "NameTitle": "Mstr",
                        "Passport": {
                            "ExpiryDate": "1970-01-01",
                            "Number": "",
                            "CountryCode": ""
                        },
                        "OptionalServices": [
                            
                        ],
                        "OnflyMarkup": "0.00",
                        "ContactInfoRef": "CTC1",
                        "Preference": {
                            "WheelChairPreference": {
                                "Reason": ""
                            },
                            "SeatPreference": "",
                            "MealPreference": ""
                        },
                        "RedressDetails": {
                            "RedressNumber": "",
                            "KnownTravellerNumber": ""
                        },
                        "attributes": {
                            "PassengerID": "INF1"
                        },
                        "LastName": "Tharun",
                        "PassengerRefID": "INF1",
                        "PTC": "INF",
                        "BirthDate": "2020-05-29"
                    }
                ]
            },
            "ContactList": {
                "GstInformation": {
                    "gst_email": "",
                    "gst_number": "",
                    "gst_company_name": ""
                },
                "ContactInformation": [
                    {
                        "AgencyName": "MRST",
                        "Address": {
                            "StateProv": "ON",
                            "Street": [
                                "chennai",
                                ""
                            ],
                            "PostalCode": "625578",
                            "CityName": "chennai",
                            "CountryCode": "CA"
                        },
                        "PassengerContact": {
                            "Phone": {
                                "AreaCode": "",
                                "PhoneNumber": "9878766545",
                                "ContryCode": ""
                            },
                            "EmailAddress": "srilanakamrst@gmail.com"
                        },
                        "Phone": {
                            "AreaCode": "",
                            "PhoneNumber": "9058202266",
                            "ContryCode": "+1"
                        },
                        "ContactID": "CTC1",
                        "Mobile": {
                            "MobileNumber": "9058202266",
                            "ContryCode": "+1"
                        },
                        "EmailAddress": "srilanakamrst1@gmail.com"
                    }
                ]
            }
        },
        "GenerateVirtualCard": "N",
        "UdidNumber": [
            "998 NFOB2B",
            "295 Ratha",
            "9 MRST",
            "b2bui2.tltid.com"
        ],
        "SupTimeZone": "",
        "MetaData": {
            "Tracking": "Y"
        },
        "DkNumber": "1234567123",
        "BookingId": "18336",
        "ChequeNumber": "000454",
        "ShoppingResponseId": "1648460699098699149",
        "AgentName": "Ratha",
        "PromoDiscount": 0,
        "BookingType": "BOOK"
    }
}
{
    "OrderViewRS": {
        "Document": {
            "Name": "Clarity NDC GATEWAY",
            "ReferenceVersion": "1.0"
        },
        "Party": {
            "Sender": {
                "TravelAgencySender": {
                    "Name": "Engine_Automation_Live",
                    "IATA_Number": "",
                    "AgencyID": "Engine_Automation_Live",
                    "Contacts": {
                        "Contact": [
                            {
                                "EmailContact": "srilanakamrst@gmail.com"
                            }
                        ]
                    }
                }
            }
        },
        "ShoppingResponseId": "1648460699098699149",
        "Success": {
            
        },
        "Order": [
            {
                "OrderID": "DYA04PGS",
                "GdsBookingReference": "4WLAAG",
                "OrderStatus": "SUCCESS",
                "NeedToTicket": "N",
                "3dsPaymentRequired": "N",
                "PAReqKey": "",
                "SecurePaymentUrl": "",
                "TxnReferenceKey": "",
                "TicketInfo": [
                    
                ],
                "SeatSelectionStatus": "FAILED",
                "OfferID": "1777142311648460704171493831",
                "TicketingBotAgentMarkup": 0,
                "Owner": "AC",
                "OrgOwner": "AC",
                "OwnerName": "Air Canada",
                "FareType": "PRI",
                "OrgFareType": "PUB",
                "IsTaxModified": "N",
                "MinOneAdultAgeRequired": "N",
                "ItinMergeType": "",
                "BrandName": "",
                "IsBrandedFare": "N",
                "BrandedFareOptions": [
                    
                ],
                "OnewayBrandedOptions": [
                    
                ],
                "OnewayCabinOptions": [
                    
                ],
                "BrandTextInfo": [
                    
                ],
                "PccIdentifier": "Amadeus_Engine_New_YOWC42117",
                "PCC": "YOWC42117",
                "ProviderCode": "1A",
                "ContentSourceId": 1423,
                "TicketContentSourceId": 1423,
                "ProviderInfo": "Amadeus",
                "CabinType": "ECONOMY",
                "CabinOptions": [
                    
                ],
                "IsAdditionalCabinType": "N",
                "SsrRequestAllowed": "Y",
                "Eticket": "false",
                "PaymentMode": "PAB",
                "AllowHold": "Y",
                "AllowPassengerEmail": "N",
                "RestrictedFare": "false",
                "OfferExpirationDateTime": "2022-03-30 03:00:00",
                "PassportRequired": "N",
                "BookingCurrencyCode": "CAD",
                "EquivCurrencyCode": "CAD",
                "HstPercentage": 13,
                "MediaInfoDataRefKey": "",
                "SortTotal": 907.9,
                "CommissionableSortTotal": 901.9,
                "CSCountry": "CA",
                "FlightComKeyOrg": "ACPUBYYZYYC2022-09-20T08:15:002022-09-20T10:18:00AC135YVRPDX2022-09-25T08:25:002022-09-25T09:40:00AC8652",
                "ContentSourceApiMode": "TEST",
                "RewardSettings": {
                    "RewardAvailable": "N",
                    "PointTypes": [
                        
                    ],
                    "PointValues": {
                        
                    }
                },
                "BookingFeeInfo": {
                    "FeeType": "",
                    "BookingCurrencyPrice": 0,
                    "EquivCurrencyPrice": 0
                },
                "TotalPrice": {
                    "BookingCurrencyPrice": 907.9,
                    "EquivCurrencyPrice": 907.9,
                    "ApiCurrencyPrice": 901.12
                },
                "PerPerson": {
                    "BookingCurrencyPrice": 302.63,
                    "EquivCurrencyPrice": 302.63
                },
                "PerPersonRounded": {
                    "BookingCurrencyPrice": 302,
                    "EquivCurrencyPrice": 302
                },
                "BasePrice": {
                    "BookingCurrencyPrice": 592,
                    "EquivCurrencyPrice": 592,
                    "ApiCurrencyPrice": 586
                },
                "TaxPrice": {
                    "BookingCurrencyPrice": 315.9,
                    "EquivCurrencyPrice": 315.9,
                    "ApiCurrencyPrice": 315.12
                },
                "CommissionableTotalPrice": {
                    "BookingCurrencyPrice": 901.9,
                    "EquivCurrencyPrice": 901.9,
                    "SortEquivCurrencyPrice": 901.9
                },
                "CommissionableBasePrice": {
                    "BookingCurrencyPrice": 586,
                    "EquivCurrencyPrice": 586
                },
                "CommissionablePerPerson": {
                    "BookingCurrencyPrice": 300.63,
                    "EquivCurrencyPrice": 300.63
                },
                "AirlineMaxMarkupInfo": {
                    "FareType": "PUB",
                    "GdsSource": "AMADEUS",
                    "IsMarkupAllowed": true,
                    "AllPaxMaxMarkup": 0,
                    "TemplateId": 0,
                    "TemplateName": "",
                    "CalculationOn": "PPBF",
                    "ShouldNotExceedPub": "N",
                    "RestrictAsCap": "N",
                    "MarkupDetails": {
                        "ADT": {
                            "F": 0,
                            "P": 0,
                            "AllowedMarkup": 0,
                            "UtilizedMarkup": 2,
                            "BalanceMarkup": 0
                        },
                        "CHD": {
                            "F": 0,
                            "P": 0,
                            "AllowedMarkup": 0,
                            "UtilizedMarkup": 2,
                            "BalanceMarkup": 0
                        },
                        "INF": {
                            "F": 0,
                            "P": 0,
                            "AllowedMarkup": 0,
                            "UtilizedMarkup": 2,
                            "BalanceMarkup": 0
                        }
                    },
                    "Currency": "CAD",
                    "MarkupExcRate": 1
                },
                "AgencyCommission": {
                    "BookingCurrencyPrice": 6,
                    "EquivCurrencyPrice": 6
                },
                "AgencyYqCommission": {
                    "BookingCurrencyPrice": 0,
                    "EquivCurrencyPrice": 0
                },
                "PortalMarkup": {
                    "BookingCurrencyPrice": 0,
                    "EquivCurrencyPrice": 0
                },
                "PortalSurcharge": {
                    "BookingCurrencyPrice": 0,
                    "EquivCurrencyPrice": 0
                },
                "PortalDiscount": {
                    "BookingCurrencyPrice": 0,
                    "EquivCurrencyPrice": 0
                },
                "ChangeFeeBefore": {
                    "BookingCurrencyPrice": "NA",
                    "EquivCurrencyPrice": "NA"
                },
                "ChangeFeeAfter": {
                    "BookingCurrencyPrice": "NA",
                    "EquivCurrencyPrice": "NA"
                },
                "CancelFeeBefore": {
                    "BookingCurrencyPrice": "NA",
                    "EquivCurrencyPrice": "NA"
                },
                "CancelFeeAfter": {
                    "BookingCurrencyPrice": "NA",
                    "EquivCurrencyPrice": "NA"
                },
                "PaxSeatInfo": [
                    
                ],
                "0_FlightStops": 0,
                "0_FlightDuration": 243,
                "0_FlightDeparture": "2022-09-20T08:15:00",
                "0_MarketingAirline": 1,
                "1_FlightStops": 0,
                "1_FlightDuration": 75,
                "1_FlightDeparture": "2022-09-25T08:25:00",
                "1_MarketingAirline": 1,
                "OfferItem": [
                    {
                        "OfferItemID": "OFFERITEMID1",
                        "Refundable": "false",
                        "PassengerType": "ADT",
                        "PassengerQuantity": 1,
                        "TotalPriceDetail": {
                            "TotalAmount": {
                                "BookingCurrencyPrice": 442.02,
                                "EquivCurrencyPrice": 442.02
                            }
                        },
                        "Service": [
                            {
                                "ServiceID": "SV1",
                                "PassengerRefs": "ADT1 ",
                                "FlightRefs": "Flight1"
                            },
                            {
                                "ServiceID": "SV2",
                                "PassengerRefs": "ADT1 ",
                                "FlightRefs": "Flight2"
                            }
                        ],
                        "FareDetail": {
                            "PassengerRefs": "ADT1 ",
                            "Price": {
                                "TotalAmount": {
                                    "BookingCurrencyPrice": 442.02,
                                    "EquivCurrencyPrice": 442.02,
                                    "ApiCurrencyPrice": 439.76
                                },
                                "BaseAmount": {
                                    "BookingCurrencyPrice": 295,
                                    "EquivCurrencyPrice": 295,
                                    "ApiCurrencyPrice": 293
                                },
                                "TaxAmount": {
                                    "BookingCurrencyPrice": 147.02,
                                    "EquivCurrencyPrice": 147.02,
                                    "ApiCurrencyPrice": 146.76
                                },
                                "AgencyCommission": {
                                    "BookingCurrencyPrice": 2,
                                    "EquivCurrencyPrice": 2
                                },
                                "AgencyYqCommission": {
                                    "BookingCurrencyPrice": 0,
                                    "EquivCurrencyPrice": 0
                                },
                                "BookingFee": {
                                    "BookingCurrencyPrice": 0,
                                    "EquivCurrencyPrice": 0
                                },
                                "PortalMarkup": {
                                    "BookingCurrencyPrice": 0,
                                    "EquivCurrencyPrice": 0
                                },
                                "PortalSurcharge": {
                                    "BookingCurrencyPrice": 0,
                                    "EquivCurrencyPrice": 0
                                },
                                "PortalDiscount": {
                                    "BookingCurrencyPrice": 0,
                                    "EquivCurrencyPrice": 0
                                },
                                "CommissionableTotalPrice": {
                                    "BookingCurrencyPrice": 440.02,
                                    "EquivCurrencyPrice": 440.02
                                },
                                "CommissionableBasePrice": {
                                    "BookingCurrencyPrice": 293,
                                    "EquivCurrencyPrice": 293
                                },
                                "Taxes": [
                                    {
                                        "TaxCode": "CA",
                                        "BookingCurrencyPrice": 24.21,
                                        "EquivCurrencyPrice": 24.21
                                    },
                                    {
                                        "TaxCode": "XG",
                                        "BookingCurrencyPrice": 17.11,
                                        "EquivCurrencyPrice": 17.11
                                    },
                                    {
                                        "TaxCode": "US",
                                        "BookingCurrencyPrice": 24.94,
                                        "EquivCurrencyPrice": 24.94
                                    },
                                    {
                                        "TaxCode": "XA",
                                        "BookingCurrencyPrice": 5.01,
                                        "EquivCurrencyPrice": 5.01
                                    },
                                    {
                                        "TaxCode": "XY",
                                        "BookingCurrencyPrice": 8.86,
                                        "EquivCurrencyPrice": 8.86
                                    },
                                    {
                                        "TaxCode": "YC",
                                        "BookingCurrencyPrice": 7.73,
                                        "EquivCurrencyPrice": 7.73
                                    },
                                    {
                                        "TaxCode": "RC",
                                        "BookingCurrencyPrice": 3.9,
                                        "EquivCurrencyPrice": 3.9
                                    },
                                    {
                                        "TaxCode": "SQ",
                                        "BookingCurrencyPrice": 55,
                                        "EquivCurrencyPrice": 55
                                    },
                                    {
                                        "TaxCode": "HST",
                                        "BookingCurrencyPrice": 0.26,
                                        "EquivCurrencyPrice": 0.26
                                    }
                                ]
                            },
                            "ApiPrice": {
                                "TotalAmount": 439.76,
                                "BaseAmount": 293,
                                "TaxAmount": 146.76,
                                "YqTaxAmount": 0,
                                "YrTaxAmount": 0
                            }
                        },
                        "FareComponent": [
                            {
                                "PriceClassRef": "PCR_1",
                                "SegmentRefs": "Segment1"
                            },
                            {
                                "PriceClassRef": "PCR_1",
                                "SegmentRefs": "Segment2"
                            }
                        ]
                    },
                    {
                        "OfferItemID": "OFFERITEMID2",
                        "Refundable": "false",
                        "PassengerType": "CHD",
                        "PassengerQuantity": 1,
                        "TotalPriceDetail": {
                            "TotalAmount": {
                                "BookingCurrencyPrice": 442.02,
                                "EquivCurrencyPrice": 442.02
                            }
                        },
                        "Service": [
                            {
                                "ServiceID": "SV1",
                                "PassengerRefs": "CHD1 ",
                                "FlightRefs": "Flight1"
                            },
                            {
                                "ServiceID": "SV2",
                                "PassengerRefs": "CHD1 ",
                                "FlightRefs": "Flight2"
                            }
                        ],
                        "FareDetail": {
                            "PassengerRefs": "CHD1 ",
                            "Price": {
                                "TotalAmount": {
                                    "BookingCurrencyPrice": 442.02,
                                    "EquivCurrencyPrice": 442.02,
                                    "ApiCurrencyPrice": 439.76
                                },
                                "BaseAmount": {
                                    "BookingCurrencyPrice": 295,
                                    "EquivCurrencyPrice": 295,
                                    "ApiCurrencyPrice": 293
                                },
                                "TaxAmount": {
                                    "BookingCurrencyPrice": 147.02,
                                    "EquivCurrencyPrice": 147.02,
                                    "ApiCurrencyPrice": 146.76
                                },
                                "AgencyCommission": {
                                    "BookingCurrencyPrice": 2,
                                    "EquivCurrencyPrice": 2
                                },
                                "AgencyYqCommission": {
                                    "BookingCurrencyPrice": 0,
                                    "EquivCurrencyPrice": 0
                                },
                                "BookingFee": {
                                    "BookingCurrencyPrice": 0,
                                    "EquivCurrencyPrice": 0
                                },
                                "PortalMarkup": {
                                    "BookingCurrencyPrice": 0,
                                    "EquivCurrencyPrice": 0
                                },
                                "PortalSurcharge": {
                                    "BookingCurrencyPrice": 0,
                                    "EquivCurrencyPrice": 0
                                },
                                "PortalDiscount": {
                                    "BookingCurrencyPrice": 0,
                                    "EquivCurrencyPrice": 0
                                },
                                "CommissionableTotalPrice": {
                                    "BookingCurrencyPrice": 440.02,
                                    "EquivCurrencyPrice": 440.02
                                },
                                "CommissionableBasePrice": {
                                    "BookingCurrencyPrice": 293,
                                    "EquivCurrencyPrice": 293
                                },
                                "Taxes": [
                                    {
                                        "TaxCode": "CA",
                                        "BookingCurrencyPrice": 24.21,
                                        "EquivCurrencyPrice": 24.21
                                    },
                                    {
                                        "TaxCode": "XG",
                                        "BookingCurrencyPrice": 17.11,
                                        "EquivCurrencyPrice": 17.11
                                    },
                                    {
                                        "TaxCode": "US",
                                        "BookingCurrencyPrice": 24.94,
                                        "EquivCurrencyPrice": 24.94
                                    },
                                    {
                                        "TaxCode": "XA",
                                        "BookingCurrencyPrice": 5.01,
                                        "EquivCurrencyPrice": 5.01
                                    },
                                    {
                                        "TaxCode": "XY",
                                        "BookingCurrencyPrice": 8.86,
                                        "EquivCurrencyPrice": 8.86
                                    },
                                    {
                                        "TaxCode": "YC",
                                        "BookingCurrencyPrice": 7.73,
                                        "EquivCurrencyPrice": 7.73
                                    },
                                    {
                                        "TaxCode": "RC",
                                        "BookingCurrencyPrice": 3.9,
                                        "EquivCurrencyPrice": 3.9
                                    },
                                    {
                                        "TaxCode": "SQ",
                                        "BookingCurrencyPrice": 55,
                                        "EquivCurrencyPrice": 55
                                    },
                                    {
                                        "TaxCode": "HST",
                                        "BookingCurrencyPrice": 0.26,
                                        "EquivCurrencyPrice": 0.26
                                    }
                                ]
                            },
                            "ApiPrice": {
                                "TotalAmount": 439.76,
                                "BaseAmount": 293,
                                "TaxAmount": 146.76,
                                "YqTaxAmount": 0,
                                "YrTaxAmount": 0
                            }
                        },
                        "FareComponent": [
                            {
                                "PriceClassRef": "PCR_1",
                                "SegmentRefs": "Segment1"
                            },
                            {
                                "PriceClassRef": "PCR_1",
                                "SegmentRefs": "Segment2"
                            }
                        ]
                    },
                    {
                        "OfferItemID": "OFFERITEMID3",
                        "Refundable": "false",
                        "PassengerType": "INF",
                        "PassengerQuantity": 1,
                        "TotalPriceDetail": {
                            "TotalAmount": {
                                "BookingCurrencyPrice": 23.86,
                                "EquivCurrencyPrice": 23.86
                            }
                        },
                        "Service": [
                            {
                                "ServiceID": "SV1",
                                "PassengerRefs": "INF1 ",
                                "FlightRefs": "Flight1"
                            },
                            {
                                "ServiceID": "SV2",
                                "PassengerRefs": "INF1 ",
                                "FlightRefs": "Flight2"
                            }
                        ],
                        "FareDetail": {
                            "PassengerRefs": "INF1 ",
                            "Price": {
                                "TotalAmount": {
                                    "BookingCurrencyPrice": 23.86,
                                    "EquivCurrencyPrice": 23.86,
                                    "ApiCurrencyPrice": 21.6
                                },
                                "BaseAmount": {
                                    "BookingCurrencyPrice": 2,
                                    "EquivCurrencyPrice": 2,
                                    "ApiCurrencyPrice": 0
                                },
                                "TaxAmount": {
                                    "BookingCurrencyPrice": 21.86,
                                    "EquivCurrencyPrice": 21.86,
                                    "ApiCurrencyPrice": 21.6
                                },
                                "AgencyCommission": {
                                    "BookingCurrencyPrice": 2,
                                    "EquivCurrencyPrice": 2
                                },
                                "AgencyYqCommission": {
                                    "BookingCurrencyPrice": 0,
                                    "EquivCurrencyPrice": 0
                                },
                                "BookingFee": {
                                    "BookingCurrencyPrice": 0,
                                    "EquivCurrencyPrice": 0
                                },
                                "PortalMarkup": {
                                    "BookingCurrencyPrice": 0,
                                    "EquivCurrencyPrice": 0
                                },
                                "PortalSurcharge": {
                                    "BookingCurrencyPrice": 0,
                                    "EquivCurrencyPrice": 0
                                },
                                "PortalDiscount": {
                                    "BookingCurrencyPrice": 0,
                                    "EquivCurrencyPrice": 0
                                },
                                "CommissionableTotalPrice": {
                                    "BookingCurrencyPrice": 21.86,
                                    "EquivCurrencyPrice": 21.86
                                },
                                "CommissionableBasePrice": {
                                    "BookingCurrencyPrice": 0,
                                    "EquivCurrencyPrice": 0
                                },
                                "Taxes": [
                                    {
                                        "TaxCode": "XA",
                                        "BookingCurrencyPrice": 5.01,
                                        "EquivCurrencyPrice": 5.01
                                    },
                                    {
                                        "TaxCode": "XY",
                                        "BookingCurrencyPrice": 8.86,
                                        "EquivCurrencyPrice": 8.86
                                    },
                                    {
                                        "TaxCode": "YC",
                                        "BookingCurrencyPrice": 7.73,
                                        "EquivCurrencyPrice": 7.73
                                    },
                                    {
                                        "TaxCode": "HST",
                                        "BookingCurrencyPrice": 0.26,
                                        "EquivCurrencyPrice": 0.26
                                    }
                                ]
                            },
                            "ApiPrice": {
                                "TotalAmount": 21.6,
                                "BaseAmount": 0,
                                "TaxAmount": 21.6,
                                "YqTaxAmount": 0,
                                "YrTaxAmount": 0
                            }
                        },
                        "FareComponent": [
                            {
                                "PriceClassRef": "PCR_1",
                                "SegmentRefs": "Segment1"
                            },
                            {
                                "PriceClassRef": "PCR_1",
                                "SegmentRefs": "Segment2"
                            }
                        ]
                    }
                ],
                "AirlineCharge": [
                    {
                        "BuyingFare": 901.12,
                        "SellingFare": 907.9,
                        "AirlineCharge": 901.12,
                        "ReqAirlineCharge": 901.12,
                        "FaerType": "PUB",
                        "OfferID": "1777142311648460704171493831",
                        "Owner": "AC",
                        "MultipleFop": "N"
                    }
                ],
                "SplitPaymentInfo": [
                    {
                        "AirItineraryId": "1777142311648460704171493831",
                        "MultipleFop": "N",
                        "MaxCardsPerPax": 0,
                        "MaxCardsPerPaxInMFOP": 0,
                        "AllowedMarkup": {
                            "ADT": 0,
                            "CHD": 0,
                            "INF": 0
                        }
                    }
                ],
                "SupplierWiseFares": [
                    {
                        "SupplierAccountId": 577,
                        "ConsumerAccountid": 577,
                        "PosBaseFare": 592,
                        "PosTaxFare": 315.9,
                        "PosTotalFare": 907.9,
                        "PaxFareBreakup": [
                            {
                                "PaxType": "ADT",
                                "PaxQuantity": 1,
                                "PosBaseFare": 295,
                                "PosTaxFare": 147.01999999999998,
                                "PosYQTax": 0,
                                "PosYRTax": 0,
                                "PosTotalFare": 442.02,
                                "ItinTax": [
                                    {
                                        "TaxCode": "CA",
                                        "ApiAmount": 24.21,
                                        "PosAmount": 24.21,
                                        "ReqAmount": 24.21,
                                        "TaxLine": 1,
                                        "PosApiAmount": 24.21,
                                        "ReqApiAmount": 24.21
                                    },
                                    {
                                        "TaxCode": "XG",
                                        "ApiAmount": 17.11,
                                        "PosAmount": 17.11,
                                        "ReqAmount": 17.11,
                                        "TaxLine": 2,
                                        "PosApiAmount": 17.11,
                                        "ReqApiAmount": 17.11
                                    },
                                    {
                                        "TaxCode": "US",
                                        "ApiAmount": 24.94,
                                        "PosAmount": 24.94,
                                        "ReqAmount": 24.94,
                                        "TaxLine": 3,
                                        "PosApiAmount": 24.94,
                                        "ReqApiAmount": 24.94
                                    },
                                    {
                                        "TaxCode": "XA",
                                        "ApiAmount": 5.01,
                                        "PosAmount": 5.01,
                                        "ReqAmount": 5.01,
                                        "TaxLine": 4,
                                        "PosApiAmount": 5.01,
                                        "ReqApiAmount": 5.01
                                    },
                                    {
                                        "TaxCode": "XY",
                                        "ApiAmount": 8.86,
                                        "PosAmount": 8.86,
                                        "ReqAmount": 8.86,
                                        "TaxLine": 5,
                                        "PosApiAmount": 8.86,
                                        "ReqApiAmount": 8.86
                                    },
                                    {
                                        "TaxCode": "YC",
                                        "ApiAmount": 7.73,
                                        "PosAmount": 7.73,
                                        "ReqAmount": 7.73,
                                        "TaxLine": 6,
                                        "PosApiAmount": 7.73,
                                        "ReqApiAmount": 7.73
                                    },
                                    {
                                        "TaxCode": "RC",
                                        "ApiAmount": 3.9,
                                        "PosAmount": 3.9,
                                        "ReqAmount": 3.9,
                                        "TaxLine": 7,
                                        "PosApiAmount": 3.9,
                                        "ReqApiAmount": 3.9
                                    },
                                    {
                                        "TaxCode": "SQ",
                                        "ApiAmount": 55,
                                        "PosAmount": 55,
                                        "ReqAmount": 55,
                                        "TaxLine": 8,
                                        "PosApiAmount": 55,
                                        "ReqApiAmount": 55
                                    },
                                    {
                                        "TaxCode": "HST",
                                        "ApiAmount": 0.26,
                                        "PosAmount": 0.26,
                                        "ReqAmount": 0.26,
                                        "TaxIdentity": "HST_577",
                                        "TaxLine": 8
                                    }
                                ],
                                "SupplierMarkup": 2,
                                "SupplierDiscount": 0,
                                "SupplierSurcharge": 0,
                                "SupplierAgencyCommission": 2,
                                "SupplierAgencyYqCommission": 0,
                                "SupplierSegmentBenifit": 0,
                                "AddOnCharge": 0,
                                "PortalMarkup": 0,
                                "PortalDiscount": 0,
                                "PortalSurcharge": 0,
                                "SupplierHstAmount": 0.26,
                                "AddOnHstAmount": 0,
                                "PortalHstAmount": 0,
                                "SupplierUpSaleAmt": 0,
                                "AirlineCommission": 2,
                                "AirlineYqCommission": 0,
                                "AirlineSegmentBenifit": 0,
                                "AirlineCommissionPercentage": "0",
                                "AirlineCommissionFixed": "2",
                                "PosApiTotalFare": 439.76,
                                "PosApiBaseFare": 293,
                                "PosApiTaxFare": 146.76,
                                "PosCurrency": "CAD",
                                "SupplierBookingFee": 0,
                                "PortalBookingFee": 0,
                                "ApiPaxTypeRefInfo": {
                                    "ADT": "ADT",
                                    "CHD": "CNN",
                                    "INF": "INF"
                                },
                                "AirlineSegmentCommission": 0
                            },
                            {
                                "PaxType": "CHD",
                                "PaxQuantity": 1,
                                "PosBaseFare": 295,
                                "PosTaxFare": 147.01999999999998,
                                "PosYQTax": 0,
                                "PosYRTax": 0,
                                "PosTotalFare": 442.02,
                                "ItinTax": [
                                    {
                                        "TaxCode": "CA",
                                        "ApiAmount": 24.21,
                                        "PosAmount": 24.21,
                                        "ReqAmount": 24.21,
                                        "TaxLine": 1,
                                        "PosApiAmount": 24.21,
                                        "ReqApiAmount": 24.21
                                    },
                                    {
                                        "TaxCode": "XG",
                                        "ApiAmount": 17.11,
                                        "PosAmount": 17.11,
                                        "ReqAmount": 17.11,
                                        "TaxLine": 2,
                                        "PosApiAmount": 17.11,
                                        "ReqApiAmount": 17.11
                                    },
                                    {
                                        "TaxCode": "US",
                                        "ApiAmount": 24.94,
                                        "PosAmount": 24.94,
                                        "ReqAmount": 24.94,
                                        "TaxLine": 3,
                                        "PosApiAmount": 24.94,
                                        "ReqApiAmount": 24.94
                                    },
                                    {
                                        "TaxCode": "XA",
                                        "ApiAmount": 5.01,
                                        "PosAmount": 5.01,
                                        "ReqAmount": 5.01,
                                        "TaxLine": 4,
                                        "PosApiAmount": 5.01,
                                        "ReqApiAmount": 5.01
                                    },
                                    {
                                        "TaxCode": "XY",
                                        "ApiAmount": 8.86,
                                        "PosAmount": 8.86,
                                        "ReqAmount": 8.86,
                                        "TaxLine": 5,
                                        "PosApiAmount": 8.86,
                                        "ReqApiAmount": 8.86
                                    },
                                    {
                                        "TaxCode": "YC",
                                        "ApiAmount": 7.73,
                                        "PosAmount": 7.73,
                                        "ReqAmount": 7.73,
                                        "TaxLine": 6,
                                        "PosApiAmount": 7.73,
                                        "ReqApiAmount": 7.73
                                    },
                                    {
                                        "TaxCode": "RC",
                                        "ApiAmount": 3.9,
                                        "PosAmount": 3.9,
                                        "ReqAmount": 3.9,
                                        "TaxLine": 7,
                                        "PosApiAmount": 3.9,
                                        "ReqApiAmount": 3.9
                                    },
                                    {
                                        "TaxCode": "SQ",
                                        "ApiAmount": 55,
                                        "PosAmount": 55,
                                        "ReqAmount": 55,
                                        "TaxLine": 8,
                                        "PosApiAmount": 55,
                                        "ReqApiAmount": 55
                                    },
                                    {
                                        "TaxCode": "HST",
                                        "ApiAmount": 0.26,
                                        "PosAmount": 0.26,
                                        "ReqAmount": 0.26,
                                        "TaxIdentity": "HST_577",
                                        "TaxLine": 8
                                    }
                                ],
                                "SupplierMarkup": 2,
                                "SupplierDiscount": 0,
                                "SupplierSurcharge": 0,
                                "SupplierAgencyCommission": 2,
                                "SupplierAgencyYqCommission": 0,
                                "SupplierSegmentBenifit": 0,
                                "AddOnCharge": 0,
                                "PortalMarkup": 0,
                                "PortalDiscount": 0,
                                "PortalSurcharge": 0,
                                "SupplierHstAmount": 0.26,
                                "AddOnHstAmount": 0,
                                "PortalHstAmount": 0,
                                "SupplierUpSaleAmt": 0,
                                "AirlineCommission": 2,
                                "AirlineYqCommission": 0,
                                "AirlineSegmentBenifit": 0,
                                "AirlineCommissionPercentage": "0",
                                "AirlineCommissionFixed": "2",
                                "PosApiTotalFare": 439.76,
                                "PosApiBaseFare": 293,
                                "PosApiTaxFare": 146.76,
                                "PosCurrency": "CAD",
                                "SupplierBookingFee": 0,
                                "PortalBookingFee": 0,
                                "AirlineSegmentCommission": 0
                            },
                            {
                                "PaxType": "INF",
                                "PaxQuantity": 1,
                                "PosBaseFare": 2,
                                "PosTaxFare": 21.860000000000003,
                                "PosYQTax": 0,
                                "PosYRTax": 0,
                                "PosTotalFare": 23.86,
                                "ItinTax": [
                                    {
                                        "TaxCode": "XA",
                                        "ApiAmount": 5.01,
                                        "PosAmount": 5.01,
                                        "ReqAmount": 5.01,
                                        "TaxLine": 1,
                                        "PosApiAmount": 5.01,
                                        "ReqApiAmount": 5.01
                                    },
                                    {
                                        "TaxCode": "XY",
                                        "ApiAmount": 8.86,
                                        "PosAmount": 8.86,
                                        "ReqAmount": 8.86,
                                        "TaxLine": 2,
                                        "PosApiAmount": 8.86,
                                        "ReqApiAmount": 8.86
                                    },
                                    {
                                        "TaxCode": "YC",
                                        "ApiAmount": 7.73,
                                        "PosAmount": 7.73,
                                        "ReqAmount": 7.73,
                                        "TaxLine": 3,
                                        "PosApiAmount": 7.73,
                                        "ReqApiAmount": 7.73
                                    },
                                    {
                                        "TaxCode": "HST",
                                        "ApiAmount": 0.26,
                                        "PosAmount": 0.26,
                                        "ReqAmount": 0.26,
                                        "TaxIdentity": "HST_577",
                                        "TaxLine": 3
                                    }
                                ],
                                "SupplierMarkup": 2,
                                "SupplierDiscount": 0,
                                "SupplierSurcharge": 0,
                                "SupplierAgencyCommission": 2,
                                "SupplierAgencyYqCommission": 0,
                                "SupplierSegmentBenifit": 0,
                                "AddOnCharge": 0,
                                "PortalMarkup": 0,
                                "PortalDiscount": 0,
                                "PortalSurcharge": 0,
                                "SupplierHstAmount": 0.26,
                                "AddOnHstAmount": 0,
                                "PortalHstAmount": 0,
                                "SupplierUpSaleAmt": 0,
                                "AirlineCommission": 2,
                                "AirlineYqCommission": 0,
                                "AirlineSegmentBenifit": 0,
                                "AirlineCommissionPercentage": "0",
                                "AirlineCommissionFixed": "2",
                                "PosApiTotalFare": 21.6,
                                "PosApiBaseFare": 0,
                                "PosApiTaxFare": 21.6,
                                "PosCurrency": "CAD",
                                "SupplierBookingFee": 0,
                                "PortalBookingFee": 0,
                                "AirlineSegmentCommission": 0
                            }
                        ],
                        "SupplierMarkup": 6,
                        "SupplierDiscount": 0,
                        "SupplierSurcharge": 0,
                        "SupplierAgencyCommission": 6,
                        "SupplierAgencyYqCommission": 0,
                        "SupplierSegmentBenifit": 0,
                        "PosTemplateId": 1777,
                        "PosTemplateName": "Engine_Automation_Live",
                        "PosContractId": 572,
                        "PosContractName": "WS-WY-GF-AC-EY-UL-AA-BA_PUB-PRI-ITX-PFA-COM_Engine_1A/1A/1V/1V/1S_YOWC42117/YTOC421H7/2E9L/229G/KY6G_@@@Engine_Automation",
                        "PosContractCode": "56576",
                        "PosRuleId": 772,
                        "PosRuleName": "Markup",
                        "PosRuleCode": "5656",
                        "ContractRemarks": {
                            "osi_notes": "",
                            "ticket_designator": "",
                            "endorsement": "",
                            "override_endosement": "N",
                            "tour_code": "",
                            "remark": "",
                            "itbt": "N",
                            "eligibility": "Y",
                            "cancellation": {
                                "before": "",
                                "after": ""
                            },
                            "changes": {
                                "before": "",
                                "after": ""
                            },
                            "no_show": {
                                "after": ""
                            },
                            "non_eligibility_info": [
                                
                            ],
                            "endosement": "",
                            "fop_allowed": "Y",
                            "fop_details": {
                                "CC": {
                                    "Allowed": "Y",
                                    "Types": {
                                        "AX": {
                                            "P": 0,
                                            "F": "1"
                                        },
                                        "MC": {
                                            "P": 0,
                                            "F": "1"
                                        },
                                        "VI": {
                                            "P": 0,
                                            "F": "1"
                                        }
                                    }
                                },
                                "DC": {
                                    "Allowed": "Y",
                                    "Types": {
                                        "MC": {
                                            "P": 0,
                                            "F": 0
                                        },
                                        "VI": {
                                            "P": 0,
                                            "F": 0
                                        }
                                    }
                                },
                                "CASH": {
                                    "Allowed": "Y"
                                },
                                "CHEQUE": {
                                    "Allowed": "Y"
                                },
                                "ACH": {
                                    "Allowed": "Y"
                                },
                                "PG": {
                                    "Allowed": "Y"
                                }
                            }
                        },
                        "SupplierMarkupTemplateId": 1683,
                        "SupplierMarkupTemplateName": "Engine_Automation",
                        "SupplierMarkupContractId": 2013,
                        "SupplierMarkupContractName": "WS-WY-GF-AC-EY-UL-AA-BA_PUB-PRI-ITX-PFA-COM_Engine_1A/1A/1V/1V/1S_YOWC42117/YTOC421H7/2E9L/229G/KY6G_@@@Engine_Automation Group 5851",
                        "SupplierMarkupRuleId": 2222,
                        "SupplierMarkupRuleName": "Markup",
                        "SupplierMarkupRuleCode": "5656",
                        "SupplierMarkupRuleType": "M",
                        "SupplierMarkupRef": "R",
                        "SupplierSurchargeIds": "",
                        "SupplierSurcharges": [
                            {
                                
                            },
                            {
                                
                            },
                            {
                                
                            }
                        ],
                        "AddOnCharge": 0,
                        "PortalMarkup": 0,
                        "PortalDiscount": 0,
                        "PortalSurcharge": 0,
                        "PortalMarkupTemplateId": 0,
                        "PortalMarkupTemplateName": "",
                        "PortalMarkupContractName": "",
                        "PortalMarkupRuleId": 0,
                        "PortalMarkupRuleName": "",
                        "PortalMarkupRuleCode": "",
                        "PortalSurchargeIds": "",
                        "PortalPaxSurcharges": [
                            {
                                
                            },
                            {
                                
                            },
                            {
                                
                            }
                        ],
                        "SupplierHstAmount": 0.78,
                        "AddOnHstAmount": 0,
                        "PortalHstAmount": 0,
                        "FopDetails": {
                            "CC": {
                                "Allowed": "Y",
                                "Types": {
                                    "AX": {
                                        "P": 0,
                                        "F": "1"
                                    },
                                    "MC": {
                                        "P": 0,
                                        "F": "01"
                                    },
                                    "VI": {
                                        "P": 0,
                                        "F": "1"
                                    }
                                }
                            },
                            "DC": {
                                "Allowed": "Y",
                                "Types": {
                                    "MC": {
                                        "P": 0,
                                        "F": 0
                                    },
                                    "VI": {
                                        "P": 0,
                                        "F": 0
                                    }
                                }
                            },
                            "CASH": {
                                "Allowed": "Y"
                            },
                            "CHEQUE": {
                                "Allowed": "Y"
                            },
                            "ACH": {
                                "Allowed": "Y"
                            },
                            "PG": {
                                "Allowed": "Y"
                            }
                        },
                        "SupplierUpSaleAmt": 0,
                        "AirlineCommission": 6,
                        "AirlineYqCommission": 0,
                        "AirlineSegmentBenifit": 0,
                        "SupplierBookingFeeType": "",
                        "PortalBookingFeeType": "",
                        "SupplierBookingFee": 0,
                        "PortalBookingFee": 0,
                        "MarkupRuleLoyaltyCode": "Markup_5656_2222",
                        "AirlineSegmentCommission": null
                    }
                ],
                "BookingToEquivExRate": 1,
                "ApiCurrency": "CAD",
                "ApiCurrencyExRate": 1,
                "ReqCurrency": "CAD",
                "ReqCurrencyExRate": 1,
                "PosCurrency": "CAD",
                "PosCurrencyExRate": 1,
                "SupplierId": 577,
                "FopRef": "FOP_577_577_1423_772_AC_PRI"
            }
        ],
        "DataLists": {
            "PassengerList": {
                "Passengers": [
                    {
                        "ContactAddress": {
                            "TypeOfAddress": "D",
                            "Address": "",
                            "State": "",
                            "Country": "",
                            "PostalCode": "",
                            "City": ""
                        },
                        "FirstName": "Rajan",
                        "SsrRequest": [
                            
                        ],
                        "Gender": "Male",
                        "MiddleName": "",
                        "SeatSelection": [
                            
                        ],
                        "OnflyDiscount": "0.00",
                        "NameTitle": "Mr",
                        "Passport": {
                            "ExpiryDate": "1970-01-01",
                            "Number": "",
                            "CountryCode": ""
                        },
                        "OptionalServices": [
                            
                        ],
                        "OnflyMarkup": "0.00",
                        "ContactInfoRef": "CTC1",
                        "Preference": {
                            "WheelChairPreference": {
                                "Reason": ""
                            },
                            "SeatPreference": "",
                            "MealPreference": ""
                        },
                        "RedressDetails": {
                            "RedressNumber": "",
                            "KnownTravellerNumber": ""
                        },
                        "attributes": {
                            "PassengerID": "ADT1"
                        },
                        "LastName": "Santhosh",
                        "PassengerRefID": "ADT1",
                        "PTC": "ADT",
                        "BirthDate": "1995-05-18"
                    },
                    {
                        "ContactAddress": {
                            "TypeOfAddress": "D",
                            "Address": "",
                            "State": "",
                            "Country": "",
                            "PostalCode": "",
                            "City": ""
                        },
                        "FirstName": "karan",
                        "SsrRequest": [
                            
                        ],
                        "Gender": "Male",
                        "MiddleName": "",
                        "SeatSelection": [
                            
                        ],
                        "OnflyDiscount": "0.00",
                        "NameTitle": "Mstr",
                        "Passport": {
                            "ExpiryDate": "1970-01-01",
                            "Number": "",
                            "CountryCode": ""
                        },
                        "OptionalServices": [
                            
                        ],
                        "OnflyMarkup": "0.00",
                        "ContactInfoRef": "CTC1",
                        "Preference": {
                            "WheelChairPreference": {
                                "Reason": ""
                            },
                            "SeatPreference": "",
                            "MealPreference": ""
                        },
                        "RedressDetails": {
                            "RedressNumber": "",
                            "KnownTravellerNumber": ""
                        },
                        "attributes": {
                            "PassengerID": "CHD1"
                        },
                        "LastName": "Arun",
                        "PassengerRefID": "CHD1",
                        "PTC": "CHD",
                        "BirthDate": "2010-05-28"
                    },
                    {
                        "ContactAddress": {
                            "TypeOfAddress": "D",
                            "Address": "",
                            "State": "",
                            "Country": "",
                            "PostalCode": "",
                            "City": ""
                        },
                        "FirstName": "Khan",
                        "SsrRequest": [
                            
                        ],
                        "Gender": "Male",
                        "MiddleName": "",
                        "SeatSelection": [
                            
                        ],
                        "OnflyDiscount": "0.00",
                        "NameTitle": "Mstr",
                        "Passport": {
                            "ExpiryDate": "1970-01-01",
                            "Number": "",
                            "CountryCode": ""
                        },
                        "OptionalServices": [
                            
                        ],
                        "OnflyMarkup": "0.00",
                        "ContactInfoRef": "CTC1",
                        "Preference": {
                            "WheelChairPreference": {
                                "Reason": ""
                            },
                            "SeatPreference": "",
                            "MealPreference": ""
                        },
                        "RedressDetails": {
                            "RedressNumber": "",
                            "KnownTravellerNumber": ""
                        },
                        "attributes": {
                            "PassengerID": "INF1"
                        },
                        "LastName": "Tharun",
                        "PassengerRefID": "INF1",
                        "PTC": "INF",
                        "BirthDate": "2020-05-29"
                    }
                ]
            },
            "DisclosureList": {
                "Disclosures": [
                    
                ]
            },
            "FareList": {
                "FareGroup": [
                    
                ]
            },
            "FlightSegmentList": {
                "FlightSegment": [
                    {
                        "SegmentKey": "Segment1",
                        "Departure": {
                            "AirportCode": "YYZ",
                            "Date": "2022-09-20",
                            "Time": "08:15:00",
                            "AirportName": "Lester B. Pearson International Airport",
                            "Terminal": {
                                "Name": "1"
                            }
                        },
                        "Arrival": {
                            "AirportCode": "YYC",
                            "Date": "2022-09-20",
                            "Time": "10:18:00",
                            "AirportName": "Calgary International Airport",
                            "Terminal": {
                                "Name": ""
                            }
                        },
                        "MarketingCarrier": {
                            "AirlineID": "AC",
                            "Name": "Air Canada",
                            "FlightNumber": "135",
                            "OrgAirlineID": "AC"
                        },
                        "OperatingCarrier": {
                            "AirlineID": "AC",
                            "Name": "Air Canada",
                            "FlightNumber": "135",
                            "OrgAirlineID": "AC"
                        },
                        "Equipment": {
                            "AircraftCode": "789",
                            "Name": "789"
                        },
                        "Code": {
                            "MarriageGroup": "O",
                            "ResBookDesigCode": "T",
                            "Cabin": "Y"
                        },
                        "FlightDetail": {
                            "FlightDuration": {
                                "Value": "4 H 3 M"
                            },
                            "Stops": {
                                "Value": 0
                            },
                            "InterMediate": [
                                
                            ],
                            "AirMilesFlown": 0,
                            "SegmentPnr": "4WLAAG"
                        },
                        "BrandId": ""
                    },
                    {
                        "SegmentKey": "Segment2",
                        "Departure": {
                            "AirportCode": "YVR",
                            "Date": "2022-09-25",
                            "Time": "08:25:00",
                            "AirportName": "Vancouver International Airport",
                            "Terminal": {
                                "Name": "M"
                            }
                        },
                        "Arrival": {
                            "AirportCode": "PDX",
                            "Date": "2022-09-25",
                            "Time": "09:40:00",
                            "AirportName": "Portland International Airport",
                            "Terminal": {
                                "Name": ""
                            }
                        },
                        "MarketingCarrier": {
                            "AirlineID": "AC",
                            "Name": "Air Canada",
                            "FlightNumber": "8652",
                            "OrgAirlineID": "AC"
                        },
                        "OperatingCarrier": {
                            "AirlineID": "AC",
                            "Name": "Air Canada",
                            "FlightNumber": "8652",
                            "OrgAirlineID": "AC"
                        },
                        "Equipment": {
                            "AircraftCode": "DH4",
                            "Name": "De Havilland Canada DHC-8-400 Dash 8Q"
                        },
                        "Code": {
                            "MarriageGroup": "O",
                            "ResBookDesigCode": "G",
                            "Cabin": "Y"
                        },
                        "FlightDetail": {
                            "FlightDuration": {
                                "Value": "1 H 15 M"
                            },
                            "Stops": {
                                "Value": 0
                            },
                            "InterMediate": [
                                
                            ],
                            "AirMilesFlown": 0,
                            "SegmentPnr": "4WLAAG"
                        },
                        "BrandId": ""
                    }
                ]
            },
            "FlightList": {
                "Flight": [
                    {
                        "FlightKey": "Flight1",
                        "Journey": {
                            "Time": "4 H 3 M",
                            "Stops": 0
                        },
                        "SegmentReferences": "Segment1"
                    },
                    {
                        "FlightKey": "Flight2",
                        "Journey": {
                            "Time": "1 H 15 M",
                            "Stops": 0
                        },
                        "SegmentReferences": "Segment2"
                    }
                ]
            },
            "OriginDestinationList": {
                "OriginDestination": [
                    {
                        "OriginDestinationKey": "OD1",
                        "DepartureCode": "YYZ",
                        "ArrivalCode": "YYC",
                        "FlightReferences": "Flight1"
                    },
                    {
                        "OriginDestinationKey": "OD2",
                        "DepartureCode": "YVR",
                        "ArrivalCode": "PDX",
                        "FlightReferences": "Flight2"
                    }
                ]
            },
            "PriceClassList": {
                "PriceClass": [
                    {
                        "PriceClassID": "PCR_1",
                        "Name": "pri",
                        "ClassOfService": [
                            {
                                "SegementRef": "Segment1",
                                "Code": {
                                    "SeatsLeft": "9",
                                    "Value": "T"
                                },
                                "MarketingName": "",
                                "Carrier": "AC",
                                "Cabin": "Y",
                                "MediaInfoRefKey": "",
                                "FareBasisCode": "TZ6LZCTG",
                                "Baggage": {
                                    "Allowance": "0",
                                    "Unit": "Pieces"
                                },
                                "Meal": "",
                                "CHD": {
                                    "Baggage": {
                                        "Allowance": "0",
                                        "Unit": "Pieces"
                                    },
                                    "FareBasisCode": "TZ6LZCTG",
                                    "Meal": ""
                                },
                                "INF": {
                                    "Baggage": {
                                        "Allowance": "0",
                                        "Unit": "Pieces"
                                    },
                                    "FareBasisCode": "TZ6LZCTG",
                                    "Meal": ""
                                }
                            },
                            {
                                "SegementRef": "Segment2",
                                "Code": {
                                    "SeatsLeft": "9",
                                    "Value": "G"
                                },
                                "MarketingName": "",
                                "Carrier": "AC",
                                "Cabin": "Y",
                                "MediaInfoRefKey": "",
                                "FareBasisCode": "GNA8A0TG",
                                "Baggage": {
                                    "Allowance": "0",
                                    "Unit": "Pieces"
                                },
                                "Meal": "",
                                "CHD": {
                                    "Baggage": {
                                        "Allowance": "0",
                                        "Unit": "Pieces"
                                    },
                                    "FareBasisCode": "GNA8A0TG",
                                    "Meal": ""
                                },
                                "INF": {
                                    "Baggage": {
                                        "Allowance": "0",
                                        "Unit": "Pieces"
                                    },
                                    "FareBasisCode": "GNA8A0TG",
                                    "Meal": ""
                                }
                            }
                        ]
                    }
                ]
            },
            "SuppliersList": [
                577
            ],
            "FopList": [
                {
                    "CC": {
                        "Allowed": "Y",
                        "Types": {
                            "AX": {
                                "F": {
                                    "BookingCurrencyPrice": "1",
                                    "EquivCurrencyPrice": "1"
                                },
                                "P": 0,
                                "Charges": {
                                    "BookingCurrencyPrice": 1,
                                    "EquivCurrencyPrice": 1
                                }
                            },
                            "MC": {
                                "F": {
                                    "BookingCurrencyPrice": "01",
                                    "EquivCurrencyPrice": "01"
                                },
                                "P": 0,
                                "Charges": {
                                    "BookingCurrencyPrice": 1,
                                    "EquivCurrencyPrice": 1
                                }
                            },
                            "VI": {
                                "F": {
                                    "BookingCurrencyPrice": "1",
                                    "EquivCurrencyPrice": "1"
                                },
                                "P": 0,
                                "Charges": {
                                    "BookingCurrencyPrice": 1,
                                    "EquivCurrencyPrice": 1
                                }
                            }
                        }
                    },
                    "DC": {
                        "Allowed": "Y",
                        "Types": {
                            "MC": {
                                "F": {
                                    "BookingCurrencyPrice": 0,
                                    "EquivCurrencyPrice": 0
                                },
                                "P": 0,
                                "Charges": {
                                    "BookingCurrencyPrice": 0,
                                    "EquivCurrencyPrice": 0
                                }
                            },
                            "VI": {
                                "F": {
                                    "BookingCurrencyPrice": 0,
                                    "EquivCurrencyPrice": 0
                                },
                                "P": 0,
                                "Charges": {
                                    "BookingCurrencyPrice": 0,
                                    "EquivCurrencyPrice": 0
                                }
                            }
                        }
                    },
                    "CASH": {
                        "Allowed": "Y",
                        "Types": {
                            
                        }
                    },
                    "CHEQUE": {
                        "Allowed": "Y",
                        "Types": {
                            
                        }
                    },
                    "ACH": {
                        "Allowed": "Y",
                        "Types": {
                            
                        }
                    },
                    "PG": {
                        "Allowed": "Y",
                        "Types": {
                            
                        }
                    },
                    "FopKey": "FOP_577_577_1423_772_AC_PRI"
                }
            ],
            "CpList": [
                {
                    
                }
            ]
        }
    }
}
null
15:15:28.902 [main] INFO  onewayBooking.AirShopping - null
15:15:28.902 [main] INFO  listener.TestListeners - <b>Test Method openJawBookingSuccess<b>
]]></system-out>
  </testcase>
  <testcase name="openJawBookingResponseOrderId" classname="runner.EngineApiTest" time="0">
    <system-out><![CDATA[15:15:28.902 [main] INFO  listener.TestListeners - <b>Test Method openJawBookingResponseOrderIdStarted<b>
DYA04PGS
15:15:28.921 [main] INFO  onewayBooking.AirShopping - DYA04PGS
15:15:28.921 [main] INFO  listener.TestListeners - <b>Test Method openJawBookingResponseOrderIdSuccess<b>
]]></system-out>
  </testcase>
  <testcase name="cardRequest" classname="runner.EngineApiTest" time="0">
    <system-out><![CDATA[DEBUG   16484   [freemark] (): TemplateLoader.findTemplateSource("spark/spark.spa_en_IN.ftl"): Not found
DEBUG   16484   [freemark] (): TemplateLoader.findTemplateSource("spark/spark.spa_en.ftl"): Not found
DEBUG   16484   [freemark] (): TemplateLoader.findTemplateSource("spark/spark.spa.ftl"): Found
DEBUG   16484   [freemark] (): "spark/spark.spa.ftl"("en_IN", UTF-8, parsed): using cached since jar:file:/home/pandian/.m2/repository/com/aventstack/extentreports/5.0.9/extentreports-5.0.9.jar!/com/aventstack/extentreports/templates/spark/spark.spa.ftl hasn't changed.
DEBUG   16484   [freemark] (): TemplateLoader.findTemplateSource("commons/commons-variables_en_IN.ftl"): Not found
DEBUG   16484   [freemark] (): TemplateLoader.findTemplateSource("commons/commons-variables_en.ftl"): Not found
DEBUG   16484   [freemark] (): TemplateLoader.findTemplateSource("commons/commons-variables.ftl"): Found
DEBUG   16484   [freemark] (): "commons/commons-variables.ftl"("en_IN", UTF-8, parsed): using cached since jar:file:/home/pandian/.m2/repository/com/aventstack/extentreports/5.0.9/extentreports-5.0.9.jar!/com/aventstack/extentreports/templates/commons/commons-variables.ftl hasn't changed.
DEBUG   16484   [freemark] (): TemplateLoader.findTemplateSource("commons/commons-macros_en_IN.ftl"): Not found
DEBUG   16484   [freemark] (): TemplateLoader.findTemplateSource("commons/commons-macros_en.ftl"): Not found
DEBUG   16484   [freemark] (): TemplateLoader.findTemplateSource("commons/commons-macros.ftl"): Found
DEBUG   16484   [freemark] (): "commons/commons-macros.ftl"("en_IN", UTF-8, parsed): using cached since jar:file:/home/pandian/.m2/repository/com/aventstack/extentreports/5.0.9/extentreports-5.0.9.jar!/com/aventstack/extentreports/templates/commons/commons-macros.ftl hasn't changed.
DEBUG   16484   [freemark] (): TemplateLoader.findTemplateSource("spark/macros/attributes_en_IN.ftl"): Not found
DEBUG   16484   [freemark] (): TemplateLoader.findTemplateSource("spark/macros/attributes_en.ftl"): Not found
DEBUG   16484   [freemark] (): TemplateLoader.findTemplateSource("spark/macros/attributes.ftl"): Found
DEBUG   16484   [freemark] (): "spark/macros/attributes.ftl"("en_IN", UTF-8, parsed): using cached since jar:file:/home/pandian/.m2/repository/com/aventstack/extentreports/5.0.9/extentreports-5.0.9.jar!/com/aventstack/extentreports/templates/spark/macros/attributes.ftl hasn't changed.
DEBUG   16484   [freemark] (): TemplateLoader.findTemplateSource("spark/macros/log_en_IN.ftl"): Not found
DEBUG   16484   [freemark] (): TemplateLoader.findTemplateSource("spark/macros/log_en.ftl"): Not found
DEBUG   16484   [freemark] (): TemplateLoader.findTemplateSource("spark/macros/log.ftl"): Found
DEBUG   16484   [freemark] (): "spark/macros/log.ftl"("en_IN", UTF-8, parsed): using cached since jar:file:/home/pandian/.m2/repository/com/aventstack/extentreports/5.0.9/extentreports-5.0.9.jar!/com/aventstack/extentreports/templates/spark/macros/log.ftl hasn't changed.
DEBUG   16484   [freemark] (): TemplateLoader.findTemplateSource("spark/macros/recurse_nodes_en_IN.ftl"): Not found
DEBUG   16484   [freemark] (): TemplateLoader.findTemplateSource("spark/macros/recurse_nodes_en.ftl"): Not found
DEBUG   16484   [freemark] (): TemplateLoader.findTemplateSource("spark/macros/recurse_nodes.ftl"): Found
DEBUG   16484   [freemark] (): "spark/macros/recurse_nodes.ftl"("en_IN", UTF-8, parsed): using cached since jar:file:/home/pandian/.m2/repository/com/aventstack/extentreports/5.0.9/extentreports-5.0.9.jar!/com/aventstack/extentreports/templates/spark/macros/recurse_nodes.ftl hasn't changed.
DEBUG   16484   [freemark] (): "spark/macros/log.ftl"("en_IN", UTF-8, parsed) cached copy not yet stale; using cached.
DEBUG   16484   [freemark] (): TemplateLoader.findTemplateSource("spark/macros/attr-common_en_IN.ftl"): Not found
DEBUG   16484   [freemark] (): TemplateLoader.findTemplateSource("spark/macros/attr-common_en.ftl"): Not found
DEBUG   16484   [freemark] (): TemplateLoader.findTemplateSource("spark/macros/attr-common.ftl"): Found
DEBUG   16484   [freemark] (): "spark/macros/attr-common.ftl"("en_IN", UTF-8, parsed): using cached since jar:file:/home/pandian/.m2/repository/com/aventstack/extentreports/5.0.9/extentreports-5.0.9.jar!/com/aventstack/extentreports/templates/spark/macros/attr-common.ftl hasn't changed.
DEBUG   16484   [freemark] (): TemplateLoader.findTemplateSource("spark/partials/head_en_IN.ftl"): Not found
DEBUG   16484   [freemark] (): TemplateLoader.findTemplateSource("spark/partials/head_en.ftl"): Not found
DEBUG   16484   [freemark] (): TemplateLoader.findTemplateSource("spark/partials/head.ftl"): Found
DEBUG   16484   [freemark] (): "spark/partials/head.ftl"("en_IN", UTF-8, parsed): using cached since jar:file:/home/pandian/.m2/repository/com/aventstack/extentreports/5.0.9/extentreports-5.0.9.jar!/com/aventstack/extentreports/templates/spark/partials/head.ftl hasn't changed.
DEBUG   16484   [freemark] (): TemplateLoader.findTemplateSource("commons/commons-inject-css_en_IN.ftl"): Not found
DEBUG   16484   [freemark] (): TemplateLoader.findTemplateSource("commons/commons-inject-css_en.ftl"): Not found
DEBUG   16484   [freemark] (): TemplateLoader.findTemplateSource("commons/commons-inject-css.ftl"): Found
DEBUG   16484   [freemark] (): "commons/commons-inject-css.ftl"("en_IN", UTF-8, parsed): using cached since jar:file:/home/pandian/.m2/repository/com/aventstack/extentreports/5.0.9/extentreports-5.0.9.jar!/com/aventstack/extentreports/templates/commons/commons-inject-css.ftl hasn't changed.
DEBUG   16484   [freemark] (): TemplateLoader.findTemplateSource("spark/partials/navbar_en_IN.ftl"): Not found
DEBUG   16484   [freemark] (): TemplateLoader.findTemplateSource("spark/partials/navbar_en.ftl"): Not found
DEBUG   16484   [freemark] (): TemplateLoader.findTemplateSource("spark/partials/navbar.ftl"): Found
DEBUG   16484   [freemark] (): "spark/partials/navbar.ftl"("en_IN", UTF-8, parsed): using cached since jar:file:/home/pandian/.m2/repository/com/aventstack/extentreports/5.0.9/extentreports-5.0.9.jar!/com/aventstack/extentreports/templates/spark/partials/navbar.ftl hasn't changed.
DEBUG   16484   [freemark] (): TemplateLoader.findTemplateSource("spark/partials/sidenav_en_IN.ftl"): Not found
DEBUG   16484   [freemark] (): TemplateLoader.findTemplateSource("spark/partials/sidenav_en.ftl"): Not found
DEBUG   16484   [freemark] (): TemplateLoader.findTemplateSource("spark/partials/sidenav.ftl"): Found
DEBUG   16484   [freemark] (): "spark/partials/sidenav.ftl"("en_IN", UTF-8, parsed): using cached since jar:file:/home/pandian/.m2/repository/com/aventstack/extentreports/5.0.9/extentreports-5.0.9.jar!/com/aventstack/extentreports/templates/spark/partials/sidenav.ftl hasn't changed.
DEBUG   16484   [freemark] (): TemplateLoader.findTemplateSource("spark/partials/test_en_IN.ftl"): Not found
DEBUG   16484   [freemark] (): TemplateLoader.findTemplateSource("spark/partials/test_en.ftl"): Not found
DEBUG   16484   [freemark] (): TemplateLoader.findTemplateSource("spark/partials/test.ftl"): Found
DEBUG   16484   [freemark] (): "spark/partials/test.ftl"("en_IN", UTF-8, parsed): using cached since jar:file:/home/pandian/.m2/repository/com/aventstack/extentreports/5.0.9/extentreports-5.0.9.jar!/com/aventstack/extentreports/templates/spark/partials/test.ftl hasn't changed.
DEBUG   16484   [freemark] (): TemplateLoader.findTemplateSource("spark/partials/standard-content_en_IN.ftl"): Not found
DEBUG   16484   [freemark] (): TemplateLoader.findTemplateSource("spark/partials/standard-content_en.ftl"): Not found
DEBUG   16484   [freemark] (): TemplateLoader.findTemplateSource("spark/partials/standard-content.ftl"): Found
DEBUG   16484   [freemark] (): "spark/partials/standard-content.ftl"("en_IN", UTF-8, parsed): using cached since jar:file:/home/pandian/.m2/repository/com/aventstack/extentreports/5.0.9/extentreports-5.0.9.jar!/com/aventstack/extentreports/templates/spark/partials/standard-content.ftl hasn't changed.
DEBUG   16484   [freemark] (): "spark/partials/standard-content.ftl"("en_IN", UTF-8, parsed) cached copy not yet stale; using cached.
DEBUG   16484   [freemark] (): "spark/partials/standard-content.ftl"("en_IN", UTF-8, parsed) cached copy not yet stale; using cached.
DEBUG   16484   [freemark] (): "spark/partials/standard-content.ftl"("en_IN", UTF-8, parsed) cached copy not yet stale; using cached.
DEBUG   16484   [freemark] (): "spark/partials/standard-content.ftl"("en_IN", UTF-8, parsed) cached copy not yet stale; using cached.
DEBUG   16484   [freemark] (): "spark/partials/standard-content.ftl"("en_IN", UTF-8, parsed) cached copy not yet stale; using cached.
DEBUG   16484   [freemark] (): "spark/partials/standard-content.ftl"("en_IN", UTF-8, parsed) cached copy not yet stale; using cached.
DEBUG   16484   [freemark] (): "spark/partials/standard-content.ftl"("en_IN", UTF-8, parsed) cached copy not yet stale; using cached.
DEBUG   16484   [freemark] (): "spark/partials/standard-content.ftl"("en_IN", UTF-8, parsed) cached copy not yet stale; using cached.
DEBUG   16484   [freemark] (): "spark/partials/standard-content.ftl"("en_IN", UTF-8, parsed) cached copy not yet stale; using cached.
DEBUG   16484   [freemark] (): "spark/partials/standard-content.ftl"("en_IN", UTF-8, parsed) cached copy not yet stale; using cached.
DEBUG   16484   [freemark] (): "spark/partials/standard-content.ftl"("en_IN", UTF-8, parsed) cached copy not yet stale; using cached.
DEBUG   16484   [freemark] (): "spark/partials/standard-content.ftl"("en_IN", UTF-8, parsed) cached copy not yet stale; using cached.
DEBUG   16484   [freemark] (): "spark/partials/standard-content.ftl"("en_IN", UTF-8, parsed) cached copy not yet stale; using cached.
DEBUG   16484   [freemark] (): "spark/partials/standard-content.ftl"("en_IN", UTF-8, parsed) cached copy not yet stale; using cached.
DEBUG   16484   [freemark] (): "spark/partials/standard-content.ftl"("en_IN", UTF-8, parsed) cached copy not yet stale; using cached.
DEBUG   16484   [freemark] (): "spark/partials/standard-content.ftl"("en_IN", UTF-8, parsed) cached copy not yet stale; using cached.
DEBUG   16484   [freemark] (): "spark/partials/standard-content.ftl"("en_IN", UTF-8, parsed) cached copy not yet stale; using cached.
DEBUG   16484   [freemark] (): "spark/partials/standard-content.ftl"("en_IN", UTF-8, parsed) cached copy not yet stale; using cached.
DEBUG   16484   [freemark] (): "spark/partials/standard-content.ftl"("en_IN", UTF-8, parsed) cached copy not yet stale; using cached.
DEBUG   16484   [freemark] (): "spark/partials/standard-content.ftl"("en_IN", UTF-8, parsed) cached copy not yet stale; using cached.
DEBUG   16484   [freemark] (): "spark/partials/standard-content.ftl"("en_IN", UTF-8, parsed) cached copy not yet stale; using cached.
DEBUG   16484   [freemark] (): "spark/partials/standard-content.ftl"("en_IN", UTF-8, parsed) cached copy not yet stale; using cached.
DEBUG   16484   [freemark] (): "spark/partials/standard-content.ftl"("en_IN", UTF-8, parsed) cached copy not yet stale; using cached.
DEBUG   16484   [freemark] (): "spark/partials/standard-content.ftl"("en_IN", UTF-8, parsed) cached copy not yet stale; using cached.
DEBUG   16484   [freemark] (): "spark/partials/standard-content.ftl"("en_IN", UTF-8, parsed) cached copy not yet stale; using cached.
DEBUG   16484   [freemark] (): "spark/partials/standard-content.ftl"("en_IN", UTF-8, parsed) cached copy not yet stale; using cached.
DEBUG   16484   [freemark] (): "spark/partials/standard-content.ftl"("en_IN", UTF-8, parsed) cached copy not yet stale; using cached.
DEBUG   16484   [freemark] (): "spark/partials/standard-content.ftl"("en_IN", UTF-8, parsed) cached copy not yet stale; using cached.
DEBUG   16484   [freemark] (): "spark/partials/standard-content.ftl"("en_IN", UTF-8, parsed) cached copy not yet stale; using cached.
DEBUG   16484   [freemark] (): "spark/partials/standard-content.ftl"("en_IN", UTF-8, parsed) cached copy not yet stale; using cached.
DEBUG   16484   [freemark] (): "spark/partials/standard-content.ftl"("en_IN", UTF-8, parsed) cached copy not yet stale; using cached.
DEBUG   16484   [freemark] (): "spark/partials/standard-content.ftl"("en_IN", UTF-8, parsed) cached copy not yet stale; using cached.
DEBUG   16484   [freemark] (): "spark/partials/standard-content.ftl"("en_IN", UTF-8, parsed) cached copy not yet stale; using cached.
DEBUG   16484   [freemark] (): "spark/partials/standard-content.ftl"("en_IN", UTF-8, parsed) cached copy not yet stale; using cached.
DEBUG   16484   [freemark] (): "spark/partials/standard-content.ftl"("en_IN", UTF-8, parsed) cached copy not yet stale; using cached.
DEBUG   16484   [freemark] (): "spark/partials/standard-content.ftl"("en_IN", UTF-8, parsed) cached copy not yet stale; using cached.
DEBUG   16484   [freemark] (): "spark/partials/standard-content.ftl"("en_IN", UTF-8, parsed) cached copy not yet stale; using cached.
DEBUG   16484   [freemark] (): "spark/partials/standard-content.ftl"("en_IN", UTF-8, parsed) cached copy not yet stale; using cached.
DEBUG   16484   [freemark] (): "spark/partials/standard-content.ftl"("en_IN", UTF-8, parsed) cached copy not yet stale; using cached.
DEBUG   16484   [freemark] (): "spark/partials/standard-content.ftl"("en_IN", UTF-8, parsed) cached copy not yet stale; using cached.
DEBUG   16484   [freemark] (): "spark/partials/standard-content.ftl"("en_IN", UTF-8, parsed) cached copy not yet stale; using cached.
DEBUG   16484   [freemark] (): "spark/partials/standard-content.ftl"("en_IN", UTF-8, parsed) cached copy not yet stale; using cached.
DEBUG   16484   [freemark] (): "spark/partials/standard-content.ftl"("en_IN", UTF-8, parsed) cached copy not yet stale; using cached.
DEBUG   16484   [freemark] (): "spark/partials/standard-content.ftl"("en_IN", UTF-8, parsed) cached copy not yet stale; using cached.
DEBUG   16484   [freemark] (): "spark/partials/standard-content.ftl"("en_IN", UTF-8, parsed) cached copy not yet stale; using cached.
DEBUG   16484   [freemark] (): "spark/partials/standard-content.ftl"("en_IN", UTF-8, parsed) cached copy not yet stale; using cached.
DEBUG   16484   [freemark] (): "spark/partials/standard-content.ftl"("en_IN", UTF-8, parsed) cached copy not yet stale; using cached.
DEBUG   16484   [freemark] (): "spark/partials/standard-content.ftl"("en_IN", UTF-8, parsed) cached copy not yet stale; using cached.
DEBUG   16484   [freemark] (): TemplateLoader.findTemplateSource("spark/partials/exception_en_IN.ftl"): Not found
DEBUG   16484   [freemark] (): TemplateLoader.findTemplateSource("spark/partials/exception_en.ftl"): Not found
DEBUG   16484   [freemark] (): TemplateLoader.findTemplateSource("spark/partials/exception.ftl"): Found
DEBUG   16484   [freemark] (): "spark/partials/exception.ftl"("en_IN", UTF-8, parsed): using cached since jar:file:/home/pandian/.m2/repository/com/aventstack/extentreports/5.0.9/extentreports-5.0.9.jar!/com/aventstack/extentreports/templates/spark/partials/exception.ftl hasn't changed.
DEBUG   16484   [freemark] (): TemplateLoader.findTemplateSource("spark/partials/category_en_IN.ftl"): Not found
DEBUG   16484   [freemark] (): TemplateLoader.findTemplateSource("spark/partials/category_en.ftl"): Not found
DEBUG   16484   [freemark] (): TemplateLoader.findTemplateSource("spark/partials/category.ftl"): Found
DEBUG   16484   [freemark] (): "spark/partials/category.ftl"("en_IN", UTF-8, parsed): using cached since jar:file:/home/pandian/.m2/repository/com/aventstack/extentreports/5.0.9/extentreports-5.0.9.jar!/com/aventstack/extentreports/templates/spark/partials/category.ftl hasn't changed.
DEBUG   16484   [freemark] (): TemplateLoader.findTemplateSource("spark/partials/device_en_IN.ftl"): Not found
DEBUG   16484   [freemark] (): TemplateLoader.findTemplateSource("spark/partials/device_en.ftl"): Not found
DEBUG   16484   [freemark] (): TemplateLoader.findTemplateSource("spark/partials/device.ftl"): Found
DEBUG   16484   [freemark] (): "spark/partials/device.ftl"("en_IN", UTF-8, parsed): using cached since jar:file:/home/pandian/.m2/repository/com/aventstack/extentreports/5.0.9/extentreports-5.0.9.jar!/com/aventstack/extentreports/templates/spark/partials/device.ftl hasn't changed.
DEBUG   16484   [freemark] (): TemplateLoader.findTemplateSource("spark/partials/author_en_IN.ftl"): Not found
DEBUG   16484   [freemark] (): TemplateLoader.findTemplateSource("spark/partials/author_en.ftl"): Not found
DEBUG   16484   [freemark] (): TemplateLoader.findTemplateSource("spark/partials/author.ftl"): Found
DEBUG   16484   [freemark] (): "spark/partials/author.ftl"("en_IN", UTF-8, parsed): using cached since jar:file:/home/pandian/.m2/repository/com/aventstack/extentreports/5.0.9/extentreports-5.0.9.jar!/com/aventstack/extentreports/templates/spark/partials/author.ftl hasn't changed.
DEBUG   16484   [freemark] (): TemplateLoader.findTemplateSource("spark/partials/log_en_IN.ftl"): Not found
DEBUG   16484   [freemark] (): TemplateLoader.findTemplateSource("spark/partials/log_en.ftl"): Not found
DEBUG   16484   [freemark] (): TemplateLoader.findTemplateSource("spark/partials/log.ftl"): Found
DEBUG   16484   [freemark] (): "spark/partials/log.ftl"("en_IN", UTF-8, parsed): using cached since jar:file:/home/pandian/.m2/repository/com/aventstack/extentreports/5.0.9/extentreports-5.0.9.jar!/com/aventstack/extentreports/templates/spark/partials/log.ftl hasn't changed.
DEBUG   16484   [freemark] (): TemplateLoader.findTemplateSource("spark/partials/dashboard_en_IN.ftl"): Not found
DEBUG   16484   [freemark] (): TemplateLoader.findTemplateSource("spark/partials/dashboard_en.ftl"): Not found
DEBUG   16484   [freemark] (): TemplateLoader.findTemplateSource("spark/partials/dashboard.ftl"): Found
DEBUG   16484   [freemark] (): "spark/partials/dashboard.ftl"("en_IN", UTF-8, parsed): using cached since jar:file:/home/pandian/.m2/repository/com/aventstack/extentreports/5.0.9/extentreports-5.0.9.jar!/com/aventstack/extentreports/templates/spark/partials/dashboard.ftl hasn't changed.
DEBUG   16484   [freemark] (): TemplateLoader.findTemplateSource("spark/partials/scripts_en_IN.ftl"): Not found
DEBUG   16484   [freemark] (): TemplateLoader.findTemplateSource("spark/partials/scripts_en.ftl"): Not found
DEBUG   16484   [freemark] (): TemplateLoader.findTemplateSource("spark/partials/scripts.ftl"): Found
DEBUG   16484   [freemark] (): "spark/partials/scripts.ftl"("en_IN", UTF-8, parsed): using cached since jar:file:/home/pandian/.m2/repository/com/aventstack/extentreports/5.0.9/extentreports-5.0.9.jar!/com/aventstack/extentreports/templates/spark/partials/scripts.ftl hasn't changed.
DEBUG   16484   [freemark] (): TemplateLoader.findTemplateSource("commons/commons-inject-js_en_IN.ftl"): Not found
DEBUG   16484   [freemark] (): TemplateLoader.findTemplateSource("commons/commons-inject-js_en.ftl"): Not found
DEBUG   16484   [freemark] (): TemplateLoader.findTemplateSource("commons/commons-inject-js.ftl"): Found
DEBUG   16484   [freemark] (): "commons/commons-inject-js.ftl"("en_IN", UTF-8, parsed): using cached since jar:file:/home/pandian/.m2/repository/com/aventstack/extentreports/5.0.9/extentreports-5.0.9.jar!/com/aventstack/extentreports/templates/commons/commons-inject-js.ftl hasn't changed.
15:15:28.967 [main] INFO  listener.TestListeners - <b>Test Method cardRequestStarted<b>
15:15:28.968 [main] INFO  listener.TestListeners - <b>Test Method cardRequestSuccess<b>
]]></system-out>
  </testcase>
  <testcase name="onewayCardSearching" classname="runner.EngineApiTest" time="8.465">
    <system-out><![CDATA[15:15:28.969 [main] INFO  listener.TestListeners - <b>Test Method onewayCardSearchingStarted<b>
15:15:28.969 [main] INFO  runner.EngineApiTest - SUCCESS
{"AirShoppingRQ":{"Party":{"Sender":{"TravelAgencySender":{"AgencyID":"","Contacts":{"Contact":[{"EmailContact":"srilanakamrst@gmail.com"}]},"IATA_Number":"","Name":"MRST"}}},"DataLists":{"PassengerList":{"Passenger":[{"PassengerID":"T1","PTC":"ADT"},{"PassengerID":"T2","PTC":"CHD"},{"PassengerID":"T3","PTC":"INF"}]}},"Preference":{"FreeBaggage":"N","FareType":["BOTH"],"NoOfStops":[],"DoubleOneWay":"","Refundable":"","SourceFrom":["ALL"],"AirlinePreference":{"ExcludeAirlines":[],"PreferedAirlines":["WY"]},"NearByAirports":"","RbdPreference":{"ExcludeRbds":[],"RequireAllRbd":"N","PreferedRbds":[]},"Penalties":{"Refundable":"N","ZeroChangeFee":"N","NoCancellationFee":"N","RebookingPossible":"N"},"Cabin":"ECONOMY","DirectFlight":"","TripType":"Oneway","ConnectionTime":{"Min":"","Max":""},"StopPreference":{"PreferedStops":[],"ExcludeStops":[]},"AlternateDays":0,"CountryPreference":{"ExcludeCountry":[]},"AlliancePreference":{"PreferedAlliance":[],"ExcludeAlliance":[]}},"MetaData":{"LocalPccCountry":"IN","Tracking":"Y","RecommendedFare":"Y","Currency":"CAD","ProductType":"F","FareGrouping":"deal","TraceId":"163672258977","PortalUserGroup":"G1","UpSale":"Y","ParentAccountId":4},"CoreQuery":{"OriginDestinations":{"OriginDestination":[{"Departure":{"DepartureTime":{"From":"","To":""},"NoOfMiles":"","AirportCode":"MAA","Date":"2022-09-24"},"Arrival":{"NoOfMiles":"","AirportCode":"DXB"}}]}}}}
Request method:	POST
Request URI:	https://newapi.tltid.com/AirShopping
Proxy:			<none>
Request params:	<none>
Query params:	<none>
Form params:	<none>
Path params:	<none>
Headers:		Authorization=c06d06da9666a219db15cf575aff28241648128226
				Connection=keep-alive
				Accept=*/*
				Content-Type=application/json
Cookies:		<none>
Multiparts:		<none>
Body:
{
    "AirShoppingRQ": {
        "Party": {
            "Sender": {
                "TravelAgencySender": {
                    "AgencyID": "",
                    "Contacts": {
                        "Contact": [
                            {
                                "EmailContact": "srilanakamrst@gmail.com"
                            }
                        ]
                    },
                    "IATA_Number": "",
                    "Name": "MRST"
                }
            }
        },
        "DataLists": {
            "PassengerList": {
                "Passenger": [
                    {
                        "PassengerID": "T1",
                        "PTC": "ADT"
                    },
                    {
                        "PassengerID": "T2",
                        "PTC": "CHD"
                    },
                    {
                        "PassengerID": "T3",
                        "PTC": "INF"
                    }
                ]
            }
        },
        "Preference": {
            "FreeBaggage": "N",
            "FareType": [
                "BOTH"
            ],
            "NoOfStops": [
                
            ],
            "DoubleOneWay": "",
            "Refundable": "",
            "SourceFrom": [
                "ALL"
            ],
            "AirlinePreference": {
                "ExcludeAirlines": [
                    
                ],
                "PreferedAirlines": [
                    "WY"
                ]
            },
            "NearByAirports": "",
            "RbdPreference": {
                "ExcludeRbds": [
                    
                ],
                "RequireAllRbd": "N",
                "PreferedRbds": [
                    
                ]
            },
            "Penalties": {
                "Refundable": "N",
                "ZeroChangeFee": "N",
                "NoCancellationFee": "N",
                "RebookingPossible": "N"
            },
            "Cabin": "ECONOMY",
            "DirectFlight": "",
            "TripType": "Oneway",
            "ConnectionTime": {
                "Min": "",
                "Max": ""
            },
            "StopPreference": {
                "PreferedStops": [
                    
                ],
                "ExcludeStops": [
                    
                ]
            },
            "AlternateDays": 0,
            "CountryPreference": {
                "ExcludeCountry": [
                    
                ]
            },
            "AlliancePreference": {
                "PreferedAlliance": [
                    
                ],
                "ExcludeAlliance": [
                    
                ]
            }
        },
        "MetaData": {
            "LocalPccCountry": "IN",
            "Tracking": "Y",
            "RecommendedFare": "Y",
            "Currency": "CAD",
            "ProductType": "F",
            "FareGrouping": "deal",
            "TraceId": "163672258977",
            "PortalUserGroup": "G1",
            "UpSale": "Y",
            "ParentAccountId": 4
        },
        "CoreQuery": {
            "OriginDestinations": {
                "OriginDestination": [
                    {
                        "Departure": {
                            "DepartureTime": {
                                "From": "",
                                "To": ""
                            },
                            "NoOfMiles": "",
                            "AirportCode": "MAA",
                            "Date": "2022-09-24"
                        },
                        "Arrival": {
                            "NoOfMiles": "",
                            "AirportCode": "DXB"
                        }
                    }
                ]
            }
        }
    }
}
true
null
15:15:37.529 [main] INFO  onewayBooking.AirShopping - null
15:15:37.529 [main] INFO  listener.TestListeners - <b>Test Method onewayCardSearchingSuccess<b>
]]></system-out>
  </testcase>
  <testcase name="onewayCardShopping" classname="runner.EngineApiTest" time="0.112">
    <system-out><![CDATA[15:15:37.530 [main] INFO  listener.TestListeners - <b>Test Method onewayCardShoppingStarted<b>
true
1648460730328508671
15:15:37.648 [main] INFO  onewayBooking.AirShopping - 1648460730328508671
15:15:37.648 [main] INFO  listener.TestListeners - <b>Test Method onewayCardShoppingSuccess<b>
]]></system-out>
  </testcase>
  <testcase name="onewayCardPricingVerify" classname="runner.EngineApiTest" time="2.202">
    <system-out><![CDATA[15:15:37.649 [main] INFO  listener.TestListeners - <b>Test Method onewayCardPricingVerifyStarted<b>
15:15:37.649 [main] INFO  runner.EngineApiTest - SUCCESS
1648460730328508671
15:15:37.672 [main] INFO  onewayBooking.AirShopping - 1648460730328508671
1777142611648460730864142735
15:15:37.672 [main] INFO  onewayBooking.AirShopping - 1777142611648460730864142735
Request method:	POST
Request URI:	https://newapi.tltid.com/AirOfferPrice
Proxy:			<none>
Request params:	<none>
Query params:	<none>
Form params:	<none>
Path params:	<none>
Headers:		Authorization=c06d06da9666a219db15cf575aff28241648128226
				Connection=keep-alive
				Accept=*/*
				Content-Type=application/json
Cookies:		<none>
Multiparts:		<none>
Body:
{
    "OfferPriceRQ": {
        "Sender": {
            "TravelAgencySender": {
                "AgencyID": "MRST",
                "Contacts": {
                    "Contact": [
                        {
                            "EmailContact": "srilanakamrst@gmail.com"
                        }
                    ]
                },
                "IATA_Number": "",
                "Name": "MRST"
            }
        },
        "DataLists": {
            "PassengerList": {
                "Passenger": [
                    {
                        "PassengerID": "T1",
                        "PTC": "ADT"
                    },
                    {
                        "PassengerID": "T2",
                        "PTC": "CHD"
                    },
                    {
                        "PassengerID": "T3",
                        "PTC": "INF"
                    }
                ]
            }
        },
        "Query": {
            "Offer": [
                {
                    "OfferID": "1777142611648460730864142735"
                }
            ]
        },
        "MetaData": {
            "TraceId": "161777799749"
        },
        "ShoppingResponseId": "1648460730328508671",
        "Document": {
            "ReferenceVersion": "1.0",
            "Name": "Skyroute B2B Portal"
        }
    }
}
null
15:15:39.847 [main] INFO  onewayBooking.AirShopping - null
15:15:39.847 [main] INFO  listener.TestListeners - <b>Test Method onewayCardPricingVerifySuccess<b>
]]></system-out>
  </testcase>
  <testcase name="onewayCardBookingVerify" classname="runner.EngineApiTest" time="20.792">
    <system-out><![CDATA[15:15:39.848 [main] INFO  listener.TestListeners - <b>Test Method onewayCardBookingVerifyStarted<b>
15:15:39.848 [main] INFO  runner.EngineApiTest - SUCCESS
1648460730328508671
15:15:39.850 [main] INFO  onewayBooking.AirShopping - 1648460730328508671
1648460738798137002
15:15:39.850 [main] INFO  onewayBooking.AirShopping - 1648460738798137002
1777142611648460730864142735
15:15:39.850 [main] INFO  onewayBooking.AirShopping - 1777142611648460730864142735
684.0
15:15:39.850 [main] INFO  onewayBooking.AirShopping - 684.0
Request method:	POST
Request URI:	https://newapi.tltid.com/AirOrderCreate
Proxy:			<none>
Request params:	<none>
Query params:	<none>
Form params:	<none>
Path params:	<none>
Headers:		Authorization=c06d06da9666a219db15cf575aff28241648128226
				Connection=keep-alive
				Accept=*/*
				Content-Type=application/json
Cookies:		<none>
Multiparts:		<none>
Body:
{
    "OrderCreateRQ": {
        "Query": {
            "Offer": [
                {
                    "OfferID": "1777142611648460730864142735"
                }
            ]
        },
        "PromoCode": "",
        "BookingReqId": "0DA448DA",
        "BookingPgName": "",
        "Payments": {
            "Payment": [
                {
                    "Payer": {
                        "ContactInfoRefs": "CTC2"
                    },
                    "Type": "CARD",
                    "PassengerID": "ALL",
                    "Amount": 684.0,
                    "Method": {
                        "PaymentCard": {
                            "CardNumber": "card_number_a1ea5a4e51fd74536a49f165423f8d678abba23b1159f01acdbc339e48159f7e",
                            "EffectiveExpireDate": {
                                "Expiration": "exp_year_a1ea5a4e51fd74536a49f165423f8d678abba23b1159f01acdbc339e48159f7e-exp_month_a1ea5a4e51fd74536a49f165423f8d678abba23b1159f01acdbc339e48159f7e",
                                "Effective": ""
                            },
                            "SeriesCode": "cvv_a1ea5a4e51fd74536a49f165423f8d678abba23b1159f01acdbc339e48159f7e",
                            "CardType": "CC",
                            "CardCode": "AX",
                            "CardHolderName": "card_holder_name_a1ea5a4e51fd74536a49f165423f8d678abba23b1159f01acdbc339e48159f7e"
                        }
                    },
                    "ItineraryId": "ALL"
                }
            ]
        },
        "RewardPoints": 0,
        "Document": {
            "ReferenceVersion": "1.0",
            "Name": "MRST"
        },
        "Party": {
            "Sender": {
                "TravelAgencySender": {
                    "AgencyID": "",
                    "Contacts": {
                        "Contact": [
                            {
                                "EmailContact": "srilanakamrst@gmail.com"
                            }
                        ]
                    },
                    "IATA_Number": "",
                    "Name": "MRST"
                }
            }
        },
        "OfferResponseId": "1648460738798137002",
        "AgentEmail": "a.pandian@wintlt.com",
        "QueueNumber": "",
        "DataLists": {
            "PassengerList": {
                "Passenger": [
                    {
                        "ContactAddress": {
                            "TypeOfAddress": "D",
                            "Address": "",
                            "State": "",
                            "Country": "",
                            "PostalCode": "",
                            "City": ""
                        },
                        "FirstName": "Kannan",
                        "SsrRequest": [
                            
                        ],
                        "Gender": "Male",
                        "MiddleName": "",
                        "SeatSelection": [
                            
                        ],
                        "OnflyDiscount": "0.00",
                        "NameTitle": "Mr",
                        "Passport": {
                            "ExpiryDate": "1970-01-01",
                            "Number": "",
                            "CountryCode": ""
                        },
                        "OptionalServices": [
                            
                        ],
                        "OnflyMarkup": "1.66",
                        "ContactInfoRef": "CTC1",
                        "Preference": {
                            "WheelChairPreference": {
                                "Reason": ""
                            },
                            "SeatPreference": "",
                            "MealPreference": ""
                        },
                        "RedressDetails": {
                            "RedressNumber": "",
                            "KnownTravellerNumber": ""
                        },
                        "attributes": {
                            "PassengerID": "ADT1"
                        },
                        "LastName": "Santhosh",
                        "PassengerRefID": "ADT1",
                        "PTC": "ADT",
                        "BirthDate": "1997-09-11"
                    },
                    {
                        "ContactAddress": {
                            "TypeOfAddress": "D",
                            "Address": "",
                            "State": "",
                            "Country": "",
                            "PostalCode": "",
                            "City": ""
                        },
                        "FirstName": "Rajan",
                        "SsrRequest": [
                            
                        ],
                        "Gender": "Male",
                        "MiddleName": "",
                        "SeatSelection": [
                            
                        ],
                        "OnflyDiscount": "0.00",
                        "NameTitle": "Mstr",
                        "Passport": {
                            "ExpiryDate": "1970-01-01",
                            "Number": "",
                            "CountryCode": ""
                        },
                        "OptionalServices": [
                            
                        ],
                        "OnflyMarkup": "1.67",
                        "ContactInfoRef": "CTC1",
                        "Preference": {
                            "WheelChairPreference": {
                                "Reason": ""
                            },
                            "SeatPreference": "",
                            "MealPreference": ""
                        },
                        "RedressDetails": {
                            "RedressNumber": "",
                            "KnownTravellerNumber": ""
                        },
                        "attributes": {
                            "PassengerID": "CHD1"
                        },
                        "LastName": "Raja",
                        "PassengerRefID": "CHD1",
                        "PTC": "CHD",
                        "BirthDate": "2011-09-15"
                    },
                    {
                        "ContactAddress": {
                            "TypeOfAddress": "D",
                            "Address": "",
                            "State": "",
                            "Country": "",
                            "PostalCode": "",
                            "City": ""
                        },
                        "FirstName": "Rajan",
                        "SsrRequest": [
                            
                        ],
                        "Gender": "Male",
                        "MiddleName": "",
                        "SeatSelection": [
                            
                        ],
                        "OnflyDiscount": "0.00",
                        "NameTitle": "Mstr",
                        "Passport": {
                            "ExpiryDate": "1970-01-01",
                            "Number": "",
                            "CountryCode": ""
                        },
                        "OptionalServices": [
                            
                        ],
                        "OnflyMarkup": "1.67",
                        "ContactInfoRef": "CTC1",
                        "Preference": {
                            "WheelChairPreference": {
                                "Reason": ""
                            },
                            "SeatPreference": "",
                            "MealPreference": ""
                        },
                        "RedressDetails": {
                            "RedressNumber": "",
                            "KnownTravellerNumber": ""
                        },
                        "attributes": {
                            "PassengerID": "INF1"
                        },
                        "LastName": "Sundar",
                        "PassengerRefID": "INF1",
                        "PTC": "INF",
                        "BirthDate": "2021-02-18"
                    }
                ]
            },
            "ContactList": {
                "GstInformation": {
                    "gst_email": "",
                    "gst_number": "",
                    "gst_company_name": ""
                },
                "ContactInformation": [
                    {
                        "AgencyName": "MRST",
                        "Address": {
                            "StateProv": "ON",
                            "Street": [
                                "chennai",
                                ""
                            ],
                            "PostalCode": "625578",
                            "CityName": "chennai",
                            "CountryCode": "CA"
                        },
                        "PassengerContact": {
                            "Phone": {
                                "AreaCode": "+91",
                                "PhoneNumber": "8987766554",
                                "ContryCode": "+91"
                            },
                            "EmailAddress": "srilanakmrst@gmail.com"
                        },
                        "Phone": {
                            "AreaCode": "",
                            "PhoneNumber": "9058202266",
                            "ContryCode": "+1"
                        },
                        "ContactID": "CTC1",
                        "Mobile": {
                            "MobileNumber": "9058202266",
                            "ContryCode": "+1"
                        },
                        "EmailAddress": "srilanakamrst1@gmail.com"
                    },
                    {
                        "Address": {
                            "StateProv": "TN",
                            "Street": [
                                "chennai",
                                ""
                            ],
                            "PostalCode": "4556646",
                            "CityName": "chennai",
                            "CountryCode": "IN"
                        },
                        "Phone": {
                            "AreaCode": "",
                            "PhoneNumber": "",
                            "ContryCode": ""
                        },
                        "ContactID": "CTC2",
                        "Mobile": {
                            "MobileNumber": "8987766554",
                            "ContryCode": ""
                        },
                        "EmailAddress": "srilanakmrst@gmail.com"
                    }
                ]
            }
        },
        "GenerateVirtualCard": "N",
        "FopChargeInfo": {
            "156820711647081019885848954": {
                "VI": {
                    "Percentage": "3",
                    "Fixed": 0
                },
                "DUS": {
                    "Percentage": "0",
                    "Fixed": 0
                },
                "MA": {
                    "Percentage": "0",
                    "Fixed": 0
                },
                "DI": {
                    "Percentage": "0",
                    "Fixed": 0
                },
                "MC": {
                    "Percentage": "3",
                    "Fixed": 0
                },
                "AX": {
                    "Percentage": "2.5",
                    "Fixed": 0
                },
                "JC": {
                    "Percentage": "0",
                    "Fixed": 0
                },
                "DC": {
                    "Percentage": 0,
                    "Fixed": 0
                }
            }
        },
        "UdidNumber": [
            "998 NFOB2B",
            "295 Ratha",
            "9 MRST",
            "b2bui2.tltid.com"
        ],
        "SupTimeZone": "",
        "MetaData": {
            "Tracking": "Y"
        },
        "DkNumber": "1234567123",
        "BookingId": "19397",
        "ChequeNumber": "",
        "ShoppingResponseId": "1648460730328508671",
        "AgentName": "Ratha",
        "PromoDiscount": 0,
        "BookingType": "BOOK"
    }
}
{
    "OrderViewRS": {
        "Document": {
            "Name": "Clarity NDC GATEWAY",
            "ReferenceVersion": "1.0"
        },
        "Party": {
            "Sender": {
                "TravelAgencySender": {
                    "Name": "Engine_Automation_Live",
                    "IATA_Number": "",
                    "AgencyID": "Engine_Automation_Live",
                    "Contacts": {
                        "Contact": [
                            {
                                "EmailContact": "srilanakamrst@gmail.com"
                            }
                        ]
                    }
                }
            }
        },
        "ShoppingResponseId": "1648460730328508671",
        "Success": {
            
        },
        "Order": [
            {
                "OrderID": "TDPB0DJG",
                "GdsBookingReference": "QF0KMH",
                "OrderStatus": "SUCCESS",
                "NeedToTicket": "N",
                "3dsPaymentRequired": "N",
                "PAReqKey": "",
                "SecurePaymentUrl": "",
                "TxnReferenceKey": "",
                "TicketInfo": [
                    
                ],
                "OptionalServiceStatus": "SUCCESS",
                "SeatSelectionStatus": "FAILED",
                "OfferID": "1777142611648460730864142735",
                "TicketingBotAgentMarkup": 0,
                "Owner": "WY",
                "OrgOwner": "WY",
                "OwnerName": "Oman Air",
                "FareType": "PRI",
                "OrgFareType": "PUB",
                "IsTaxModified": "N",
                "MinOneAdultAgeRequired": "N",
                "ItinMergeType": "",
                "BrandName": "",
                "IsBrandedFare": "N",
                "BrandedFareOptions": [
                    
                ],
                "OnewayBrandedOptions": [
                    
                ],
                "OnewayCabinOptions": [
                    
                ],
                "BrandTextInfo": [
                    
                ],
                "PccIdentifier": "Travelport_Engine_Travelport",
                "PCC": "229G",
                "ProviderCode": "1V",
                "ContentSourceId": 1426,
                "TicketContentSourceId": 1426,
                "ProviderInfo": "Travelport",
                "CabinType": "ECONOMY",
                "CabinOptions": [
                    
                ],
                "IsAdditionalCabinType": "N",
                "SsrRequestAllowed": "Y",
                "Eticket": "true",
                "PaymentMode": "PAB",
                "AllowHold": "Y",
                "AllowPassengerEmail": "N",
                "RestrictedFare": "false",
                "OfferExpirationDateTime": "2022-09-25 03:59:00",
                "PassportRequired": "N",
                "BookingCurrencyCode": "CAD",
                "EquivCurrencyCode": "CAD",
                "HstPercentage": 0,
                "MediaInfoDataRefKey": "",
                "SortTotal": 684,
                "CommissionableSortTotal": 678,
                "CSCountry": "CA",
                "FlightComKeyOrg": "WYPUBMAAMCT2022-09-24T15:30:002022-09-24T17:50:00WY254MCTDXB2022-09-24T20:10:002022-09-24T21:25:00WY611",
                "ContentSourceApiMode": "TEST",
                "RewardSettings": {
                    "RewardAvailable": "N",
                    "PointTypes": [
                        
                    ],
                    "PointValues": {
                        
                    }
                },
                "BookingFeeInfo": {
                    "FeeType": "",
                    "BookingCurrencyPrice": 0,
                    "EquivCurrencyPrice": 0
                },
                "TotalPrice": {
                    "BookingCurrencyPrice": 684,
                    "EquivCurrencyPrice": 684,
                    "ApiCurrencyPrice": 678
                },
                "PerPerson": {
                    "BookingCurrencyPrice": 228,
                    "EquivCurrencyPrice": 228
                },
                "PerPersonRounded": {
                    "BookingCurrencyPrice": 228,
                    "EquivCurrencyPrice": 228
                },
                "BasePrice": {
                    "BookingCurrencyPrice": 516,
                    "EquivCurrencyPrice": 516,
                    "ApiCurrencyPrice": 510
                },
                "TaxPrice": {
                    "BookingCurrencyPrice": 168,
                    "EquivCurrencyPrice": 168,
                    "ApiCurrencyPrice": 168
                },
                "CommissionableTotalPrice": {
                    "BookingCurrencyPrice": 678,
                    "EquivCurrencyPrice": 678,
                    "SortEquivCurrencyPrice": 678
                },
                "CommissionableBasePrice": {
                    "BookingCurrencyPrice": 510,
                    "EquivCurrencyPrice": 510
                },
                "CommissionablePerPerson": {
                    "BookingCurrencyPrice": 226,
                    "EquivCurrencyPrice": 226
                },
                "AirlineMaxMarkupInfo": {
                    "FareType": "PUB",
                    "GdsSource": "TRAVELPORT",
                    "IsMarkupAllowed": true,
                    "AllPaxMaxMarkup": 0,
                    "TemplateId": 0,
                    "TemplateName": "",
                    "CalculationOn": "PPBF",
                    "ShouldNotExceedPub": "N",
                    "RestrictAsCap": "N",
                    "MarkupDetails": {
                        "ADT": {
                            "F": 0,
                            "P": 0,
                            "AllowedMarkup": 0,
                            "UtilizedMarkup": 2,
                            "BalanceMarkup": 0
                        },
                        "CHD": {
                            "F": 0,
                            "P": 0,
                            "AllowedMarkup": 0,
                            "UtilizedMarkup": 2,
                            "BalanceMarkup": 0
                        },
                        "INF": {
                            "F": 0,
                            "P": 0,
                            "AllowedMarkup": 0,
                            "UtilizedMarkup": 2,
                            "BalanceMarkup": 0
                        }
                    },
                    "Currency": "CAD",
                    "MarkupExcRate": 1
                },
                "AgencyCommission": {
                    "BookingCurrencyPrice": 6,
                    "EquivCurrencyPrice": 6
                },
                "AgencyYqCommission": {
                    "BookingCurrencyPrice": 0,
                    "EquivCurrencyPrice": 0
                },
                "PortalMarkup": {
                    "BookingCurrencyPrice": 0,
                    "EquivCurrencyPrice": 0
                },
                "PortalSurcharge": {
                    "BookingCurrencyPrice": 0,
                    "EquivCurrencyPrice": 0
                },
                "PortalDiscount": {
                    "BookingCurrencyPrice": 0,
                    "EquivCurrencyPrice": 0
                },
                "ChangeFeeBefore": {
                    "BookingCurrencyPrice": 0,
                    "EquivCurrencyPrice": 0
                },
                "ChangeFeeAfter": {
                    "BookingCurrencyPrice": 0,
                    "EquivCurrencyPrice": 0
                },
                "CancelFeeBefore": {
                    "BookingCurrencyPrice": 326.8,
                    "EquivCurrencyPrice": 326.8
                },
                "CancelFeeAfter": {
                    "BookingCurrencyPrice": 326.8,
                    "EquivCurrencyPrice": 326.8
                },
                "PaxSeatInfo": [
                    
                ],
                "0_FlightStops": 1,
                "0_FlightDuration": 445,
                "0_FlightDeparture": "2022-09-24T15:30:00",
                "0_MarketingAirline": 1,
                "OfferItem": [
                    {
                        "OfferItemID": "OFFERITEMID1",
                        "Refundable": "false",
                        "PassengerType": "ADT",
                        "PassengerQuantity": 1,
                        "TotalPriceDetail": {
                            "TotalAmount": {
                                "BookingCurrencyPrice": 328.8,
                                "EquivCurrencyPrice": 328.8
                            }
                        },
                        "Service": [
                            {
                                "ServiceID": "SV1",
                                "PassengerRefs": "ADT1 ",
                                "FlightRefs": "Flight1"
                            }
                        ],
                        "FareDetail": {
                            "PassengerRefs": "ADT1 ",
                            "Price": {
                                "TotalAmount": {
                                    "BookingCurrencyPrice": 328.8,
                                    "EquivCurrencyPrice": 328.8,
                                    "ApiCurrencyPrice": 326.8
                                },
                                "BaseAmount": {
                                    "BookingCurrencyPrice": 249,
                                    "EquivCurrencyPrice": 249,
                                    "ApiCurrencyPrice": 247
                                },
                                "TaxAmount": {
                                    "BookingCurrencyPrice": 79.8,
                                    "EquivCurrencyPrice": 79.8,
                                    "ApiCurrencyPrice": 79.8
                                },
                                "AgencyCommission": {
                                    "BookingCurrencyPrice": 2,
                                    "EquivCurrencyPrice": 2
                                },
                                "AgencyYqCommission": {
                                    "BookingCurrencyPrice": 0,
                                    "EquivCurrencyPrice": 0
                                },
                                "BookingFee": {
                                    "BookingCurrencyPrice": 0,
                                    "EquivCurrencyPrice": 0
                                },
                                "PortalMarkup": {
                                    "BookingCurrencyPrice": 0,
                                    "EquivCurrencyPrice": 0
                                },
                                "PortalSurcharge": {
                                    "BookingCurrencyPrice": 0,
                                    "EquivCurrencyPrice": 0
                                },
                                "PortalDiscount": {
                                    "BookingCurrencyPrice": 0,
                                    "EquivCurrencyPrice": 0
                                },
                                "CommissionableTotalPrice": {
                                    "BookingCurrencyPrice": 326.8,
                                    "EquivCurrencyPrice": 326.8
                                },
                                "CommissionableBasePrice": {
                                    "BookingCurrencyPrice": 247,
                                    "EquivCurrencyPrice": 247
                                },
                                "Taxes": [
                                    {
                                        "TaxCode": "IN",
                                        "BookingCurrencyPrice": 1.4,
                                        "EquivCurrencyPrice": 1.4
                                    },
                                    {
                                        "TaxCode": "K3",
                                        "BookingCurrencyPrice": 13.9,
                                        "EquivCurrencyPrice": 13.9
                                    },
                                    {
                                        "TaxCode": "P2",
                                        "BookingCurrencyPrice": 17.8,
                                        "EquivCurrencyPrice": 17.8
                                    },
                                    {
                                        "TaxCode": "I2",
                                        "BookingCurrencyPrice": 3.3,
                                        "EquivCurrencyPrice": 3.3
                                    },
                                    {
                                        "TaxCode": "OM",
                                        "BookingCurrencyPrice": 9.8,
                                        "EquivCurrencyPrice": 9.8
                                    },
                                    {
                                        "TaxCode": "ZR",
                                        "BookingCurrencyPrice": 1.7,
                                        "EquivCurrencyPrice": 1.7
                                    },
                                    {
                                        "TaxCode": "YQ",
                                        "BookingCurrencyPrice": 24.4,
                                        "EquivCurrencyPrice": 24.4
                                    },
                                    {
                                        "TaxCode": "YR",
                                        "BookingCurrencyPrice": 7.5,
                                        "EquivCurrencyPrice": 7.5
                                    }
                                ]
                            },
                            "ApiPrice": {
                                "TotalAmount": 326.8,
                                "BaseAmount": 247,
                                "TaxAmount": 79.8,
                                "YqTaxAmount": 24.4,
                                "YrTaxAmount": 7.5
                            }
                        },
                        "FareComponent": [
                            {
                                "PriceClassRef": "PCR_1",
                                "SegmentRefs": "Segment1 Segment2"
                            }
                        ]
                    },
                    {
                        "OfferItemID": "OFFERITEMID2",
                        "Refundable": "false",
                        "PassengerType": "CHD",
                        "PassengerQuantity": 1,
                        "TotalPriceDetail": {
                            "TotalAmount": {
                                "BookingCurrencyPrice": 275.3,
                                "EquivCurrencyPrice": 275.3
                            }
                        },
                        "Service": [
                            {
                                "ServiceID": "SV1",
                                "PassengerRefs": "CHD1 ",
                                "FlightRefs": "Flight1"
                            }
                        ],
                        "FareDetail": {
                            "PassengerRefs": "CHD1 ",
                            "Price": {
                                "TotalAmount": {
                                    "BookingCurrencyPrice": 275.3,
                                    "EquivCurrencyPrice": 275.3,
                                    "ApiCurrencyPrice": 273.3
                                },
                                "BaseAmount": {
                                    "BookingCurrencyPrice": 198,
                                    "EquivCurrencyPrice": 198,
                                    "ApiCurrencyPrice": 196
                                },
                                "TaxAmount": {
                                    "BookingCurrencyPrice": 77.3,
                                    "EquivCurrencyPrice": 77.3,
                                    "ApiCurrencyPrice": 77.3
                                },
                                "AgencyCommission": {
                                    "BookingCurrencyPrice": 2,
                                    "EquivCurrencyPrice": 2
                                },
                                "AgencyYqCommission": {
                                    "BookingCurrencyPrice": 0,
                                    "EquivCurrencyPrice": 0
                                },
                                "BookingFee": {
                                    "BookingCurrencyPrice": 0,
                                    "EquivCurrencyPrice": 0
                                },
                                "PortalMarkup": {
                                    "BookingCurrencyPrice": 0,
                                    "EquivCurrencyPrice": 0
                                },
                                "PortalSurcharge": {
                                    "BookingCurrencyPrice": 0,
                                    "EquivCurrencyPrice": 0
                                },
                                "PortalDiscount": {
                                    "BookingCurrencyPrice": 0,
                                    "EquivCurrencyPrice": 0
                                },
                                "CommissionableTotalPrice": {
                                    "BookingCurrencyPrice": 273.3,
                                    "EquivCurrencyPrice": 273.3
                                },
                                "CommissionableBasePrice": {
                                    "BookingCurrencyPrice": 196,
                                    "EquivCurrencyPrice": 196
                                },
                                "Taxes": [
                                    {
                                        "TaxCode": "IN",
                                        "BookingCurrencyPrice": 1.4,
                                        "EquivCurrencyPrice": 1.4
                                    },
                                    {
                                        "TaxCode": "K3",
                                        "BookingCurrencyPrice": 11.4,
                                        "EquivCurrencyPrice": 11.4
                                    },
                                    {
                                        "TaxCode": "P2",
                                        "BookingCurrencyPrice": 17.8,
                                        "EquivCurrencyPrice": 17.8
                                    },
                                    {
                                        "TaxCode": "I2",
                                        "BookingCurrencyPrice": 3.3,
                                        "EquivCurrencyPrice": 3.3
                                    },
                                    {
                                        "TaxCode": "OM",
                                        "BookingCurrencyPrice": 9.8,
                                        "EquivCurrencyPrice": 9.8
                                    },
                                    {
                                        "TaxCode": "ZR",
                                        "BookingCurrencyPrice": 1.7,
                                        "EquivCurrencyPrice": 1.7
                                    },
                                    {
                                        "TaxCode": "YQ",
                                        "BookingCurrencyPrice": 24.4,
                                        "EquivCurrencyPrice": 24.4
                                    },
                                    {
                                        "TaxCode": "YR",
                                        "BookingCurrencyPrice": 7.5,
                                        "EquivCurrencyPrice": 7.5
                                    }
                                ]
                            },
                            "ApiPrice": {
                                "TotalAmount": 273.3,
                                "BaseAmount": 196,
                                "TaxAmount": 77.3,
                                "YqTaxAmount": 24.4,
                                "YrTaxAmount": 7.5
                            }
                        },
                        "FareComponent": [
                            {
                                "PriceClassRef": "PCR_1",
                                "SegmentRefs": "Segment1 Segment2"
                            }
                        ]
                    },
                    {
                        "OfferItemID": "OFFERITEMID3",
                        "Refundable": "false",
                        "PassengerType": "INF",
                        "PassengerQuantity": 1,
                        "TotalPriceDetail": {
                            "TotalAmount": {
                                "BookingCurrencyPrice": 79.9,
                                "EquivCurrencyPrice": 79.9
                            }
                        },
                        "Service": [
                            {
                                "ServiceID": "SV1",
                                "PassengerRefs": "INF1 ",
                                "FlightRefs": "Flight1"
                            }
                        ],
                        "FareDetail": {
                            "PassengerRefs": "INF1 ",
                            "Price": {
                                "TotalAmount": {
                                    "BookingCurrencyPrice": 79.9,
                                    "EquivCurrencyPrice": 79.9,
                                    "ApiCurrencyPrice": 77.9
                                },
                                "BaseAmount": {
                                    "BookingCurrencyPrice": 69,
                                    "EquivCurrencyPrice": 69,
                                    "ApiCurrencyPrice": 67
                                },
                                "TaxAmount": {
                                    "BookingCurrencyPrice": 10.9,
                                    "EquivCurrencyPrice": 10.9,
                                    "ApiCurrencyPrice": 10.9
                                },
                                "AgencyCommission": {
                                    "BookingCurrencyPrice": 2,
                                    "EquivCurrencyPrice": 2
                                },
                                "AgencyYqCommission": {
                                    "BookingCurrencyPrice": 0,
                                    "EquivCurrencyPrice": 0
                                },
                                "BookingFee": {
                                    "BookingCurrencyPrice": 0,
                                    "EquivCurrencyPrice": 0
                                },
                                "PortalMarkup": {
                                    "BookingCurrencyPrice": 0,
                                    "EquivCurrencyPrice": 0
                                },
                                "PortalSurcharge": {
                                    "BookingCurrencyPrice": 0,
                                    "EquivCurrencyPrice": 0
                                },
                                "PortalDiscount": {
                                    "BookingCurrencyPrice": 0,
                                    "EquivCurrencyPrice": 0
                                },
                                "CommissionableTotalPrice": {
                                    "BookingCurrencyPrice": 77.9,
                                    "EquivCurrencyPrice": 77.9
                                },
                                "CommissionableBasePrice": {
                                    "BookingCurrencyPrice": 67,
                                    "EquivCurrencyPrice": 67
                                },
                                "Taxes": [
                                    {
                                        "TaxCode": "K3",
                                        "BookingCurrencyPrice": 3.7,
                                        "EquivCurrencyPrice": 3.7
                                    },
                                    {
                                        "TaxCode": "YR",
                                        "BookingCurrencyPrice": 7.2,
                                        "EquivCurrencyPrice": 7.2
                                    }
                                ]
                            },
                            "ApiPrice": {
                                "TotalAmount": 77.9,
                                "BaseAmount": 67,
                                "TaxAmount": 10.9,
                                "YqTaxAmount": 0,
                                "YrTaxAmount": 7.2
                            }
                        },
                        "FareComponent": [
                            {
                                "PriceClassRef": "PCR_1",
                                "SegmentRefs": "Segment1 Segment2"
                            }
                        ]
                    }
                ],
                "AirlineCharge": [
                    {
                        "BuyingFare": 678,
                        "SellingFare": 684,
                        "AirlineCharge": 678,
                        "ReqAirlineCharge": 678,
                        "FaerType": "PUB",
                        "OfferID": "1777142611648460730864142735",
                        "Owner": "WY",
                        "MultipleFop": "N"
                    }
                ],
                "SplitPaymentInfo": [
                    {
                        "AirItineraryId": "1777142611648460730864142735",
                        "MultipleFop": "N",
                        "MaxCardsPerPax": 0,
                        "MaxCardsPerPaxInMFOP": 0,
                        "AllowedMarkup": {
                            "ADT": 0,
                            "CHD": 0,
                            "INF": 0
                        }
                    }
                ],
                "SupplierWiseFares": [
                    {
                        "SupplierAccountId": 577,
                        "ConsumerAccountid": 577,
                        "PosBaseFare": 516,
                        "PosTaxFare": 168,
                        "PosTotalFare": 684,
                        "PaxFareBreakup": [
                            {
                                "PaxType": "ADT",
                                "PaxQuantity": 1,
                                "PosBaseFare": 249,
                                "PosTaxFare": 79.8,
                                "PosYQTax": 24.4,
                                "PosYRTax": 7.5,
                                "PosTotalFare": 328.8,
                                "ItinTax": [
                                    {
                                        "TaxCode": "IN",
                                        "ApiAmount": 1.4,
                                        "PosAmount": 1.4,
                                        "ReqAmount": 1.4,
                                        "TaxLine": 1,
                                        "PosApiAmount": 1.4,
                                        "ReqApiAmount": 1.4
                                    },
                                    {
                                        "TaxCode": "K3",
                                        "ApiAmount": 13.9,
                                        "PosAmount": 13.9,
                                        "ReqAmount": 13.9,
                                        "TaxLine": 2,
                                        "PosApiAmount": 13.9,
                                        "ReqApiAmount": 13.9
                                    },
                                    {
                                        "TaxCode": "P2",
                                        "ApiAmount": 17.8,
                                        "PosAmount": 17.8,
                                        "ReqAmount": 17.8,
                                        "TaxLine": 3,
                                        "PosApiAmount": 17.8,
                                        "ReqApiAmount": 17.8
                                    },
                                    {
                                        "TaxCode": "I2",
                                        "ApiAmount": 3.3,
                                        "PosAmount": 3.3,
                                        "ReqAmount": 3.3,
                                        "TaxLine": 4,
                                        "PosApiAmount": 3.3,
                                        "ReqApiAmount": 3.3
                                    },
                                    {
                                        "TaxCode": "OM",
                                        "ApiAmount": 9.8,
                                        "PosAmount": 9.8,
                                        "ReqAmount": 9.8,
                                        "TaxLine": 5,
                                        "PosApiAmount": 9.8,
                                        "ReqApiAmount": 9.8
                                    },
                                    {
                                        "TaxCode": "ZR",
                                        "ApiAmount": 1.7,
                                        "PosAmount": 1.7,
                                        "ReqAmount": 1.7,
                                        "TaxLine": 6,
                                        "PosApiAmount": 1.7,
                                        "ReqApiAmount": 1.7
                                    },
                                    {
                                        "TaxCode": "YQ",
                                        "ApiAmount": 24.4,
                                        "PosAmount": 24.4,
                                        "ReqAmount": 24.4,
                                        "TaxLine": 7,
                                        "PosApiAmount": 24.4,
                                        "ReqApiAmount": 24.4
                                    },
                                    {
                                        "TaxCode": "YR",
                                        "ApiAmount": 7.5,
                                        "PosAmount": 7.5,
                                        "ReqAmount": 7.5,
                                        "TaxLine": 8,
                                        "PosApiAmount": 7.5,
                                        "ReqApiAmount": 7.5
                                    }
                                ],
                                "SupplierMarkup": 2,
                                "SupplierDiscount": 0,
                                "SupplierSurcharge": 0,
                                "SupplierAgencyCommission": 2,
                                "SupplierAgencyYqCommission": 0,
                                "SupplierSegmentBenifit": 0,
                                "AddOnCharge": 0,
                                "PortalMarkup": 0,
                                "PortalDiscount": 0,
                                "PortalSurcharge": 0,
                                "SupplierHstAmount": 0,
                                "AddOnHstAmount": 0,
                                "PortalHstAmount": 0,
                                "SupplierUpSaleAmt": 0,
                                "AirlineCommission": 2,
                                "AirlineYqCommission": 0,
                                "AirlineSegmentBenifit": 0,
                                "AirlineCommissionPercentage": "0",
                                "AirlineCommissionFixed": "2",
                                "PosApiTotalFare": 326.8,
                                "PosApiBaseFare": 247,
                                "PosApiTaxFare": 79.8,
                                "PosCurrency": "CAD",
                                "SupplierBookingFee": 0,
                                "PortalBookingFee": 0,
                                "AirlineSegmentCommission": 0
                            },
                            {
                                "PaxType": "CHD",
                                "PaxQuantity": 1,
                                "PosBaseFare": 198,
                                "PosTaxFare": 77.3,
                                "PosYQTax": 24.4,
                                "PosYRTax": 7.5,
                                "PosTotalFare": 275.3,
                                "ItinTax": [
                                    {
                                        "TaxCode": "IN",
                                        "ApiAmount": 1.4,
                                        "PosAmount": 1.4,
                                        "ReqAmount": 1.4,
                                        "TaxLine": 1,
                                        "PosApiAmount": 1.4,
                                        "ReqApiAmount": 1.4
                                    },
                                    {
                                        "TaxCode": "K3",
                                        "ApiAmount": 11.4,
                                        "PosAmount": 11.4,
                                        "ReqAmount": 11.4,
                                        "TaxLine": 2,
                                        "PosApiAmount": 11.4,
                                        "ReqApiAmount": 11.4
                                    },
                                    {
                                        "TaxCode": "P2",
                                        "ApiAmount": 17.8,
                                        "PosAmount": 17.8,
                                        "ReqAmount": 17.8,
                                        "TaxLine": 3,
                                        "PosApiAmount": 17.8,
                                        "ReqApiAmount": 17.8
                                    },
                                    {
                                        "TaxCode": "I2",
                                        "ApiAmount": 3.3,
                                        "PosAmount": 3.3,
                                        "ReqAmount": 3.3,
                                        "TaxLine": 4,
                                        "PosApiAmount": 3.3,
                                        "ReqApiAmount": 3.3
                                    },
                                    {
                                        "TaxCode": "OM",
                                        "ApiAmount": 9.8,
                                        "PosAmount": 9.8,
                                        "ReqAmount": 9.8,
                                        "TaxLine": 5,
                                        "PosApiAmount": 9.8,
                                        "ReqApiAmount": 9.8
                                    },
                                    {
                                        "TaxCode": "ZR",
                                        "ApiAmount": 1.7,
                                        "PosAmount": 1.7,
                                        "ReqAmount": 1.7,
                                        "TaxLine": 6,
                                        "PosApiAmount": 1.7,
                                        "ReqApiAmount": 1.7
                                    },
                                    {
                                        "TaxCode": "YQ",
                                        "ApiAmount": 24.4,
                                        "PosAmount": 24.4,
                                        "ReqAmount": 24.4,
                                        "TaxLine": 7,
                                        "PosApiAmount": 24.4,
                                        "ReqApiAmount": 24.4
                                    },
                                    {
                                        "TaxCode": "YR",
                                        "ApiAmount": 7.5,
                                        "PosAmount": 7.5,
                                        "ReqAmount": 7.5,
                                        "TaxLine": 8,
                                        "PosApiAmount": 7.5,
                                        "ReqApiAmount": 7.5
                                    }
                                ],
                                "SupplierMarkup": 2,
                                "SupplierDiscount": 0,
                                "SupplierSurcharge": 0,
                                "SupplierAgencyCommission": 2,
                                "SupplierAgencyYqCommission": 0,
                                "SupplierSegmentBenifit": 0,
                                "AddOnCharge": 0,
                                "PortalMarkup": 0,
                                "PortalDiscount": 0,
                                "PortalSurcharge": 0,
                                "SupplierHstAmount": 0,
                                "AddOnHstAmount": 0,
                                "PortalHstAmount": 0,
                                "SupplierUpSaleAmt": 0,
                                "AirlineCommission": 2,
                                "AirlineYqCommission": 0,
                                "AirlineSegmentBenifit": 0,
                                "AirlineCommissionPercentage": "0",
                                "AirlineCommissionFixed": "2",
                                "PosApiTotalFare": 273.3,
                                "PosApiBaseFare": 196,
                                "PosApiTaxFare": 77.3,
                                "PosCurrency": "CAD",
                                "SupplierBookingFee": 0,
                                "PortalBookingFee": 0,
                                "AirlineSegmentCommission": 0
                            },
                            {
                                "PaxType": "INF",
                                "PaxQuantity": 1,
                                "PosBaseFare": 69,
                                "PosTaxFare": 10.9,
                                "PosYQTax": 0,
                                "PosYRTax": 7.2,
                                "PosTotalFare": 79.9,
                                "ItinTax": [
                                    {
                                        "TaxCode": "K3",
                                        "ApiAmount": 3.7,
                                        "PosAmount": 3.7,
                                        "ReqAmount": 3.7,
                                        "TaxLine": 1,
                                        "PosApiAmount": 3.7,
                                        "ReqApiAmount": 3.7
                                    },
                                    {
                                        "TaxCode": "YR",
                                        "ApiAmount": 7.2,
                                        "PosAmount": 7.2,
                                        "ReqAmount": 7.2,
                                        "TaxLine": 2,
                                        "PosApiAmount": 7.2,
                                        "ReqApiAmount": 7.2
                                    }
                                ],
                                "SupplierMarkup": 2,
                                "SupplierDiscount": 0,
                                "SupplierSurcharge": 0,
                                "SupplierAgencyCommission": 2,
                                "SupplierAgencyYqCommission": 0,
                                "SupplierSegmentBenifit": 0,
                                "AddOnCharge": 0,
                                "PortalMarkup": 0,
                                "PortalDiscount": 0,
                                "PortalSurcharge": 0,
                                "SupplierHstAmount": 0,
                                "AddOnHstAmount": 0,
                                "PortalHstAmount": 0,
                                "SupplierUpSaleAmt": 0,
                                "AirlineCommission": 2,
                                "AirlineYqCommission": 0,
                                "AirlineSegmentBenifit": 0,
                                "AirlineCommissionPercentage": "0",
                                "AirlineCommissionFixed": "2",
                                "PosApiTotalFare": 77.9,
                                "PosApiBaseFare": 67,
                                "PosApiTaxFare": 10.9,
                                "PosCurrency": "CAD",
                                "SupplierBookingFee": 0,
                                "PortalBookingFee": 0,
                                "AirlineSegmentCommission": 0
                            }
                        ],
                        "SupplierMarkup": 6,
                        "SupplierDiscount": 0,
                        "SupplierSurcharge": 0,
                        "SupplierAgencyCommission": 6,
                        "SupplierAgencyYqCommission": 0,
                        "SupplierSegmentBenifit": 0,
                        "PosTemplateId": 1777,
                        "PosTemplateName": "Engine_Automation_Live",
                        "PosContractId": 572,
                        "PosContractName": "WS-WY-GF-AC-EY-UL-AA-BA_PUB-PRI-ITX-PFA-COM_Engine_1A/1A/1V/1V/1S_YOWC42117/YTOC421H7/2E9L/229G/KY6G_@@@Engine_Automation",
                        "PosContractCode": "56576",
                        "PosRuleId": 772,
                        "PosRuleName": "Markup",
                        "PosRuleCode": "5656",
                        "ContractRemarks": {
                            "osi_notes": "",
                            "ticket_designator": "",
                            "endorsement": "",
                            "override_endosement": "N",
                            "tour_code": "",
                            "remark": "",
                            "itbt": "N",
                            "eligibility": "Y",
                            "cancellation": {
                                "before": "",
                                "after": ""
                            },
                            "changes": {
                                "before": "",
                                "after": ""
                            },
                            "no_show": {
                                "after": ""
                            },
                            "non_eligibility_info": [
                                
                            ],
                            "endosement": "",
                            "fop_allowed": "Y",
                            "fop_details": {
                                "CC": {
                                    "Allowed": "Y",
                                    "Types": {
                                        "AX": {
                                            "P": 0,
                                            "F": "1"
                                        },
                                        "MC": {
                                            "P": 0,
                                            "F": "1"
                                        },
                                        "VI": {
                                            "P": 0,
                                            "F": "1"
                                        }
                                    }
                                },
                                "DC": {
                                    "Allowed": "Y",
                                    "Types": {
                                        "MC": {
                                            "P": 0,
                                            "F": 0
                                        },
                                        "VI": {
                                            "P": 0,
                                            "F": 0
                                        }
                                    }
                                },
                                "CASH": {
                                    "Allowed": "Y"
                                },
                                "CHEQUE": {
                                    "Allowed": "Y"
                                },
                                "ACH": {
                                    "Allowed": "Y"
                                },
                                "PG": {
                                    "Allowed": "Y"
                                }
                            }
                        },
                        "SupplierMarkupTemplateId": 1683,
                        "SupplierMarkupTemplateName": "Engine_Automation",
                        "SupplierMarkupContractId": 2013,
                        "SupplierMarkupContractName": "WS-WY-GF-AC-EY-UL-AA-BA_PUB-PRI-ITX-PFA-COM_Engine_1A/1A/1V/1V/1S_YOWC42117/YTOC421H7/2E9L/229G/KY6G_@@@Engine_Automation Group 5851",
                        "SupplierMarkupRuleId": 2222,
                        "SupplierMarkupRuleName": "Markup",
                        "SupplierMarkupRuleCode": "5656",
                        "SupplierMarkupRuleType": "M",
                        "SupplierMarkupRef": "R",
                        "SupplierSurchargeIds": "",
                        "SupplierSurcharges": [
                            {
                                
                            },
                            {
                                
                            },
                            {
                                
                            }
                        ],
                        "AddOnCharge": 0,
                        "PortalMarkup": 0,
                        "PortalDiscount": 0,
                        "PortalSurcharge": 0,
                        "PortalMarkupTemplateId": 0,
                        "PortalMarkupTemplateName": "",
                        "PortalMarkupContractName": "",
                        "PortalMarkupRuleId": 0,
                        "PortalMarkupRuleName": "",
                        "PortalMarkupRuleCode": "",
                        "PortalSurchargeIds": "",
                        "PortalPaxSurcharges": [
                            {
                                
                            },
                            {
                                
                            },
                            {
                                
                            }
                        ],
                        "SupplierHstAmount": 0,
                        "AddOnHstAmount": 0,
                        "PortalHstAmount": 0,
                        "FopDetails": {
                            "CC": {
                                "Allowed": "Y",
                                "Types": {
                                    "AX": {
                                        "P": 0,
                                        "F": "1"
                                    },
                                    "MC": {
                                        "P": 0,
                                        "F": "01"
                                    },
                                    "VI": {
                                        "P": 0,
                                        "F": "1"
                                    }
                                }
                            },
                            "DC": {
                                "Allowed": "Y",
                                "Types": {
                                    "MC": {
                                        "P": 0,
                                        "F": 0
                                    },
                                    "VI": {
                                        "P": 0,
                                        "F": 0
                                    }
                                }
                            },
                            "CASH": {
                                "Allowed": "Y"
                            },
                            "CHEQUE": {
                                "Allowed": "Y"
                            },
                            "ACH": {
                                "Allowed": "Y"
                            },
                            "PG": {
                                "Allowed": "Y"
                            }
                        },
                        "SupplierUpSaleAmt": 0,
                        "AirlineCommission": 6,
                        "AirlineYqCommission": 0,
                        "AirlineSegmentBenifit": 0,
                        "SupplierBookingFeeType": "",
                        "PortalBookingFeeType": "",
                        "SupplierBookingFee": 0,
                        "PortalBookingFee": 0,
                        "MarkupRuleLoyaltyCode": "Markup_5656_2222",
                        "AirlineSegmentCommission": null
                    }
                ],
                "BookingToEquivExRate": 1,
                "ApiCurrency": "CAD",
                "ApiCurrencyExRate": 1,
                "ReqCurrency": "CAD",
                "ReqCurrencyExRate": 1,
                "PosCurrency": "CAD",
                "PosCurrencyExRate": 1,
                "SupplierId": 577,
                "FopRef": "FOP_577_577_1426_772_WY_PRI"
            }
        ],
        "DataLists": {
            "PassengerList": {
                "Passengers": [
                    {
                        "ContactAddress": {
                            "TypeOfAddress": "D",
                            "Address": "",
                            "State": "",
                            "Country": "",
                            "PostalCode": "",
                            "City": ""
                        },
                        "FirstName": "Kannan",
                        "SsrRequest": [
                            
                        ],
                        "Gender": "Male",
                        "MiddleName": "",
                        "SeatSelection": [
                            
                        ],
                        "OnflyDiscount": "0.00",
                        "NameTitle": "Mr",
                        "Passport": {
                            "ExpiryDate": "1970-01-01",
                            "Number": "",
                            "CountryCode": ""
                        },
                        "OptionalServices": [
                            
                        ],
                        "OnflyMarkup": "1.66",
                        "ContactInfoRef": "CTC1",
                        "Preference": {
                            "WheelChairPreference": {
                                "Reason": ""
                            },
                            "SeatPreference": "",
                            "MealPreference": ""
                        },
                        "RedressDetails": {
                            "RedressNumber": "",
                            "KnownTravellerNumber": ""
                        },
                        "attributes": {
                            "PassengerID": "ADT1"
                        },
                        "LastName": "Santhosh",
                        "PassengerRefID": "ADT1",
                        "PTC": "ADT",
                        "BirthDate": "1997-09-11"
                    },
                    {
                        "ContactAddress": {
                            "TypeOfAddress": "D",
                            "Address": "",
                            "State": "",
                            "Country": "",
                            "PostalCode": "",
                            "City": ""
                        },
                        "FirstName": "Rajan",
                        "SsrRequest": [
                            
                        ],
                        "Gender": "Male",
                        "MiddleName": "",
                        "SeatSelection": [
                            
                        ],
                        "OnflyDiscount": "0.00",
                        "NameTitle": "Mstr",
                        "Passport": {
                            "ExpiryDate": "1970-01-01",
                            "Number": "",
                            "CountryCode": ""
                        },
                        "OptionalServices": [
                            
                        ],
                        "OnflyMarkup": "1.67",
                        "ContactInfoRef": "CTC1",
                        "Preference": {
                            "WheelChairPreference": {
                                "Reason": ""
                            },
                            "SeatPreference": "",
                            "MealPreference": ""
                        },
                        "RedressDetails": {
                            "RedressNumber": "",
                            "KnownTravellerNumber": ""
                        },
                        "attributes": {
                            "PassengerID": "CHD1"
                        },
                        "LastName": "Raja",
                        "PassengerRefID": "CHD1",
                        "PTC": "CHD",
                        "BirthDate": "2011-09-15"
                    },
                    {
                        "ContactAddress": {
                            "TypeOfAddress": "D",
                            "Address": "",
                            "State": "",
                            "Country": "",
                            "PostalCode": "",
                            "City": ""
                        },
                        "FirstName": "Rajan",
                        "SsrRequest": [
                            
                        ],
                        "Gender": "Male",
                        "MiddleName": "",
                        "SeatSelection": [
                            
                        ],
                        "OnflyDiscount": "0.00",
                        "NameTitle": "Mstr",
                        "Passport": {
                            "ExpiryDate": "1970-01-01",
                            "Number": "",
                            "CountryCode": ""
                        },
                        "OptionalServices": [
                            
                        ],
                        "OnflyMarkup": "1.67",
                        "ContactInfoRef": "CTC1",
                        "Preference": {
                            "WheelChairPreference": {
                                "Reason": ""
                            },
                            "SeatPreference": "",
                            "MealPreference": ""
                        },
                        "RedressDetails": {
                            "RedressNumber": "",
                            "KnownTravellerNumber": ""
                        },
                        "attributes": {
                            "PassengerID": "INF1"
                        },
                        "LastName": "Sundar",
                        "PassengerRefID": "INF1",
                        "PTC": "INF",
                        "BirthDate": "2021-02-18"
                    }
                ]
            },
            "DisclosureList": {
                "Disclosures": [
                    
                ]
            },
            "FareList": {
                "FareGroup": [
                    
                ]
            },
            "FlightSegmentList": {
                "FlightSegment": [
                    {
                        "SegmentKey": "Segment1",
                        "Departure": {
                            "AirportCode": "MAA",
                            "Date": "2022-09-24",
                            "Time": "15:30:00",
                            "AirportName": "Chennai International Airport",
                            "Terminal": {
                                "Name": ""
                            }
                        },
                        "Arrival": {
                            "AirportCode": "MCT",
                            "Date": "2022-09-24",
                            "Time": "17:50:00",
                            "AirportName": "Muscat International Airport",
                            "Terminal": {
                                "Name": ""
                            }
                        },
                        "MarketingCarrier": {
                            "AirlineID": "WY",
                            "Name": "Oman Air",
                            "FlightNumber": "254",
                            "OrgAirlineID": "WY"
                        },
                        "OperatingCarrier": {
                            "AirlineID": "WY",
                            "Name": "Oman Air",
                            "FlightNumber": "254",
                            "OrgAirlineID": "WY"
                        },
                        "Equipment": {
                            "AircraftCode": "7M8",
                            "Name": "7M8"
                        },
                        "Code": {
                            "MarriageGroup": "0",
                            "ResBookDesigCode": "L",
                            "Cabin": "Y"
                        },
                        "FlightDetail": {
                            "FlightDuration": {
                                "Value": "3 H 50 M"
                            },
                            "Stops": {
                                "Value": 0
                            },
                            "InterMediate": [
                                
                            ],
                            "AirMilesFlown": 1597,
                            "SegmentPnr": "JNHNRI"
                        },
                        "BrandId": "0002"
                    },
                    {
                        "SegmentKey": "Segment2",
                        "Departure": {
                            "AirportCode": "MCT",
                            "Date": "2022-09-24",
                            "Time": "20:10:00",
                            "AirportName": "Muscat International Airport",
                            "Terminal": {
                                "Name": ""
                            }
                        },
                        "Arrival": {
                            "AirportCode": "DXB",
                            "Date": "2022-09-24",
                            "Time": "21:25:00",
                            "AirportName": "Dubai International Airport",
                            "Terminal": {
                                "Name": "1"
                            }
                        },
                        "MarketingCarrier": {
                            "AirlineID": "WY",
                            "Name": "Oman Air",
                            "FlightNumber": "611",
                            "OrgAirlineID": "WY"
                        },
                        "OperatingCarrier": {
                            "AirlineID": "WY",
                            "Name": "Oman Air",
                            "FlightNumber": "611",
                            "OrgAirlineID": "WY"
                        },
                        "Equipment": {
                            "AircraftCode": "7M8",
                            "Name": "7M8"
                        },
                        "Code": {
                            "MarriageGroup": "0",
                            "ResBookDesigCode": "L",
                            "Cabin": "Y"
                        },
                        "FlightDetail": {
                            "FlightDuration": {
                                "Value": "1 H 15 M"
                            },
                            "Stops": {
                                "Value": 0
                            },
                            "InterMediate": [
                                
                            ],
                            "AirMilesFlown": 230,
                            "SegmentPnr": "JNHNRI"
                        },
                        "BrandId": "0002"
                    }
                ]
            },
            "FlightList": {
                "Flight": [
                    {
                        "FlightKey": "Flight1",
                        "Journey": {
                            "Time": "7 H 25 M",
                            "Stops": 1
                        },
                        "SegmentReferences": "Segment1 Segment2"
                    }
                ]
            },
            "OriginDestinationList": {
                "OriginDestination": [
                    {
                        "OriginDestinationKey": "OD1",
                        "DepartureCode": "MAA",
                        "ArrivalCode": "DXB",
                        "FlightReferences": "Flight1"
                    }
                ]
            },
            "PriceClassList": {
                "PriceClass": [
                    {
                        "PriceClassID": "PCR_1",
                        "Name": "pri",
                        "ClassOfService": [
                            {
                                "SegementRef": "Segment1",
                                "Code": {
                                    "SeatsLeft": 7,
                                    "Value": "L"
                                },
                                "MarketingName": "",
                                "Carrier": "",
                                "Cabin": "Y",
                                "MediaInfoRefKey": "",
                                "FareBasisCode": "LELOIA",
                                "Baggage": {
                                    "Allowance": 30,
                                    "Unit": "kg"
                                },
                                "Meal": "",
                                "CHD": {
                                    "Baggage": {
                                        "Allowance": 30,
                                        "Unit": "kg"
                                    },
                                    "FareBasisCode": "LELOIA",
                                    "Meal": ""
                                },
                                "INF": {
                                    "Baggage": {
                                        "Allowance": 30,
                                        "Unit": "kg"
                                    },
                                    "FareBasisCode": "LELOIA",
                                    "Meal": ""
                                }
                            },
                            {
                                "SegementRef": "Segment2",
                                "Code": {
                                    "SeatsLeft": 7,
                                    "Value": "L"
                                },
                                "MarketingName": "",
                                "Carrier": "",
                                "Cabin": "Y",
                                "MediaInfoRefKey": "",
                                "FareBasisCode": "LELOIA",
                                "Baggage": {
                                    "Allowance": 30,
                                    "Unit": "kg"
                                },
                                "Meal": "",
                                "CHD": {
                                    "Baggage": {
                                        "Allowance": 30,
                                        "Unit": "kg"
                                    },
                                    "FareBasisCode": "LELOIA",
                                    "Meal": ""
                                },
                                "INF": {
                                    "Baggage": {
                                        "Allowance": 30,
                                        "Unit": "kg"
                                    },
                                    "FareBasisCode": "LELOIA",
                                    "Meal": ""
                                }
                            }
                        ]
                    }
                ]
            },
            "SuppliersList": [
                577
            ],
            "FopList": [
                {
                    "CC": {
                        "Allowed": "Y",
                        "Types": {
                            "AX": {
                                "F": {
                                    "BookingCurrencyPrice": "1",
                                    "EquivCurrencyPrice": "1"
                                },
                                "P": 0,
                                "Charges": {
                                    "BookingCurrencyPrice": 1,
                                    "EquivCurrencyPrice": 1
                                }
                            },
                            "MC": {
                                "F": {
                                    "BookingCurrencyPrice": "01",
                                    "EquivCurrencyPrice": "01"
                                },
                                "P": 0,
                                "Charges": {
                                    "BookingCurrencyPrice": 1,
                                    "EquivCurrencyPrice": 1
                                }
                            },
                            "VI": {
                                "F": {
                                    "BookingCurrencyPrice": "1",
                                    "EquivCurrencyPrice": "1"
                                },
                                "P": 0,
                                "Charges": {
                                    "BookingCurrencyPrice": 1,
                                    "EquivCurrencyPrice": 1
                                }
                            }
                        }
                    },
                    "DC": {
                        "Allowed": "Y",
                        "Types": {
                            "MC": {
                                "F": {
                                    "BookingCurrencyPrice": 0,
                                    "EquivCurrencyPrice": 0
                                },
                                "P": 0,
                                "Charges": {
                                    "BookingCurrencyPrice": 0,
                                    "EquivCurrencyPrice": 0
                                }
                            },
                            "VI": {
                                "F": {
                                    "BookingCurrencyPrice": 0,
                                    "EquivCurrencyPrice": 0
                                },
                                "P": 0,
                                "Charges": {
                                    "BookingCurrencyPrice": 0,
                                    "EquivCurrencyPrice": 0
                                }
                            }
                        }
                    },
                    "CASH": {
                        "Allowed": "Y",
                        "Types": {
                            
                        }
                    },
                    "CHEQUE": {
                        "Allowed": "Y",
                        "Types": {
                            
                        }
                    },
                    "ACH": {
                        "Allowed": "Y",
                        "Types": {
                            
                        }
                    },
                    "PG": {
                        "Allowed": "Y",
                        "Types": {
                            
                        }
                    },
                    "FopKey": "FOP_577_577_1426_772_WY_PRI"
                }
            ],
            "CpList": [
                {
                    
                }
            ]
        }
    }
}
null
15:16:00.553 [main] INFO  onewayBooking.AirShopping - null
15:16:00.553 [main] INFO  listener.TestListeners - <b>Test Method onewayCardBookingVerifySuccess<b>
]]></system-out>
  </testcase>
  <testcase name="onFlyMarkupVerify" classname="runner.EngineApiTest" time="0.018">
    <system-out><![CDATA[15:16:00.554 [main] INFO  listener.TestListeners - <b>Test Method onFlyMarkupVerifyStarted<b>
3
15:16:00.573 [main] INFO  onewayBooking.AirShopping - 3
1.66
15:16:00.597 [main] INFO  onewayBooking.AirShopping - 1.66
1.67
15:16:00.623 [main] INFO  onewayBooking.AirShopping - 1.67
1.67
15:16:00.645 [main] INFO  onewayBooking.AirShopping - 1.67
null
15:16:00.659 [main] INFO  onewayBooking.AirShopping - null
15:16:00.660 [main] INFO  listener.TestListeners - <b>Test Method onFlyMarkupVerifySuccess<b>
]]></system-out>
  </testcase>
</testsuite>