<?xml version="1.0" encoding="UTF-8"?>
<!-- Generated by org.testng.reporters.JUnitReportReporter -->
<testsuite hostname="wintlt-ThinkPad-E14-Gen-2" failures="0" tests="55" name="runner.EngineApiTest" time="210.654" errors="0" timestamp="2022-03-28T15:16:00 IST" skipped="0">
  <testcase classname="runner.EngineApiTest" name="multiCityShopping" time="1.856"/>
  <system-out/>
  <testcase classname="runner.EngineApiTest" name="multiCityBooking" time="7.441"/>
  <system-out/>
  <testcase classname="runner.EngineApiTest" name="onewayOwnerName" time="0.149"/>
  <system-out/>
  <testcase classname="runner.EngineApiTest" name="multiCityBookingResponseOrderId" time="0.022"/>
  <system-out/>
  <testcase classname="runner.EngineApiTest" name="responseOrderId" time="0.034"/>
  <system-out/>
  <testcase classname="runner.EngineApiTest" name="onewayOffer" time="0.163"/>
  <system-out/>
  <testcase classname="runner.EngineApiTest" name="returnPricing" time="10.813"/>
  <system-out/>
  <testcase classname="runner.EngineApiTest" name="onewayPcc" time="0.145"/>
  <system-out/>
  <testcase classname="runner.EngineApiTest" name="multiCityPricing" time="3.094"/>
  <system-out/>
  <testcase classname="runner.EngineApiTest" name="onewayCardSearching" time="8.560"/>
  <system-out/>
  <testcase classname="runner.EngineApiTest" name="fareType" time="0.022"/>
  <system-out/>
  <testcase classname="runner.EngineApiTest" name="onewayItinerary" time="0.142"/>
  <system-out/>
  <testcase classname="runner.EngineApiTest" name="returnBooking" time="42.084"/>
  <system-out/>
  <testcase classname="runner.EngineApiTest" name="openJawSearch" time="20.803"/>
  <system-out/>
  <testcase classname="runner.EngineApiTest" name="multiCityRequest" time="0.002"/>
  <system-out/>
  <testcase classname="runner.EngineApiTest" name="onewayProviderInfo" time="0.135"/>
  <system-out/>
  <testcase classname="runner.EngineApiTest" name="onewayOwner" time="0.216"/>
  <system-out/>
  <testcase classname="runner.EngineApiTest" name="onewayBaseBookingCurrencyPrice" time="0.139"/>
  <system-out/>
  <testcase classname="runner.EngineApiTest" name="returnBookingResponseOrderId" time="0.032"/>
  <system-out/>
  <testcase classname="runner.EngineApiTest" name="returnSearch" time="5.825"/>
  <system-out/>
  <testcase classname="runner.EngineApiTest" name="orderStatus" time="0.025"/>
  <system-out/>
  <testcase classname="runner.EngineApiTest" name="multiCitySearch" time="51.503"/>
  <system-out/>
  <testcase classname="runner.EngineApiTest" name="onewayIdentifier" time="0.146"/>
  <system-out/>
  <testcase classname="runner.EngineApiTest" name="supplierId" time="0.016"/>
  <system-out/>
  <testcase classname="runner.EngineApiTest" name="openJawPricing" time="2.369"/>
  <system-out/>
  <testcase classname="runner.EngineApiTest" name="onewayShopping" time="0.257"/>
  <system-out/>
  <testcase classname="runner.EngineApiTest" name="gdsBookingReference" time="0.022"/>
  <system-out/>
  <testcase classname="runner.EngineApiTest" name="multiCityPricingShoppingResponseId" time="0.011"/>
  <system-out/>
  <testcase classname="runner.EngineApiTest" name="onewayBookingCurrencyCode" time="0.131"/>
  <system-out/>
  <testcase classname="runner.EngineApiTest" name="onewayCardBookingVerify" time="20.705"/>
  <system-out/>
  <testcase classname="runner.EngineApiTest" name="orgFareType" time="0.016"/>
  <system-out/>
  <testcase classname="runner.EngineApiTest" name="onewayFopRef" time="0.153"/>
  <system-out/>
  <testcase classname="runner.EngineApiTest" name="openJawPricingShoppingResponseId" time="0.011"/>
  <system-out/>
  <testcase classname="runner.EngineApiTest" name="offerResponseId" time="0.032"/>
  <system-out/>
  <testcase classname="runner.EngineApiTest" name="onewayTaxBookingCurrencyPrice" time="0.134"/>
  <system-out/>
  <testcase classname="runner.EngineApiTest" name="cardRequest" time="0.001"/>
  <system-out/>
  <testcase classname="runner.EngineApiTest" name="verifyOnewaySearching" time="6.273"/>
  <system-out/>
  <testcase classname="runner.EngineApiTest" name="pricingVerify" time="2.484"/>
  <system-out/>
  <testcase classname="runner.EngineApiTest" name="request" time="0.050"/>
  <system-out/>
  <testcase classname="runner.EngineApiTest" name="onewayCabinType" time="0.140"/>
  <system-out/>
  <testcase classname="runner.EngineApiTest" name="openJawBooking" time="7.466"/>
  <system-out/>
  <testcase classname="runner.EngineApiTest" name="flightDeparture" time="0.018"/>
  <system-out/>
  <testcase classname="runner.EngineApiTest" name="onewayCardShopping" time="0.118"/>
  <system-out/>
  <testcase classname="runner.EngineApiTest" name="openJawRequest" time="0.002"/>
  <system-out/>
  <testcase classname="runner.EngineApiTest" name="pricingOfferId" time="0.036"/>
  <system-out/>
  <testcase classname="runner.EngineApiTest" name="onFlyMarkupVerify" time="0.106"/>
  <system-out/>
  <testcase classname="runner.EngineApiTest" name="returnPricingShoppingResponseId" time="0.059"/>
  <system-out/>
  <testcase classname="runner.EngineApiTest" name="pricingShoppingResponseId" time="0.034"/>
  <system-out/>
  <testcase classname="runner.EngineApiTest" name="openJawShopping" time="0.312"/>
  <system-out/>
  <testcase classname="runner.EngineApiTest" name="bookingCurrencyPrice" time="0.017"/>
  <system-out/>
  <testcase classname="runner.EngineApiTest" name="openJawBookingResponseOrderId" time="0.019"/>
  <system-out/>
  <testcase classname="runner.EngineApiTest" name="onewayCardPricingVerify" time="2.199"/>
  <system-out/>
  <testcase classname="runner.EngineApiTest" name="returnShopping" time="0.217"/>
  <system-out/>
  <testcase classname="runner.EngineApiTest" name="returnSearchRequest" time="0.003"/>
  <system-out/>
  <testcase classname="runner.EngineApiTest" name="bookingVerify" time="13.892"/>
  <system-out/>
</testsuite> <!-- runner.EngineApiTest -->
